Log file open, 05/25/22 23:14:54
LogWindows: Failed to load 'aqProf.dll' (GetLastError=126)
LogWindows: File 'aqProf.dll' does not exist
LogWindows: Failed to load 'VtuneApi.dll' (GetLastError=126)
LogWindows: File 'VtuneApi.dll' does not exist
LogWindows: Failed to load 'VtuneApi32e.dll' (GetLastError=126)
LogWindows: File 'VtuneApi32e.dll' does not exist
LogConsoleResponse: Display: Failed to find resolution value strings in scalability ini. Falling back to default.
LogConsoleResponse: Display: Failed to find resolution value strings in scalability ini. Falling back to default.
LogInit: Display: Running engine for game: deadInsideTheDungeon
LogPlatformFile: Not using cached read wrapper
LogTaskGraph: Started task graph with 5 named threads and 23 total threads with 3 sets of task threads.
LogStats: Stats thread started at 0.376823
LogICUInternationalization: ICU TimeZone Detection - Raw Offset: +2:00, Platform Override: ''
LogInit: Display: Loading text-based GConfig....
LogPluginManager: Mounting plugin MeshPainting
LogPluginManager: Mounting plugin XGEController
LogPluginManager: Mounting plugin Paper2D
LogPluginManager: Mounting plugin LiveLink
LogPluginManager: Mounting plugin AISupport
LogPluginManager: Mounting plugin EnvironmentQueryEditor
LogPluginManager: Mounting plugin CameraShakePreviewer
LogPluginManager: Mounting plugin LightPropagationVolume
LogPluginManager: Mounting plugin GameplayCameras
LogPluginManager: Mounting plugin OodleNetwork
LogPluginManager: Mounting plugin OodleData
LogPluginManager: Mounting plugin AnimationSharing
LogPluginManager: Mounting plugin CodeLiteSourceCodeAccess
LogPluginManager: Mounting plugin CLionSourceCodeAccess
LogPluginManager: Mounting plugin GitSourceControl
LogPluginManager: Mounting plugin KDevelopSourceCodeAccess
LogPluginManager: Mounting plugin PerforceSourceControl
LogPluginManager: Mounting plugin PixWinPlugin
LogPluginManager: Mounting plugin PlasticSourceControl
LogPluginManager: Mounting plugin PropertyAccessNode
LogPluginManager: Mounting plugin PluginUtils
LogPluginManager: Mounting plugin TextureFormatOodle
LogPluginManager: Mounting plugin RiderSourceCodeAccess
LogPluginManager: Mounting plugin SubversionSourceControl
LogPluginManager: Mounting plugin NullSourceCodeAccess
LogPluginManager: Mounting plugin UObjectPlugin
LogPluginManager: Mounting plugin VisualStudioCodeSourceCodeAccess
LogPluginManager: Mounting plugin VisualStudioSourceCodeAccess
LogPluginManager: Mounting plugin XCodeSourceCodeAccess
LogPluginManager: Mounting plugin AssetManagerEditor
LogPluginManager: Mounting plugin CurveEditorTools
LogPluginManager: Mounting plugin DataValidation
LogPluginManager: Mounting plugin FacialAnimation
LogPluginManager: Mounting plugin GameplayTagsEditor
LogPluginManager: Mounting plugin GeometryMode
LogPluginManager: Mounting plugin CryptoKeys
LogPluginManager: Mounting plugin MacGraphicsSwitching
LogPluginManager: Mounting plugin MobileLauncherProfileWizard
LogPluginManager: Mounting plugin MaterialAnalyzer
LogPluginManager: Mounting plugin PluginBrowser
LogPluginManager: Mounting plugin SpeedTreeImporter
LogPluginManager: Mounting plugin DatasmithContent
LogPluginManager: Mounting plugin VariantManagerContent
LogPluginManager: Mounting plugin AlembicImporter
LogPluginManager: Mounting plugin BackChannel
LogPluginManager: Mounting plugin Niagara
LogPluginManager: Mounting plugin AutomationUtils
LogPluginManager: Mounting plugin ChaosCloth
LogPluginManager: Mounting plugin ChaosClothEditor
LogPluginManager: Mounting plugin ChaosEditor
LogPluginManager: Mounting plugin ChaosNiagara
LogPluginManager: Mounting plugin ChaosSolverPlugin
LogPluginManager: Mounting plugin CharacterAI
LogPluginManager: Mounting plugin GeometryCache
LogPluginManager: Mounting plugin GeometryCollectionPlugin
LogPluginManager: Mounting plugin GeometryProcessing
LogPluginManager: Mounting plugin MotoSynth
LogPluginManager: Mounting plugin OpenImageDenoise
LogPluginManager: Mounting plugin PlanarCut
LogPluginManager: Mounting plugin PlatformCrypto
LogPluginManager: Mounting plugin ProxyLODPlugin
LogPluginManager: Mounting plugin LuminPlatformFeatures
LogPluginManager: Mounting plugin MagicLeap
LogPluginManager: Mounting plugin PythonScriptPlugin
LogPluginManager: Mounting plugin MagicLeapLightEstimation
LogPluginManager: Mounting plugin MagicLeapMedia
LogPluginManager: Mounting plugin MagicLeapPassableWorld
LogPluginManager: Mounting plugin MLSDK
LogPluginManager: Mounting plugin AndroidMedia
LogPluginManager: Mounting plugin AvfMedia
LogPluginManager: Mounting plugin ImgMedia
LogPluginManager: Mounting plugin MediaCompositing
LogPluginManager: Mounting plugin SkeletalReduction
LogPluginManager: Mounting plugin MediaPlayerEditor
LogPluginManager: Mounting plugin WebMMedia
LogPluginManager: Mounting plugin WmfMedia
LogPluginManager: Mounting plugin TcpMessaging
LogPluginManager: Mounting plugin UdpMessaging
LogPluginManager: Mounting plugin ActorSequence
LogPluginManager: Mounting plugin LevelSequenceEditor
LogPluginManager: Mounting plugin MatineeToLevelSequence
LogPluginManager: Mounting plugin TemplateSequence
LogPluginManager: Mounting plugin OnlineSubsystemNull
LogPluginManager: Mounting plugin OnlineSubsystemUtils
LogPluginManager: Mounting plugin LauncherChunkInstaller
LogPluginManager: Mounting plugin ActorLayerUtilities
LogPluginManager: Mounting plugin AndroidDeviceProfileSelector
LogPluginManager: Mounting plugin AndroidMoviePlayer
LogPluginManager: Mounting plugin AndroidPermission
LogPluginManager: Mounting plugin AppleMoviePlayer
LogPluginManager: Mounting plugin AppleImageUtils
LogPluginManager: Mounting plugin ArchVisCharacter
LogPluginManager: Mounting plugin AssetTags
LogPluginManager: Mounting plugin AudioCapture
LogPluginManager: Mounting plugin ChunkDownloader
LogPluginManager: Mounting plugin CableComponent
LogPluginManager: Mounting plugin CustomMeshComponent
LogPluginManager: Mounting plugin OnlineSubsystem
LogPluginManager: Mounting plugin EditableMesh
LogPluginManager: Mounting plugin ExampleDeviceProfileSelector
LogPluginManager: Mounting plugin AudioSynesthesia
LogPluginManager: Mounting plugin GoogleCloudMessaging
LogPluginManager: Mounting plugin GooglePAD
LogPluginManager: Mounting plugin IOSDeviceProfileSelector
LogPluginManager: Mounting plugin LinuxDeviceProfileSelector
LogPluginManager: Mounting plugin LocationServicesBPLibrary
LogPluginManager: Mounting plugin MobilePatchingUtils
LogPluginManager: Mounting plugin OpenXR
LogPluginManager: Mounting plugin OpenXREyeTracker
LogPluginManager: Mounting plugin OpenXRHandTracking
LogPluginManager: Mounting plugin ScreenshotTools
LogPluginManager: Mounting plugin PhysXVehicles
LogPluginManager: Mounting plugin PostSplashScreen
LogPluginManager: Mounting plugin ProceduralMeshComponent
LogPluginManager: Mounting plugin PropertyAccessEditor
LogPluginManager: Mounting plugin SignificanceManager
LogPluginManager: Mounting plugin SoundFields
LogPluginManager: Mounting plugin RuntimePhysXCooking
LogPluginManager: Mounting plugin Synthesis
LogPluginManager: Mounting plugin WebMMoviePlayer
LogPluginManager: Mounting plugin WindowsMoviePlayer
LogPluginManager: Mounting plugin Takes
LogPluginManager: Mounting plugin ContentBrowserAssetDataSource
LogPluginManager: Mounting plugin ContentBrowserClassDataSource
LogPluginManager: Mounting plugin ContentBrowserFileDataSource
LogPluginManager: Mounting plugin OnlineSubsystemGooglePlay
LogPluginManager: Mounting plugin OnlineSubsystemIOS
LogPluginManager: Mounting plugin SteamVR
LogPluginManager: Mounting plugin OculusVR
PixWinPlugin: PIX capture plugin failed to initialize! Check that the process is launched from PIX.
LogInit: Using libcurl 7.55.1-DEV
LogInit:  - built for x86_64-pc-win32
LogInit:  - supports SSL with OpenSSL/1.1.1
LogInit:  - supports HTTP deflate (compression) using libz 1.2.8
LogInit:  - other features:
LogInit:      CURL_VERSION_SSL
LogInit:      CURL_VERSION_LIBZ
LogInit:      CURL_VERSION_IPV6
LogInit:      CURL_VERSION_ASYNCHDNS
LogInit:      CURL_VERSION_LARGEFILE
LogInit:      CURL_VERSION_IDN
LogInit:  CurlRequestOptions (configurable via config and command line):
LogInit:  - bVerifyPeer = true  - Libcurl will verify peer certificate
LogInit:  - bUseHttpProxy = false  - Libcurl will NOT use HTTP proxy
LogInit:  - bDontReuseConnections = false  - Libcurl will reuse connections
LogInit:  - MaxHostConnections = 16  - Libcurl will limit the number of connections to a host
LogInit:  - LocalHostAddr = Default
LogInit:  - BufferSize = 65536
LogOnline: OSS: Creating online subsystem instance for: NULL
LogInit: WinSock: version 1.1 (2.2), MaxSocks=32767, MaxUdp=65467
LogOnline: OSS: TryLoadSubsystemAndSetDefault: Loaded subsystem for module [NULL]
LogOculusPluginWrapper: OculusPlugin initialized successfully
LogHMD: Failed initializing OVRPlugin 1.59.0
LogInit: Build: ++UE4+Release-4.27-CL-18319896
LogInit: Engine Version: 4.27.2-18319896+++UE4+Release-4.27
LogInit: Compatible Engine Version: 4.27.0-17155196+++UE4+Release-4.27
LogInit: Net CL: 17155196
LogInit: OS: Windows 10 (Release 2009) (), CPU: 11th Gen Intel(R) Core(TM) i5-1135G7 @ 2.40GHz, GPU: Intel(R) Iris(R) Xe Graphics
LogInit: Compiled (64-bit): Nov 30 2021 07:12:08
LogInit: Compiled with Visual C++: 19.24.28315.00
LogInit: Build Configuration: Development
LogInit: Branch Name: ++UE4+Release-4.27
LogInit: Command Line:  /Game/ThirdPersonBP/Maps/Main_menu -game -PIEVIACONSOLE -Multiprocess GameUserSettingsINI=C:/Users/r.zuietir/Documents/GitHub/deadInsideTheDungeon/deadInsideTheDungeon/Saved/Config/Windows/PIEGameUserSettings0.ini -MultiprocessSaveConfig -forcepassthrough -messaging -SessionName="Play in Standalone Game" -windowed -ResX=1280 -ResY=720
LogInit: Base Directory: C:/Program Files/Epic Games/UE_4.27/Engine/Binaries/Win64/
LogInit: Allocator: TBB
LogInit: Installed Engine Build: 1
LogDevObjectVersion: Number of dev versions registered: 29
LogDevObjectVersion:   Dev-Blueprints (B0D832E4-1F89-4F0D-ACCF-7EB736FD4AA2): 10
LogDevObjectVersion:   Dev-Build (E1C64328-A22C-4D53-A36C-8E866417BD8C): 0
LogDevObjectVersion:   Dev-Core (375EC13C-06E4-48FB-B500-84F0262A717E): 4
LogDevObjectVersion:   Dev-Editor (E4B068ED-F494-42E9-A231-DA0B2E46BB41): 40
LogDevObjectVersion:   Dev-Framework (CFFC743F-43B0-4480-9391-14DF171D2073): 37
LogDevObjectVersion:   Dev-Mobile (B02B49B5-BB20-44E9-A304-32B752E40360): 3
LogDevObjectVersion:   Dev-Networking (A4E4105C-59A1-49B5-A7C5-40C4547EDFEE): 0
LogDevObjectVersion:   Dev-Online (39C831C9-5AE6-47DC-9A44-9C173E1C8E7C): 0
LogDevObjectVersion:   Dev-Physics (78F01B33-EBEA-4F98-B9B4-84EACCB95AA2): 14
LogDevObjectVersion:   Dev-Platform (6631380F-2D4D-43E0-8009-CF276956A95A): 0
LogDevObjectVersion:   Dev-Rendering (12F88B9F-8875-4AFC-A67C-D90C383ABD29): 45
LogDevObjectVersion:   Dev-Sequencer (7B5AE74C-D270-4C10-A958-57980B212A5A): 13
LogDevObjectVersion:   Dev-VR (D7296918-1DD6-4BDD-9DE2-64A83CC13884): 3
LogDevObjectVersion:   Dev-LoadTimes (C2A15278-BFE7-4AFE-6C17-90FF531DF755): 1
LogDevObjectVersion:   Private-Geometry (6EACA3D4-40EC-4CC1-B786-8BED09428FC5): 3
LogDevObjectVersion:   Dev-AnimPhys (29E575DD-E0A3-4627-9D10-D276232CDCEA): 17
LogDevObjectVersion:   Dev-Anim (AF43A65D-7FD3-4947-9873-3E8ED9C1BB05): 15
LogDevObjectVersion:   Dev-ReflectionCapture (6B266CEC-1EC7-4B8F-A30B-E4D90942FC07): 1
LogDevObjectVersion:   Dev-Automation (0DF73D61-A23F-47EA-B727-89E90C41499A): 1
LogDevObjectVersion:   FortniteMain (601D1886-AC64-4F84-AA16-D3DE0DEAC7D6): 47
LogDevObjectVersion:   FortniteRelease (E7086368-6B23-4C58-8439-1B7016265E91): 1
LogDevObjectVersion:   Dev-Enterprise (9DFFBCD6-494F-0158-E221-12823C92A888): 10
LogDevObjectVersion:   Dev-Niagara (F2AED0AC-9AFE-416F-8664-AA7FFA26D6FC): 1
LogDevObjectVersion:   Dev-Destruction (174F1F0B-B4C6-45A5-B13F-2EE8D0FB917D): 10
LogDevObjectVersion:   Dev-Physics-Ext (35F94A83-E258-406C-A318-09F59610247C): 41
LogDevObjectVersion:   Dev-PhysicsMaterial-Chaos (B68FC16E-8B1B-42E2-B453-215C058844FE): 1
LogDevObjectVersion:   Dev-CineCamera (B2E18506-4273-CFC2-A54E-F4BB758BBA07): 1
LogDevObjectVersion:   Dev-VirtualProduction (64F58936-FD1B-42BA-BA96-7289D5D0FA4E): 1
LogDevObjectVersion:   Dev-MediaFramework (6F0ED827-A609-4895-9C91-998D90180EA4): 2
LogInit: Presizing for max 25165824 objects, including 0 objects not considered by GC, pre-allocating 0 bytes for permanent pool.
LogConfig: Applying CVar settings from Section [/Script/Engine.StreamingSettings] File [C:/Users/r.zuietir/Documents/GitHub/deadInsideTheDungeon/deadInsideTheDungeon/Saved/Config/Windows/Engine.ini]
LogConfig: Setting CVar [[s.MinBulkDataSizeForAsyncLoading:131072]]
LogConfig: Setting CVar [[s.AsyncLoadingThreadEnabled:0]]
LogConfig: Setting CVar [[s.EventDrivenLoaderEnabled:1]]
LogConfig: Setting CVar [[s.WarnIfTimeLimitExceeded:0]]
LogConfig: Setting CVar [[s.TimeLimitExceededMultiplier:1.5]]
LogConfig: Setting CVar [[s.TimeLimitExceededMinTime:0.005]]
LogConfig: Setting CVar [[s.UseBackgroundLevelStreaming:1]]
LogConfig: Setting CVar [[s.PriorityAsyncLoadingExtraTime:15.0]]
LogConfig: Setting CVar [[s.LevelStreamingActorsUpdateTimeLimit:5.0]]
LogConfig: Setting CVar [[s.PriorityLevelStreamingActorsUpdateExtraTime:5.0]]
LogConfig: Setting CVar [[s.LevelStreamingComponentsRegistrationGranularity:10]]
LogConfig: Setting CVar [[s.UnregisterComponentsTimeLimit:1.0]]
LogConfig: Setting CVar [[s.LevelStreamingComponentsUnregistrationGranularity:5]]
LogConfig: Setting CVar [[s.FlushStreamingOnExit:1]]
LogInit: Object subsystem initialized
LogConfig: Setting CVar [[con.DebugEarlyDefault:1]]
LogConfig: Setting CVar [[r.setres:1280x720]]
[2022.05.25-20.14.55:334][  0]LogConfig: Setting CVar [[con.DebugEarlyDefault:1]]
[2022.05.25-20.14.55:334][  0]LogConfig: Setting CVar [[r.setres:1280x720]]
[2022.05.25-20.14.55:334][  0]LogConfig: Applying CVar settings from Section [/Script/Engine.RendererSettings] File [C:/Users/r.zuietir/Documents/GitHub/deadInsideTheDungeon/deadInsideTheDungeon/Saved/Config/Windows/Engine.ini]
[2022.05.25-20.14.55:334][  0]LogConfig: Setting CVar [[r.GPUCrashDebugging:0]]
[2022.05.25-20.14.55:334][  0]LogConfig: Applying CVar settings from Section [/Script/Engine.RendererOverrideSettings] File [C:/Users/r.zuietir/Documents/GitHub/deadInsideTheDungeon/deadInsideTheDungeon/Saved/Config/Windows/Engine.ini]
[2022.05.25-20.14.55:334][  0]LogConfig: Applying CVar settings from Section [/Script/Engine.StreamingSettings] File [C:/Users/r.zuietir/Documents/GitHub/deadInsideTheDungeon/deadInsideTheDungeon/Saved/Config/Windows/Engine.ini]
[2022.05.25-20.14.55:334][  0]LogConfig: Setting CVar [[s.MinBulkDataSizeForAsyncLoading:131072]]
[2022.05.25-20.14.55:334][  0]LogConfig: Setting CVar [[s.AsyncLoadingThreadEnabled:0]]
[2022.05.25-20.14.55:334][  0]LogConfig: Setting CVar [[s.EventDrivenLoaderEnabled:1]]
[2022.05.25-20.14.55:334][  0]LogConfig: Setting CVar [[s.WarnIfTimeLimitExceeded:0]]
[2022.05.25-20.14.55:334][  0]LogConfig: Setting CVar [[s.TimeLimitExceededMultiplier:1.5]]
[2022.05.25-20.14.55:334][  0]LogConfig: Setting CVar [[s.TimeLimitExceededMinTime:0.005]]
[2022.05.25-20.14.55:334][  0]LogConfig: Setting CVar [[s.UseBackgroundLevelStreaming:1]]
[2022.05.25-20.14.55:334][  0]LogConfig: Setting CVar [[s.PriorityAsyncLoadingExtraTime:15.0]]
[2022.05.25-20.14.55:334][  0]LogConfig: Setting CVar [[s.LevelStreamingActorsUpdateTimeLimit:5.0]]
[2022.05.25-20.14.55:334][  0]LogConfig: Setting CVar [[s.PriorityLevelStreamingActorsUpdateExtraTime:5.0]]
[2022.05.25-20.14.55:334][  0]LogConfig: Setting CVar [[s.LevelStreamingComponentsRegistrationGranularity:10]]
[2022.05.25-20.14.55:334][  0]LogConfig: Setting CVar [[s.UnregisterComponentsTimeLimit:1.0]]
[2022.05.25-20.14.55:334][  0]LogConfig: Setting CVar [[s.LevelStreamingComponentsUnregistrationGranularity:5]]
[2022.05.25-20.14.55:334][  0]LogConfig: Setting CVar [[s.FlushStreamingOnExit:1]]
[2022.05.25-20.14.55:334][  0]LogConfig: Applying CVar settings from Section [/Script/Engine.GarbageCollectionSettings] File [C:/Users/r.zuietir/Documents/GitHub/deadInsideTheDungeon/deadInsideTheDungeon/Saved/Config/Windows/Engine.ini]
[2022.05.25-20.14.55:334][  0]LogConfig: Setting CVar [[gc.MaxObjectsNotConsideredByGC:1]]
[2022.05.25-20.14.55:334][  0]LogConfig: Setting CVar [[gc.SizeOfPermanentObjectPool:0]]
[2022.05.25-20.14.55:334][  0]LogConfig: Setting CVar [[gc.FlushStreamingOnGC:0]]
[2022.05.25-20.14.55:334][  0]LogConfig: Setting CVar [[gc.NumRetriesBeforeForcingGC:10]]
[2022.05.25-20.14.55:334][  0]LogConfig: Setting CVar [[gc.AllowParallelGC:1]]
[2022.05.25-20.14.55:334][  0]LogConfig: Setting CVar [[gc.TimeBetweenPurgingPendingKillObjects:61.1]]
[2022.05.25-20.14.55:334][  0]LogConfig: Setting CVar [[gc.MaxObjectsInEditor:25165824]]
[2022.05.25-20.14.55:334][  0]LogConfig: Setting CVar [[gc.IncrementalBeginDestroyEnabled:1]]
[2022.05.25-20.14.55:334][  0]LogConfig: Setting CVar [[gc.CreateGCClusters:1]]
[2022.05.25-20.14.55:334][  0]LogConfig: Setting CVar [[gc.MinGCClusterSize:5]]
[2022.05.25-20.14.55:334][  0]LogConfig: Setting CVar [[gc.ActorClusteringEnabled:0]]
[2022.05.25-20.14.55:334][  0]LogConfig: Setting CVar [[gc.BlueprintClusteringEnabled:0]]
[2022.05.25-20.14.55:334][  0]LogConfig: Setting CVar [[gc.UseDisregardForGCOnDedicatedServers:0]]
[2022.05.25-20.14.55:334][  0]LogConfig: Setting CVar [[gc.MultithreadedDestructionEnabled:1]]
[2022.05.25-20.14.55:334][  0]LogConfig: Applying CVar settings from Section [/Script/Engine.NetworkSettings] File [C:/Users/r.zuietir/Documents/GitHub/deadInsideTheDungeon/deadInsideTheDungeon/Saved/Config/Windows/Engine.ini]
[2022.05.25-20.14.55:334][  0]LogConfig: Applying CVar settings from Section [/Script/UnrealEd.CookerSettings] File [C:/Users/r.zuietir/Documents/GitHub/deadInsideTheDungeon/deadInsideTheDungeon/Saved/Config/Windows/Engine.ini]
[2022.05.25-20.14.55:349][  0]LogConfig: Applying CVar settings from Section [ViewDistanceQuality@3] File [C:/Users/r.zuietir/Documents/GitHub/deadInsideTheDungeon/deadInsideTheDungeon/Saved/Config/Windows/Scalability.ini]
[2022.05.25-20.14.55:349][  0]LogConfig: Setting CVar [[r.SkeletalMeshLODBias:0]]
[2022.05.25-20.14.55:349][  0]LogConfig: Setting CVar [[r.ViewDistanceScale:1.0]]
[2022.05.25-20.14.55:349][  0]LogConfig: Applying CVar settings from Section [AntiAliasingQuality@3] File [C:/Users/r.zuietir/Documents/GitHub/deadInsideTheDungeon/deadInsideTheDungeon/Saved/Config/Windows/Scalability.ini]
[2022.05.25-20.14.55:349][  0]LogConfig: Setting CVar [[r.PostProcessAAQuality:4]]
[2022.05.25-20.14.55:349][  0]LogConfig: Applying CVar settings from Section [ShadowQuality@3] File [C:/Users/r.zuietir/Documents/GitHub/deadInsideTheDungeon/deadInsideTheDungeon/Saved/Config/Windows/Scalability.ini]
[2022.05.25-20.14.55:349][  0]LogConfig: Setting CVar [[r.LightFunctionQuality:1]]
[2022.05.25-20.14.55:349][  0]LogConfig: Setting CVar [[r.ShadowQuality:5]]
[2022.05.25-20.14.55:349][  0]LogConfig: Setting CVar [[r.Shadow.CSM.MaxCascades:10]]
[2022.05.25-20.14.55:349][  0]LogConfig: Setting CVar [[r.Shadow.MaxResolution:2048]]
[2022.05.25-20.14.55:349][  0]LogConfig: Setting CVar [[r.Shadow.MaxCSMResolution:2048]]
[2022.05.25-20.14.55:349][  0]LogConfig: Setting CVar [[r.Shadow.RadiusThreshold:0.01]]
[2022.05.25-20.14.55:349][  0]LogConfig: Setting CVar [[r.Shadow.DistanceScale:1.0]]
[2022.05.25-20.14.55:349][  0]LogConfig: Setting CVar [[r.Shadow.CSM.TransitionScale:1.0]]
[2022.05.25-20.14.55:349][  0]LogConfig: Setting CVar [[r.Shadow.PreShadowResolutionFactor:1.0]]
[2022.05.25-20.14.55:349][  0]LogConfig: Setting CVar [[r.DistanceFieldShadowing:1]]
[2022.05.25-20.14.55:349][  0]LogConfig: Setting CVar [[r.DistanceFieldAO:1]]
[2022.05.25-20.14.55:349][  0]LogConfig: Setting CVar [[r.AOQuality:2]]
[2022.05.25-20.14.55:349][  0]LogConfig: Setting CVar [[r.VolumetricFog:1]]
[2022.05.25-20.14.55:349][  0]LogConfig: Setting CVar [[r.VolumetricFog.GridPixelSize:8]]
[2022.05.25-20.14.55:349][  0]LogConfig: Setting CVar [[r.VolumetricFog.GridSizeZ:128]]
[2022.05.25-20.14.55:349][  0]LogConfig: Setting CVar [[r.VolumetricFog.HistoryMissSupersampleCount:4]]
[2022.05.25-20.14.55:349][  0]LogConfig: Setting CVar [[r.LightMaxDrawDistanceScale:1]]
[2022.05.25-20.14.55:349][  0]LogConfig: Setting CVar [[r.CapsuleShadows:1]]
[2022.05.25-20.14.55:349][  0]LogConfig: Applying CVar settings from Section [PostProcessQuality@3] File [C:/Users/r.zuietir/Documents/GitHub/deadInsideTheDungeon/deadInsideTheDungeon/Saved/Config/Windows/Scalability.ini]
[2022.05.25-20.14.55:349][  0]LogConfig: Setting CVar [[r.MotionBlurQuality:4]]
[2022.05.25-20.14.55:349][  0]LogConfig: Setting CVar [[r.AmbientOcclusionMipLevelFactor:0.4]]
[2022.05.25-20.14.55:349][  0]LogConfig: Setting CVar [[r.AmbientOcclusionMaxQuality:100]]
[2022.05.25-20.14.55:349][  0]LogConfig: Setting CVar [[r.AmbientOcclusionLevels:-1]]
[2022.05.25-20.14.55:349][  0]LogConfig: Setting CVar [[r.AmbientOcclusionRadiusScale:1.0]]
[2022.05.25-20.14.55:349][  0]LogConfig: Setting CVar [[r.DepthOfFieldQuality:2]]
[2022.05.25-20.14.55:349][  0]LogConfig: Setting CVar [[r.RenderTargetPoolMin:400]]
[2022.05.25-20.14.55:349][  0]LogConfig: Setting CVar [[r.LensFlareQuality:2]]
[2022.05.25-20.14.55:349][  0]LogConfig: Setting CVar [[r.SceneColorFringeQuality:1]]
[2022.05.25-20.14.55:349][  0]LogConfig: Setting CVar [[r.EyeAdaptationQuality:2]]
[2022.05.25-20.14.55:349][  0]LogConfig: Setting CVar [[r.BloomQuality:5]]
[2022.05.25-20.14.55:349][  0]LogConfig: Setting CVar [[r.FastBlurThreshold:100]]
[2022.05.25-20.14.55:349][  0]LogConfig: Setting CVar [[r.Upscale.Quality:3]]
[2022.05.25-20.14.55:349][  0]LogConfig: Setting CVar [[r.Tonemapper.GrainQuantization:1]]
[2022.05.25-20.14.55:349][  0]LogConfig: Setting CVar [[r.LightShaftQuality:1]]
[2022.05.25-20.14.55:349][  0]LogConfig: Setting CVar [[r.Filter.SizeScale:1]]
[2022.05.25-20.14.55:349][  0]LogConfig: Setting CVar [[r.Tonemapper.Quality:5]]
[2022.05.25-20.14.55:349][  0]LogConfig: Setting CVar [[r.DOF.Gather.AccumulatorQuality:1        ; higher gathering accumulator quality]]
[2022.05.25-20.14.55:350][  0]LogConfig: Setting CVar [[r.DOF.Gather.PostfilterMethod:1          ; Median3x3 postfilering method]]
[2022.05.25-20.14.55:350][  0]LogConfig: Setting CVar [[r.DOF.Gather.EnableBokehSettings:0       ; no bokeh simulation when gathering]]
[2022.05.25-20.14.55:350][  0]LogConfig: Setting CVar [[r.DOF.Gather.RingCount:4                 ; medium number of samples when gathering]]
[2022.05.25-20.14.55:350][  0]LogConfig: Setting CVar [[r.DOF.Scatter.ForegroundCompositing:1    ; additive foreground scattering]]
[2022.05.25-20.14.55:350][  0]LogConfig: Setting CVar [[r.DOF.Scatter.BackgroundCompositing:2    ; additive background scattering]]
[2022.05.25-20.14.55:350][  0]LogConfig: Setting CVar [[r.DOF.Scatter.EnableBokehSettings:1      ; bokeh simulation when scattering]]
[2022.05.25-20.14.55:350][  0]LogConfig: Setting CVar [[r.DOF.Scatter.MaxSpriteRatio:0.1         ; only a maximum of 10% of scattered bokeh]]
[2022.05.25-20.14.55:350][  0]LogConfig: Setting CVar [[r.DOF.Recombine.Quality:1                ; cheap slight out of focus]]
[2022.05.25-20.14.55:350][  0]LogConfig: Setting CVar [[r.DOF.Recombine.EnableBokehSettings:0    ; no bokeh simulation on slight out of focus]]
[2022.05.25-20.14.55:350][  0]LogConfig: Setting CVar [[r.DOF.TemporalAAQuality:1                ; more stable temporal accumulation]]
[2022.05.25-20.14.55:350][  0]LogConfig: Setting CVar [[r.DOF.Kernel.MaxForegroundRadius:0.025]]
[2022.05.25-20.14.55:350][  0]LogConfig: Setting CVar [[r.DOF.Kernel.MaxBackgroundRadius:0.025]]
[2022.05.25-20.14.55:350][  0]LogConfig: Applying CVar settings from Section [TextureQuality@3] File [C:/Users/r.zuietir/Documents/GitHub/deadInsideTheDungeon/deadInsideTheDungeon/Saved/Config/Windows/Scalability.ini]
[2022.05.25-20.14.55:350][  0]LogConfig: Setting CVar [[r.Streaming.MipBias:0]]
[2022.05.25-20.14.55:350][  0]LogConfig: Setting CVar [[r.Streaming.AmortizeCPUToGPUCopy:0]]
[2022.05.25-20.14.55:350][  0]LogConfig: Setting CVar [[r.Streaming.MaxNumTexturesToStreamPerFrame:0]]
[2022.05.25-20.14.55:350][  0]LogConfig: Setting CVar [[r.Streaming.Boost:1]]
[2022.05.25-20.14.55:350][  0]LogConfig: Setting CVar [[r.MaxAnisotropy:8]]
[2022.05.25-20.14.55:350][  0]LogConfig: Setting CVar [[r.VT.MaxAnisotropy:8]]
[2022.05.25-20.14.55:350][  0]LogConfig: Setting CVar [[r.Streaming.LimitPoolSizeToVRAM:0]]
[2022.05.25-20.14.55:350][  0]LogConfig: Setting CVar [[r.Streaming.PoolSize:1000]]
[2022.05.25-20.14.55:350][  0]LogConfig: Setting CVar [[r.Streaming.MaxEffectiveScreenSize:0]]
[2022.05.25-20.14.55:350][  0]LogConfig: Applying CVar settings from Section [EffectsQuality@3] File [C:/Users/r.zuietir/Documents/GitHub/deadInsideTheDungeon/deadInsideTheDungeon/Saved/Config/Windows/Scalability.ini]
[2022.05.25-20.14.55:350][  0]LogConfig: Setting CVar [[r.TranslucencyLightingVolumeDim:64]]
[2022.05.25-20.14.55:350][  0]LogConfig: Setting CVar [[r.RefractionQuality:2]]
[2022.05.25-20.14.55:350][  0]LogConfig: Setting CVar [[r.SSR.Quality:3]]
[2022.05.25-20.14.55:350][  0]LogConfig: Setting CVar [[r.SSR.HalfResSceneColor:0]]
[2022.05.25-20.14.55:350][  0]LogConfig: Setting CVar [[r.SceneColorFormat:4]]
[2022.05.25-20.14.55:350][  0]LogConfig: Setting CVar [[r.DetailMode:2]]
[2022.05.25-20.14.55:350][  0]LogConfig: Setting CVar [[r.TranslucencyVolumeBlur:1]]
[2022.05.25-20.14.55:350][  0]LogConfig: Setting CVar [[r.MaterialQualityLevel:1 ; High quality]]
[2022.05.25-20.14.55:350][  0]LogConfig: Setting CVar [[r.AnisotropicMaterials:1]]
[2022.05.25-20.14.55:350][  0]LogConfig: Setting CVar [[r.SSS.Scale:1]]
[2022.05.25-20.14.55:350][  0]LogConfig: Setting CVar [[r.SSS.SampleSet:2]]
[2022.05.25-20.14.55:350][  0]LogConfig: Setting CVar [[r.SSS.Quality:1]]
[2022.05.25-20.14.55:350][  0]LogConfig: Setting CVar [[r.SSS.HalfRes:0]]
[2022.05.25-20.14.55:350][  0]LogConfig: Setting CVar [[r.SSGI.Quality:3]]
[2022.05.25-20.14.55:350][  0]LogConfig: Setting CVar [[r.EmitterSpawnRateScale:1.0]]
[2022.05.25-20.14.55:350][  0]LogConfig: Setting CVar [[r.ParticleLightQuality:2]]
[2022.05.25-20.14.55:350][  0]LogConfig: Setting CVar [[r.SkyAtmosphere.AerialPerspectiveLUT.FastApplyOnOpaque:1 ; Always have FastSkyLUT 1 in this case to avoid wrong sky]]
[2022.05.25-20.14.55:350][  0]LogConfig: Setting CVar [[r.SkyAtmosphere.AerialPerspectiveLUT.SampleCountMaxPerSlice:4]]
[2022.05.25-20.14.55:350][  0]LogConfig: Setting CVar [[r.SkyAtmosphere.AerialPerspectiveLUT.DepthResolution:16.0]]
[2022.05.25-20.14.55:350][  0]LogConfig: Setting CVar [[r.SkyAtmosphere.FastSkyLUT:1]]
[2022.05.25-20.14.55:350][  0]LogConfig: Setting CVar [[r.SkyAtmosphere.FastSkyLUT.SampleCountMin:4.0]]
[2022.05.25-20.14.55:350][  0]LogConfig: Setting CVar [[r.SkyAtmosphere.FastSkyLUT.SampleCountMax:128.0]]
[2022.05.25-20.14.55:350][  0]LogConfig: Setting CVar [[r.SkyAtmosphere.SampleCountMin:4.0]]
[2022.05.25-20.14.55:350][  0]LogConfig: Setting CVar [[r.SkyAtmosphere.SampleCountMax:128.0]]
[2022.05.25-20.14.55:350][  0]LogConfig: Setting CVar [[r.SkyAtmosphere.TransmittanceLUT.UseSmallFormat:0]]
[2022.05.25-20.14.55:350][  0]LogConfig: Setting CVar [[r.SkyAtmosphere.TransmittanceLUT.SampleCount:10.0]]
[2022.05.25-20.14.55:350][  0]LogConfig: Setting CVar [[r.SkyAtmosphere.MultiScatteringLUT.SampleCount:15.0]]
[2022.05.25-20.14.55:350][  0]LogConfig: Setting CVar [[r.SkyLight.RealTimeReflectionCapture:1]]
[2022.05.25-20.14.55:350][  0]LogConfig: Applying CVar settings from Section [FoliageQuality@3] File [C:/Users/r.zuietir/Documents/GitHub/deadInsideTheDungeon/deadInsideTheDungeon/Saved/Config/Windows/Scalability.ini]
[2022.05.25-20.14.55:350][  0]LogConfig: Setting CVar [[foliage.DensityScale:1.0]]
[2022.05.25-20.14.55:350][  0]LogConfig: Setting CVar [[grass.DensityScale:1.0]]
[2022.05.25-20.14.55:350][  0]LogConfig: Applying CVar settings from Section [ShadingQuality@3] File [C:/Users/r.zuietir/Documents/GitHub/deadInsideTheDungeon/deadInsideTheDungeon/Saved/Config/Windows/Scalability.ini]
[2022.05.25-20.14.55:350][  0]LogConfig: Setting CVar [[r.HairStrands.SkyLighting.IntegrationType:2]]
[2022.05.25-20.14.55:350][  0]LogConfig: Setting CVar [[r.HairStrands.SkyAO.SampleCount:4]]
[2022.05.25-20.14.55:350][  0]LogConfig: Setting CVar [[r.HairStrands.Visibility.MSAA.SamplePerPixel:4]]
[2022.05.25-20.14.55:350][  0]LogInit: Selected Device Profile: [Windows]
[2022.05.25-20.14.55:351][  0]LogInit: Applying CVar settings loaded from the selected device profile: [Windows]
[2022.05.25-20.14.55:351][  0]LogHAL: Display: Platform has ~ 16 GB [16934494208 / 17179869184 / 16], which maps to Larger [LargestMinGB=32, LargerMinGB=12, DefaultMinGB=8, SmallerMinGB=6, SmallestMinGB=0)
[2022.05.25-20.14.55:351][  0]LogInit: Going up to parent DeviceProfile []
[2022.05.25-20.14.55:351][  0]LogConfig: Applying CVar settings from Section [ViewDistanceQuality@3] File [C:/Users/r.zuietir/Documents/GitHub/deadInsideTheDungeon/deadInsideTheDungeon/Saved/Config/Windows/Scalability.ini]
[2022.05.25-20.14.55:351][  0]LogConfig: Setting CVar [[r.SkeletalMeshLODBias:0]]
[2022.05.25-20.14.55:351][  0]LogConfig: Setting CVar [[r.ViewDistanceScale:1.0]]
[2022.05.25-20.14.55:351][  0]LogConfig: Applying CVar settings from Section [AntiAliasingQuality@3] File [C:/Users/r.zuietir/Documents/GitHub/deadInsideTheDungeon/deadInsideTheDungeon/Saved/Config/Windows/Scalability.ini]
[2022.05.25-20.14.55:351][  0]LogConfig: Setting CVar [[r.PostProcessAAQuality:4]]
[2022.05.25-20.14.55:351][  0]LogConfig: Applying CVar settings from Section [ShadowQuality@3] File [C:/Users/r.zuietir/Documents/GitHub/deadInsideTheDungeon/deadInsideTheDungeon/Saved/Config/Windows/Scalability.ini]
[2022.05.25-20.14.55:351][  0]LogConfig: Setting CVar [[r.LightFunctionQuality:1]]
[2022.05.25-20.14.55:351][  0]LogConfig: Setting CVar [[r.ShadowQuality:5]]
[2022.05.25-20.14.55:351][  0]LogConfig: Setting CVar [[r.Shadow.CSM.MaxCascades:10]]
[2022.05.25-20.14.55:351][  0]LogConfig: Setting CVar [[r.Shadow.MaxResolution:2048]]
[2022.05.25-20.14.55:351][  0]LogConfig: Setting CVar [[r.Shadow.MaxCSMResolution:2048]]
[2022.05.25-20.14.55:351][  0]LogConfig: Setting CVar [[r.Shadow.RadiusThreshold:0.01]]
[2022.05.25-20.14.55:351][  0]LogConfig: Setting CVar [[r.Shadow.DistanceScale:1.0]]
[2022.05.25-20.14.55:351][  0]LogConfig: Setting CVar [[r.Shadow.CSM.TransitionScale:1.0]]
[2022.05.25-20.14.55:351][  0]LogConfig: Setting CVar [[r.Shadow.PreShadowResolutionFactor:1.0]]
[2022.05.25-20.14.55:351][  0]LogConfig: Setting CVar [[r.DistanceFieldShadowing:1]]
[2022.05.25-20.14.55:351][  0]LogConfig: Setting CVar [[r.DistanceFieldAO:1]]
[2022.05.25-20.14.55:351][  0]LogConfig: Setting CVar [[r.AOQuality:2]]
[2022.05.25-20.14.55:351][  0]LogConfig: Setting CVar [[r.VolumetricFog:1]]
[2022.05.25-20.14.55:351][  0]LogConfig: Setting CVar [[r.VolumetricFog.GridPixelSize:8]]
[2022.05.25-20.14.55:351][  0]LogConfig: Setting CVar [[r.VolumetricFog.GridSizeZ:128]]
[2022.05.25-20.14.55:351][  0]LogConfig: Setting CVar [[r.VolumetricFog.HistoryMissSupersampleCount:4]]
[2022.05.25-20.14.55:351][  0]LogConfig: Setting CVar [[r.LightMaxDrawDistanceScale:1]]
[2022.05.25-20.14.55:351][  0]LogConfig: Setting CVar [[r.CapsuleShadows:1]]
[2022.05.25-20.14.55:351][  0]LogConfig: Applying CVar settings from Section [PostProcessQuality@3] File [C:/Users/r.zuietir/Documents/GitHub/deadInsideTheDungeon/deadInsideTheDungeon/Saved/Config/Windows/Scalability.ini]
[2022.05.25-20.14.55:351][  0]LogConfig: Setting CVar [[r.MotionBlurQuality:4]]
[2022.05.25-20.14.55:351][  0]LogConfig: Setting CVar [[r.AmbientOcclusionMipLevelFactor:0.4]]
[2022.05.25-20.14.55:351][  0]LogConfig: Setting CVar [[r.AmbientOcclusionMaxQuality:100]]
[2022.05.25-20.14.55:351][  0]LogConfig: Setting CVar [[r.AmbientOcclusionLevels:-1]]
[2022.05.25-20.14.55:351][  0]LogConfig: Setting CVar [[r.AmbientOcclusionRadiusScale:1.0]]
[2022.05.25-20.14.55:351][  0]LogConfig: Setting CVar [[r.DepthOfFieldQuality:2]]
[2022.05.25-20.14.55:351][  0]LogConfig: Setting CVar [[r.RenderTargetPoolMin:400]]
[2022.05.25-20.14.55:351][  0]LogConfig: Setting CVar [[r.LensFlareQuality:2]]
[2022.05.25-20.14.55:351][  0]LogConfig: Setting CVar [[r.SceneColorFringeQuality:1]]
[2022.05.25-20.14.55:351][  0]LogConfig: Setting CVar [[r.EyeAdaptationQuality:2]]
[2022.05.25-20.14.55:351][  0]LogConfig: Setting CVar [[r.BloomQuality:5]]
[2022.05.25-20.14.55:351][  0]LogConfig: Setting CVar [[r.FastBlurThreshold:100]]
[2022.05.25-20.14.55:351][  0]LogConfig: Setting CVar [[r.Upscale.Quality:3]]
[2022.05.25-20.14.55:351][  0]LogConfig: Setting CVar [[r.Tonemapper.GrainQuantization:1]]
[2022.05.25-20.14.55:351][  0]LogConfig: Setting CVar [[r.LightShaftQuality:1]]
[2022.05.25-20.14.55:351][  0]LogConfig: Setting CVar [[r.Filter.SizeScale:1]]
[2022.05.25-20.14.55:351][  0]LogConfig: Setting CVar [[r.Tonemapper.Quality:5]]
[2022.05.25-20.14.55:351][  0]LogConfig: Setting CVar [[r.DOF.Gather.AccumulatorQuality:1        ; higher gathering accumulator quality]]
[2022.05.25-20.14.55:351][  0]LogConfig: Setting CVar [[r.DOF.Gather.PostfilterMethod:1          ; Median3x3 postfilering method]]
[2022.05.25-20.14.55:351][  0]LogConfig: Setting CVar [[r.DOF.Gather.EnableBokehSettings:0       ; no bokeh simulation when gathering]]
[2022.05.25-20.14.55:351][  0]LogConfig: Setting CVar [[r.DOF.Gather.RingCount:4                 ; medium number of samples when gathering]]
[2022.05.25-20.14.55:351][  0]LogConfig: Setting CVar [[r.DOF.Scatter.ForegroundCompositing:1    ; additive foreground scattering]]
[2022.05.25-20.14.55:351][  0]LogConfig: Setting CVar [[r.DOF.Scatter.BackgroundCompositing:2    ; additive background scattering]]
[2022.05.25-20.14.55:351][  0]LogConfig: Setting CVar [[r.DOF.Scatter.EnableBokehSettings:1      ; bokeh simulation when scattering]]
[2022.05.25-20.14.55:351][  0]LogConfig: Setting CVar [[r.DOF.Scatter.MaxSpriteRatio:0.1         ; only a maximum of 10% of scattered bokeh]]
[2022.05.25-20.14.55:351][  0]LogConfig: Setting CVar [[r.DOF.Recombine.Quality:1                ; cheap slight out of focus]]
[2022.05.25-20.14.55:351][  0]LogConfig: Setting CVar [[r.DOF.Recombine.EnableBokehSettings:0    ; no bokeh simulation on slight out of focus]]
[2022.05.25-20.14.55:351][  0]LogConfig: Setting CVar [[r.DOF.TemporalAAQuality:1                ; more stable temporal accumulation]]
[2022.05.25-20.14.55:351][  0]LogConfig: Setting CVar [[r.DOF.Kernel.MaxForegroundRadius:0.025]]
[2022.05.25-20.14.55:351][  0]LogConfig: Setting CVar [[r.DOF.Kernel.MaxBackgroundRadius:0.025]]
[2022.05.25-20.14.55:351][  0]LogConfig: Applying CVar settings from Section [TextureQuality@3] File [C:/Users/r.zuietir/Documents/GitHub/deadInsideTheDungeon/deadInsideTheDungeon/Saved/Config/Windows/Scalability.ini]
[2022.05.25-20.14.55:351][  0]LogConfig: Setting CVar [[r.Streaming.MipBias:0]]
[2022.05.25-20.14.55:351][  0]LogConfig: Setting CVar [[r.Streaming.AmortizeCPUToGPUCopy:0]]
[2022.05.25-20.14.55:351][  0]LogConfig: Setting CVar [[r.Streaming.MaxNumTexturesToStreamPerFrame:0]]
[2022.05.25-20.14.55:351][  0]LogConfig: Setting CVar [[r.Streaming.Boost:1]]
[2022.05.25-20.14.55:351][  0]LogConfig: Setting CVar [[r.MaxAnisotropy:8]]
[2022.05.25-20.14.55:351][  0]LogConfig: Setting CVar [[r.VT.MaxAnisotropy:8]]
[2022.05.25-20.14.55:351][  0]LogConfig: Setting CVar [[r.Streaming.LimitPoolSizeToVRAM:0]]
[2022.05.25-20.14.55:352][  0]LogConfig: Setting CVar [[r.Streaming.PoolSize:1000]]
[2022.05.25-20.14.55:352][  0]LogConfig: Setting CVar [[r.Streaming.MaxEffectiveScreenSize:0]]
[2022.05.25-20.14.55:352][  0]LogConfig: Applying CVar settings from Section [EffectsQuality@3] File [C:/Users/r.zuietir/Documents/GitHub/deadInsideTheDungeon/deadInsideTheDungeon/Saved/Config/Windows/Scalability.ini]
[2022.05.25-20.14.55:352][  0]LogConfig: Setting CVar [[r.TranslucencyLightingVolumeDim:64]]
[2022.05.25-20.14.55:352][  0]LogConfig: Setting CVar [[r.RefractionQuality:2]]
[2022.05.25-20.14.55:352][  0]LogConfig: Setting CVar [[r.SSR.Quality:3]]
[2022.05.25-20.14.55:352][  0]LogConfig: Setting CVar [[r.SSR.HalfResSceneColor:0]]
[2022.05.25-20.14.55:352][  0]LogConfig: Setting CVar [[r.SceneColorFormat:4]]
[2022.05.25-20.14.55:352][  0]LogConfig: Setting CVar [[r.DetailMode:2]]
[2022.05.25-20.14.55:352][  0]LogConfig: Setting CVar [[r.TranslucencyVolumeBlur:1]]
[2022.05.25-20.14.55:352][  0]LogConfig: Setting CVar [[r.MaterialQualityLevel:1 ; High quality]]
[2022.05.25-20.14.55:352][  0]LogConfig: Setting CVar [[r.AnisotropicMaterials:1]]
[2022.05.25-20.14.55:352][  0]LogConfig: Setting CVar [[r.SSS.Scale:1]]
[2022.05.25-20.14.55:352][  0]LogConfig: Setting CVar [[r.SSS.SampleSet:2]]
[2022.05.25-20.14.55:352][  0]LogConfig: Setting CVar [[r.SSS.Quality:1]]
[2022.05.25-20.14.55:352][  0]LogConfig: Setting CVar [[r.SSS.HalfRes:0]]
[2022.05.25-20.14.55:352][  0]LogConfig: Setting CVar [[r.SSGI.Quality:3]]
[2022.05.25-20.14.55:352][  0]LogConfig: Setting CVar [[r.EmitterSpawnRateScale:1.0]]
[2022.05.25-20.14.55:352][  0]LogConfig: Setting CVar [[r.ParticleLightQuality:2]]
[2022.05.25-20.14.55:352][  0]LogConfig: Setting CVar [[r.SkyAtmosphere.AerialPerspectiveLUT.FastApplyOnOpaque:1 ; Always have FastSkyLUT 1 in this case to avoid wrong sky]]
[2022.05.25-20.14.55:352][  0]LogConfig: Setting CVar [[r.SkyAtmosphere.AerialPerspectiveLUT.SampleCountMaxPerSlice:4]]
[2022.05.25-20.14.55:352][  0]LogConfig: Setting CVar [[r.SkyAtmosphere.AerialPerspectiveLUT.DepthResolution:16.0]]
[2022.05.25-20.14.55:352][  0]LogConfig: Setting CVar [[r.SkyAtmosphere.FastSkyLUT:1]]
[2022.05.25-20.14.55:352][  0]LogConfig: Setting CVar [[r.SkyAtmosphere.FastSkyLUT.SampleCountMin:4.0]]
[2022.05.25-20.14.55:352][  0]LogConfig: Setting CVar [[r.SkyAtmosphere.FastSkyLUT.SampleCountMax:128.0]]
[2022.05.25-20.14.55:352][  0]LogConfig: Setting CVar [[r.SkyAtmosphere.SampleCountMin:4.0]]
[2022.05.25-20.14.55:352][  0]LogConfig: Setting CVar [[r.SkyAtmosphere.SampleCountMax:128.0]]
[2022.05.25-20.14.55:352][  0]LogConfig: Setting CVar [[r.SkyAtmosphere.TransmittanceLUT.UseSmallFormat:0]]
[2022.05.25-20.14.55:352][  0]LogConfig: Setting CVar [[r.SkyAtmosphere.TransmittanceLUT.SampleCount:10.0]]
[2022.05.25-20.14.55:352][  0]LogConfig: Setting CVar [[r.SkyAtmosphere.MultiScatteringLUT.SampleCount:15.0]]
[2022.05.25-20.14.55:352][  0]LogConfig: Setting CVar [[r.SkyLight.RealTimeReflectionCapture:1]]
[2022.05.25-20.14.55:352][  0]LogConfig: Applying CVar settings from Section [FoliageQuality@3] File [C:/Users/r.zuietir/Documents/GitHub/deadInsideTheDungeon/deadInsideTheDungeon/Saved/Config/Windows/Scalability.ini]
[2022.05.25-20.14.55:352][  0]LogConfig: Setting CVar [[foliage.DensityScale:1.0]]
[2022.05.25-20.14.55:352][  0]LogConfig: Setting CVar [[grass.DensityScale:1.0]]
[2022.05.25-20.14.55:352][  0]LogConfig: Applying CVar settings from Section [ShadingQuality@3] File [C:/Users/r.zuietir/Documents/GitHub/deadInsideTheDungeon/deadInsideTheDungeon/Saved/Config/Windows/Scalability.ini]
[2022.05.25-20.14.55:352][  0]LogConfig: Setting CVar [[r.HairStrands.SkyLighting.IntegrationType:2]]
[2022.05.25-20.14.55:352][  0]LogConfig: Setting CVar [[r.HairStrands.SkyAO.SampleCount:4]]
[2022.05.25-20.14.55:352][  0]LogConfig: Setting CVar [[r.HairStrands.Visibility.MSAA.SamplePerPixel:4]]
[2022.05.25-20.14.55:352][  0]LogConfig: Applying CVar settings from Section [Startup] File [../../../Engine/Config/ConsoleVariables.ini]
[2022.05.25-20.14.55:353][  0]LogConfig: Setting CVar [[net.UseAdaptiveNetUpdateFrequency:0]]
[2022.05.25-20.14.55:353][  0]LogConfig: Setting CVar [[p.chaos.AllowCreatePhysxBodies:1]]
[2022.05.25-20.14.55:353][  0]LogConfig: Setting CVar [[fx.SkipVectorVMBackendOptimizations:1]]
[2022.05.25-20.14.55:353][  0]LogConfig: Applying CVar settings from Section [ConsoleVariables] File [C:/Users/r.zuietir/Documents/GitHub/deadInsideTheDungeon/deadInsideTheDungeon/Saved/Config/Windows/Engine.ini]
[2022.05.25-20.14.55:353][  0]LogConfig: Applying CVar settings from Section [ConsoleVariables] File [C:/Users/r.zuietir/Documents/GitHub/deadInsideTheDungeon/deadInsideTheDungeon/Saved/Config/Windows/Editor.ini]
[2022.05.25-20.14.55:353][  0]LogInit: Computer: RZUIETIRBOOK
[2022.05.25-20.14.55:353][  0]LogInit: User: rzuietir
[2022.05.25-20.14.55:353][  0]LogInit: CPU Page size=4096, Cores=4
[2022.05.25-20.14.55:353][  0]LogInit: High frequency timer resolution =10.000000 MHz
[2022.05.25-20.14.55:353][  0]LogMemory: Memory total: Physical=15.8GB (16GB approx)
[2022.05.25-20.14.55:353][  0]LogMemory: Platform Memory Stats for Windows
[2022.05.25-20.14.55:353][  0]LogMemory: Process Physical Memory: 141.63 MB used, 141.63 MB peak
[2022.05.25-20.14.55:353][  0]LogMemory: Process Virtual Memory: 112.57 MB used, 112.57 MB peak
[2022.05.25-20.14.55:353][  0]LogMemory: Physical Memory: 12384.48 MB used,  3765.51 MB free, 16149.99 MB total
[2022.05.25-20.14.55:353][  0]LogMemory: Virtual Memory: 134206792.00 MB used,  10934.04 MB free, 134217728.00 MB total
[2022.05.25-20.14.55:368][  0]LogWindows: WindowsPlatformFeatures enabled
[2022.05.25-20.14.55:464][  0]LogInit: Physics initialised using underlying interface: PhysX
[2022.05.25-20.14.55:464][  0]LogInit: Using OS detected language (ru-RU).
[2022.05.25-20.14.55:464][  0]LogInit: Using OS detected locale (ru-UA).
[2022.05.25-20.14.55:470][  0]LogTextLocalizationManager: No specific localization for 'ru-RU' exists, so the 'ru' localization will be used.
[2022.05.25-20.14.55:475][  0]LogTextLocalizationResource: LocRes '../../../Engine/Content/Localization/Editor/ru/Editor.locres' could not be opened for reading!
[2022.05.25-20.14.55:475][  0]LogTextLocalizationResource: LocRes '../../../Engine/Content/Localization/EditorTutorials/ru/EditorTutorials.locres' could not be opened for reading!
[2022.05.25-20.14.55:476][  0]LogTextLocalizationResource: LocRes '../../../Engine/Content/Localization/Keywords/ru/Keywords.locres' could not be opened for reading!
[2022.05.25-20.14.55:476][  0]LogTextLocalizationResource: LocRes '../../../Engine/Content/Localization/Category/ru/Category.locres' could not be opened for reading!
[2022.05.25-20.14.55:476][  0]LogTextLocalizationResource: LocRes '../../../Engine/Content/Localization/ToolTips/ru/ToolTips.locres' could not be opened for reading!
[2022.05.25-20.14.55:476][  0]LogTextLocalizationResource: LocRes '../../../Engine/Content/Localization/PropertyNames/ru/PropertyNames.locres' could not be opened for reading!
[2022.05.25-20.14.55:477][  0]LogTextLocalizationResource: LocRes '../../../Engine/Content/Localization/Engine/ru/Engine.locres' could not be opened for reading!
[2022.05.25-20.14.55:502][  0]LogWindowsTextInputMethodSystem: Display: IME system deactivated.
[2022.05.25-20.14.55:534][  0]LogSlate: New Slate User Created.  User Index 0, Is Virtual User: 0
[2022.05.25-20.14.55:534][  0]LogSlate: Slate User Registered.  User Index 0, Is Virtual User: 0
[2022.05.25-20.14.55:551][  0]LogD3D11RHI: Loaded GFSDK_Aftermath_Lib.x64.dll
[2022.05.25-20.14.55:625][  0]LogHMD: Failed to initialize OpenVR with code 110
[2022.05.25-20.14.55:625][  0]LogD3D11RHI: D3D11 min allowed feature level: 11_0
[2022.05.25-20.14.55:625][  0]LogD3D11RHI: D3D11 max allowed feature level: 11_0
[2022.05.25-20.14.55:625][  0]LogD3D11RHI: D3D11 adapters:
[2022.05.25-20.14.55:734][  0]LogD3D11RHI:    0. 'NVIDIA GeForce GTX 1650 Ti with Max-Q Design' (Feature Level 11_0)
[2022.05.25-20.14.55:735][  0]LogD3D11RHI:       3964/0/8074 MB DedicatedVideo/DedicatedSystem/SharedSystem, Outputs:1, VendorId:0x10de
[2022.05.25-20.14.55:772][  0]LogD3D11RHI:    1. 'Intel(R) Iris(R) Xe Graphics' (Feature Level 11_0)
[2022.05.25-20.14.55:772][  0]LogD3D11RHI:       128/0/8074 MB DedicatedVideo/DedicatedSystem/SharedSystem, Outputs:0, VendorId:0x8086
[2022.05.25-20.14.55:774][  0]LogD3D11RHI:    2. 'Microsoft Basic Render Driver' (Feature Level 11_0)
[2022.05.25-20.14.55:774][  0]LogD3D11RHI:       0/0/8074 MB DedicatedVideo/DedicatedSystem/SharedSystem, Outputs:0, VendorId:0x1414
[2022.05.25-20.14.55:774][  0]LogD3D11RHI: Chosen D3D11 Adapter:
[2022.05.25-20.14.55:774][  0]LogD3D11RHI:     Description : NVIDIA GeForce GTX 1650 Ti with Max-Q Design
[2022.05.25-20.14.55:774][  0]LogD3D11RHI:     VendorId    : 10de
[2022.05.25-20.14.55:774][  0]LogD3D11RHI:     DeviceId    : 1f95
[2022.05.25-20.14.55:774][  0]LogD3D11RHI:     SubSysId    : 8815103c
[2022.05.25-20.14.55:774][  0]LogD3D11RHI:     Revision    : 00a1
[2022.05.25-20.14.55:774][  0]LogD3D11RHI:     DedicatedVideoMemory : 4156555264 bytes
[2022.05.25-20.14.55:774][  0]LogD3D11RHI:     DedicatedSystemMemory : 0 bytes
[2022.05.25-20.14.55:774][  0]LogD3D11RHI:     SharedSystemMemory : 8467247104 bytes
[2022.05.25-20.14.55:774][  0]LogD3D11RHI:     AdapterLuid : 0 78112
[2022.05.25-20.14.55:784][  0]LogD3D11RHI: Creating new Direct3DDevice
[2022.05.25-20.14.55:784][  0]LogD3D11RHI:     GPU DeviceId: 0x1f95 (for the marketing name, search the web for "GPU Device Id")
[2022.05.25-20.14.55:784][  0]LogWindows: EnumDisplayDevices:
[2022.05.25-20.14.55:784][  0]LogWindows:    0. 'Intel(R) Iris(R) Xe Graphics' (P:1 D:1)
[2022.05.25-20.14.55:784][  0]LogWindows:    1. 'Intel(R) Iris(R) Xe Graphics' (P:0 D:0)
[2022.05.25-20.14.55:785][  0]LogWindows:    2. 'Intel(R) Iris(R) Xe Graphics' (P:0 D:0)
[2022.05.25-20.14.55:785][  0]LogWindows:    3. 'Intel(R) Iris(R) Xe Graphics' (P:0 D:0)
[2022.05.25-20.14.55:785][  0]LogWindows: DebugString: PrimaryIsNotTheChoosenAdapter PrimaryIsNotTheChoosenAdapter PrimaryIsNotTheChoosenAdapter PrimaryIsNotTheChoosenAdapter FoundDriverCount:0 
[2022.05.25-20.14.55:785][  0]LogD3D11RHI:     Adapter Name: NVIDIA GeForce GTX 1650 Ti with Max-Q Design
[2022.05.25-20.14.55:785][  0]LogD3D11RHI:   Driver Version: Unknown (internal:Unknown, unified:Unknown)
[2022.05.25-20.14.55:786][  0]LogD3D11RHI:      Driver Date: Unknown
[2022.05.25-20.14.55:786][  0]LogRHI: Texture pool is 2774 MB (70% of 3964 MB)
[2022.05.25-20.14.55:786][  0]LogD3D11RHI: Creating D3DDevice using adapter:
[2022.05.25-20.14.55:786][  0]LogD3D11RHI:     Description : NVIDIA GeForce GTX 1650 Ti with Max-Q Design
[2022.05.25-20.14.55:786][  0]LogD3D11RHI:     VendorId    : 10de
[2022.05.25-20.14.55:786][  0]LogD3D11RHI:     DeviceId    : 1f95
[2022.05.25-20.14.55:786][  0]LogD3D11RHI:     SubSysId    : 8815103c
[2022.05.25-20.14.55:786][  0]LogD3D11RHI:     Revision    : 00a1
[2022.05.25-20.14.55:786][  0]LogD3D11RHI:     DedicatedVideoMemory : 4156555264 bytes
[2022.05.25-20.14.55:786][  0]LogD3D11RHI:     DedicatedSystemMemory : 0 bytes
[2022.05.25-20.14.55:786][  0]LogD3D11RHI:     SharedSystemMemory : 8467247104 bytes
[2022.05.25-20.14.55:786][  0]LogD3D11RHI:     AdapterLuid : 0 78112
[2022.05.25-20.14.55:857][  0]LogD3D11RHI: RHI has support for 64 bit atomics
[2022.05.25-20.14.55:857][  0]LogD3D11RHI: Async texture creation enabled
[2022.05.25-20.14.55:857][  0]LogD3D11RHI: Array index from any shader is supported
[2022.05.25-20.14.55:869][  0]LogD3D11RHI: GPU Timing Frequency: 1000.000000 (Debug: 2 1)
[2022.05.25-20.14.55:909][  0]LogRHI: GeForceNow SDK initialized: 1
[2022.05.25-20.14.56:287][  0]LogTargetPlatformManager: Display: Loaded TargetPlatform 'WindowsNoEditor'
[2022.05.25-20.14.56:293][  0]LogTargetPlatformManager: Display: Loaded TargetPlatform 'Windows'
[2022.05.25-20.14.56:298][  0]LogTargetPlatformManager: Display: Loaded TargetPlatform 'WindowsClient'
[2022.05.25-20.14.56:303][  0]LogTargetPlatformManager: Display: Loaded TargetPlatform 'WindowsServer'
[2022.05.25-20.14.56:303][  0]LogTargetPlatformManager: Display: Building Assets For Windows
[2022.05.25-20.14.56:315][  0]LogAudioDebug: Display: Lib vorbis DLL was dynamically loaded.
[2022.05.25-20.14.56:362][  0]LogTextureFormatOodle: Display: Oodle Texture 2.9.0 init RDO Off
[2022.05.25-20.14.56:409][  0]LogRendererCore: Ray tracing is disabled. Reason: r.RayTracing=0.
[2022.05.25-20.14.56:410][  0]LogShaderCompilers: Guid format shader working directory is -43 characters bigger than the processId version (../../../../../../Users/r.zuietir/Documents/GitHub/deadInsideTheDungeon/deadInsideTheDungeon/Intermediate/Shaders/WorkingDirectory/17744/).
[2022.05.25-20.14.56:410][  0]LogShaderCompilers: Cleaned the shader compiler working directory 'C:/Users/r.zuietir/AppData/Local/Temp/UnrealShaderWorkingDir/E7F91D6244D7C7E74A290B83A35690FC/'.
[2022.05.25-20.14.56:410][  0]LogXGEController: Cannot use XGE Controller as Incredibuild is not installed on this machine.
[2022.05.25-20.14.56:410][  0]LogShaderCompilers: Cannot use XGE Shader Compiler as Incredibuild is not installed on this machine.
[2022.05.25-20.14.56:410][  0]LogShaderCompilers: Display: Using Local Shader Compiler.
[2022.05.25-20.14.57:259][  0]LogDerivedDataCache: Display: Max Cache Size: 512 MB
[2022.05.25-20.14.57:355][  0]LogDerivedDataCache: Loaded boot cache 0.10s 94MB C:/Users/r.zuietir/AppData/Local/UnrealEngine/4.27/DerivedDataCache/Boot.ddc.
[2022.05.25-20.14.57:355][  0]LogDerivedDataCache: Display: Loaded Boot cache: C:/Users/r.zuietir/AppData/Local/UnrealEngine/4.27/DerivedDataCache/Boot.ddc
[2022.05.25-20.14.57:355][  0]LogDerivedDataCache: FDerivedDataBackendGraph:  Pak pak cache file ../../../../../../Users/r.zuietir/Documents/GitHub/deadInsideTheDungeon/deadInsideTheDungeon/DerivedDataCache/DDC.ddp not found, will not use a pak cache.
[2022.05.25-20.14.57:355][  0]LogDerivedDataCache: Unable to find inner node Pak for hierarchical cache Hierarchy.
[2022.05.25-20.14.57:355][  0]LogDerivedDataCache: FDerivedDataBackendGraph:  CompressedPak pak cache file ../../../../../../Users/r.zuietir/Documents/GitHub/deadInsideTheDungeon/deadInsideTheDungeon/DerivedDataCache/Compressed.ddp not found, will not use a pak cache.
[2022.05.25-20.14.57:355][  0]LogDerivedDataCache: Unable to find inner node CompressedPak for hierarchical cache Hierarchy.
[2022.05.25-20.14.57:375][  0]LogDerivedDataCache: Display: Pak cache opened for reading ../../../Engine/DerivedDataCache/Compressed.ddp.
[2022.05.25-20.14.57:375][  0]LogDerivedDataCache: FDerivedDataBackendGraph:  EnterprisePak pak cache file ../../../Enterprise/DerivedDataCache/Compressed.ddp not found, will not use a pak cache.
[2022.05.25-20.14.57:375][  0]LogDerivedDataCache: Unable to find inner node EnterprisePak for hierarchical cache Hierarchy.
[2022.05.25-20.14.57:388][  0]LogDerivedDataCache: Speed tests for C:/Users/r.zuietir/AppData/Local/UnrealEngine/Common/DerivedDataCache took 0.01 seconds
[2022.05.25-20.14.57:388][  0]LogDerivedDataCache: Display: Performance to C:/Users/r.zuietir/AppData/Local/UnrealEngine/Common/DerivedDataCache: Latency=0.11ms. RandomReadSpeed=171.32MBs, RandomWriteSpeed=141.02MBs. Assigned SpeedClass 'Local'
[2022.05.25-20.14.57:388][  0]LogDerivedDataCache: Using Local data cache path C:/Users/r.zuietir/AppData/Local/UnrealEngine/Common/DerivedDataCache: Writable
[2022.05.25-20.14.57:388][  0]LogDerivedDataCache: Shared data cache path not found in *engine.ini, will not use an Shared cache.
[2022.05.25-20.14.57:388][  0]LogDerivedDataCache: Unable to find inner node Shared for hierarchical cache Hierarchy.
[2022.05.25-20.14.57:420][  0]LogSlate: Using FreeType 2.10.0
[2022.05.25-20.14.57:421][  0]LogSlate: SlateFontServices - WITH_FREETYPE: 1, WITH_HARFBUZZ: 1
[2022.05.25-20.14.57:540][  0]LogInit: Using OS detected language (ru-RU).
[2022.05.25-20.14.57:540][  0]LogInit: Using OS detected locale (ru-UA).
[2022.05.25-20.14.57:540][  0]LogTextLocalizationManager: No localization for 'ru-RU' exists, so 'en' will be used for the language.
[2022.05.25-20.14.57:540][  0]LogTextLocalizationManager: No localization for 'ru-UA' exists, so 'en' will be used for the locale.
[2022.05.25-20.14.57:540][  0]LogSlate: FontCache flush requested. Reason: Culture for localization was changed
[2022.05.25-20.14.57:540][  0]LogSlate: FontCache flush requested. Reason: Culture for localization was changed
[2022.05.25-20.14.57:544][  0]LogAssetRegistry: FAssetRegistry took 0.0014 seconds to start up
[2022.05.25-20.14.57:690][  0]LogTextLocalizationManager: Compacting localization data took   0.01ms
[2022.05.25-20.14.57:690][  0]LogPackageLocalizationCache: Processed 27 localized package path(s) for 1 prioritized culture(s) in 0.001345 seconds
[2022.05.25-20.14.57:761][  0]LogInit: Selected Device Profile: [Windows]
[2022.05.25-20.14.57:761][  0]LogInit: Active device profile: [0000018F3AAA9100][0000018F29AFA3C0 49] Windows
[2022.05.25-20.14.57:761][  0]LogInit: Profiles: [0000018F3AAA9100][0000018F29AFA3C0 49] Windows, [0000018F3AA86500][0000018F29AFE680 49] WindowsNoEditor, [0000018F3AAAA200][0000018F29B02940 49] WindowsServer, [0000018F3AA85700][0000018F29B06C00 49] WindowsClient, [0000018F3AAA9700][0000018F29B0AEC0 49] IOS, [0000018F3AA86700][0000018F29B0F180 49] iPadAir, [0000018F3AAABC00][0000018F29B13440 49] iPadAir2, [0000018F3AA35400][0000018F29FDB980 49] IPadPro, [0000018F3AA35500][0000018F29B179C0 49] iPadAir3, [0000018F3AA87800][0000018F29AF60C0 49] iPadAir4, [0000018F3AA36300][0000018F29B1E340 49] iPadMini2, [0000018F3AA86F00][0000018F29B22600 49] iPadMini3, [0000018F3AA36F00][0000018F29FDE8C0 49] iPadMini4, [0000018F3AA85B00][0000018F29FE2B80 49] iPadMini5, [0000018F3AA5D000][0000018F29FF70C0 49] iPhone6, [0000018F3AA5D100][0000018F29FE7100 49] iPodTouch6, [0000018F3AAAB900][0000018F29FFF640 49] iPhone7, [0000018F3AAAA900][0000018F29FEF680 49] iPodTouch7, [0000018F3AA35000][0000018F29FF3940 49] iPhone5S, [0000018F3AAAAF00][0000018F29FEBC00 49] iPhone6Plus, [0000018F3AA37600][0000018F29B1A300 49] iPhone6S, [0000018F3AAA8C00][0000018F29FFA580 49] iPhone6SPlus, [0000018F3AAA9D00][0000018F2A006840 49] iPhone7Plus, [0000018F3AA5C800][0000018F2A00AB00 49] iPhoneSE, [0000018F3AAA8400][0000018F2A00EDC0 49] iPhone8, [0000018F3AA5C900][0000018F2A013080 49] iPhone8Plus, [0000018F3AA5EE00][0000018F2A017340 49] iPhoneX, [0000018F3AA35D00][0000018F2A01B600 49] iPhoneXS, [0000018F3AA5E700][0000018F2A01F8C0 49] iPhoneXSMax, [0000018F3AA35C00][0000018F2A023B80 49] iPhoneXR, [0000018F3AA5E800][0000018F2A0262C0 49] iPhone11, [0000018F3AA34F00][0000018F2A002540 49] iPhone11Pro, [0000018F3AA5CB00][0000018F2A02A7C0 49] iPhone11ProMax, [0000018F3AA34C00][0000018F2A032A80 49] iPhoneSE2, [0000018F3AA5CE00][0000018F2A036D40 49] iPhone12Mini, [0000018F3AAAB800][0000018F2A03B000 49] iPhone12, [0000018F3AA5F100][0000018F2A03F2C0 49] iPhone12Pro, [0000018F3AAAB700][0000018F2A043580 49] iPhone12ProMax, [0000018F3AA5DE00][0000018F2A047840 49] iPadPro105, [0000018F3AAA9400][0000018F2A04BB00 49] iPadPro129, [0000018F3AA5FE00][0000018F2A04E240 49] iPadPro97, [0000018F3AAAA800][0000018F2A052500 49] iPadPro2_129, [0000018F3AA5E000][0000018F2A02E780 49] iPad5, [0000018F3AAAA300][0000018F3A2C8A40 49] iPad6, [0000018F3AA5FB00][0000018F3A2CCD00 49] iPad7, [0000018F3AAA9E00][0000018F3A2D0FC0 49] iPad8, [0000018F3AA5E500][0000018F3A2D5280 49] iPadPro11, [0000018F3AAABE00][0000018F3A2D9540 49] iPadPro2_11, [0000018F3AA5D800][0000018F3A2DD800 49] iPadPro3_129, [0000018F3AAAB500][0000018F3A2E1AC0 49] iPadPro4_129, [0000018F3AA5C200][0000018F3A2E4200 49] AppleTV, [0000018F3AAABF00][0000018F3A2E84C0 49] AppleTV4K, [0000018F3AA5E600][0000018F2A056740 49] TVOS, [0000018F3AAA8E00][0000018F3A2EC9C0 49] Mac, [0000018F3AA5DD00][0000018F3A2F4C80 49] MacClient, [0000018F3AAABA00][0000018F3A2F8F40 49] MacNoEditor, [0000018F3AA5FA00][0000018F3A2FD200 49] MacServer, [0000018F3AAAB100][0000018F3A3014C0 49] Linux, [0000018F3AA5D600][0000018F3A305780 49] LinuxAArch64, [0000018F3AAA8800][0000018F3A309A40 49] LinuxNoEditor, [0000018F3AA5CC00][0000018F3A30C180 49] LinuxAArch64NoEditor, [0000018F3AAABB00][0000018F3A310440 49] LinuxClient, [0000018F3AA5F400][0000018F3A314700 49] LinuxAArch64Client, [0000018F3AAA9A00][0000018F3A2F0980 49] LinuxServer, [0000018F3AA5C700][0000018F3A318C00 49] LinuxAArch64Server, [0000018F3AAAB300][0000018F3A320EC0 49] Android, [0000018F3AA5EA00][0000018F3A325180 49] Android_Low, [0000018F3AAAAC00][0000018F3A329440 49] Android_Mid, [0000018F3AA5DF00][0000018F3A32D700 49] Android_High, [0000018F3AAAAA00][0000018F3A3319C0 49] Android_Default, [0000018F3AA5FC00][0000018F3A334100 49] Android_Adreno4xx, [0000018F3AAA8600][0000018F3A3383C0 49] Android_Adreno5xx_Low, [0000018F3AA5C300][0000018F3A33C680 49] Android_Adreno5xx, [0000018F3AAA9000][0000018F3A340940 49] Android_Adreno6xx, [0000018F3AA5E900][0000018F3A31CBC0 49] Android_Adreno6xx_Vulkan, [0000018F3AAAA000][0000018F3A344E40 49] Android_Mali_T6xx, [0000018F3AA5E300][0000018F3A34D100 49] Android_Mali_T7xx, [0000018F3AAA9F00][0000018F3A3513C0 49] Android_Mali_T8xx, [0000018F3AA5ED00][0000018F3A355680 49] Android_Mali_G71, [0000018F3AA37100][0000018F3A359940 49] Android_Mali_G72, [0000018F3AA86D00][0000018F3A35DC00 49] Android_Mali_G72_Vulkan, [0000018F3AA36B00][0000018F3A360340 49] Android_Mali_G76, [0000018F3AA84500][0000018F3A364600 49] Android_Mali_G76_Vulkan, [0000018F3AA36600][0000018F3A3688C0 49] Android_Mali_G77, [0000018F3AA87F00][0000018F3A36CB80 49] Android_Mali_G77_Vulkan, [0000018F3AA36400][0000018F3A348E00 49] Android_Mali_G78, [0000018F3AA84D00][0000018F3A371080 49] Android_Mali_G78_Vulkan, [0000018F3AA37500][0000018F3A379340 49] Android_Mali_G710, [0000018F3AA86900][0000018F3A37D600 49] Android_Mali_G710_Vulkan, [0000018F3AA37E00][0000018F3A3818C0 49] Android_Vulkan_SM5, [0000018F3AA85800][0000018F3A385B80 49] Android_PowerVR_G6xxx, [0000018F3AA34500][0000018F3A3882C0 49] Android_PowerVR_GT7xxx, [0000018F3AA84200][0000018F3A38C580 49] Android_PowerVR_GE8xxx, [0000018F3AA37B00][0000018F3A390840 49] Android_PowerVR_GM9xxx, [0000018F3AA85F00][0000018F3A394B00 49] Android_PowerVR_GM9xxx_Vulkan, [0000018F3AA35F00][0000018F3A398DC0 49] Android_TegraK1, [0000018F3AA84A00][0000018F3A375040 49] Android_Unknown_Vulkan, [0000018F3AA37900][0000018F3A39D2C0 49] Lumin, [0000018F3AA85200][0000018F3A3A5580 49] Lumin_Desktop, [0000018F3AA35E00][0000018F3A3A9840 49] HoloLens, 
[2022.05.25-20.14.57:825][  0]LogMeshReduction: Using QuadricMeshReduction for automatic static mesh reduction
[2022.05.25-20.14.57:825][  0]LogMeshReduction: Using SimplygonMeshReduction for automatic skeletal mesh reduction
[2022.05.25-20.14.57:825][  0]LogMeshReduction: Using ProxyLODMeshReduction for automatic mesh merging
[2022.05.25-20.14.57:825][  0]LogMeshReduction: No distributed automatic mesh merging module available
[2022.05.25-20.14.57:825][  0]LogMeshMerging: No distributed automatic mesh merging module available
[2022.05.25-20.14.57:927][  0]LogNetVersion: deadInsideTheDungeon 1.0.0, NetCL: 17155196, EngineNetVer: 17, GameNetVer: 0 (Checksum: 3162280402)
[2022.05.25-20.14.58:234][  0]LogTexture: Default maximum texture size for cubemaps generated from long-lat sources has been changed from 512 to unlimited. In order to preserve old behaiour for '/Engine/MapTemplates/Sky/DaylightAmbientCubemap.DaylightAmbientCubemap', its maximum texture size has been explicitly set to 512.
[2022.05.25-20.14.58:292][  0]LogHMD: PokeAHoleMaterial loaded successfully
[2022.05.25-20.14.58:450][  0]LogMoviePlayer: Initializing movie player
[2022.05.25-20.14.58:594][  0]LogNiagaraDebuggerClient: Niagara Debugger Client Initialized | Session: 25437360492234CB9BC0B8AE035F0AD0 | Instance: 5F4E5B4243F9F6AC4E6BEAB0F95E19DA (RZUIETIRBOOK-17744).
[2022.05.25-20.14.58:619][  0]LogCollectionManager: Loaded 0 collections in 0.001598 seconds
[2022.05.25-20.14.58:623][  0]LogFileCache: Scanning file cache for directory 'C:/Users/r.zuietir/Documents/GitHub/deadInsideTheDungeon/deadInsideTheDungeon/Saved/Collections/' took 0.00s
[2022.05.25-20.14.58:623][  0]LogFileCache: Scanning file cache for directory 'C:/Users/r.zuietir/Documents/GitHub/deadInsideTheDungeon/deadInsideTheDungeon/Content/Developers/rzuietir/Collections/' took 0.00s
[2022.05.25-20.14.58:623][  0]LogCollectionManager: Fixed up redirectors for 0 collections in 0.000002 seconds (updated 0 objects)
[2022.05.25-20.14.58:742][  0]LogFileCache: Scanning file cache for directory 'C:/Users/r.zuietir/Documents/GitHub/deadInsideTheDungeon/deadInsideTheDungeon/Content/Collections/' took 0.00s
[2022.05.25-20.14.58:742][  0]LogPython: Using Python 3.7.7
[2022.05.25-20.14.59:167][  0]LogTcpMessaging: Initializing TcpMessaging bridge
[2022.05.25-20.14.59:172][  0]LogUdpMessaging: Initializing bridge on interface 0.0.0.0:0 to multicast group 230.0.0.1:6666.
[2022.05.25-20.14.59:302][  0]SourceControl: Source control is disabled
[2022.05.25-20.14.59:302][  0]SourceControl: Source control is disabled
[2022.05.25-20.14.59:305][  0]SourceControl: Source control is disabled
[2022.05.25-20.14.59:313][  0]LogUProjectInfo: Found projects:
[2022.05.25-20.14.59:324][  0]LogVSAccessor: Display: Unable to create Visual Studio setup instance: 80040154
[2022.05.25-20.14.59:325][  0]LogVSAccessor: Display: Unable to create Visual Studio setup instance: 80040154
[2022.05.25-20.14.59:325][  0]LogVSAccessor: Display: Unable to create Visual Studio setup instance: 80040154
[2022.05.25-20.14.59:423][  0]LogOpenImageDenoise: OIDN starting up
[2022.05.25-20.14.59:473][  0]LogAndroidPermission: UAndroidPermissionCallbackProxy::GetInstance
[2022.05.25-20.14.59:501][  0]LogAudioCaptureCore: Display: No Audio Capture implementations found. Audio input will be silent.
[2022.05.25-20.14.59:501][  0]LogAudioCaptureCore: Display: No Audio Capture implementations found. Audio input will be silent.
[2022.05.25-20.14.59:589][  0]LogOcInput: OculusInput pre-init called
[2022.05.25-20.14.59:596][  0]LogUObjectArray: 22121 objects as part of root set at end of initial load.
[2022.05.25-20.14.59:596][  0]LogUObjectAllocator: 5975632 out of 0 bytes used by permanent object pool.
[2022.05.25-20.14.59:596][  0]LogUObjectArray: CloseDisregardForGC: 0/0 objects in disregard for GC pool
[2022.05.25-20.14.59:643][  0]LogEngine: Initializing Engine...
[2022.05.25-20.14.59:648][  0]LogHMD: Failed to enumerate extensions. Please check that you have a valid OpenXR runtime installed.
[2022.05.25-20.14.59:649][  0]LogHMD: Failed to initialize OpenVR with code 110
[2022.05.25-20.14.59:649][  0]LogMagicLeap: Warning: VR disabled because ZI is not enabled.  To enable, in the editor, Edit -> Project Settings -> Plugins -> Magic Leap Plugin -> Enable Zero Iteration
[2022.05.25-20.14.59:650][  0]LogStats: UGameplayTagsManager::InitializeManager -  0.000 s
[2022.05.25-20.14.59:768][  0]LogInit: Initializing FReadOnlyCVARCache
[2022.05.25-20.14.59:768][  0]LogAudio: Display: Initializing Audio Device Manager...
[2022.05.25-20.14.59:774][  0]LogAudio: Display: Loading Default Audio Settings Objects...
[2022.05.25-20.14.59:775][  0]LogAudio: Display: No default SoundConcurrencyObject specified (or failed to load).
[2022.05.25-20.14.59:776][  0]LogAudio: Display: Audio Device Manager Initialized
[2022.05.25-20.14.59:776][  0]LogAudio: Display: Creating Audio Device:                 Id: 1, Scope: Shared, Realtime: True
[2022.05.25-20.14.59:776][  0]LogAudioMixer: Display: Audio Mixer Platform Settings:
[2022.05.25-20.14.59:776][  0]LogAudioMixer: Display: 	Sample Rate:						  48000
[2022.05.25-20.14.59:776][  0]LogAudioMixer: Display: 	Callback Buffer Frame Size Requested: 1024
[2022.05.25-20.14.59:776][  0]LogAudioMixer: Display: 	Callback Buffer Frame Size To Use:	  1024
[2022.05.25-20.14.59:776][  0]LogAudioMixer: Display: 	Number of buffers to queue:			  2
[2022.05.25-20.14.59:776][  0]LogAudioMixer: Display: 	Max Channels (voices):				  32
[2022.05.25-20.14.59:776][  0]LogAudioMixer: Display: 	Number of Async Source Workers:		  0
[2022.05.25-20.14.59:776][  0]LogAudio: Display: AudioDevice MaxSources: 32
[2022.05.25-20.14.59:777][  0]LogAudio: Display: Audio Spatialization Plugin: None (built-in).
[2022.05.25-20.14.59:777][  0]LogAudio: Display: Audio Reverb Plugin: None (built-in).
[2022.05.25-20.14.59:777][  0]LogAudio: Display: Audio Occlusion Plugin: None (built-in).
[2022.05.25-20.14.59:777][  0]LogAudioMixer: Display: Initializing audio mixer.
[2022.05.25-20.14.59:790][  0]LogAudioMixer: Display: 0: FrontLeft
[2022.05.25-20.14.59:791][  0]LogAudioMixer: Display: 1: FrontRight
[2022.05.25-20.14.59:820][  0]LogAudioMixer: Display: Using Audio Device Speaker (Realtek(R) Audio)
[2022.05.25-20.14.59:826][  0]LogAudioMixer: Display: Initializing Sound Submixes...
[2022.05.25-20.14.59:829][  0]LogAudioMixer: Display: Creating Master Submix 'MasterSubmixDefault'
[2022.05.25-20.14.59:829][  0]LogAudioMixer: Display: Creating Master Submix 'MasterReverbSubmixDefault'
[2022.05.25-20.14.59:830][  0]LogAudioMixer: Display: Creating Master Submix 'MasterEQSubmixDefault'
[2022.05.25-20.14.59:830][  0]LogAudioMixer: FMixerPlatformXAudio2::StartAudioStream() called
[2022.05.25-20.14.59:830][  0]LogAudioMixer: Display: Output buffers initialized: Frames=1024, Channels=2, Samples=2048
[2022.05.25-20.14.59:831][  0]LogAudioMixer: Display: Starting AudioMixerPlatformInterface::RunInternal()
[2022.05.25-20.14.59:831][  0]LogAudioMixer: Display: FMixerPlatformXAudio2::SubmitBuffer() called for the first time
[2022.05.25-20.14.59:831][  0]LogInit: FAudioDevice initialized.
[2022.05.25-20.14.59:833][  0]LogNetVersion: Set ProjectVersion to 1.0.0.0. Version Checksum will be recalculated on next use.
[2022.05.25-20.14.59:834][  0]LogInit: Texture streaming: Enabled
[2022.05.25-20.14.59:924][  0]LogAudio: Display: Audio Device (ID: 1) registered with world 'Untitled'.
[2022.05.25-20.14.59:925][  0]LogSlate: Updating window title bar state: overlay mode, drag disabled, window buttons hidden, title bar hidden
[2022.05.25-20.14.59:925][  0]LogInit: Display: Game Engine Initialized.
[2022.05.25-20.14.59:925][  0]LogNiagaraEditor: GEditor isn't valid! Particle reset commands will not work for Niagara components!
[2022.05.25-20.15.00:050][  0]LogInit: Display: Starting Game.
[2022.05.25-20.15.00:051][  0]LogNet: Browse: /Game/ThirdPersonBP/Maps/Main_menu?Name=Player
[2022.05.25-20.15.00:051][  0]LogLoad: LoadMap: /Game/ThirdPersonBP/Maps/Main_menu?Name=Player
[2022.05.25-20.15.00:051][  0]LogWorld: BeginTearingDown for /Temp/Untitled_0
[2022.05.25-20.15.00:052][  0]LogWorld: UWorld::CleanupWorld for Untitled, bSessionEnded=true, bCleanupResources=true
[2022.05.25-20.15.00:053][  0]LogSlate: InvalidateAllWidgets triggered.  All widgets were invalidated
[2022.05.25-20.15.00:057][  0]LogAudio: Display: Audio Device unregistered from world 'None'.
[2022.05.25-20.15.00:060][  0]LogUObjectHash: Compacting FUObjectHashTables data took   0.58ms
[2022.05.25-20.15.00:200][  0]LogAudio: Display: Audio Device (ID: 1) registered with world 'Main_menu'.
[2022.05.25-20.15.00:210][  0]LogAIModule: Creating AISystem for world Main_menu
[2022.05.25-20.15.00:210][  0]LogLoad: Game class is 'BP_GMB_C'
[2022.05.25-20.15.00:212][  0]LogWorld: Bringing World /Game/ThirdPersonBP/Maps/Main_menu.Main_menu up for play (max tick rate 0) at 2022.05.25-23.15.00
[2022.05.25-20.15.00:212][  0]LogWorld: Bringing up level for play took: 0.000394
[2022.05.25-20.15.00:212][  0]LogGameMode: FindPlayerStart: PATHS NOT DEFINED or NO PLAYERSTART with positive rating
[2022.05.25-20.15.00:215][  0]LogLoad: Took 0.164443 seconds to LoadMap(/Game/ThirdPersonBP/Maps/Main_menu)
[2022.05.25-20.15.00:274][  0]LogSlate: Took 0.000815 seconds to synchronously load lazily loaded font '../../../Engine/Content/Slate/Fonts/Roboto-Regular.ttf' (155K)
[2022.05.25-20.15.00:312][  0]LogRenderer: Reallocating scene render targets to support 1280x720 Format 10 NumSamples 1 (Frame:1).
[2022.05.25-20.15.00:312][  0]LogInit: Display: Engine is initialized. Leaving FEngineLoop::Init()
[2022.05.25-20.15.00:312][  0]LogLoad: (Engine Initialization) Total time: 7.59 seconds
[2022.05.25-20.15.00:312][  0]LogLoad: (Engine Initialization) Total Blueprint compile time: 0.00 seconds
[2022.05.25-20.15.00:315][  0]LogContentStreaming: Texture pool size now 1000 MB
[2022.05.25-20.15.00:320][  0]LogSlate: InvalidateAllWidgets triggered.  All widgets were invalidated
[2022.05.25-20.15.00:566][  1]LogSlate: Took 0.000218 seconds to synchronously load lazily loaded font '../../../Engine/Content/Slate/Fonts/Roboto-Regular.ttf' (155K)
[2022.05.25-20.15.06:583][556]LogRHI: Error: Present Fail Count 1
[2022.05.25-20.15.06:583][556]LogRHI: Error: SyncInterval 0
[2022.05.25-20.15.06:583][556]LogRHI: Error: SwapChainDesc.BufferDesc.Width 1280
[2022.05.25-20.15.06:583][556]LogRHI: Error: SwapChainDesc.BufferDesc.Height 720
[2022.05.25-20.15.06:583][556]LogRHI: Error: SwapChainDesc.BufferDesc.RefreshRate.Numerator 0
[2022.05.25-20.15.06:583][556]LogRHI: Error: SwapChainDesc.BufferDesc.RefreshRate.Denominator 0
[2022.05.25-20.15.06:583][556]LogRHI: Error: SwapChainDesc.BufferDesc.Format 24
[2022.05.25-20.15.06:583][556]LogRHI: Error: SwapChainDesc.BufferDesc.ScanlineOrdering 0
[2022.05.25-20.15.06:583][556]LogRHI: Error: SwapChainDesc.BufferDesc.Scaling 0
[2022.05.25-20.15.06:583][556]LogRHI: Error: SwapChainDesc.SampleDesc.Count 1
[2022.05.25-20.15.06:583][556]LogRHI: Error: SwapChainDesc.SampleDesc.Quality 0
[2022.05.25-20.15.06:583][556]LogRHI: Error: SwapChainDesc.BufferUsage 48
[2022.05.25-20.15.06:583][556]LogRHI: Error: SwapChainDesc.BufferCount 2
[2022.05.25-20.15.06:583][556]LogRHI: Error: SwapChainDesc.OutputWindow 0000000000040ABC
[2022.05.25-20.15.06:583][556]LogRHI: Error: SwapChainDesc.Windowed true
[2022.05.25-20.15.06:583][556]LogRHI: Error: SwapChainDesc.SwapEffect 4
[2022.05.25-20.15.06:583][556]LogRHI: Error: SwapChainDesc.Flags 2050
[2022.05.25-20.15.07:635][594]LogRHI: Error: Present Fail Count 1
[2022.05.25-20.15.07:635][594]LogRHI: Error: SyncInterval 0
[2022.05.25-20.15.07:635][594]LogRHI: Error: SwapChainDesc.BufferDesc.Width 1280
[2022.05.25-20.15.07:635][594]LogRHI: Error: SwapChainDesc.BufferDesc.Height 720
[2022.05.25-20.15.07:635][594]LogRHI: Error: SwapChainDesc.BufferDesc.RefreshRate.Numerator 0
[2022.05.25-20.15.07:635][594]LogRHI: Error: SwapChainDesc.BufferDesc.RefreshRate.Denominator 0
[2022.05.25-20.15.07:635][594]LogRHI: Error: SwapChainDesc.BufferDesc.Format 24
[2022.05.25-20.15.07:635][594]LogRHI: Error: SwapChainDesc.BufferDesc.ScanlineOrdering 0
[2022.05.25-20.15.07:636][594]LogRHI: Error: SwapChainDesc.BufferDesc.Scaling 0
[2022.05.25-20.15.07:636][594]LogRHI: Error: SwapChainDesc.SampleDesc.Count 1
[2022.05.25-20.15.07:636][594]LogRHI: Error: SwapChainDesc.SampleDesc.Quality 0
[2022.05.25-20.15.07:636][594]LogRHI: Error: SwapChainDesc.BufferUsage 48
[2022.05.25-20.15.07:636][594]LogRHI: Error: SwapChainDesc.BufferCount 2
[2022.05.25-20.15.07:636][594]LogRHI: Error: SwapChainDesc.OutputWindow 0000000000040ABC
[2022.05.25-20.15.07:636][594]LogRHI: Error: SwapChainDesc.Windowed true
[2022.05.25-20.15.07:636][594]LogRHI: Error: SwapChainDesc.SwapEffect 4
[2022.05.25-20.15.07:636][594]LogRHI: Error: SwapChainDesc.Flags 2050
[2022.05.25-20.15.07:651][597]LogRHI: Error: Present Fail Count 2
[2022.05.25-20.15.07:651][597]LogRHI: Error: SyncInterval 0
[2022.05.25-20.15.07:651][597]LogRHI: Error: SwapChainDesc.BufferDesc.Width 1280
[2022.05.25-20.15.07:651][597]LogRHI: Error: SwapChainDesc.BufferDesc.Height 720
[2022.05.25-20.15.07:651][597]LogRHI: Error: SwapChainDesc.BufferDesc.RefreshRate.Numerator 0
[2022.05.25-20.15.07:651][597]LogRHI: Error: SwapChainDesc.BufferDesc.RefreshRate.Denominator 0
[2022.05.25-20.15.07:651][597]LogRHI: Error: SwapChainDesc.BufferDesc.Format 24
[2022.05.25-20.15.07:651][597]LogRHI: Error: SwapChainDesc.BufferDesc.ScanlineOrdering 0
[2022.05.25-20.15.07:651][597]LogRHI: Error: SwapChainDesc.BufferDesc.Scaling 0
[2022.05.25-20.15.07:651][597]LogRHI: Error: SwapChainDesc.SampleDesc.Count 1
[2022.05.25-20.15.07:651][597]LogRHI: Error: SwapChainDesc.SampleDesc.Quality 0
[2022.05.25-20.15.07:651][597]LogRHI: Error: SwapChainDesc.BufferUsage 48
[2022.05.25-20.15.07:651][597]LogRHI: Error: SwapChainDesc.BufferCount 2
[2022.05.25-20.15.07:651][597]LogRHI: Error: SwapChainDesc.OutputWindow 0000000000040ABC
[2022.05.25-20.15.07:651][597]LogRHI: Error: SwapChainDesc.Windowed true
[2022.05.25-20.15.07:651][597]LogRHI: Error: SwapChainDesc.SwapEffect 4
[2022.05.25-20.15.07:651][597]LogRHI: Error: SwapChainDesc.Flags 2050
[2022.05.25-20.15.07:667][600]LogRHI: Error: Present Fail Count 3
[2022.05.25-20.15.07:667][600]LogRHI: Error: SyncInterval 0
[2022.05.25-20.15.07:667][600]LogRHI: Error: SwapChainDesc.BufferDesc.Width 1280
[2022.05.25-20.15.07:667][600]LogRHI: Error: SwapChainDesc.BufferDesc.Height 720
[2022.05.25-20.15.07:667][600]LogRHI: Error: SwapChainDesc.BufferDesc.RefreshRate.Numerator 0
[2022.05.25-20.15.07:667][600]LogRHI: Error: SwapChainDesc.BufferDesc.RefreshRate.Denominator 0
[2022.05.25-20.15.07:667][600]LogRHI: Error: SwapChainDesc.BufferDesc.Format 24
[2022.05.25-20.15.07:667][600]LogRHI: Error: SwapChainDesc.BufferDesc.ScanlineOrdering 0
[2022.05.25-20.15.07:667][600]LogRHI: Error: SwapChainDesc.BufferDesc.Scaling 0
[2022.05.25-20.15.07:667][600]LogRHI: Error: SwapChainDesc.SampleDesc.Count 1
[2022.05.25-20.15.07:667][600]LogRHI: Error: SwapChainDesc.SampleDesc.Quality 0
[2022.05.25-20.15.07:668][600]LogRHI: Error: SwapChainDesc.BufferUsage 48
[2022.05.25-20.15.07:668][600]LogRHI: Error: SwapChainDesc.BufferCount 2
[2022.05.25-20.15.07:668][600]LogRHI: Error: SwapChainDesc.OutputWindow 0000000000040ABC
[2022.05.25-20.15.07:668][600]LogRHI: Error: SwapChainDesc.Windowed true
[2022.05.25-20.15.07:668][600]LogRHI: Error: SwapChainDesc.SwapEffect 4
[2022.05.25-20.15.07:668][600]LogRHI: Error: SwapChainDesc.Flags 2050
[2022.05.25-20.15.07:687][604]LogRHI: Error: Present Fail Count 4
[2022.05.25-20.15.07:688][604]LogRHI: Error: SyncInterval 0
[2022.05.25-20.15.07:688][604]LogRHI: Error: SwapChainDesc.BufferDesc.Width 1280
[2022.05.25-20.15.07:688][604]LogRHI: Error: SwapChainDesc.BufferDesc.Height 720
[2022.05.25-20.15.07:688][604]LogRHI: Error: SwapChainDesc.BufferDesc.RefreshRate.Numerator 0
[2022.05.25-20.15.07:688][604]LogRHI: Error: SwapChainDesc.BufferDesc.RefreshRate.Denominator 0
[2022.05.25-20.15.07:688][604]LogRHI: Error: SwapChainDesc.BufferDesc.Format 24
[2022.05.25-20.15.07:688][604]LogRHI: Error: SwapChainDesc.BufferDesc.ScanlineOrdering 0
[2022.05.25-20.15.07:688][604]LogRHI: Error: SwapChainDesc.BufferDesc.Scaling 0
[2022.05.25-20.15.07:688][604]LogRHI: Error: SwapChainDesc.SampleDesc.Count 1
[2022.05.25-20.15.07:688][604]LogRHI: Error: SwapChainDesc.SampleDesc.Quality 0
[2022.05.25-20.15.07:688][604]LogRHI: Error: SwapChainDesc.BufferUsage 48
[2022.05.25-20.15.07:688][604]LogRHI: Error: SwapChainDesc.BufferCount 2
[2022.05.25-20.15.07:688][604]LogRHI: Error: SwapChainDesc.OutputWindow 0000000000040ABC
[2022.05.25-20.15.07:688][604]LogRHI: Error: SwapChainDesc.Windowed true
[2022.05.25-20.15.07:688][604]LogRHI: Error: SwapChainDesc.SwapEffect 4
[2022.05.25-20.15.07:688][604]LogRHI: Error: SwapChainDesc.Flags 2050
[2022.05.25-20.15.07:847][607]LogRHI: Error: Present Fail Count 5
[2022.05.25-20.15.07:847][607]LogRHI: Error: SyncInterval 0
[2022.05.25-20.15.07:847][607]LogRHI: Error: SwapChainDesc.BufferDesc.Width 1280
[2022.05.25-20.15.07:847][607]LogRHI: Error: SwapChainDesc.BufferDesc.Height 720
[2022.05.25-20.15.07:847][607]LogRHI: Error: SwapChainDesc.BufferDesc.RefreshRate.Numerator 0
[2022.05.25-20.15.07:847][607]LogRHI: Error: SwapChainDesc.BufferDesc.RefreshRate.Denominator 0
[2022.05.25-20.15.07:847][607]LogRHI: Error: SwapChainDesc.BufferDesc.Format 24
[2022.05.25-20.15.07:847][607]LogRHI: Error: SwapChainDesc.BufferDesc.ScanlineOrdering 0
[2022.05.25-20.15.07:847][607]LogRHI: Error: SwapChainDesc.BufferDesc.Scaling 0
[2022.05.25-20.15.07:847][607]LogRHI: Error: SwapChainDesc.SampleDesc.Count 1
[2022.05.25-20.15.07:847][607]LogRHI: Error: SwapChainDesc.SampleDesc.Quality 0
[2022.05.25-20.15.07:847][607]LogRHI: Error: SwapChainDesc.BufferUsage 48
[2022.05.25-20.15.07:847][607]LogRHI: Error: SwapChainDesc.BufferCount 2
[2022.05.25-20.15.07:847][607]LogRHI: Error: SwapChainDesc.OutputWindow 0000000000040ABC
[2022.05.25-20.15.07:847][607]LogRHI: Error: SwapChainDesc.Windowed true
[2022.05.25-20.15.07:847][607]LogRHI: Error: SwapChainDesc.SwapEffect 4
[2022.05.25-20.15.07:847][607]LogRHI: Error: SwapChainDesc.Flags 2050
[2022.05.25-20.15.07:880][610]LogRHI: Error: Present Fail Count 6
[2022.05.25-20.15.07:880][610]LogRHI: Error: SyncInterval 0
[2022.05.25-20.15.07:880][610]LogRHI: Error: SwapChainDesc.BufferDesc.Width 1280
[2022.05.25-20.15.07:880][610]LogRHI: Error: SwapChainDesc.BufferDesc.Height 720
[2022.05.25-20.15.07:880][610]LogRHI: Error: SwapChainDesc.BufferDesc.RefreshRate.Numerator 0
[2022.05.25-20.15.07:880][610]LogRHI: Error: SwapChainDesc.BufferDesc.RefreshRate.Denominator 0
[2022.05.25-20.15.07:880][610]LogRHI: Error: SwapChainDesc.BufferDesc.Format 24
[2022.05.25-20.15.07:880][610]LogRHI: Error: SwapChainDesc.BufferDesc.ScanlineOrdering 0
[2022.05.25-20.15.07:880][610]LogRHI: Error: SwapChainDesc.BufferDesc.Scaling 0
[2022.05.25-20.15.07:880][610]LogRHI: Error: SwapChainDesc.SampleDesc.Count 1
[2022.05.25-20.15.07:880][610]LogRHI: Error: SwapChainDesc.SampleDesc.Quality 0
[2022.05.25-20.15.07:880][610]LogRHI: Error: SwapChainDesc.BufferUsage 48
[2022.05.25-20.15.07:880][610]LogRHI: Error: SwapChainDesc.BufferCount 2
[2022.05.25-20.15.07:880][610]LogRHI: Error: SwapChainDesc.OutputWindow 0000000000040ABC
[2022.05.25-20.15.07:880][610]LogRHI: Error: SwapChainDesc.Windowed true
[2022.05.25-20.15.07:880][610]LogRHI: Error: SwapChainDesc.SwapEffect 4
[2022.05.25-20.15.07:880][610]LogRHI: Error: SwapChainDesc.Flags 2050
[2022.05.25-20.15.07:900][614]LogRHI: Error: Present Fail Count 7
[2022.05.25-20.15.07:900][614]LogRHI: Error: SyncInterval 0
[2022.05.25-20.15.07:900][614]LogRHI: Error: SwapChainDesc.BufferDesc.Width 1280
[2022.05.25-20.15.07:900][614]LogRHI: Error: SwapChainDesc.BufferDesc.Height 720
[2022.05.25-20.15.07:900][614]LogRHI: Error: SwapChainDesc.BufferDesc.RefreshRate.Numerator 0
[2022.05.25-20.15.07:900][614]LogRHI: Error: SwapChainDesc.BufferDesc.RefreshRate.Denominator 0
[2022.05.25-20.15.07:900][614]LogRHI: Error: SwapChainDesc.BufferDesc.Format 24
[2022.05.25-20.15.07:900][614]LogRHI: Error: SwapChainDesc.BufferDesc.ScanlineOrdering 0
[2022.05.25-20.15.07:900][614]LogRHI: Error: SwapChainDesc.BufferDesc.Scaling 0
[2022.05.25-20.15.07:900][614]LogRHI: Error: SwapChainDesc.SampleDesc.Count 1
[2022.05.25-20.15.07:900][614]LogRHI: Error: SwapChainDesc.SampleDesc.Quality 0
[2022.05.25-20.15.07:900][614]LogRHI: Error: SwapChainDesc.BufferUsage 48
[2022.05.25-20.15.07:900][614]LogRHI: Error: SwapChainDesc.BufferCount 2
[2022.05.25-20.15.07:900][614]LogRHI: Error: SwapChainDesc.OutputWindow 0000000000040ABC
[2022.05.25-20.15.07:900][614]LogRHI: Error: SwapChainDesc.Windowed true
[2022.05.25-20.15.07:900][614]LogRHI: Error: SwapChainDesc.SwapEffect 4
[2022.05.25-20.15.07:901][614]LogRHI: Error: SwapChainDesc.Flags 2050
[2022.05.25-20.15.07:920][618]LogRHI: Error: Present Fail Count 8
[2022.05.25-20.15.07:920][618]LogRHI: Error: SyncInterval 0
[2022.05.25-20.15.07:920][618]LogRHI: Error: SwapChainDesc.BufferDesc.Width 1280
[2022.05.25-20.15.07:920][618]LogRHI: Error: SwapChainDesc.BufferDesc.Height 720
[2022.05.25-20.15.07:920][618]LogRHI: Error: SwapChainDesc.BufferDesc.RefreshRate.Numerator 0
[2022.05.25-20.15.07:920][618]LogRHI: Error: SwapChainDesc.BufferDesc.RefreshRate.Denominator 0
[2022.05.25-20.15.07:920][618]LogRHI: Error: SwapChainDesc.BufferDesc.Format 24
[2022.05.25-20.15.07:920][618]LogRHI: Error: SwapChainDesc.BufferDesc.ScanlineOrdering 0
[2022.05.25-20.15.07:920][618]LogRHI: Error: SwapChainDesc.BufferDesc.Scaling 0
[2022.05.25-20.15.07:920][618]LogRHI: Error: SwapChainDesc.SampleDesc.Count 1
[2022.05.25-20.15.07:920][618]LogRHI: Error: SwapChainDesc.SampleDesc.Quality 0
[2022.05.25-20.15.07:920][618]LogRHI: Error: SwapChainDesc.BufferUsage 48
[2022.05.25-20.15.07:920][618]LogRHI: Error: SwapChainDesc.BufferCount 2
[2022.05.25-20.15.07:920][618]LogRHI: Error: SwapChainDesc.OutputWindow 0000000000040ABC
[2022.05.25-20.15.07:920][618]LogRHI: Error: SwapChainDesc.Windowed true
[2022.05.25-20.15.07:920][618]LogRHI: Error: SwapChainDesc.SwapEffect 4
[2022.05.25-20.15.07:920][618]LogRHI: Error: SwapChainDesc.Flags 2050
[2022.05.25-20.15.07:946][621]LogRHI: Error: Present Fail Count 9
[2022.05.25-20.15.07:946][621]LogRHI: Error: SyncInterval 0
[2022.05.25-20.15.07:946][621]LogRHI: Error: SwapChainDesc.BufferDesc.Width 1280
[2022.05.25-20.15.07:946][621]LogRHI: Error: SwapChainDesc.BufferDesc.Height 720
[2022.05.25-20.15.07:946][621]LogRHI: Error: SwapChainDesc.BufferDesc.RefreshRate.Numerator 0
[2022.05.25-20.15.07:946][621]LogRHI: Error: SwapChainDesc.BufferDesc.RefreshRate.Denominator 0
[2022.05.25-20.15.07:946][621]LogRHI: Error: SwapChainDesc.BufferDesc.Format 24
[2022.05.25-20.15.07:946][621]LogRHI: Error: SwapChainDesc.BufferDesc.ScanlineOrdering 0
[2022.05.25-20.15.07:946][621]LogRHI: Error: SwapChainDesc.BufferDesc.Scaling 0
[2022.05.25-20.15.07:946][621]LogRHI: Error: SwapChainDesc.SampleDesc.Count 1
[2022.05.25-20.15.07:946][621]LogRHI: Error: SwapChainDesc.SampleDesc.Quality 0
[2022.05.25-20.15.07:946][621]LogRHI: Error: SwapChainDesc.BufferUsage 48
[2022.05.25-20.15.07:946][621]LogRHI: Error: SwapChainDesc.BufferCount 2
[2022.05.25-20.15.07:946][621]LogRHI: Error: SwapChainDesc.OutputWindow 0000000000040ABC
[2022.05.25-20.15.07:946][621]LogRHI: Error: SwapChainDesc.Windowed true
[2022.05.25-20.15.07:946][621]LogRHI: Error: SwapChainDesc.SwapEffect 4
[2022.05.25-20.15.07:946][621]LogRHI: Error: SwapChainDesc.Flags 2050
[2022.05.25-20.15.07:970][624]LogRHI: Error: Present Fail Count 10
[2022.05.25-20.15.07:970][624]LogRHI: Error: SyncInterval 0
[2022.05.25-20.15.07:970][624]LogRHI: Error: SwapChainDesc.BufferDesc.Width 1280
[2022.05.25-20.15.07:970][624]LogRHI: Error: SwapChainDesc.BufferDesc.Height 720
[2022.05.25-20.15.07:970][624]LogRHI: Error: SwapChainDesc.BufferDesc.RefreshRate.Numerator 0
[2022.05.25-20.15.07:970][624]LogRHI: Error: SwapChainDesc.BufferDesc.RefreshRate.Denominator 0
[2022.05.25-20.15.07:970][624]LogRHI: Error: SwapChainDesc.BufferDesc.Format 24
[2022.05.25-20.15.07:970][624]LogRHI: Error: SwapChainDesc.BufferDesc.ScanlineOrdering 0
[2022.05.25-20.15.07:970][624]LogRHI: Error: SwapChainDesc.BufferDesc.Scaling 0
[2022.05.25-20.15.07:970][624]LogRHI: Error: SwapChainDesc.SampleDesc.Count 1
[2022.05.25-20.15.07:970][624]LogRHI: Error: SwapChainDesc.SampleDesc.Quality 0
[2022.05.25-20.15.07:970][624]LogRHI: Error: SwapChainDesc.BufferUsage 48
[2022.05.25-20.15.07:970][624]LogRHI: Error: SwapChainDesc.BufferCount 2
[2022.05.25-20.15.07:970][624]LogRHI: Error: SwapChainDesc.OutputWindow 0000000000040ABC
[2022.05.25-20.15.07:970][624]LogRHI: Error: SwapChainDesc.Windowed true
[2022.05.25-20.15.07:970][624]LogRHI: Error: SwapChainDesc.SwapEffect 4
[2022.05.25-20.15.07:970][624]LogRHI: Error: SwapChainDesc.Flags 2050
[2022.05.25-20.15.07:987][628]LogRHI: Error: Present Fail Count 11
[2022.05.25-20.15.07:987][628]LogRHI: Error: SyncInterval 0
[2022.05.25-20.15.07:987][628]LogRHI: Error: SwapChainDesc.BufferDesc.Width 1280
[2022.05.25-20.15.07:987][628]LogRHI: Error: SwapChainDesc.BufferDesc.Height 720
[2022.05.25-20.15.07:987][628]LogRHI: Error: SwapChainDesc.BufferDesc.RefreshRate.Numerator 0
[2022.05.25-20.15.07:987][628]LogRHI: Error: SwapChainDesc.BufferDesc.RefreshRate.Denominator 0
[2022.05.25-20.15.07:987][628]LogRHI: Error: SwapChainDesc.BufferDesc.Format 24
[2022.05.25-20.15.07:987][628]LogRHI: Error: SwapChainDesc.BufferDesc.ScanlineOrdering 0
[2022.05.25-20.15.07:987][628]LogRHI: Error: SwapChainDesc.BufferDesc.Scaling 0
[2022.05.25-20.15.07:987][628]LogRHI: Error: SwapChainDesc.SampleDesc.Count 1
[2022.05.25-20.15.07:987][628]LogRHI: Error: SwapChainDesc.SampleDesc.Quality 0
[2022.05.25-20.15.07:987][628]LogRHI: Error: SwapChainDesc.BufferUsage 48
[2022.05.25-20.15.07:987][628]LogRHI: Error: SwapChainDesc.BufferCount 2
[2022.05.25-20.15.07:987][628]LogRHI: Error: SwapChainDesc.OutputWindow 0000000000040ABC
[2022.05.25-20.15.07:987][628]LogRHI: Error: SwapChainDesc.Windowed true
[2022.05.25-20.15.07:987][628]LogRHI: Error: SwapChainDesc.SwapEffect 4
[2022.05.25-20.15.07:987][628]LogRHI: Error: SwapChainDesc.Flags 2050
[2022.05.25-20.15.07:989][628]LogD3D11RHI: Error: Result failed 
 at D:/Build/++UE4/Sync/Engine/Source/Runtime/Windows/D3D11RHI/Private/D3D11Viewport.cpp:443 
 with error DXGI_ERROR_DEVICE_REMOVED 00000000
[2022.05.25-20.15.07:989][628]LogD3D11RHI: [Aftermath] GDynamicRHI=0000018F170D9400, GDX11NVAfterMathEnabled=0, Result=0xFFFFFFFF, bDeviceActive=0
[2022.05.25-20.15.07:989][628]LogWindows: Windows GetLastError: Операция успешно завершена. (0)
[2022.05.25-20.15.10:010][628]LogWindows: FPlatformMisc::RequestExit(0)
[2022.05.25-20.15.10:010][628]LogWindows: FPlatformMisc::RequestExitWithStatus(0, 0)
[2022.05.25-20.15.10:010][628]LogCore: Engine exit requested (reason: Win RequestExit)
[2022.05.25-20.15.10:010][628]LogWindows: FPlatformMisc::RequestExit(1)
[2022.05.25-20.15.10:010][628]LogWindows: FPlatformMisc::RequestExitWithStatus(1, 3)
[2022.05.25-20.15.10:010][628]LogCore: Engine exit requested (reason: Win RequestExit; note: exit was already requested)
[2022.05.25-20.15.10:019][628]Log file closed, 05/25/22 23:15:10
