Log file open, 05/25/22 23:24:06
LogWindows: Failed to load 'aqProf.dll' (GetLastError=126)
LogWindows: File 'aqProf.dll' does not exist
LogWindows: Failed to load 'VtuneApi.dll' (GetLastError=126)
LogWindows: File 'VtuneApi.dll' does not exist
LogWindows: Failed to load 'VtuneApi32e.dll' (GetLastError=126)
LogWindows: File 'VtuneApi32e.dll' does not exist
LogConsoleResponse: Display: Failed to find resolution value strings in scalability ini. Falling back to default.
LogConsoleResponse: Display: Failed to find resolution value strings in scalability ini. Falling back to default.
LogInit: Display: Running engine for game: deadInsideTheDungeon
LogPlatformFile: Not using cached read wrapper
LogTaskGraph: Started task graph with 5 named threads and 23 total threads with 3 sets of task threads.
LogStats: Stats thread started at 0.315670
LogICUInternationalization: ICU TimeZone Detection - Raw Offset: +2:00, Platform Override: ''
LogInit: Display: Loading text-based GConfig....
LogPluginManager: Mounting plugin MeshPainting
LogPluginManager: Mounting plugin XGEController
LogPluginManager: Mounting plugin LightPropagationVolume
LogPluginManager: Mounting plugin AISupport
LogPluginManager: Mounting plugin Paper2D
LogPluginManager: Mounting plugin LiveLink
LogPluginManager: Mounting plugin EnvironmentQueryEditor
LogPluginManager: Mounting plugin CameraShakePreviewer
LogPluginManager: Mounting plugin OodleData
LogPluginManager: Mounting plugin OodleNetwork
LogPluginManager: Mounting plugin AnimationSharing
LogPluginManager: Mounting plugin CodeLiteSourceCodeAccess
LogPluginManager: Mounting plugin CLionSourceCodeAccess
LogPluginManager: Mounting plugin GitSourceControl
LogPluginManager: Mounting plugin KDevelopSourceCodeAccess
LogPluginManager: Mounting plugin NullSourceCodeAccess
LogPluginManager: Mounting plugin PerforceSourceControl
LogPluginManager: Mounting plugin PluginUtils
LogPluginManager: Mounting plugin PixWinPlugin
LogPluginManager: Mounting plugin PlasticSourceControl
LogPluginManager: Mounting plugin PropertyAccessNode
LogPluginManager: Mounting plugin RiderSourceCodeAccess
LogPluginManager: Mounting plugin SubversionSourceControl
LogPluginManager: Mounting plugin TextureFormatOodle
LogPluginManager: Mounting plugin UObjectPlugin
LogPluginManager: Mounting plugin VisualStudioSourceCodeAccess
LogPluginManager: Mounting plugin XCodeSourceCodeAccess
LogPluginManager: Mounting plugin VisualStudioCodeSourceCodeAccess
LogPluginManager: Mounting plugin AssetManagerEditor
LogPluginManager: Mounting plugin CryptoKeys
LogPluginManager: Mounting plugin CurveEditorTools
LogPluginManager: Mounting plugin DataValidation
LogPluginManager: Mounting plugin FacialAnimation
LogPluginManager: Mounting plugin GameplayTagsEditor
LogPluginManager: Mounting plugin DatasmithContent
LogPluginManager: Mounting plugin GeometryMode
LogPluginManager: Mounting plugin MacGraphicsSwitching
LogPluginManager: Mounting plugin MaterialAnalyzer
LogPluginManager: Mounting plugin MobileLauncherProfileWizard
LogPluginManager: Mounting plugin PluginBrowser
LogPluginManager: Mounting plugin VariantManagerContent
LogPluginManager: Mounting plugin SpeedTreeImporter
LogPluginManager: Mounting plugin AlembicImporter
LogPluginManager: Mounting plugin AutomationUtils
LogPluginManager: Mounting plugin BackChannel
LogPluginManager: Mounting plugin ChaosClothEditor
LogPluginManager: Mounting plugin ChaosCloth
LogPluginManager: Mounting plugin ChaosEditor
LogPluginManager: Mounting plugin ChaosNiagara
LogPluginManager: Mounting plugin ChaosSolverPlugin
LogPluginManager: Mounting plugin CharacterAI
LogPluginManager: Mounting plugin Niagara
LogPluginManager: Mounting plugin LuminPlatformFeatures
LogPluginManager: Mounting plugin MagicLeap
LogPluginManager: Mounting plugin MagicLeapLightEstimation
LogPluginManager: Mounting plugin MagicLeapMedia
LogPluginManager: Mounting plugin MagicLeapPassableWorld
LogPluginManager: Mounting plugin MLSDK
LogPluginManager: Mounting plugin GeometryCache
LogPluginManager: Mounting plugin GeometryCollectionPlugin
LogPluginManager: Mounting plugin GeometryProcessing
LogPluginManager: Mounting plugin MotoSynth
LogPluginManager: Mounting plugin OpenImageDenoise
LogPluginManager: Mounting plugin PlatformCrypto
LogPluginManager: Mounting plugin PlanarCut
LogPluginManager: Mounting plugin ProxyLODPlugin
LogPluginManager: Mounting plugin PythonScriptPlugin
LogPluginManager: Mounting plugin AndroidMedia
LogPluginManager: Mounting plugin AvfMedia
LogPluginManager: Mounting plugin ImgMedia
LogPluginManager: Mounting plugin SkeletalReduction
LogPluginManager: Mounting plugin MediaCompositing
LogPluginManager: Mounting plugin MediaPlayerEditor
LogPluginManager: Mounting plugin WebMMedia
LogPluginManager: Mounting plugin WmfMedia
LogPluginManager: Mounting plugin TcpMessaging
LogPluginManager: Mounting plugin UdpMessaging
LogPluginManager: Mounting plugin ActorSequence
LogPluginManager: Mounting plugin MatineeToLevelSequence
LogPluginManager: Mounting plugin LevelSequenceEditor
LogPluginManager: Mounting plugin TemplateSequence
LogPluginManager: Mounting plugin LauncherChunkInstaller
LogPluginManager: Mounting plugin OnlineSubsystem
LogPluginManager: Mounting plugin OnlineSubsystemNull
LogPluginManager: Mounting plugin OnlineSubsystemUtils
LogPluginManager: Mounting plugin ActorLayerUtilities
LogPluginManager: Mounting plugin AndroidMoviePlayer
LogPluginManager: Mounting plugin AppleImageUtils
LogPluginManager: Mounting plugin AppleMoviePlayer
LogPluginManager: Mounting plugin ArchVisCharacter
LogPluginManager: Mounting plugin AssetTags
LogPluginManager: Mounting plugin AudioCapture
LogPluginManager: Mounting plugin CableComponent
LogPluginManager: Mounting plugin AudioSynesthesia
LogPluginManager: Mounting plugin ChunkDownloader
LogPluginManager: Mounting plugin AndroidDeviceProfileSelector
LogPluginManager: Mounting plugin CustomMeshComponent
LogPluginManager: Mounting plugin EditableMesh
LogPluginManager: Mounting plugin ExampleDeviceProfileSelector
LogPluginManager: Mounting plugin AndroidPermission
LogPluginManager: Mounting plugin GoogleCloudMessaging
LogPluginManager: Mounting plugin GooglePAD
LogPluginManager: Mounting plugin IOSDeviceProfileSelector
LogPluginManager: Mounting plugin LinuxDeviceProfileSelector
LogPluginManager: Mounting plugin LocationServicesBPLibrary
LogPluginManager: Mounting plugin MobilePatchingUtils
LogPluginManager: Mounting plugin OpenXREyeTracker
LogPluginManager: Mounting plugin OpenXR
LogPluginManager: Mounting plugin ScreenshotTools
LogPluginManager: Mounting plugin OpenXRHandTracking
LogPluginManager: Mounting plugin PhysXVehicles
LogPluginManager: Mounting plugin PostSplashScreen
LogPluginManager: Mounting plugin ProceduralMeshComponent
LogPluginManager: Mounting plugin PropertyAccessEditor
LogPluginManager: Mounting plugin SignificanceManager
LogPluginManager: Mounting plugin RuntimePhysXCooking
LogPluginManager: Mounting plugin SoundFields
LogPluginManager: Mounting plugin Synthesis
LogPluginManager: Mounting plugin Takes
LogPluginManager: Mounting plugin WebMMoviePlayer
LogPluginManager: Mounting plugin WindowsMoviePlayer
LogPluginManager: Mounting plugin GameplayCameras
LogPluginManager: Mounting plugin ContentBrowserAssetDataSource
LogPluginManager: Mounting plugin ContentBrowserClassDataSource
LogPluginManager: Mounting plugin ContentBrowserFileDataSource
LogPluginManager: Mounting plugin OnlineSubsystemGooglePlay
LogPluginManager: Mounting plugin OnlineSubsystemIOS
LogPluginManager: Mounting plugin OculusVR
LogPluginManager: Mounting plugin SteamVR
PixWinPlugin: PIX capture plugin failed to initialize! Check that the process is launched from PIX.
LogInit: Using libcurl 7.55.1-DEV
LogInit:  - built for x86_64-pc-win32
LogInit:  - supports SSL with OpenSSL/1.1.1
LogInit:  - supports HTTP deflate (compression) using libz 1.2.8
LogInit:  - other features:
LogInit:      CURL_VERSION_SSL
LogInit:      CURL_VERSION_LIBZ
LogInit:      CURL_VERSION_IPV6
LogInit:      CURL_VERSION_ASYNCHDNS
LogInit:      CURL_VERSION_LARGEFILE
LogInit:      CURL_VERSION_IDN
LogInit:  CurlRequestOptions (configurable via config and command line):
LogInit:  - bVerifyPeer = true  - Libcurl will verify peer certificate
LogInit:  - bUseHttpProxy = false  - Libcurl will NOT use HTTP proxy
LogInit:  - bDontReuseConnections = false  - Libcurl will reuse connections
LogInit:  - MaxHostConnections = 16  - Libcurl will limit the number of connections to a host
LogInit:  - LocalHostAddr = Default
LogInit:  - BufferSize = 65536
LogOnline: OSS: Creating online subsystem instance for: NULL
LogInit: WinSock: version 1.1 (2.2), MaxSocks=32767, MaxUdp=65467
LogOnline: OSS: TryLoadSubsystemAndSetDefault: Loaded subsystem for module [NULL]
LogOculusPluginWrapper: OculusPlugin initialized successfully
LogHMD: Failed initializing OVRPlugin 1.59.0
LogInit: Build: ++UE4+Release-4.27-CL-18319896
LogInit: Engine Version: 4.27.2-18319896+++UE4+Release-4.27
LogInit: Compatible Engine Version: 4.27.0-17155196+++UE4+Release-4.27
LogInit: Net CL: 17155196
LogInit: OS: Windows 10 (Release 2009) (), CPU: 11th Gen Intel(R) Core(TM) i5-1135G7 @ 2.40GHz, GPU: Intel(R) Iris(R) Xe Graphics
LogInit: Compiled (64-bit): Nov 30 2021 07:12:08
LogInit: Compiled with Visual C++: 19.24.28315.00
LogInit: Build Configuration: Development
LogInit: Branch Name: ++UE4+Release-4.27
LogInit: Command Line:  /Game/ThirdPersonBP/Maps/ThirdPersonExampleMap -game -PIEVIACONSOLE -Multiprocess GameUserSettingsINI=C:/Users/r.zuietir/Documents/GitHub/deadInsideTheDungeon/deadInsideTheDungeon/Saved/Config/Windows/PIEGameUserSettings0.ini -MultiprocessSaveConfig -forcepassthrough -messaging -SessionName="Play in Standalone Game" -windowed -ResX=1280 -ResY=720
LogInit: Base Directory: C:/Program Files/Epic Games/UE_4.27/Engine/Binaries/Win64/
LogInit: Allocator: TBB
LogInit: Installed Engine Build: 1
LogDevObjectVersion: Number of dev versions registered: 29
LogDevObjectVersion:   Dev-Blueprints (B0D832E4-1F89-4F0D-ACCF-7EB736FD4AA2): 10
LogDevObjectVersion:   Dev-Build (E1C64328-A22C-4D53-A36C-8E866417BD8C): 0
LogDevObjectVersion:   Dev-Core (375EC13C-06E4-48FB-B500-84F0262A717E): 4
LogDevObjectVersion:   Dev-Editor (E4B068ED-F494-42E9-A231-DA0B2E46BB41): 40
LogDevObjectVersion:   Dev-Framework (CFFC743F-43B0-4480-9391-14DF171D2073): 37
LogDevObjectVersion:   Dev-Mobile (B02B49B5-BB20-44E9-A304-32B752E40360): 3
LogDevObjectVersion:   Dev-Networking (A4E4105C-59A1-49B5-A7C5-40C4547EDFEE): 0
LogDevObjectVersion:   Dev-Online (39C831C9-5AE6-47DC-9A44-9C173E1C8E7C): 0
LogDevObjectVersion:   Dev-Physics (78F01B33-EBEA-4F98-B9B4-84EACCB95AA2): 14
LogDevObjectVersion:   Dev-Platform (6631380F-2D4D-43E0-8009-CF276956A95A): 0
LogDevObjectVersion:   Dev-Rendering (12F88B9F-8875-4AFC-A67C-D90C383ABD29): 45
LogDevObjectVersion:   Dev-Sequencer (7B5AE74C-D270-4C10-A958-57980B212A5A): 13
LogDevObjectVersion:   Dev-VR (D7296918-1DD6-4BDD-9DE2-64A83CC13884): 3
LogDevObjectVersion:   Dev-LoadTimes (C2A15278-BFE7-4AFE-6C17-90FF531DF755): 1
LogDevObjectVersion:   Private-Geometry (6EACA3D4-40EC-4CC1-B786-8BED09428FC5): 3
LogDevObjectVersion:   Dev-AnimPhys (29E575DD-E0A3-4627-9D10-D276232CDCEA): 17
LogDevObjectVersion:   Dev-Anim (AF43A65D-7FD3-4947-9873-3E8ED9C1BB05): 15
LogDevObjectVersion:   Dev-ReflectionCapture (6B266CEC-1EC7-4B8F-A30B-E4D90942FC07): 1
LogDevObjectVersion:   Dev-Automation (0DF73D61-A23F-47EA-B727-89E90C41499A): 1
LogDevObjectVersion:   FortniteMain (601D1886-AC64-4F84-AA16-D3DE0DEAC7D6): 47
LogDevObjectVersion:   FortniteRelease (E7086368-6B23-4C58-8439-1B7016265E91): 1
LogDevObjectVersion:   Dev-Enterprise (9DFFBCD6-494F-0158-E221-12823C92A888): 10
LogDevObjectVersion:   Dev-Niagara (F2AED0AC-9AFE-416F-8664-AA7FFA26D6FC): 1
LogDevObjectVersion:   Dev-Destruction (174F1F0B-B4C6-45A5-B13F-2EE8D0FB917D): 10
LogDevObjectVersion:   Dev-Physics-Ext (35F94A83-E258-406C-A318-09F59610247C): 41
LogDevObjectVersion:   Dev-PhysicsMaterial-Chaos (B68FC16E-8B1B-42E2-B453-215C058844FE): 1
LogDevObjectVersion:   Dev-CineCamera (B2E18506-4273-CFC2-A54E-F4BB758BBA07): 1
LogDevObjectVersion:   Dev-VirtualProduction (64F58936-FD1B-42BA-BA96-7289D5D0FA4E): 1
LogDevObjectVersion:   Dev-MediaFramework (6F0ED827-A609-4895-9C91-998D90180EA4): 2
LogInit: Presizing for max 25165824 objects, including 0 objects not considered by GC, pre-allocating 0 bytes for permanent pool.
LogConfig: Applying CVar settings from Section [/Script/Engine.StreamingSettings] File [C:/Users/r.zuietir/Documents/GitHub/deadInsideTheDungeon/deadInsideTheDungeon/Saved/Config/Windows/Engine.ini]
LogConfig: Setting CVar [[s.MinBulkDataSizeForAsyncLoading:131072]]
LogConfig: Setting CVar [[s.AsyncLoadingThreadEnabled:0]]
LogConfig: Setting CVar [[s.EventDrivenLoaderEnabled:1]]
LogConfig: Setting CVar [[s.WarnIfTimeLimitExceeded:0]]
LogConfig: Setting CVar [[s.TimeLimitExceededMultiplier:1.5]]
LogConfig: Setting CVar [[s.TimeLimitExceededMinTime:0.005]]
LogConfig: Setting CVar [[s.UseBackgroundLevelStreaming:1]]
LogConfig: Setting CVar [[s.PriorityAsyncLoadingExtraTime:15.0]]
LogConfig: Setting CVar [[s.LevelStreamingActorsUpdateTimeLimit:5.0]]
LogConfig: Setting CVar [[s.PriorityLevelStreamingActorsUpdateExtraTime:5.0]]
LogConfig: Setting CVar [[s.LevelStreamingComponentsRegistrationGranularity:10]]
LogConfig: Setting CVar [[s.UnregisterComponentsTimeLimit:1.0]]
LogConfig: Setting CVar [[s.LevelStreamingComponentsUnregistrationGranularity:5]]
LogConfig: Setting CVar [[s.FlushStreamingOnExit:1]]
LogInit: Object subsystem initialized
LogConfig: Setting CVar [[con.DebugEarlyDefault:1]]
LogConfig: Setting CVar [[r.setres:1280x720]]
[2022.05.25-20.24.07:498][  0]LogConfig: Setting CVar [[con.DebugEarlyDefault:1]]
[2022.05.25-20.24.07:498][  0]LogConfig: Setting CVar [[r.setres:1280x720]]
[2022.05.25-20.24.07:498][  0]LogConfig: Applying CVar settings from Section [/Script/Engine.RendererSettings] File [C:/Users/r.zuietir/Documents/GitHub/deadInsideTheDungeon/deadInsideTheDungeon/Saved/Config/Windows/Engine.ini]
[2022.05.25-20.24.07:498][  0]LogConfig: Setting CVar [[r.GPUCrashDebugging:0]]
[2022.05.25-20.24.07:499][  0]LogConfig: Applying CVar settings from Section [/Script/Engine.RendererOverrideSettings] File [C:/Users/r.zuietir/Documents/GitHub/deadInsideTheDungeon/deadInsideTheDungeon/Saved/Config/Windows/Engine.ini]
[2022.05.25-20.24.07:499][  0]LogConfig: Applying CVar settings from Section [/Script/Engine.StreamingSettings] File [C:/Users/r.zuietir/Documents/GitHub/deadInsideTheDungeon/deadInsideTheDungeon/Saved/Config/Windows/Engine.ini]
[2022.05.25-20.24.07:499][  0]LogConfig: Setting CVar [[s.MinBulkDataSizeForAsyncLoading:131072]]
[2022.05.25-20.24.07:499][  0]LogConfig: Setting CVar [[s.AsyncLoadingThreadEnabled:0]]
[2022.05.25-20.24.07:499][  0]LogConfig: Setting CVar [[s.EventDrivenLoaderEnabled:1]]
[2022.05.25-20.24.07:499][  0]LogConfig: Setting CVar [[s.WarnIfTimeLimitExceeded:0]]
[2022.05.25-20.24.07:499][  0]LogConfig: Setting CVar [[s.TimeLimitExceededMultiplier:1.5]]
[2022.05.25-20.24.07:499][  0]LogConfig: Setting CVar [[s.TimeLimitExceededMinTime:0.005]]
[2022.05.25-20.24.07:499][  0]LogConfig: Setting CVar [[s.UseBackgroundLevelStreaming:1]]
[2022.05.25-20.24.07:499][  0]LogConfig: Setting CVar [[s.PriorityAsyncLoadingExtraTime:15.0]]
[2022.05.25-20.24.07:499][  0]LogConfig: Setting CVar [[s.LevelStreamingActorsUpdateTimeLimit:5.0]]
[2022.05.25-20.24.07:499][  0]LogConfig: Setting CVar [[s.PriorityLevelStreamingActorsUpdateExtraTime:5.0]]
[2022.05.25-20.24.07:499][  0]LogConfig: Setting CVar [[s.LevelStreamingComponentsRegistrationGranularity:10]]
[2022.05.25-20.24.07:499][  0]LogConfig: Setting CVar [[s.UnregisterComponentsTimeLimit:1.0]]
[2022.05.25-20.24.07:499][  0]LogConfig: Setting CVar [[s.LevelStreamingComponentsUnregistrationGranularity:5]]
[2022.05.25-20.24.07:499][  0]LogConfig: Setting CVar [[s.FlushStreamingOnExit:1]]
[2022.05.25-20.24.07:499][  0]LogConfig: Applying CVar settings from Section [/Script/Engine.GarbageCollectionSettings] File [C:/Users/r.zuietir/Documents/GitHub/deadInsideTheDungeon/deadInsideTheDungeon/Saved/Config/Windows/Engine.ini]
[2022.05.25-20.24.07:499][  0]LogConfig: Setting CVar [[gc.MaxObjectsNotConsideredByGC:1]]
[2022.05.25-20.24.07:499][  0]LogConfig: Setting CVar [[gc.SizeOfPermanentObjectPool:0]]
[2022.05.25-20.24.07:499][  0]LogConfig: Setting CVar [[gc.FlushStreamingOnGC:0]]
[2022.05.25-20.24.07:499][  0]LogConfig: Setting CVar [[gc.NumRetriesBeforeForcingGC:10]]
[2022.05.25-20.24.07:499][  0]LogConfig: Setting CVar [[gc.AllowParallelGC:1]]
[2022.05.25-20.24.07:499][  0]LogConfig: Setting CVar [[gc.TimeBetweenPurgingPendingKillObjects:61.1]]
[2022.05.25-20.24.07:499][  0]LogConfig: Setting CVar [[gc.MaxObjectsInEditor:25165824]]
[2022.05.25-20.24.07:499][  0]LogConfig: Setting CVar [[gc.IncrementalBeginDestroyEnabled:1]]
[2022.05.25-20.24.07:499][  0]LogConfig: Setting CVar [[gc.CreateGCClusters:1]]
[2022.05.25-20.24.07:499][  0]LogConfig: Setting CVar [[gc.MinGCClusterSize:5]]
[2022.05.25-20.24.07:499][  0]LogConfig: Setting CVar [[gc.ActorClusteringEnabled:0]]
[2022.05.25-20.24.07:499][  0]LogConfig: Setting CVar [[gc.BlueprintClusteringEnabled:0]]
[2022.05.25-20.24.07:499][  0]LogConfig: Setting CVar [[gc.UseDisregardForGCOnDedicatedServers:0]]
[2022.05.25-20.24.07:499][  0]LogConfig: Setting CVar [[gc.MultithreadedDestructionEnabled:1]]
[2022.05.25-20.24.07:499][  0]LogConfig: Applying CVar settings from Section [/Script/Engine.NetworkSettings] File [C:/Users/r.zuietir/Documents/GitHub/deadInsideTheDungeon/deadInsideTheDungeon/Saved/Config/Windows/Engine.ini]
[2022.05.25-20.24.07:499][  0]LogConfig: Applying CVar settings from Section [/Script/UnrealEd.CookerSettings] File [C:/Users/r.zuietir/Documents/GitHub/deadInsideTheDungeon/deadInsideTheDungeon/Saved/Config/Windows/Engine.ini]
[2022.05.25-20.24.07:510][  0]LogConfig: Applying CVar settings from Section [ViewDistanceQuality@3] File [C:/Users/r.zuietir/Documents/GitHub/deadInsideTheDungeon/deadInsideTheDungeon/Saved/Config/Windows/Scalability.ini]
[2022.05.25-20.24.07:510][  0]LogConfig: Setting CVar [[r.SkeletalMeshLODBias:0]]
[2022.05.25-20.24.07:510][  0]LogConfig: Setting CVar [[r.ViewDistanceScale:1.0]]
[2022.05.25-20.24.07:510][  0]LogConfig: Applying CVar settings from Section [AntiAliasingQuality@3] File [C:/Users/r.zuietir/Documents/GitHub/deadInsideTheDungeon/deadInsideTheDungeon/Saved/Config/Windows/Scalability.ini]
[2022.05.25-20.24.07:510][  0]LogConfig: Setting CVar [[r.PostProcessAAQuality:4]]
[2022.05.25-20.24.07:510][  0]LogConfig: Applying CVar settings from Section [ShadowQuality@3] File [C:/Users/r.zuietir/Documents/GitHub/deadInsideTheDungeon/deadInsideTheDungeon/Saved/Config/Windows/Scalability.ini]
[2022.05.25-20.24.07:510][  0]LogConfig: Setting CVar [[r.LightFunctionQuality:1]]
[2022.05.25-20.24.07:510][  0]LogConfig: Setting CVar [[r.ShadowQuality:5]]
[2022.05.25-20.24.07:510][  0]LogConfig: Setting CVar [[r.Shadow.CSM.MaxCascades:10]]
[2022.05.25-20.24.07:510][  0]LogConfig: Setting CVar [[r.Shadow.MaxResolution:2048]]
[2022.05.25-20.24.07:510][  0]LogConfig: Setting CVar [[r.Shadow.MaxCSMResolution:2048]]
[2022.05.25-20.24.07:510][  0]LogConfig: Setting CVar [[r.Shadow.RadiusThreshold:0.01]]
[2022.05.25-20.24.07:510][  0]LogConfig: Setting CVar [[r.Shadow.DistanceScale:1.0]]
[2022.05.25-20.24.07:510][  0]LogConfig: Setting CVar [[r.Shadow.CSM.TransitionScale:1.0]]
[2022.05.25-20.24.07:510][  0]LogConfig: Setting CVar [[r.Shadow.PreShadowResolutionFactor:1.0]]
[2022.05.25-20.24.07:510][  0]LogConfig: Setting CVar [[r.DistanceFieldShadowing:1]]
[2022.05.25-20.24.07:510][  0]LogConfig: Setting CVar [[r.DistanceFieldAO:1]]
[2022.05.25-20.24.07:510][  0]LogConfig: Setting CVar [[r.AOQuality:2]]
[2022.05.25-20.24.07:510][  0]LogConfig: Setting CVar [[r.VolumetricFog:1]]
[2022.05.25-20.24.07:510][  0]LogConfig: Setting CVar [[r.VolumetricFog.GridPixelSize:8]]
[2022.05.25-20.24.07:510][  0]LogConfig: Setting CVar [[r.VolumetricFog.GridSizeZ:128]]
[2022.05.25-20.24.07:510][  0]LogConfig: Setting CVar [[r.VolumetricFog.HistoryMissSupersampleCount:4]]
[2022.05.25-20.24.07:510][  0]LogConfig: Setting CVar [[r.LightMaxDrawDistanceScale:1]]
[2022.05.25-20.24.07:510][  0]LogConfig: Setting CVar [[r.CapsuleShadows:1]]
[2022.05.25-20.24.07:510][  0]LogConfig: Applying CVar settings from Section [PostProcessQuality@3] File [C:/Users/r.zuietir/Documents/GitHub/deadInsideTheDungeon/deadInsideTheDungeon/Saved/Config/Windows/Scalability.ini]
[2022.05.25-20.24.07:510][  0]LogConfig: Setting CVar [[r.MotionBlurQuality:4]]
[2022.05.25-20.24.07:510][  0]LogConfig: Setting CVar [[r.AmbientOcclusionMipLevelFactor:0.4]]
[2022.05.25-20.24.07:510][  0]LogConfig: Setting CVar [[r.AmbientOcclusionMaxQuality:100]]
[2022.05.25-20.24.07:510][  0]LogConfig: Setting CVar [[r.AmbientOcclusionLevels:-1]]
[2022.05.25-20.24.07:510][  0]LogConfig: Setting CVar [[r.AmbientOcclusionRadiusScale:1.0]]
[2022.05.25-20.24.07:510][  0]LogConfig: Setting CVar [[r.DepthOfFieldQuality:2]]
[2022.05.25-20.24.07:510][  0]LogConfig: Setting CVar [[r.RenderTargetPoolMin:400]]
[2022.05.25-20.24.07:510][  0]LogConfig: Setting CVar [[r.LensFlareQuality:2]]
[2022.05.25-20.24.07:510][  0]LogConfig: Setting CVar [[r.SceneColorFringeQuality:1]]
[2022.05.25-20.24.07:510][  0]LogConfig: Setting CVar [[r.EyeAdaptationQuality:2]]
[2022.05.25-20.24.07:510][  0]LogConfig: Setting CVar [[r.BloomQuality:5]]
[2022.05.25-20.24.07:510][  0]LogConfig: Setting CVar [[r.FastBlurThreshold:100]]
[2022.05.25-20.24.07:510][  0]LogConfig: Setting CVar [[r.Upscale.Quality:3]]
[2022.05.25-20.24.07:510][  0]LogConfig: Setting CVar [[r.Tonemapper.GrainQuantization:1]]
[2022.05.25-20.24.07:510][  0]LogConfig: Setting CVar [[r.LightShaftQuality:1]]
[2022.05.25-20.24.07:510][  0]LogConfig: Setting CVar [[r.Filter.SizeScale:1]]
[2022.05.25-20.24.07:510][  0]LogConfig: Setting CVar [[r.Tonemapper.Quality:5]]
[2022.05.25-20.24.07:510][  0]LogConfig: Setting CVar [[r.DOF.Gather.AccumulatorQuality:1        ; higher gathering accumulator quality]]
[2022.05.25-20.24.07:510][  0]LogConfig: Setting CVar [[r.DOF.Gather.PostfilterMethod:1          ; Median3x3 postfilering method]]
[2022.05.25-20.24.07:510][  0]LogConfig: Setting CVar [[r.DOF.Gather.EnableBokehSettings:0       ; no bokeh simulation when gathering]]
[2022.05.25-20.24.07:510][  0]LogConfig: Setting CVar [[r.DOF.Gather.RingCount:4                 ; medium number of samples when gathering]]
[2022.05.25-20.24.07:510][  0]LogConfig: Setting CVar [[r.DOF.Scatter.ForegroundCompositing:1    ; additive foreground scattering]]
[2022.05.25-20.24.07:510][  0]LogConfig: Setting CVar [[r.DOF.Scatter.BackgroundCompositing:2    ; additive background scattering]]
[2022.05.25-20.24.07:510][  0]LogConfig: Setting CVar [[r.DOF.Scatter.EnableBokehSettings:1      ; bokeh simulation when scattering]]
[2022.05.25-20.24.07:510][  0]LogConfig: Setting CVar [[r.DOF.Scatter.MaxSpriteRatio:0.1         ; only a maximum of 10% of scattered bokeh]]
[2022.05.25-20.24.07:510][  0]LogConfig: Setting CVar [[r.DOF.Recombine.Quality:1                ; cheap slight out of focus]]
[2022.05.25-20.24.07:510][  0]LogConfig: Setting CVar [[r.DOF.Recombine.EnableBokehSettings:0    ; no bokeh simulation on slight out of focus]]
[2022.05.25-20.24.07:510][  0]LogConfig: Setting CVar [[r.DOF.TemporalAAQuality:1                ; more stable temporal accumulation]]
[2022.05.25-20.24.07:510][  0]LogConfig: Setting CVar [[r.DOF.Kernel.MaxForegroundRadius:0.025]]
[2022.05.25-20.24.07:510][  0]LogConfig: Setting CVar [[r.DOF.Kernel.MaxBackgroundRadius:0.025]]
[2022.05.25-20.24.07:510][  0]LogConfig: Applying CVar settings from Section [TextureQuality@3] File [C:/Users/r.zuietir/Documents/GitHub/deadInsideTheDungeon/deadInsideTheDungeon/Saved/Config/Windows/Scalability.ini]
[2022.05.25-20.24.07:510][  0]LogConfig: Setting CVar [[r.Streaming.MipBias:0]]
[2022.05.25-20.24.07:510][  0]LogConfig: Setting CVar [[r.Streaming.AmortizeCPUToGPUCopy:0]]
[2022.05.25-20.24.07:510][  0]LogConfig: Setting CVar [[r.Streaming.MaxNumTexturesToStreamPerFrame:0]]
[2022.05.25-20.24.07:510][  0]LogConfig: Setting CVar [[r.Streaming.Boost:1]]
[2022.05.25-20.24.07:510][  0]LogConfig: Setting CVar [[r.MaxAnisotropy:8]]
[2022.05.25-20.24.07:510][  0]LogConfig: Setting CVar [[r.VT.MaxAnisotropy:8]]
[2022.05.25-20.24.07:510][  0]LogConfig: Setting CVar [[r.Streaming.LimitPoolSizeToVRAM:0]]
[2022.05.25-20.24.07:510][  0]LogConfig: Setting CVar [[r.Streaming.PoolSize:1000]]
[2022.05.25-20.24.07:510][  0]LogConfig: Setting CVar [[r.Streaming.MaxEffectiveScreenSize:0]]
[2022.05.25-20.24.07:510][  0]LogConfig: Applying CVar settings from Section [EffectsQuality@3] File [C:/Users/r.zuietir/Documents/GitHub/deadInsideTheDungeon/deadInsideTheDungeon/Saved/Config/Windows/Scalability.ini]
[2022.05.25-20.24.07:510][  0]LogConfig: Setting CVar [[r.TranslucencyLightingVolumeDim:64]]
[2022.05.25-20.24.07:510][  0]LogConfig: Setting CVar [[r.RefractionQuality:2]]
[2022.05.25-20.24.07:510][  0]LogConfig: Setting CVar [[r.SSR.Quality:3]]
[2022.05.25-20.24.07:510][  0]LogConfig: Setting CVar [[r.SSR.HalfResSceneColor:0]]
[2022.05.25-20.24.07:510][  0]LogConfig: Setting CVar [[r.SceneColorFormat:4]]
[2022.05.25-20.24.07:510][  0]LogConfig: Setting CVar [[r.DetailMode:2]]
[2022.05.25-20.24.07:510][  0]LogConfig: Setting CVar [[r.TranslucencyVolumeBlur:1]]
[2022.05.25-20.24.07:510][  0]LogConfig: Setting CVar [[r.MaterialQualityLevel:1 ; High quality]]
[2022.05.25-20.24.07:510][  0]LogConfig: Setting CVar [[r.AnisotropicMaterials:1]]
[2022.05.25-20.24.07:510][  0]LogConfig: Setting CVar [[r.SSS.Scale:1]]
[2022.05.25-20.24.07:510][  0]LogConfig: Setting CVar [[r.SSS.SampleSet:2]]
[2022.05.25-20.24.07:511][  0]LogConfig: Setting CVar [[r.SSS.Quality:1]]
[2022.05.25-20.24.07:511][  0]LogConfig: Setting CVar [[r.SSS.HalfRes:0]]
[2022.05.25-20.24.07:511][  0]LogConfig: Setting CVar [[r.SSGI.Quality:3]]
[2022.05.25-20.24.07:511][  0]LogConfig: Setting CVar [[r.EmitterSpawnRateScale:1.0]]
[2022.05.25-20.24.07:511][  0]LogConfig: Setting CVar [[r.ParticleLightQuality:2]]
[2022.05.25-20.24.07:511][  0]LogConfig: Setting CVar [[r.SkyAtmosphere.AerialPerspectiveLUT.FastApplyOnOpaque:1 ; Always have FastSkyLUT 1 in this case to avoid wrong sky]]
[2022.05.25-20.24.07:511][  0]LogConfig: Setting CVar [[r.SkyAtmosphere.AerialPerspectiveLUT.SampleCountMaxPerSlice:4]]
[2022.05.25-20.24.07:511][  0]LogConfig: Setting CVar [[r.SkyAtmosphere.AerialPerspectiveLUT.DepthResolution:16.0]]
[2022.05.25-20.24.07:511][  0]LogConfig: Setting CVar [[r.SkyAtmosphere.FastSkyLUT:1]]
[2022.05.25-20.24.07:511][  0]LogConfig: Setting CVar [[r.SkyAtmosphere.FastSkyLUT.SampleCountMin:4.0]]
[2022.05.25-20.24.07:511][  0]LogConfig: Setting CVar [[r.SkyAtmosphere.FastSkyLUT.SampleCountMax:128.0]]
[2022.05.25-20.24.07:511][  0]LogConfig: Setting CVar [[r.SkyAtmosphere.SampleCountMin:4.0]]
[2022.05.25-20.24.07:511][  0]LogConfig: Setting CVar [[r.SkyAtmosphere.SampleCountMax:128.0]]
[2022.05.25-20.24.07:511][  0]LogConfig: Setting CVar [[r.SkyAtmosphere.TransmittanceLUT.UseSmallFormat:0]]
[2022.05.25-20.24.07:511][  0]LogConfig: Setting CVar [[r.SkyAtmosphere.TransmittanceLUT.SampleCount:10.0]]
[2022.05.25-20.24.07:511][  0]LogConfig: Setting CVar [[r.SkyAtmosphere.MultiScatteringLUT.SampleCount:15.0]]
[2022.05.25-20.24.07:511][  0]LogConfig: Setting CVar [[r.SkyLight.RealTimeReflectionCapture:1]]
[2022.05.25-20.24.07:511][  0]LogConfig: Applying CVar settings from Section [FoliageQuality@3] File [C:/Users/r.zuietir/Documents/GitHub/deadInsideTheDungeon/deadInsideTheDungeon/Saved/Config/Windows/Scalability.ini]
[2022.05.25-20.24.07:511][  0]LogConfig: Setting CVar [[foliage.DensityScale:1.0]]
[2022.05.25-20.24.07:511][  0]LogConfig: Setting CVar [[grass.DensityScale:1.0]]
[2022.05.25-20.24.07:511][  0]LogConfig: Applying CVar settings from Section [ShadingQuality@3] File [C:/Users/r.zuietir/Documents/GitHub/deadInsideTheDungeon/deadInsideTheDungeon/Saved/Config/Windows/Scalability.ini]
[2022.05.25-20.24.07:511][  0]LogConfig: Setting CVar [[r.HairStrands.SkyLighting.IntegrationType:2]]
[2022.05.25-20.24.07:511][  0]LogConfig: Setting CVar [[r.HairStrands.SkyAO.SampleCount:4]]
[2022.05.25-20.24.07:511][  0]LogConfig: Setting CVar [[r.HairStrands.Visibility.MSAA.SamplePerPixel:4]]
[2022.05.25-20.24.07:511][  0]LogInit: Selected Device Profile: [Windows]
[2022.05.25-20.24.07:511][  0]LogInit: Applying CVar settings loaded from the selected device profile: [Windows]
[2022.05.25-20.24.07:511][  0]LogHAL: Display: Platform has ~ 16 GB [16934494208 / 17179869184 / 16], which maps to Larger [LargestMinGB=32, LargerMinGB=12, DefaultMinGB=8, SmallerMinGB=6, SmallestMinGB=0)
[2022.05.25-20.24.07:511][  0]LogInit: Going up to parent DeviceProfile []
[2022.05.25-20.24.07:511][  0]LogConfig: Applying CVar settings from Section [ViewDistanceQuality@3] File [C:/Users/r.zuietir/Documents/GitHub/deadInsideTheDungeon/deadInsideTheDungeon/Saved/Config/Windows/Scalability.ini]
[2022.05.25-20.24.07:511][  0]LogConfig: Setting CVar [[r.SkeletalMeshLODBias:0]]
[2022.05.25-20.24.07:511][  0]LogConfig: Setting CVar [[r.ViewDistanceScale:1.0]]
[2022.05.25-20.24.07:511][  0]LogConfig: Applying CVar settings from Section [AntiAliasingQuality@3] File [C:/Users/r.zuietir/Documents/GitHub/deadInsideTheDungeon/deadInsideTheDungeon/Saved/Config/Windows/Scalability.ini]
[2022.05.25-20.24.07:511][  0]LogConfig: Setting CVar [[r.PostProcessAAQuality:4]]
[2022.05.25-20.24.07:511][  0]LogConfig: Applying CVar settings from Section [ShadowQuality@3] File [C:/Users/r.zuietir/Documents/GitHub/deadInsideTheDungeon/deadInsideTheDungeon/Saved/Config/Windows/Scalability.ini]
[2022.05.25-20.24.07:511][  0]LogConfig: Setting CVar [[r.LightFunctionQuality:1]]
[2022.05.25-20.24.07:511][  0]LogConfig: Setting CVar [[r.ShadowQuality:5]]
[2022.05.25-20.24.07:511][  0]LogConfig: Setting CVar [[r.Shadow.CSM.MaxCascades:10]]
[2022.05.25-20.24.07:511][  0]LogConfig: Setting CVar [[r.Shadow.MaxResolution:2048]]
[2022.05.25-20.24.07:511][  0]LogConfig: Setting CVar [[r.Shadow.MaxCSMResolution:2048]]
[2022.05.25-20.24.07:511][  0]LogConfig: Setting CVar [[r.Shadow.RadiusThreshold:0.01]]
[2022.05.25-20.24.07:511][  0]LogConfig: Setting CVar [[r.Shadow.DistanceScale:1.0]]
[2022.05.25-20.24.07:511][  0]LogConfig: Setting CVar [[r.Shadow.CSM.TransitionScale:1.0]]
[2022.05.25-20.24.07:511][  0]LogConfig: Setting CVar [[r.Shadow.PreShadowResolutionFactor:1.0]]
[2022.05.25-20.24.07:511][  0]LogConfig: Setting CVar [[r.DistanceFieldShadowing:1]]
[2022.05.25-20.24.07:511][  0]LogConfig: Setting CVar [[r.DistanceFieldAO:1]]
[2022.05.25-20.24.07:511][  0]LogConfig: Setting CVar [[r.AOQuality:2]]
[2022.05.25-20.24.07:511][  0]LogConfig: Setting CVar [[r.VolumetricFog:1]]
[2022.05.25-20.24.07:511][  0]LogConfig: Setting CVar [[r.VolumetricFog.GridPixelSize:8]]
[2022.05.25-20.24.07:511][  0]LogConfig: Setting CVar [[r.VolumetricFog.GridSizeZ:128]]
[2022.05.25-20.24.07:511][  0]LogConfig: Setting CVar [[r.VolumetricFog.HistoryMissSupersampleCount:4]]
[2022.05.25-20.24.07:511][  0]LogConfig: Setting CVar [[r.LightMaxDrawDistanceScale:1]]
[2022.05.25-20.24.07:511][  0]LogConfig: Setting CVar [[r.CapsuleShadows:1]]
[2022.05.25-20.24.07:511][  0]LogConfig: Applying CVar settings from Section [PostProcessQuality@3] File [C:/Users/r.zuietir/Documents/GitHub/deadInsideTheDungeon/deadInsideTheDungeon/Saved/Config/Windows/Scalability.ini]
[2022.05.25-20.24.07:511][  0]LogConfig: Setting CVar [[r.MotionBlurQuality:4]]
[2022.05.25-20.24.07:511][  0]LogConfig: Setting CVar [[r.AmbientOcclusionMipLevelFactor:0.4]]
[2022.05.25-20.24.07:511][  0]LogConfig: Setting CVar [[r.AmbientOcclusionMaxQuality:100]]
[2022.05.25-20.24.07:511][  0]LogConfig: Setting CVar [[r.AmbientOcclusionLevels:-1]]
[2022.05.25-20.24.07:511][  0]LogConfig: Setting CVar [[r.AmbientOcclusionRadiusScale:1.0]]
[2022.05.25-20.24.07:511][  0]LogConfig: Setting CVar [[r.DepthOfFieldQuality:2]]
[2022.05.25-20.24.07:511][  0]LogConfig: Setting CVar [[r.RenderTargetPoolMin:400]]
[2022.05.25-20.24.07:511][  0]LogConfig: Setting CVar [[r.LensFlareQuality:2]]
[2022.05.25-20.24.07:511][  0]LogConfig: Setting CVar [[r.SceneColorFringeQuality:1]]
[2022.05.25-20.24.07:511][  0]LogConfig: Setting CVar [[r.EyeAdaptationQuality:2]]
[2022.05.25-20.24.07:511][  0]LogConfig: Setting CVar [[r.BloomQuality:5]]
[2022.05.25-20.24.07:511][  0]LogConfig: Setting CVar [[r.FastBlurThreshold:100]]
[2022.05.25-20.24.07:511][  0]LogConfig: Setting CVar [[r.Upscale.Quality:3]]
[2022.05.25-20.24.07:511][  0]LogConfig: Setting CVar [[r.Tonemapper.GrainQuantization:1]]
[2022.05.25-20.24.07:511][  0]LogConfig: Setting CVar [[r.LightShaftQuality:1]]
[2022.05.25-20.24.07:511][  0]LogConfig: Setting CVar [[r.Filter.SizeScale:1]]
[2022.05.25-20.24.07:511][  0]LogConfig: Setting CVar [[r.Tonemapper.Quality:5]]
[2022.05.25-20.24.07:511][  0]LogConfig: Setting CVar [[r.DOF.Gather.AccumulatorQuality:1        ; higher gathering accumulator quality]]
[2022.05.25-20.24.07:511][  0]LogConfig: Setting CVar [[r.DOF.Gather.PostfilterMethod:1          ; Median3x3 postfilering method]]
[2022.05.25-20.24.07:511][  0]LogConfig: Setting CVar [[r.DOF.Gather.EnableBokehSettings:0       ; no bokeh simulation when gathering]]
[2022.05.25-20.24.07:511][  0]LogConfig: Setting CVar [[r.DOF.Gather.RingCount:4                 ; medium number of samples when gathering]]
[2022.05.25-20.24.07:511][  0]LogConfig: Setting CVar [[r.DOF.Scatter.ForegroundCompositing:1    ; additive foreground scattering]]
[2022.05.25-20.24.07:511][  0]LogConfig: Setting CVar [[r.DOF.Scatter.BackgroundCompositing:2    ; additive background scattering]]
[2022.05.25-20.24.07:511][  0]LogConfig: Setting CVar [[r.DOF.Scatter.EnableBokehSettings:1      ; bokeh simulation when scattering]]
[2022.05.25-20.24.07:511][  0]LogConfig: Setting CVar [[r.DOF.Scatter.MaxSpriteRatio:0.1         ; only a maximum of 10% of scattered bokeh]]
[2022.05.25-20.24.07:511][  0]LogConfig: Setting CVar [[r.DOF.Recombine.Quality:1                ; cheap slight out of focus]]
[2022.05.25-20.24.07:511][  0]LogConfig: Setting CVar [[r.DOF.Recombine.EnableBokehSettings:0    ; no bokeh simulation on slight out of focus]]
[2022.05.25-20.24.07:512][  0]LogConfig: Setting CVar [[r.DOF.TemporalAAQuality:1                ; more stable temporal accumulation]]
[2022.05.25-20.24.07:512][  0]LogConfig: Setting CVar [[r.DOF.Kernel.MaxForegroundRadius:0.025]]
[2022.05.25-20.24.07:512][  0]LogConfig: Setting CVar [[r.DOF.Kernel.MaxBackgroundRadius:0.025]]
[2022.05.25-20.24.07:512][  0]LogConfig: Applying CVar settings from Section [TextureQuality@3] File [C:/Users/r.zuietir/Documents/GitHub/deadInsideTheDungeon/deadInsideTheDungeon/Saved/Config/Windows/Scalability.ini]
[2022.05.25-20.24.07:512][  0]LogConfig: Setting CVar [[r.Streaming.MipBias:0]]
[2022.05.25-20.24.07:512][  0]LogConfig: Setting CVar [[r.Streaming.AmortizeCPUToGPUCopy:0]]
[2022.05.25-20.24.07:512][  0]LogConfig: Setting CVar [[r.Streaming.MaxNumTexturesToStreamPerFrame:0]]
[2022.05.25-20.24.07:512][  0]LogConfig: Setting CVar [[r.Streaming.Boost:1]]
[2022.05.25-20.24.07:512][  0]LogConfig: Setting CVar [[r.MaxAnisotropy:8]]
[2022.05.25-20.24.07:512][  0]LogConfig: Setting CVar [[r.VT.MaxAnisotropy:8]]
[2022.05.25-20.24.07:512][  0]LogConfig: Setting CVar [[r.Streaming.LimitPoolSizeToVRAM:0]]
[2022.05.25-20.24.07:512][  0]LogConfig: Setting CVar [[r.Streaming.PoolSize:1000]]
[2022.05.25-20.24.07:512][  0]LogConfig: Setting CVar [[r.Streaming.MaxEffectiveScreenSize:0]]
[2022.05.25-20.24.07:512][  0]LogConfig: Applying CVar settings from Section [EffectsQuality@3] File [C:/Users/r.zuietir/Documents/GitHub/deadInsideTheDungeon/deadInsideTheDungeon/Saved/Config/Windows/Scalability.ini]
[2022.05.25-20.24.07:512][  0]LogConfig: Setting CVar [[r.TranslucencyLightingVolumeDim:64]]
[2022.05.25-20.24.07:512][  0]LogConfig: Setting CVar [[r.RefractionQuality:2]]
[2022.05.25-20.24.07:512][  0]LogConfig: Setting CVar [[r.SSR.Quality:3]]
[2022.05.25-20.24.07:512][  0]LogConfig: Setting CVar [[r.SSR.HalfResSceneColor:0]]
[2022.05.25-20.24.07:512][  0]LogConfig: Setting CVar [[r.SceneColorFormat:4]]
[2022.05.25-20.24.07:512][  0]LogConfig: Setting CVar [[r.DetailMode:2]]
[2022.05.25-20.24.07:512][  0]LogConfig: Setting CVar [[r.TranslucencyVolumeBlur:1]]
[2022.05.25-20.24.07:512][  0]LogConfig: Setting CVar [[r.MaterialQualityLevel:1 ; High quality]]
[2022.05.25-20.24.07:512][  0]LogConfig: Setting CVar [[r.AnisotropicMaterials:1]]
[2022.05.25-20.24.07:512][  0]LogConfig: Setting CVar [[r.SSS.Scale:1]]
[2022.05.25-20.24.07:512][  0]LogConfig: Setting CVar [[r.SSS.SampleSet:2]]
[2022.05.25-20.24.07:512][  0]LogConfig: Setting CVar [[r.SSS.Quality:1]]
[2022.05.25-20.24.07:512][  0]LogConfig: Setting CVar [[r.SSS.HalfRes:0]]
[2022.05.25-20.24.07:512][  0]LogConfig: Setting CVar [[r.SSGI.Quality:3]]
[2022.05.25-20.24.07:512][  0]LogConfig: Setting CVar [[r.EmitterSpawnRateScale:1.0]]
[2022.05.25-20.24.07:512][  0]LogConfig: Setting CVar [[r.ParticleLightQuality:2]]
[2022.05.25-20.24.07:512][  0]LogConfig: Setting CVar [[r.SkyAtmosphere.AerialPerspectiveLUT.FastApplyOnOpaque:1 ; Always have FastSkyLUT 1 in this case to avoid wrong sky]]
[2022.05.25-20.24.07:512][  0]LogConfig: Setting CVar [[r.SkyAtmosphere.AerialPerspectiveLUT.SampleCountMaxPerSlice:4]]
[2022.05.25-20.24.07:512][  0]LogConfig: Setting CVar [[r.SkyAtmosphere.AerialPerspectiveLUT.DepthResolution:16.0]]
[2022.05.25-20.24.07:512][  0]LogConfig: Setting CVar [[r.SkyAtmosphere.FastSkyLUT:1]]
[2022.05.25-20.24.07:512][  0]LogConfig: Setting CVar [[r.SkyAtmosphere.FastSkyLUT.SampleCountMin:4.0]]
[2022.05.25-20.24.07:512][  0]LogConfig: Setting CVar [[r.SkyAtmosphere.FastSkyLUT.SampleCountMax:128.0]]
[2022.05.25-20.24.07:512][  0]LogConfig: Setting CVar [[r.SkyAtmosphere.SampleCountMin:4.0]]
[2022.05.25-20.24.07:512][  0]LogConfig: Setting CVar [[r.SkyAtmosphere.SampleCountMax:128.0]]
[2022.05.25-20.24.07:512][  0]LogConfig: Setting CVar [[r.SkyAtmosphere.TransmittanceLUT.UseSmallFormat:0]]
[2022.05.25-20.24.07:512][  0]LogConfig: Setting CVar [[r.SkyAtmosphere.TransmittanceLUT.SampleCount:10.0]]
[2022.05.25-20.24.07:512][  0]LogConfig: Setting CVar [[r.SkyAtmosphere.MultiScatteringLUT.SampleCount:15.0]]
[2022.05.25-20.24.07:512][  0]LogConfig: Setting CVar [[r.SkyLight.RealTimeReflectionCapture:1]]
[2022.05.25-20.24.07:512][  0]LogConfig: Applying CVar settings from Section [FoliageQuality@3] File [C:/Users/r.zuietir/Documents/GitHub/deadInsideTheDungeon/deadInsideTheDungeon/Saved/Config/Windows/Scalability.ini]
[2022.05.25-20.24.07:512][  0]LogConfig: Setting CVar [[foliage.DensityScale:1.0]]
[2022.05.25-20.24.07:512][  0]LogConfig: Setting CVar [[grass.DensityScale:1.0]]
[2022.05.25-20.24.07:512][  0]LogConfig: Applying CVar settings from Section [ShadingQuality@3] File [C:/Users/r.zuietir/Documents/GitHub/deadInsideTheDungeon/deadInsideTheDungeon/Saved/Config/Windows/Scalability.ini]
[2022.05.25-20.24.07:512][  0]LogConfig: Setting CVar [[r.HairStrands.SkyLighting.IntegrationType:2]]
[2022.05.25-20.24.07:512][  0]LogConfig: Setting CVar [[r.HairStrands.SkyAO.SampleCount:4]]
[2022.05.25-20.24.07:512][  0]LogConfig: Setting CVar [[r.HairStrands.Visibility.MSAA.SamplePerPixel:4]]
[2022.05.25-20.24.07:512][  0]LogConfig: Applying CVar settings from Section [Startup] File [../../../Engine/Config/ConsoleVariables.ini]
[2022.05.25-20.24.07:513][  0]LogConfig: Setting CVar [[net.UseAdaptiveNetUpdateFrequency:0]]
[2022.05.25-20.24.07:513][  0]LogConfig: Setting CVar [[p.chaos.AllowCreatePhysxBodies:1]]
[2022.05.25-20.24.07:513][  0]LogConfig: Setting CVar [[fx.SkipVectorVMBackendOptimizations:1]]
[2022.05.25-20.24.07:513][  0]LogConfig: Applying CVar settings from Section [ConsoleVariables] File [C:/Users/r.zuietir/Documents/GitHub/deadInsideTheDungeon/deadInsideTheDungeon/Saved/Config/Windows/Engine.ini]
[2022.05.25-20.24.07:513][  0]LogConfig: Applying CVar settings from Section [ConsoleVariables] File [C:/Users/r.zuietir/Documents/GitHub/deadInsideTheDungeon/deadInsideTheDungeon/Saved/Config/Windows/Editor.ini]
[2022.05.25-20.24.07:514][  0]LogInit: Computer: RZUIETIRBOOK
[2022.05.25-20.24.07:514][  0]LogInit: User: rzuietir
[2022.05.25-20.24.07:514][  0]LogInit: CPU Page size=4096, Cores=4
[2022.05.25-20.24.07:514][  0]LogInit: High frequency timer resolution =10.000000 MHz
[2022.05.25-20.24.07:514][  0]LogMemory: Memory total: Physical=15.8GB (16GB approx)
[2022.05.25-20.24.07:514][  0]LogMemory: Platform Memory Stats for Windows
[2022.05.25-20.24.07:514][  0]LogMemory: Process Physical Memory: 141.57 MB used, 141.57 MB peak
[2022.05.25-20.24.07:514][  0]LogMemory: Process Virtual Memory: 112.50 MB used, 112.50 MB peak
[2022.05.25-20.24.07:514][  0]LogMemory: Physical Memory: 12270.10 MB used,  3879.89 MB free, 16149.99 MB total
[2022.05.25-20.24.07:514][  0]LogMemory: Virtual Memory: 134203816.00 MB used,  13912.89 MB free, 134217728.00 MB total
[2022.05.25-20.24.07:524][  0]LogWindows: WindowsPlatformFeatures enabled
[2022.05.25-20.24.07:611][  0]LogInit: Physics initialised using underlying interface: PhysX
[2022.05.25-20.24.07:612][  0]LogInit: Using OS detected language (ru-RU).
[2022.05.25-20.24.07:612][  0]LogInit: Using OS detected locale (ru-UA).
[2022.05.25-20.24.07:622][  0]LogTextLocalizationManager: No specific localization for 'ru-RU' exists, so the 'ru' localization will be used.
[2022.05.25-20.24.07:628][  0]LogTextLocalizationResource: LocRes '../../../Engine/Content/Localization/Editor/ru/Editor.locres' could not be opened for reading!
[2022.05.25-20.24.07:628][  0]LogTextLocalizationResource: LocRes '../../../Engine/Content/Localization/EditorTutorials/ru/EditorTutorials.locres' could not be opened for reading!
[2022.05.25-20.24.07:628][  0]LogTextLocalizationResource: LocRes '../../../Engine/Content/Localization/Keywords/ru/Keywords.locres' could not be opened for reading!
[2022.05.25-20.24.07:628][  0]LogTextLocalizationResource: LocRes '../../../Engine/Content/Localization/Category/ru/Category.locres' could not be opened for reading!
[2022.05.25-20.24.07:628][  0]LogTextLocalizationResource: LocRes '../../../Engine/Content/Localization/ToolTips/ru/ToolTips.locres' could not be opened for reading!
[2022.05.25-20.24.07:628][  0]LogTextLocalizationResource: LocRes '../../../Engine/Content/Localization/PropertyNames/ru/PropertyNames.locres' could not be opened for reading!
[2022.05.25-20.24.07:629][  0]LogTextLocalizationResource: LocRes '../../../Engine/Content/Localization/Engine/ru/Engine.locres' could not be opened for reading!
[2022.05.25-20.24.07:652][  0]LogWindowsTextInputMethodSystem: Display: IME system deactivated.
[2022.05.25-20.24.07:678][  0]LogSlate: New Slate User Created.  User Index 0, Is Virtual User: 0
[2022.05.25-20.24.07:678][  0]LogSlate: Slate User Registered.  User Index 0, Is Virtual User: 0
[2022.05.25-20.24.07:694][  0]LogD3D11RHI: Loaded GFSDK_Aftermath_Lib.x64.dll
[2022.05.25-20.24.07:764][  0]LogHMD: Failed to initialize OpenVR with code 110
[2022.05.25-20.24.07:766][  0]LogD3D11RHI: D3D11 min allowed feature level: 11_0
[2022.05.25-20.24.07:766][  0]LogD3D11RHI: D3D11 max allowed feature level: 11_0
[2022.05.25-20.24.07:766][  0]LogD3D11RHI: D3D11 adapters:
[2022.05.25-20.24.07:854][  0]LogD3D11RHI:    0. 'NVIDIA GeForce GTX 1650 Ti with Max-Q Design' (Feature Level 11_0)
[2022.05.25-20.24.07:854][  0]LogD3D11RHI:       3964/0/8074 MB DedicatedVideo/DedicatedSystem/SharedSystem, Outputs:1, VendorId:0x10de
[2022.05.25-20.24.07:890][  0]LogD3D11RHI:    1. 'Intel(R) Iris(R) Xe Graphics' (Feature Level 11_0)
[2022.05.25-20.24.07:890][  0]LogD3D11RHI:       128/0/8074 MB DedicatedVideo/DedicatedSystem/SharedSystem, Outputs:0, VendorId:0x8086
[2022.05.25-20.24.07:892][  0]LogD3D11RHI:    2. 'Microsoft Basic Render Driver' (Feature Level 11_0)
[2022.05.25-20.24.07:892][  0]LogD3D11RHI:       0/0/8074 MB DedicatedVideo/DedicatedSystem/SharedSystem, Outputs:0, VendorId:0x1414
[2022.05.25-20.24.07:892][  0]LogD3D11RHI: Chosen D3D11 Adapter:
[2022.05.25-20.24.07:892][  0]LogD3D11RHI:     Description : NVIDIA GeForce GTX 1650 Ti with Max-Q Design
[2022.05.25-20.24.07:892][  0]LogD3D11RHI:     VendorId    : 10de
[2022.05.25-20.24.07:892][  0]LogD3D11RHI:     DeviceId    : 1f95
[2022.05.25-20.24.07:892][  0]LogD3D11RHI:     SubSysId    : 8815103c
[2022.05.25-20.24.07:892][  0]LogD3D11RHI:     Revision    : 00a1
[2022.05.25-20.24.07:892][  0]LogD3D11RHI:     DedicatedVideoMemory : 4156555264 bytes
[2022.05.25-20.24.07:892][  0]LogD3D11RHI:     DedicatedSystemMemory : 0 bytes
[2022.05.25-20.24.07:892][  0]LogD3D11RHI:     SharedSystemMemory : 8467247104 bytes
[2022.05.25-20.24.07:892][  0]LogD3D11RHI:     AdapterLuid : 0 78112
[2022.05.25-20.24.07:903][  0]LogD3D11RHI: Creating new Direct3DDevice
[2022.05.25-20.24.07:903][  0]LogD3D11RHI:     GPU DeviceId: 0x1f95 (for the marketing name, search the web for "GPU Device Id")
[2022.05.25-20.24.07:903][  0]LogWindows: EnumDisplayDevices:
[2022.05.25-20.24.07:903][  0]LogWindows:    0. 'Intel(R) Iris(R) Xe Graphics' (P:1 D:1)
[2022.05.25-20.24.07:904][  0]LogWindows:    1. 'Intel(R) Iris(R) Xe Graphics' (P:0 D:0)
[2022.05.25-20.24.07:904][  0]LogWindows:    2. 'Intel(R) Iris(R) Xe Graphics' (P:0 D:0)
[2022.05.25-20.24.07:905][  0]LogWindows:    3. 'Intel(R) Iris(R) Xe Graphics' (P:0 D:0)
[2022.05.25-20.24.07:905][  0]LogWindows: DebugString: PrimaryIsNotTheChoosenAdapter PrimaryIsNotTheChoosenAdapter PrimaryIsNotTheChoosenAdapter PrimaryIsNotTheChoosenAdapter FoundDriverCount:0 
[2022.05.25-20.24.07:905][  0]LogD3D11RHI:     Adapter Name: NVIDIA GeForce GTX 1650 Ti with Max-Q Design
[2022.05.25-20.24.07:905][  0]LogD3D11RHI:   Driver Version: Unknown (internal:Unknown, unified:Unknown)
[2022.05.25-20.24.07:905][  0]LogD3D11RHI:      Driver Date: Unknown
[2022.05.25-20.24.07:905][  0]LogRHI: Texture pool is 2774 MB (70% of 3964 MB)
[2022.05.25-20.24.07:905][  0]LogD3D11RHI: Creating D3DDevice using adapter:
[2022.05.25-20.24.07:905][  0]LogD3D11RHI:     Description : NVIDIA GeForce GTX 1650 Ti with Max-Q Design
[2022.05.25-20.24.07:905][  0]LogD3D11RHI:     VendorId    : 10de
[2022.05.25-20.24.07:905][  0]LogD3D11RHI:     DeviceId    : 1f95
[2022.05.25-20.24.07:905][  0]LogD3D11RHI:     SubSysId    : 8815103c
[2022.05.25-20.24.07:905][  0]LogD3D11RHI:     Revision    : 00a1
[2022.05.25-20.24.07:905][  0]LogD3D11RHI:     DedicatedVideoMemory : 4156555264 bytes
[2022.05.25-20.24.07:905][  0]LogD3D11RHI:     DedicatedSystemMemory : 0 bytes
[2022.05.25-20.24.07:905][  0]LogD3D11RHI:     SharedSystemMemory : 8467247104 bytes
[2022.05.25-20.24.07:905][  0]LogD3D11RHI:     AdapterLuid : 0 78112
[2022.05.25-20.24.07:976][  0]LogD3D11RHI: RHI has support for 64 bit atomics
[2022.05.25-20.24.07:976][  0]LogD3D11RHI: Async texture creation enabled
[2022.05.25-20.24.07:976][  0]LogD3D11RHI: Array index from any shader is supported
[2022.05.25-20.24.07:998][  0]LogD3D11RHI: GPU Timing Frequency: 1000.000000 (Debug: 2 2)
[2022.05.25-20.24.08:035][  0]LogRHI: GeForceNow SDK initialized: 1
[2022.05.25-20.24.08:379][  0]LogTargetPlatformManager: Display: Loaded TargetPlatform 'WindowsNoEditor'
[2022.05.25-20.24.08:384][  0]LogTargetPlatformManager: Display: Loaded TargetPlatform 'Windows'
[2022.05.25-20.24.08:389][  0]LogTargetPlatformManager: Display: Loaded TargetPlatform 'WindowsClient'
[2022.05.25-20.24.08:394][  0]LogTargetPlatformManager: Display: Loaded TargetPlatform 'WindowsServer'
[2022.05.25-20.24.08:394][  0]LogTargetPlatformManager: Display: Building Assets For Windows
[2022.05.25-20.24.08:402][  0]LogAudioDebug: Display: Lib vorbis DLL was dynamically loaded.
[2022.05.25-20.24.08:437][  0]LogTextureFormatOodle: Display: Oodle Texture 2.9.0 init RDO Off
[2022.05.25-20.24.08:473][  0]LogRendererCore: Ray tracing is disabled. Reason: r.RayTracing=0.
[2022.05.25-20.24.08:473][  0]LogShaderCompilers: Guid format shader working directory is -43 characters bigger than the processId version (../../../../../../Users/r.zuietir/Documents/GitHub/deadInsideTheDungeon/deadInsideTheDungeon/Intermediate/Shaders/WorkingDirectory/25596/).
[2022.05.25-20.24.08:473][  0]LogShaderCompilers: Cleaned the shader compiler working directory 'C:/Users/r.zuietir/AppData/Local/Temp/UnrealShaderWorkingDir/C92319D645C6FA813E10F28B24246E02/'.
[2022.05.25-20.24.08:473][  0]LogXGEController: Cannot use XGE Controller as Incredibuild is not installed on this machine.
[2022.05.25-20.24.08:473][  0]LogShaderCompilers: Cannot use XGE Shader Compiler as Incredibuild is not installed on this machine.
[2022.05.25-20.24.08:473][  0]LogShaderCompilers: Display: Using Local Shader Compiler.
[2022.05.25-20.24.09:193][  0]LogDerivedDataCache: Display: Max Cache Size: 512 MB
[2022.05.25-20.24.09:253][  0]LogDerivedDataCache: Loaded boot cache 0.06s 94MB C:/Users/r.zuietir/AppData/Local/UnrealEngine/4.27/DerivedDataCache/Boot.ddc.
[2022.05.25-20.24.09:253][  0]LogDerivedDataCache: Display: Loaded Boot cache: C:/Users/r.zuietir/AppData/Local/UnrealEngine/4.27/DerivedDataCache/Boot.ddc
[2022.05.25-20.24.09:253][  0]LogDerivedDataCache: FDerivedDataBackendGraph:  Pak pak cache file ../../../../../../Users/r.zuietir/Documents/GitHub/deadInsideTheDungeon/deadInsideTheDungeon/DerivedDataCache/DDC.ddp not found, will not use a pak cache.
[2022.05.25-20.24.09:253][  0]LogDerivedDataCache: Unable to find inner node Pak for hierarchical cache Hierarchy.
[2022.05.25-20.24.09:253][  0]LogDerivedDataCache: FDerivedDataBackendGraph:  CompressedPak pak cache file ../../../../../../Users/r.zuietir/Documents/GitHub/deadInsideTheDungeon/deadInsideTheDungeon/DerivedDataCache/Compressed.ddp not found, will not use a pak cache.
[2022.05.25-20.24.09:253][  0]LogDerivedDataCache: Unable to find inner node CompressedPak for hierarchical cache Hierarchy.
[2022.05.25-20.24.09:271][  0]LogDerivedDataCache: Display: Pak cache opened for reading ../../../Engine/DerivedDataCache/Compressed.ddp.
[2022.05.25-20.24.09:271][  0]LogDerivedDataCache: FDerivedDataBackendGraph:  EnterprisePak pak cache file ../../../Enterprise/DerivedDataCache/Compressed.ddp not found, will not use a pak cache.
[2022.05.25-20.24.09:271][  0]LogDerivedDataCache: Unable to find inner node EnterprisePak for hierarchical cache Hierarchy.
[2022.05.25-20.24.09:279][  0]LogDerivedDataCache: Speed tests for C:/Users/r.zuietir/AppData/Local/UnrealEngine/Common/DerivedDataCache took 0.01 seconds
[2022.05.25-20.24.09:280][  0]LogDerivedDataCache: Display: Performance to C:/Users/r.zuietir/AppData/Local/UnrealEngine/Common/DerivedDataCache: Latency=0.03ms. RandomReadSpeed=1467.77MBs, RandomWriteSpeed=119.88MBs. Assigned SpeedClass 'Local'
[2022.05.25-20.24.09:280][  0]LogDerivedDataCache: Using Local data cache path C:/Users/r.zuietir/AppData/Local/UnrealEngine/Common/DerivedDataCache: Writable
[2022.05.25-20.24.09:281][  0]LogDerivedDataCache: Shared data cache path not found in *engine.ini, will not use an Shared cache.
[2022.05.25-20.24.09:281][  0]LogDerivedDataCache: Unable to find inner node Shared for hierarchical cache Hierarchy.
[2022.05.25-20.24.09:324][  0]LogSlate: Using FreeType 2.10.0
[2022.05.25-20.24.09:324][  0]LogSlate: SlateFontServices - WITH_FREETYPE: 1, WITH_HARFBUZZ: 1
[2022.05.25-20.24.09:436][  0]LogInit: Using OS detected language (ru-RU).
[2022.05.25-20.24.09:436][  0]LogInit: Using OS detected locale (ru-UA).
[2022.05.25-20.24.09:436][  0]LogTextLocalizationManager: No localization for 'ru-RU' exists, so 'en' will be used for the language.
[2022.05.25-20.24.09:436][  0]LogTextLocalizationManager: No localization for 'ru-UA' exists, so 'en' will be used for the locale.
[2022.05.25-20.24.09:436][  0]LogSlate: FontCache flush requested. Reason: Culture for localization was changed
[2022.05.25-20.24.09:436][  0]LogSlate: FontCache flush requested. Reason: Culture for localization was changed
[2022.05.25-20.24.09:439][  0]LogAssetRegistry: FAssetRegistry took 0.0014 seconds to start up
[2022.05.25-20.24.09:626][  0]LogTextLocalizationManager: Compacting localization data took   0.01ms
[2022.05.25-20.24.09:626][  0]LogPackageLocalizationCache: Processed 27 localized package path(s) for 1 prioritized culture(s) in 0.000905 seconds
[2022.05.25-20.24.09:701][  0]LogInit: Selected Device Profile: [Windows]
[2022.05.25-20.24.09:702][  0]LogInit: Active device profile: [00000149F0EBBB00][00000149DCF7FA40 49] Windows
[2022.05.25-20.24.09:702][  0]LogInit: Profiles: [00000149F0EBBB00][00000149DCF7FA40 49] Windows, [00000149F0E6C600][00000149DCF7A140 49] WindowsNoEditor, [00000149F0EB8600][00000149DCF86400 49] WindowsServer, [00000149F0E6F500][00000149DCF8A6C0 49] WindowsClient, [00000149F0EBB400][00000149F06D8980 49] IOS, [00000149F0E6CF00][00000149F06DCC40 49] iPadAir, [00000149F0EB8E00][00000149F06E0F00 49] iPadAir2, [00000149F0E2C500][00000149F06F5440 49] IPadPro, [00000149F0E2C600][00000149F06E5480 49] iPadAir3, [00000149F0EBAE00][00000149F06ED740 49] iPadAir4, [00000149F0E2F800][00000149F06E9A00 49] iPadMini2, [00000149F0EB9200][00000149DCF82100 49] iPadMini3, [00000149F0E2D600][00000149F06F0380 49] iPadMini4, [00000149F0EBA700][00000149F06FC640 49] iPadMini5, [00000149F0E23D00][00000149F0710B80 49] iPhone6, [00000149F0E23E00][00000149F0700BC0 49] iPodTouch6, [00000149F0E2F200][00000149F0719100 49] iPhone7, [00000149F0E2F300][00000149F0709140 49] iPodTouch7, [00000149F0E20B00][00000149F070D400 49] iPhone5S, [00000149F0E2E700][00000149F07056C0 49] iPhone6Plus, [00000149F0E22F00][00000149F0715980 49] iPhone6S, [00000149F0E2FE00][00000149F071C0C0 49] iPhone6SPlus, [00000149F0E21200][00000149F06F8340 49] iPhone7Plus, [00000149F0E2D000][00000149F07205C0 49] iPhoneSE, [00000149F0E22800][00000149F0728880 49] iPhone8, [00000149F0E2D700][00000149F072CB40 49] iPhone8Plus, [00000149F0E21900][00000149F0730E00 49] iPhoneX, [00000149F0E2FB00][00000149F07350C0 49] iPhoneXS, [00000149F0E23C00][00000149F0739380 49] iPhoneXSMax, [00000149F0E2DD00][00000149F073D640 49] iPhoneXR, [00000149F0E20700][00000149F0741900 49] iPhone11, [00000149F0E2F700][00000149F0745BC0 49] iPhone11Pro, [00000149F0E23200][00000149F0748300 49] iPhone11ProMax, [00000149F0E2C700][00000149F0724580 49] iPhoneSE2, [00000149F0E21800][00000149F0750840 49] iPhone12Mini, [00000149F0E2CD00][00000149F0754B00 49] iPhone12, [00000149F0E21400][00000149F0758DC0 49] iPhone12Pro, [00000149F0E2D300][00000149F075D080 49] iPhone12ProMax, [00000149F0E23B00][00000149F0761340 49] iPadPro105, [00000149F0E2DE00][00000149F0765600 49] iPadPro129, [00000149F0E22500][00000149F07698C0 49] iPadPro97, [00000149F0E2FF00][00000149F076DB80 49] iPadPro2_129, [00000149F0E20A00][00000149F07702C0 49] iPad5, [00000149F0E2E800][00000149F074C540 49] iPad6, [00000149F0E21A00][00000149F07747C0 49] iPad7, [00000149F0E2DB00][00000149F077CA80 49] iPad8, [00000149F0E21100][00000149F0780D40 49] iPadPro11, [00000149F0E2C100][00000149F0785000 49] iPadPro2_11, [00000149F0E21300][00000149F07892C0 49] iPadPro3_129, [00000149F0E2CB00][00000149F078D580 49] iPadPro4_129, [00000149F0E22400][00000149F0791840 49] AppleTV, [00000149F0E2CA00][00000149F0795B00 49] AppleTV4K, [00000149F0E23500][00000149F0798240 49] TVOS, [00000149F0E2E200][00000149F079C500 49] Mac, [00000149F0E22100][00000149F0778780 49] MacClient, [00000149F0E2EC00][00000149F07A0A00 49] MacNoEditor, [00000149F0E22200][00000149F07A8CC0 49] MacServer, [00000149F0E2C400][00000149F07ACF80 49] Linux, [00000149F0E20100][00000149F07B1240 49] LinuxAArch64, [00000149F0E2D900][00000149F07B5500 49] LinuxNoEditor, [00000149F0E23000][00000149F07B97C0 49] LinuxAArch64NoEditor, [00000149F0E2E400][00000149F07BDA80 49] LinuxClient, [00000149F0E21F00][00000149F07C01C0 49] LinuxAArch64Client, [00000149F0E2DA00][00000149F07C4480 49] LinuxServer, [00000149F0E20E00][00000149F07C8740 49] LinuxAArch64Server, [00000149F0E2E300][00000149F07A49C0 49] Android, [00000149F0EE4F00][00000149F07CCC40 49] Android_Low, [00000149F0E6DC00][00000149DCB26F00 49] Android_Mid, [00000149F0EE4C00][00000149DCB2B1C0 49] Android_High, [00000149F0E6F600][00000149DCB2F480 49] Android_Default, [00000149F0EE5F00][00000149DCB33740 49] Android_Adreno4xx, [00000149F0E6D600][00000149DCB37A00 49] Android_Adreno5xx_Low, [00000149F0EE4700][00000149DCB3A140 49] Android_Adreno5xx, [00000149F0E6DF00][00000149DCB3E400 49] Android_Adreno6xx, [00000149F0EE5500][00000149DCB426C0 49] Android_Adreno6xx_Vulkan, [00000149F0E6E800][00000149DCB46980 49] Android_Mali_T6xx, [00000149F0EE5800][00000149DCB22C00 49] Android_Mali_T7xx, [00000149F0E6CD00][00000149DCB4AE80 49] Android_Mali_T8xx, [00000149F0EE5D00][00000149DCB53140 49] Android_Mali_G71, [00000149F0E6E000][00000149DCB57400 49] Android_Mali_G72, [00000149F0EE5000][00000149DF3ED6C0 49] Android_Mali_G72_Vulkan, [00000149F0E6C200][00000149DF3F1980 49] Android_Mali_G76, [00000149F0EE5C00][00000149DF3F40C0 49] Android_Mali_G76_Vulkan, [00000149F0E6E500][00000149DF3F8380 49] Android_Mali_G77, [00000149F0EE6900][00000149DF3FC640 49] Android_Mali_G77_Vulkan, [00000149F0E6E400][00000149DF400900 49] Android_Mali_G78, [00000149F0EE5100][00000149DF404BC0 49] Android_Mali_G78_Vulkan, [00000149F0E22300][00000149DCB4EE40 49] Android_Mali_G710, [00000149F0E2ED00][00000149DF4090C0 49] Android_Mali_G710_Vulkan, [00000149F0E22C00][00000149DF411380 49] Android_Vulkan_SM5, [00000149F0E6C500][00000149DF415640 49] Android_PowerVR_G6xxx, [00000149F0E22900][00000149DF419900 49] Android_PowerVR_GT7xxx, [00000149F0E2F600][00000149DF41DBC0 49] Android_PowerVR_GE8xxx, [00000149F0EE4600][00000149DF420300 49] Android_PowerVR_GM9xxx, [00000149F0E2CF00][00000149DF4245C0 49] Android_PowerVR_GM9xxx_Vulkan, [00000149F0EE6400][00000149DF428880 49] Android_TegraK1, [00000149F0E2FC00][00000149DF42CB40 49] Android_Unknown_Vulkan, [00000149F0EE4500][00000149DF430E00 49] Lumin, [00000149F0E2F100][00000149DF40D080 49] Lumin_Desktop, [00000149F0EE6500][00000149DF435300 49] HoloLens, 
[2022.05.25-20.24.09:747][  0]LogMeshReduction: Using QuadricMeshReduction for automatic static mesh reduction
[2022.05.25-20.24.09:747][  0]LogMeshReduction: Using SimplygonMeshReduction for automatic skeletal mesh reduction
[2022.05.25-20.24.09:747][  0]LogMeshReduction: Using ProxyLODMeshReduction for automatic mesh merging
[2022.05.25-20.24.09:747][  0]LogMeshReduction: No distributed automatic mesh merging module available
[2022.05.25-20.24.09:747][  0]LogMeshMerging: No distributed automatic mesh merging module available
[2022.05.25-20.24.09:851][  0]LogNetVersion: deadInsideTheDungeon 1.0.0, NetCL: 17155196, EngineNetVer: 17, GameNetVer: 0 (Checksum: 3162280402)
[2022.05.25-20.24.10:095][  0]LogTexture: Default maximum texture size for cubemaps generated from long-lat sources has been changed from 512 to unlimited. In order to preserve old behaiour for '/Engine/MapTemplates/Sky/DaylightAmbientCubemap.DaylightAmbientCubemap', its maximum texture size has been explicitly set to 512.
[2022.05.25-20.24.10:160][  0]LogHMD: PokeAHoleMaterial loaded successfully
[2022.05.25-20.24.10:278][  0]LogMoviePlayer: Initializing movie player
[2022.05.25-20.24.10:384][  0]LogNiagaraDebuggerClient: Niagara Debugger Client Initialized | Session: DA91C6DF4963A9DA81A20D97110A9500 | Instance: 4B7FA35742EDA8D3889B4DB3BFA7D37E (RZUIETIRBOOK-25596).
[2022.05.25-20.24.10:405][  0]LogCollectionManager: Loaded 0 collections in 0.001506 seconds
[2022.05.25-20.24.10:408][  0]LogFileCache: Scanning file cache for directory 'C:/Users/r.zuietir/Documents/GitHub/deadInsideTheDungeon/deadInsideTheDungeon/Saved/Collections/' took 0.00s
[2022.05.25-20.24.10:408][  0]LogFileCache: Scanning file cache for directory 'C:/Users/r.zuietir/Documents/GitHub/deadInsideTheDungeon/deadInsideTheDungeon/Content/Developers/rzuietir/Collections/' took 0.00s
[2022.05.25-20.24.10:408][  0]LogFileCache: Scanning file cache for directory 'C:/Users/r.zuietir/Documents/GitHub/deadInsideTheDungeon/deadInsideTheDungeon/Content/Collections/' took 0.00s
[2022.05.25-20.24.10:408][  0]LogCollectionManager: Fixed up redirectors for 0 collections in 0.000001 seconds (updated 0 objects)
[2022.05.25-20.24.10:510][  0]LogPython: Using Python 3.7.7
[2022.05.25-20.24.10:899][  0]LogTcpMessaging: Initializing TcpMessaging bridge
[2022.05.25-20.24.10:904][  0]LogUdpMessaging: Initializing bridge on interface 0.0.0.0:0 to multicast group 230.0.0.1:6666.
[2022.05.25-20.24.11:005][  0]SourceControl: Source control is disabled
[2022.05.25-20.24.11:005][  0]SourceControl: Source control is disabled
[2022.05.25-20.24.11:009][  0]SourceControl: Source control is disabled
[2022.05.25-20.24.11:019][  0]LogUProjectInfo: Found projects:
[2022.05.25-20.24.11:021][  0]LogVSAccessor: Display: Unable to create Visual Studio setup instance: 80040154
[2022.05.25-20.24.11:022][  0]LogVSAccessor: Display: Unable to create Visual Studio setup instance: 80040154
[2022.05.25-20.24.11:023][  0]LogVSAccessor: Display: Unable to create Visual Studio setup instance: 80040154
[2022.05.25-20.24.11:112][  0]LogOpenImageDenoise: OIDN starting up
[2022.05.25-20.24.11:155][  0]LogAudioCaptureCore: Display: No Audio Capture implementations found. Audio input will be silent.
[2022.05.25-20.24.11:155][  0]LogAudioCaptureCore: Display: No Audio Capture implementations found. Audio input will be silent.
[2022.05.25-20.24.11:178][  0]LogAndroidPermission: UAndroidPermissionCallbackProxy::GetInstance
[2022.05.25-20.24.11:222][  0]LogOcInput: OculusInput pre-init called
[2022.05.25-20.24.11:229][  0]LogUObjectArray: 22121 objects as part of root set at end of initial load.
[2022.05.25-20.24.11:229][  0]LogUObjectAllocator: 5975632 out of 0 bytes used by permanent object pool.
[2022.05.25-20.24.11:229][  0]LogUObjectArray: CloseDisregardForGC: 0/0 objects in disregard for GC pool
[2022.05.25-20.24.11:268][  0]LogEngine: Initializing Engine...
[2022.05.25-20.24.11:270][  0]LogHMD: Failed to enumerate extensions. Please check that you have a valid OpenXR runtime installed.
[2022.05.25-20.24.11:271][  0]LogHMD: Failed to initialize OpenVR with code 110
[2022.05.25-20.24.11:271][  0]LogMagicLeap: Warning: VR disabled because ZI is not enabled.  To enable, in the editor, Edit -> Project Settings -> Plugins -> Magic Leap Plugin -> Enable Zero Iteration
[2022.05.25-20.24.11:272][  0]LogStats: UGameplayTagsManager::InitializeManager -  0.000 s
[2022.05.25-20.24.11:367][  0]LogInit: Initializing FReadOnlyCVARCache
[2022.05.25-20.24.11:368][  0]LogAudio: Display: Initializing Audio Device Manager...
[2022.05.25-20.24.11:372][  0]LogAudio: Display: Loading Default Audio Settings Objects...
[2022.05.25-20.24.11:372][  0]LogAudio: Display: No default SoundConcurrencyObject specified (or failed to load).
[2022.05.25-20.24.11:372][  0]LogAudio: Display: Audio Device Manager Initialized
[2022.05.25-20.24.11:372][  0]LogAudio: Display: Creating Audio Device:                 Id: 1, Scope: Shared, Realtime: True
[2022.05.25-20.24.11:373][  0]LogAudioMixer: Display: Audio Mixer Platform Settings:
[2022.05.25-20.24.11:373][  0]LogAudioMixer: Display: 	Sample Rate:						  48000
[2022.05.25-20.24.11:373][  0]LogAudioMixer: Display: 	Callback Buffer Frame Size Requested: 1024
[2022.05.25-20.24.11:373][  0]LogAudioMixer: Display: 	Callback Buffer Frame Size To Use:	  1024
[2022.05.25-20.24.11:373][  0]LogAudioMixer: Display: 	Number of buffers to queue:			  2
[2022.05.25-20.24.11:373][  0]LogAudioMixer: Display: 	Max Channels (voices):				  32
[2022.05.25-20.24.11:373][  0]LogAudioMixer: Display: 	Number of Async Source Workers:		  0
[2022.05.25-20.24.11:373][  0]LogAudio: Display: AudioDevice MaxSources: 32
[2022.05.25-20.24.11:373][  0]LogAudio: Display: Audio Spatialization Plugin: None (built-in).
[2022.05.25-20.24.11:373][  0]LogAudio: Display: Audio Reverb Plugin: None (built-in).
[2022.05.25-20.24.11:373][  0]LogAudio: Display: Audio Occlusion Plugin: None (built-in).
[2022.05.25-20.24.11:373][  0]LogAudioMixer: Display: Initializing audio mixer.
[2022.05.25-20.24.11:385][  0]LogAudioMixer: Display: 0: FrontLeft
[2022.05.25-20.24.11:385][  0]LogAudioMixer: Display: 1: FrontRight
[2022.05.25-20.24.11:415][  0]LogAudioMixer: Display: Using Audio Device Speaker (Realtek(R) Audio)
[2022.05.25-20.24.11:421][  0]LogAudioMixer: Display: Initializing Sound Submixes...
[2022.05.25-20.24.11:423][  0]LogAudioMixer: Display: Creating Master Submix 'MasterSubmixDefault'
[2022.05.25-20.24.11:423][  0]LogAudioMixer: Display: Creating Master Submix 'MasterReverbSubmixDefault'
[2022.05.25-20.24.11:424][  0]LogAudioMixer: Display: Creating Master Submix 'MasterEQSubmixDefault'
[2022.05.25-20.24.11:424][  0]LogAudioMixer: FMixerPlatformXAudio2::StartAudioStream() called
[2022.05.25-20.24.11:424][  0]LogAudioMixer: Display: Output buffers initialized: Frames=1024, Channels=2, Samples=2048
[2022.05.25-20.24.11:426][  0]LogAudioMixer: Display: Starting AudioMixerPlatformInterface::RunInternal()
[2022.05.25-20.24.11:426][  0]LogAudioMixer: Display: FMixerPlatformXAudio2::SubmitBuffer() called for the first time
[2022.05.25-20.24.11:426][  0]LogInit: FAudioDevice initialized.
[2022.05.25-20.24.11:428][  0]LogNetVersion: Set ProjectVersion to 1.0.0.0. Version Checksum will be recalculated on next use.
[2022.05.25-20.24.11:428][  0]LogInit: Texture streaming: Enabled
[2022.05.25-20.24.11:492][  0]LogAudio: Display: Audio Device (ID: 1) registered with world 'Untitled'.
[2022.05.25-20.24.11:493][  0]LogSlate: Updating window title bar state: overlay mode, drag disabled, window buttons hidden, title bar hidden
[2022.05.25-20.24.11:493][  0]LogInit: Display: Game Engine Initialized.
[2022.05.25-20.24.11:493][  0]LogNiagaraEditor: GEditor isn't valid! Particle reset commands will not work for Niagara components!
[2022.05.25-20.24.11:608][  0]LogInit: Display: Starting Game.
[2022.05.25-20.24.11:608][  0]LogNet: Browse: /Game/ThirdPersonBP/Maps/ThirdPersonExampleMap?Name=Player
[2022.05.25-20.24.11:608][  0]LogLoad: LoadMap: /Game/ThirdPersonBP/Maps/ThirdPersonExampleMap?Name=Player
[2022.05.25-20.24.11:609][  0]LogWorld: BeginTearingDown for /Temp/Untitled_0
[2022.05.25-20.24.11:610][  0]LogWorld: UWorld::CleanupWorld for Untitled, bSessionEnded=true, bCleanupResources=true
[2022.05.25-20.24.11:610][  0]LogSlate: InvalidateAllWidgets triggered.  All widgets were invalidated
[2022.05.25-20.24.11:614][  0]LogAudio: Display: Audio Device unregistered from world 'None'.
[2022.05.25-20.24.11:617][  0]LogUObjectHash: Compacting FUObjectHashTables data took   0.61ms
[2022.05.25-20.24.11:813][  0]LogAudio: Display: Audio Device (ID: 1) registered with world 'ThirdPersonExampleMap'.
[2022.05.25-20.24.11:822][  0]LogAIModule: Creating AISystem for world ThirdPersonExampleMap
[2022.05.25-20.24.11:822][  0]LogLoad: Game class is 'main_menu_game_C'
[2022.05.25-20.24.11:836][  0]LogWorld: Bringing World /Game/ThirdPersonBP/Maps/ThirdPersonExampleMap.ThirdPersonExampleMap up for play (max tick rate 0) at 2022.05.25-23.24.11
[2022.05.25-20.24.11:836][  0]LogWorld: Bringing up level for play took: 0.012954
[2022.05.25-20.24.11:840][  0]LogLoad: Took 0.231858 seconds to LoadMap(/Game/ThirdPersonBP/Maps/ThirdPersonExampleMap)
[2022.05.25-20.24.11:900][  0]LogSlate: Took 0.000188 seconds to synchronously load lazily loaded font '../../../Engine/Content/Slate/Fonts/Roboto-Regular.ttf' (155K)
[2022.05.25-20.24.11:950][  0]LogRenderer: Reallocating scene render targets to support 1280x720 Format 10 NumSamples 1 (Frame:1).
[2022.05.25-20.24.11:950][  0]LogInit: Display: Engine is initialized. Leaving FEngineLoop::Init()
[2022.05.25-20.24.11:950][  0]LogLoad: (Engine Initialization) Total time: 6.19 seconds
[2022.05.25-20.24.11:950][  0]LogLoad: (Engine Initialization) Total Blueprint compile time: 0.00 seconds
[2022.05.25-20.24.11:978][  0]LogContentStreaming: Texture pool size now 1000 MB
[2022.05.25-20.24.11:980][  0]LogSlate: InvalidateAllWidgets triggered.  All widgets were invalidated
[2022.05.25-20.24.12:141][  0]LogRenderer: Reallocating scene render targets to support 128x128 Format 10 NumSamples 1 (Frame:1).
[2022.05.25-20.24.12:173][  0]LogRenderer: Reallocating scene render targets to support 1280x720 Format 10 NumSamples 1 (Frame:2).
[2022.05.25-20.24.12:200][  1]LogSlate: Took 0.000260 seconds to synchronously load lazily loaded font '../../../Engine/Content/Slate/Fonts/Roboto-Regular.ttf' (155K)
[2022.05.25-20.24.18:034][843]LogRHI: Error: Present Fail Count 1
[2022.05.25-20.24.18:034][843]LogRHI: Error: SyncInterval 0
[2022.05.25-20.24.18:034][843]LogRHI: Error: SwapChainDesc.BufferDesc.Width 1280
[2022.05.25-20.24.18:034][843]LogRHI: Error: SwapChainDesc.BufferDesc.Height 720
[2022.05.25-20.24.18:034][843]LogRHI: Error: SwapChainDesc.BufferDesc.RefreshRate.Numerator 0
[2022.05.25-20.24.18:034][843]LogRHI: Error: SwapChainDesc.BufferDesc.RefreshRate.Denominator 0
[2022.05.25-20.24.18:034][843]LogRHI: Error: SwapChainDesc.BufferDesc.Format 24
[2022.05.25-20.24.18:034][843]LogRHI: Error: SwapChainDesc.BufferDesc.ScanlineOrdering 0
[2022.05.25-20.24.18:034][843]LogRHI: Error: SwapChainDesc.BufferDesc.Scaling 0
[2022.05.25-20.24.18:034][843]LogRHI: Error: SwapChainDesc.SampleDesc.Count 1
[2022.05.25-20.24.18:034][843]LogRHI: Error: SwapChainDesc.SampleDesc.Quality 0
[2022.05.25-20.24.18:034][843]LogRHI: Error: SwapChainDesc.BufferUsage 48
[2022.05.25-20.24.18:034][843]LogRHI: Error: SwapChainDesc.BufferCount 2
[2022.05.25-20.24.18:034][843]LogRHI: Error: SwapChainDesc.OutputWindow 0000000000100AF0
[2022.05.25-20.24.18:034][843]LogRHI: Error: SwapChainDesc.Windowed true
[2022.05.25-20.24.18:034][843]LogRHI: Error: SwapChainDesc.SwapEffect 4
[2022.05.25-20.24.18:034][843]LogRHI: Error: SwapChainDesc.Flags 2050
[2022.05.25-20.24.18:325][895]LogRHI: Error: Present Fail Count 1
[2022.05.25-20.24.18:325][895]LogRHI: Error: SyncInterval 0
[2022.05.25-20.24.18:325][895]LogRHI: Error: SwapChainDesc.BufferDesc.Width 1280
[2022.05.25-20.24.18:325][895]LogRHI: Error: SwapChainDesc.BufferDesc.Height 720
[2022.05.25-20.24.18:325][895]LogRHI: Error: SwapChainDesc.BufferDesc.RefreshRate.Numerator 0
[2022.05.25-20.24.18:325][895]LogRHI: Error: SwapChainDesc.BufferDesc.RefreshRate.Denominator 0
[2022.05.25-20.24.18:325][895]LogRHI: Error: SwapChainDesc.BufferDesc.Format 24
[2022.05.25-20.24.18:325][895]LogRHI: Error: SwapChainDesc.BufferDesc.ScanlineOrdering 0
[2022.05.25-20.24.18:325][895]LogRHI: Error: SwapChainDesc.BufferDesc.Scaling 0
[2022.05.25-20.24.18:325][895]LogRHI: Error: SwapChainDesc.SampleDesc.Count 1
[2022.05.25-20.24.18:325][895]LogRHI: Error: SwapChainDesc.SampleDesc.Quality 0
[2022.05.25-20.24.18:325][895]LogRHI: Error: SwapChainDesc.BufferUsage 48
[2022.05.25-20.24.18:325][895]LogRHI: Error: SwapChainDesc.BufferCount 2
[2022.05.25-20.24.18:325][895]LogRHI: Error: SwapChainDesc.OutputWindow 0000000000100AF0
[2022.05.25-20.24.18:325][895]LogRHI: Error: SwapChainDesc.Windowed true
[2022.05.25-20.24.18:325][895]LogRHI: Error: SwapChainDesc.SwapEffect 4
[2022.05.25-20.24.18:325][895]LogRHI: Error: SwapChainDesc.Flags 2050
[2022.05.25-20.24.18:530][899]LogRHI: Error: Present Fail Count 2
[2022.05.25-20.24.18:530][899]LogRHI: Error: SyncInterval 0
[2022.05.25-20.24.18:530][899]LogRHI: Error: SwapChainDesc.BufferDesc.Width 1280
[2022.05.25-20.24.18:530][899]LogRHI: Error: SwapChainDesc.BufferDesc.Height 720
[2022.05.25-20.24.18:530][899]LogRHI: Error: SwapChainDesc.BufferDesc.RefreshRate.Numerator 0
[2022.05.25-20.24.18:530][899]LogRHI: Error: SwapChainDesc.BufferDesc.RefreshRate.Denominator 0
[2022.05.25-20.24.18:530][899]LogRHI: Error: SwapChainDesc.BufferDesc.Format 24
[2022.05.25-20.24.18:530][899]LogRHI: Error: SwapChainDesc.BufferDesc.ScanlineOrdering 0
[2022.05.25-20.24.18:530][899]LogRHI: Error: SwapChainDesc.BufferDesc.Scaling 0
[2022.05.25-20.24.18:530][899]LogRHI: Error: SwapChainDesc.SampleDesc.Count 1
[2022.05.25-20.24.18:530][899]LogRHI: Error: SwapChainDesc.SampleDesc.Quality 0
[2022.05.25-20.24.18:530][899]LogRHI: Error: SwapChainDesc.BufferUsage 48
[2022.05.25-20.24.18:530][899]LogRHI: Error: SwapChainDesc.BufferCount 2
[2022.05.25-20.24.18:530][899]LogRHI: Error: SwapChainDesc.OutputWindow 0000000000100AF0
[2022.05.25-20.24.18:530][899]LogRHI: Error: SwapChainDesc.Windowed true
[2022.05.25-20.24.18:530][899]LogRHI: Error: SwapChainDesc.SwapEffect 4
[2022.05.25-20.24.18:530][899]LogRHI: Error: SwapChainDesc.Flags 2050
[2022.05.25-20.24.18:646][903]LogRHI: Error: Present Fail Count 3
[2022.05.25-20.24.18:646][903]LogRHI: Error: SyncInterval 0
[2022.05.25-20.24.18:646][903]LogRHI: Error: SwapChainDesc.BufferDesc.Width 1280
[2022.05.25-20.24.18:646][903]LogRHI: Error: SwapChainDesc.BufferDesc.Height 720
[2022.05.25-20.24.18:647][903]LogRHI: Error: SwapChainDesc.BufferDesc.RefreshRate.Numerator 0
[2022.05.25-20.24.18:647][903]LogRHI: Error: SwapChainDesc.BufferDesc.RefreshRate.Denominator 0
[2022.05.25-20.24.18:647][903]LogRHI: Error: SwapChainDesc.BufferDesc.Format 24
[2022.05.25-20.24.18:647][903]LogRHI: Error: SwapChainDesc.BufferDesc.ScanlineOrdering 0
[2022.05.25-20.24.18:647][903]LogRHI: Error: SwapChainDesc.BufferDesc.Scaling 0
[2022.05.25-20.24.18:647][903]LogRHI: Error: SwapChainDesc.SampleDesc.Count 1
[2022.05.25-20.24.18:647][903]LogRHI: Error: SwapChainDesc.SampleDesc.Quality 0
[2022.05.25-20.24.18:647][903]LogRHI: Error: SwapChainDesc.BufferUsage 48
[2022.05.25-20.24.18:647][903]LogRHI: Error: SwapChainDesc.BufferCount 2
[2022.05.25-20.24.18:647][903]LogRHI: Error: SwapChainDesc.OutputWindow 0000000000100AF0
[2022.05.25-20.24.18:647][903]LogRHI: Error: SwapChainDesc.Windowed true
[2022.05.25-20.24.18:647][903]LogRHI: Error: SwapChainDesc.SwapEffect 4
[2022.05.25-20.24.18:647][903]LogRHI: Error: SwapChainDesc.Flags 2050
[2022.05.25-20.24.18:668][907]LogRHI: Error: Present Fail Count 4
[2022.05.25-20.24.18:668][907]LogRHI: Error: SyncInterval 0
[2022.05.25-20.24.18:668][907]LogRHI: Error: SwapChainDesc.BufferDesc.Width 1280
[2022.05.25-20.24.18:668][907]LogRHI: Error: SwapChainDesc.BufferDesc.Height 720
[2022.05.25-20.24.18:668][907]LogRHI: Error: SwapChainDesc.BufferDesc.RefreshRate.Numerator 0
[2022.05.25-20.24.18:668][907]LogRHI: Error: SwapChainDesc.BufferDesc.RefreshRate.Denominator 0
[2022.05.25-20.24.18:668][907]LogRHI: Error: SwapChainDesc.BufferDesc.Format 24
[2022.05.25-20.24.18:668][907]LogRHI: Error: SwapChainDesc.BufferDesc.ScanlineOrdering 0
[2022.05.25-20.24.18:668][907]LogRHI: Error: SwapChainDesc.BufferDesc.Scaling 0
[2022.05.25-20.24.18:668][907]LogRHI: Error: SwapChainDesc.SampleDesc.Count 1
[2022.05.25-20.24.18:668][907]LogRHI: Error: SwapChainDesc.SampleDesc.Quality 0
[2022.05.25-20.24.18:668][907]LogRHI: Error: SwapChainDesc.BufferUsage 48
[2022.05.25-20.24.18:668][907]LogRHI: Error: SwapChainDesc.BufferCount 2
[2022.05.25-20.24.18:668][907]LogRHI: Error: SwapChainDesc.OutputWindow 0000000000100AF0
[2022.05.25-20.24.18:668][907]LogRHI: Error: SwapChainDesc.Windowed true
[2022.05.25-20.24.18:668][907]LogRHI: Error: SwapChainDesc.SwapEffect 4
[2022.05.25-20.24.18:668][907]LogRHI: Error: SwapChainDesc.Flags 2050
[2022.05.25-20.24.18:742][911]LogRHI: Error: Present Fail Count 5
[2022.05.25-20.24.18:742][911]LogRHI: Error: SyncInterval 0
[2022.05.25-20.24.18:742][911]LogRHI: Error: SwapChainDesc.BufferDesc.Width 1280
[2022.05.25-20.24.18:742][911]LogRHI: Error: SwapChainDesc.BufferDesc.Height 720
[2022.05.25-20.24.18:742][911]LogRHI: Error: SwapChainDesc.BufferDesc.RefreshRate.Numerator 0
[2022.05.25-20.24.18:742][911]LogRHI: Error: SwapChainDesc.BufferDesc.RefreshRate.Denominator 0
[2022.05.25-20.24.18:742][911]LogRHI: Error: SwapChainDesc.BufferDesc.Format 24
[2022.05.25-20.24.18:742][911]LogRHI: Error: SwapChainDesc.BufferDesc.ScanlineOrdering 0
[2022.05.25-20.24.18:742][911]LogRHI: Error: SwapChainDesc.BufferDesc.Scaling 0
[2022.05.25-20.24.18:742][911]LogRHI: Error: SwapChainDesc.SampleDesc.Count 1
[2022.05.25-20.24.18:742][911]LogRHI: Error: SwapChainDesc.SampleDesc.Quality 0
[2022.05.25-20.24.18:742][911]LogRHI: Error: SwapChainDesc.BufferUsage 48
[2022.05.25-20.24.18:742][911]LogRHI: Error: SwapChainDesc.BufferCount 2
[2022.05.25-20.24.18:742][911]LogRHI: Error: SwapChainDesc.OutputWindow 0000000000100AF0
[2022.05.25-20.24.18:742][911]LogRHI: Error: SwapChainDesc.Windowed true
[2022.05.25-20.24.18:742][911]LogRHI: Error: SwapChainDesc.SwapEffect 4
[2022.05.25-20.24.18:742][911]LogRHI: Error: SwapChainDesc.Flags 2050
[2022.05.25-20.24.18:780][915]LogRHI: Error: Present Fail Count 6
[2022.05.25-20.24.18:780][915]LogRHI: Error: SyncInterval 0
[2022.05.25-20.24.18:780][915]LogRHI: Error: SwapChainDesc.BufferDesc.Width 1280
[2022.05.25-20.24.18:780][915]LogRHI: Error: SwapChainDesc.BufferDesc.Height 720
[2022.05.25-20.24.18:780][915]LogRHI: Error: SwapChainDesc.BufferDesc.RefreshRate.Numerator 0
[2022.05.25-20.24.18:780][915]LogRHI: Error: SwapChainDesc.BufferDesc.RefreshRate.Denominator 0
[2022.05.25-20.24.18:780][915]LogRHI: Error: SwapChainDesc.BufferDesc.Format 24
[2022.05.25-20.24.18:780][915]LogRHI: Error: SwapChainDesc.BufferDesc.ScanlineOrdering 0
[2022.05.25-20.24.18:780][915]LogRHI: Error: SwapChainDesc.BufferDesc.Scaling 0
[2022.05.25-20.24.18:781][915]LogRHI: Error: SwapChainDesc.SampleDesc.Count 1
[2022.05.25-20.24.18:781][915]LogRHI: Error: SwapChainDesc.SampleDesc.Quality 0
[2022.05.25-20.24.18:781][915]LogRHI: Error: SwapChainDesc.BufferUsage 48
[2022.05.25-20.24.18:781][915]LogRHI: Error: SwapChainDesc.BufferCount 2
[2022.05.25-20.24.18:781][915]LogRHI: Error: SwapChainDesc.OutputWindow 0000000000100AF0
[2022.05.25-20.24.18:781][915]LogRHI: Error: SwapChainDesc.Windowed true
[2022.05.25-20.24.18:781][915]LogRHI: Error: SwapChainDesc.SwapEffect 4
[2022.05.25-20.24.18:781][915]LogRHI: Error: SwapChainDesc.Flags 2050
[2022.05.25-20.24.18:802][919]LogRHI: Error: Present Fail Count 7
[2022.05.25-20.24.18:802][919]LogRHI: Error: SyncInterval 0
[2022.05.25-20.24.18:803][919]LogRHI: Error: SwapChainDesc.BufferDesc.Width 1280
[2022.05.25-20.24.18:803][919]LogRHI: Error: SwapChainDesc.BufferDesc.Height 720
[2022.05.25-20.24.18:803][919]LogRHI: Error: SwapChainDesc.BufferDesc.RefreshRate.Numerator 0
[2022.05.25-20.24.18:803][919]LogRHI: Error: SwapChainDesc.BufferDesc.RefreshRate.Denominator 0
[2022.05.25-20.24.18:803][919]LogRHI: Error: SwapChainDesc.BufferDesc.Format 24
[2022.05.25-20.24.18:803][919]LogRHI: Error: SwapChainDesc.BufferDesc.ScanlineOrdering 0
[2022.05.25-20.24.18:803][919]LogRHI: Error: SwapChainDesc.BufferDesc.Scaling 0
[2022.05.25-20.24.18:803][919]LogRHI: Error: SwapChainDesc.SampleDesc.Count 1
[2022.05.25-20.24.18:803][919]LogRHI: Error: SwapChainDesc.SampleDesc.Quality 0
[2022.05.25-20.24.18:803][919]LogRHI: Error: SwapChainDesc.BufferUsage 48
[2022.05.25-20.24.18:803][919]LogRHI: Error: SwapChainDesc.BufferCount 2
[2022.05.25-20.24.18:803][919]LogRHI: Error: SwapChainDesc.OutputWindow 0000000000100AF0
[2022.05.25-20.24.18:803][919]LogRHI: Error: SwapChainDesc.Windowed true
[2022.05.25-20.24.18:803][919]LogRHI: Error: SwapChainDesc.SwapEffect 4
[2022.05.25-20.24.18:803][919]LogRHI: Error: SwapChainDesc.Flags 2050
[2022.05.25-20.24.18:825][922]LogRHI: Error: Present Fail Count 8
[2022.05.25-20.24.18:825][922]LogRHI: Error: SyncInterval 0
[2022.05.25-20.24.18:825][922]LogRHI: Error: SwapChainDesc.BufferDesc.Width 1280
[2022.05.25-20.24.18:826][922]LogRHI: Error: SwapChainDesc.BufferDesc.Height 720
[2022.05.25-20.24.18:826][922]LogRHI: Error: SwapChainDesc.BufferDesc.RefreshRate.Numerator 0
[2022.05.25-20.24.18:826][922]LogRHI: Error: SwapChainDesc.BufferDesc.RefreshRate.Denominator 0
[2022.05.25-20.24.18:826][922]LogRHI: Error: SwapChainDesc.BufferDesc.Format 24
[2022.05.25-20.24.18:826][922]LogRHI: Error: SwapChainDesc.BufferDesc.ScanlineOrdering 0
[2022.05.25-20.24.18:826][922]LogRHI: Error: SwapChainDesc.BufferDesc.Scaling 0
[2022.05.25-20.24.18:826][922]LogRHI: Error: SwapChainDesc.SampleDesc.Count 1
[2022.05.25-20.24.18:826][922]LogRHI: Error: SwapChainDesc.SampleDesc.Quality 0
[2022.05.25-20.24.18:826][922]LogRHI: Error: SwapChainDesc.BufferUsage 48
[2022.05.25-20.24.18:826][922]LogRHI: Error: SwapChainDesc.BufferCount 2
[2022.05.25-20.24.18:826][922]LogRHI: Error: SwapChainDesc.OutputWindow 0000000000100AF0
[2022.05.25-20.24.18:826][922]LogRHI: Error: SwapChainDesc.Windowed true
[2022.05.25-20.24.18:826][922]LogRHI: Error: SwapChainDesc.SwapEffect 4
[2022.05.25-20.24.18:826][922]LogRHI: Error: SwapChainDesc.Flags 2050
[2022.05.25-20.24.18:845][926]LogRHI: Error: Present Fail Count 9
[2022.05.25-20.24.18:845][926]LogRHI: Error: SyncInterval 0
[2022.05.25-20.24.18:845][926]LogRHI: Error: SwapChainDesc.BufferDesc.Width 1280
[2022.05.25-20.24.18:845][926]LogRHI: Error: SwapChainDesc.BufferDesc.Height 720
[2022.05.25-20.24.18:845][926]LogRHI: Error: SwapChainDesc.BufferDesc.RefreshRate.Numerator 0
[2022.05.25-20.24.18:845][926]LogRHI: Error: SwapChainDesc.BufferDesc.RefreshRate.Denominator 0
[2022.05.25-20.24.18:845][926]LogRHI: Error: SwapChainDesc.BufferDesc.Format 24
[2022.05.25-20.24.18:845][926]LogRHI: Error: SwapChainDesc.BufferDesc.ScanlineOrdering 0
[2022.05.25-20.24.18:845][926]LogRHI: Error: SwapChainDesc.BufferDesc.Scaling 0
[2022.05.25-20.24.18:845][926]LogRHI: Error: SwapChainDesc.SampleDesc.Count 1
[2022.05.25-20.24.18:845][926]LogRHI: Error: SwapChainDesc.SampleDesc.Quality 0
[2022.05.25-20.24.18:845][926]LogRHI: Error: SwapChainDesc.BufferUsage 48
[2022.05.25-20.24.18:845][926]LogRHI: Error: SwapChainDesc.BufferCount 2
[2022.05.25-20.24.18:845][926]LogRHI: Error: SwapChainDesc.OutputWindow 0000000000100AF0
[2022.05.25-20.24.18:845][926]LogRHI: Error: SwapChainDesc.Windowed true
[2022.05.25-20.24.18:845][926]LogRHI: Error: SwapChainDesc.SwapEffect 4
[2022.05.25-20.24.18:845][926]LogRHI: Error: SwapChainDesc.Flags 2050
[2022.05.25-20.24.18:870][930]LogRHI: Error: Present Fail Count 10
[2022.05.25-20.24.18:870][930]LogRHI: Error: SyncInterval 0
[2022.05.25-20.24.18:870][930]LogRHI: Error: SwapChainDesc.BufferDesc.Width 1280
[2022.05.25-20.24.18:870][930]LogRHI: Error: SwapChainDesc.BufferDesc.Height 720
[2022.05.25-20.24.18:870][930]LogRHI: Error: SwapChainDesc.BufferDesc.RefreshRate.Numerator 0
[2022.05.25-20.24.18:870][930]LogRHI: Error: SwapChainDesc.BufferDesc.RefreshRate.Denominator 0
[2022.05.25-20.24.18:870][930]LogRHI: Error: SwapChainDesc.BufferDesc.Format 24
[2022.05.25-20.24.18:870][930]LogRHI: Error: SwapChainDesc.BufferDesc.ScanlineOrdering 0
[2022.05.25-20.24.18:870][930]LogRHI: Error: SwapChainDesc.BufferDesc.Scaling 0
[2022.05.25-20.24.18:870][930]LogRHI: Error: SwapChainDesc.SampleDesc.Count 1
[2022.05.25-20.24.18:870][930]LogRHI: Error: SwapChainDesc.SampleDesc.Quality 0
[2022.05.25-20.24.18:870][930]LogRHI: Error: SwapChainDesc.BufferUsage 48
[2022.05.25-20.24.18:870][930]LogRHI: Error: SwapChainDesc.BufferCount 2
[2022.05.25-20.24.18:870][930]LogRHI: Error: SwapChainDesc.OutputWindow 0000000000100AF0
[2022.05.25-20.24.18:870][930]LogRHI: Error: SwapChainDesc.Windowed true
[2022.05.25-20.24.18:870][930]LogRHI: Error: SwapChainDesc.SwapEffect 4
[2022.05.25-20.24.18:870][930]LogRHI: Error: SwapChainDesc.Flags 2050
[2022.05.25-20.24.18:893][934]LogRHI: Error: Present Fail Count 11
[2022.05.25-20.24.18:893][934]LogRHI: Error: SyncInterval 0
[2022.05.25-20.24.18:893][934]LogRHI: Error: SwapChainDesc.BufferDesc.Width 1280
[2022.05.25-20.24.18:893][934]LogRHI: Error: SwapChainDesc.BufferDesc.Height 720
[2022.05.25-20.24.18:893][934]LogRHI: Error: SwapChainDesc.BufferDesc.RefreshRate.Numerator 0
[2022.05.25-20.24.18:893][934]LogRHI: Error: SwapChainDesc.BufferDesc.RefreshRate.Denominator 0
[2022.05.25-20.24.18:893][934]LogRHI: Error: SwapChainDesc.BufferDesc.Format 24
[2022.05.25-20.24.18:893][934]LogRHI: Error: SwapChainDesc.BufferDesc.ScanlineOrdering 0
[2022.05.25-20.24.18:893][934]LogRHI: Error: SwapChainDesc.BufferDesc.Scaling 0
[2022.05.25-20.24.18:893][934]LogRHI: Error: SwapChainDesc.SampleDesc.Count 1
[2022.05.25-20.24.18:893][934]LogRHI: Error: SwapChainDesc.SampleDesc.Quality 0
[2022.05.25-20.24.18:893][934]LogRHI: Error: SwapChainDesc.BufferUsage 48
[2022.05.25-20.24.18:893][934]LogRHI: Error: SwapChainDesc.BufferCount 2
[2022.05.25-20.24.18:893][934]LogRHI: Error: SwapChainDesc.OutputWindow 0000000000100AF0
[2022.05.25-20.24.18:893][934]LogRHI: Error: SwapChainDesc.Windowed true
[2022.05.25-20.24.18:893][934]LogRHI: Error: SwapChainDesc.SwapEffect 4
[2022.05.25-20.24.18:893][934]LogRHI: Error: SwapChainDesc.Flags 2050
[2022.05.25-20.24.18:893][934]LogD3D11RHI: Error: Result failed 
 at D:/Build/++UE4/Sync/Engine/Source/Runtime/Windows/D3D11RHI/Private/D3D11Viewport.cpp:443 
 with error DXGI_ERROR_DEVICE_REMOVED 00000000
[2022.05.25-20.24.18:893][934]LogD3D11RHI: [Aftermath] GDynamicRHI=00000149CD3F7400, GDX11NVAfterMathEnabled=0, Result=0xFFFFFFFF, bDeviceActive=0
[2022.05.25-20.24.18:893][934]LogWindows: Windows GetLastError: Операция успешно завершена. (0)
[2022.05.25-20.24.20:867][934]LogWindows: FPlatformMisc::RequestExit(0)
[2022.05.25-20.24.20:867][934]LogWindows: FPlatformMisc::RequestExitWithStatus(0, 0)
[2022.05.25-20.24.20:867][934]LogCore: Engine exit requested (reason: Win RequestExit)
[2022.05.25-20.24.20:867][934]LogWindows: FPlatformMisc::RequestExit(1)
[2022.05.25-20.24.20:867][934]LogWindows: FPlatformMisc::RequestExitWithStatus(1, 3)
[2022.05.25-20.24.20:867][934]LogCore: Engine exit requested (reason: Win RequestExit; note: exit was already requested)
[2022.05.25-20.24.20:878][934]Log file closed, 05/25/22 23:24:20
