Log file open, 05/25/22 23:33:04
LogWindows: Failed to load 'aqProf.dll' (GetLastError=126)
LogWindows: File 'aqProf.dll' does not exist
LogWindows: Failed to load 'VtuneApi.dll' (GetLastError=126)
LogWindows: File 'VtuneApi.dll' does not exist
LogWindows: Failed to load 'VtuneApi32e.dll' (GetLastError=126)
LogWindows: File 'VtuneApi32e.dll' does not exist
LogConsoleResponse: Display: Failed to find resolution value strings in scalability ini. Falling back to default.
LogConsoleResponse: Display: Failed to find resolution value strings in scalability ini. Falling back to default.
LogInit: Display: Running engine for game: deadInsideTheDungeon
LogPlatformFile: Not using cached read wrapper
LogTaskGraph: Started task graph with 5 named threads and 23 total threads with 3 sets of task threads.
LogStats: Stats thread started at 0.283414
LogICUInternationalization: ICU TimeZone Detection - Raw Offset: +2:00, Platform Override: ''
LogInit: Display: Loading text-based GConfig....
LogPluginManager: Mounting plugin MeshPainting
LogPluginManager: Mounting plugin XGEController
LogPluginManager: Mounting plugin LiveLink
LogPluginManager: Mounting plugin Paper2D
LogPluginManager: Mounting plugin LightPropagationVolume
LogPluginManager: Mounting plugin CameraShakePreviewer
LogPluginManager: Mounting plugin GameplayCameras
LogPluginManager: Mounting plugin AssetManagerEditor
LogPluginManager: Mounting plugin CryptoKeys
LogPluginManager: Mounting plugin CurveEditorTools
LogPluginManager: Mounting plugin DataValidation
LogPluginManager: Mounting plugin GameplayTagsEditor
LogPluginManager: Mounting plugin FacialAnimation
LogPluginManager: Mounting plugin GeometryMode
LogPluginManager: Mounting plugin MaterialAnalyzer
LogPluginManager: Mounting plugin MacGraphicsSwitching
LogPluginManager: Mounting plugin PluginBrowser
LogPluginManager: Mounting plugin MobileLauncherProfileWizard
LogPluginManager: Mounting plugin DatasmithContent
LogPluginManager: Mounting plugin SpeedTreeImporter
LogPluginManager: Mounting plugin VariantManagerContent
LogPluginManager: Mounting plugin AlembicImporter
LogPluginManager: Mounting plugin AutomationUtils
LogPluginManager: Mounting plugin BackChannel
LogPluginManager: Mounting plugin ChaosCloth
LogPluginManager: Mounting plugin ChaosClothEditor
LogPluginManager: Mounting plugin ChaosEditor
LogPluginManager: Mounting plugin ChaosNiagara
LogPluginManager: Mounting plugin ChaosSolverPlugin
LogPluginManager: Mounting plugin CharacterAI
LogPluginManager: Mounting plugin Niagara
LogPluginManager: Mounting plugin GeometryCache
LogPluginManager: Mounting plugin GeometryCollectionPlugin
LogPluginManager: Mounting plugin GeometryProcessing
LogPluginManager: Mounting plugin MotoSynth
LogPluginManager: Mounting plugin OpenImageDenoise
LogPluginManager: Mounting plugin PlatformCrypto
LogPluginManager: Mounting plugin PlanarCut
LogPluginManager: Mounting plugin ProxyLODPlugin
LogPluginManager: Mounting plugin PythonScriptPlugin
LogPluginManager: Mounting plugin AnimationSharing
LogPluginManager: Mounting plugin CLionSourceCodeAccess
LogPluginManager: Mounting plugin CodeLiteSourceCodeAccess
LogPluginManager: Mounting plugin GitSourceControl
LogPluginManager: Mounting plugin KDevelopSourceCodeAccess
LogPluginManager: Mounting plugin NullSourceCodeAccess
LogPluginManager: Mounting plugin PerforceSourceControl
LogPluginManager: Mounting plugin PixWinPlugin
LogPluginManager: Mounting plugin PlasticSourceControl
LogPluginManager: Mounting plugin PluginUtils
LogPluginManager: Mounting plugin PropertyAccessNode
LogPluginManager: Mounting plugin SkeletalReduction
LogPluginManager: Mounting plugin RiderSourceCodeAccess
LogPluginManager: Mounting plugin SubversionSourceControl
LogPluginManager: Mounting plugin TextureFormatOodle
LogPluginManager: Mounting plugin UObjectPlugin
LogPluginManager: Mounting plugin VisualStudioCodeSourceCodeAccess
LogPluginManager: Mounting plugin VisualStudioSourceCodeAccess
LogPluginManager: Mounting plugin XCodeSourceCodeAccess
LogPluginManager: Mounting plugin LuminPlatformFeatures
LogPluginManager: Mounting plugin MagicLeap
LogPluginManager: Mounting plugin MagicLeapLightEstimation
LogPluginManager: Mounting plugin MagicLeapPassableWorld
LogPluginManager: Mounting plugin MLSDK
LogPluginManager: Mounting plugin AndroidMedia
LogPluginManager: Mounting plugin AvfMedia
LogPluginManager: Mounting plugin ImgMedia
LogPluginManager: Mounting plugin MediaCompositing
LogPluginManager: Mounting plugin MediaPlayerEditor
LogPluginManager: Mounting plugin MagicLeapMedia
LogPluginManager: Mounting plugin WmfMedia
LogPluginManager: Mounting plugin WebMMedia
LogPluginManager: Mounting plugin TcpMessaging
LogPluginManager: Mounting plugin UdpMessaging
LogPluginManager: Mounting plugin ActorSequence
LogPluginManager: Mounting plugin LevelSequenceEditor
LogPluginManager: Mounting plugin MatineeToLevelSequence
LogPluginManager: Mounting plugin TemplateSequence
LogPluginManager: Mounting plugin OnlineSubsystem
LogPluginManager: Mounting plugin OnlineSubsystemNull
LogPluginManager: Mounting plugin OnlineSubsystemUtils
LogPluginManager: Mounting plugin LauncherChunkInstaller
LogPluginManager: Mounting plugin ActorLayerUtilities
LogPluginManager: Mounting plugin AndroidDeviceProfileSelector
LogPluginManager: Mounting plugin AndroidMoviePlayer
LogPluginManager: Mounting plugin AndroidPermission
LogPluginManager: Mounting plugin AppleImageUtils
LogPluginManager: Mounting plugin AppleMoviePlayer
LogPluginManager: Mounting plugin ArchVisCharacter
LogPluginManager: Mounting plugin AssetTags
LogPluginManager: Mounting plugin AudioCapture
LogPluginManager: Mounting plugin CableComponent
LogPluginManager: Mounting plugin AudioSynesthesia
LogPluginManager: Mounting plugin ChunkDownloader
LogPluginManager: Mounting plugin CustomMeshComponent
LogPluginManager: Mounting plugin EditableMesh
LogPluginManager: Mounting plugin ExampleDeviceProfileSelector
LogPluginManager: Mounting plugin GoogleCloudMessaging
LogPluginManager: Mounting plugin GooglePAD
LogPluginManager: Mounting plugin ScreenshotTools
LogPluginManager: Mounting plugin IOSDeviceProfileSelector
LogPluginManager: Mounting plugin LinuxDeviceProfileSelector
LogPluginManager: Mounting plugin LocationServicesBPLibrary
LogPluginManager: Mounting plugin MobilePatchingUtils
LogPluginManager: Mounting plugin OpenXREyeTracker
LogPluginManager: Mounting plugin OpenXRHandTracking
LogPluginManager: Mounting plugin PhysXVehicles
LogPluginManager: Mounting plugin PostSplashScreen
LogPluginManager: Mounting plugin OpenXR
LogPluginManager: Mounting plugin ProceduralMeshComponent
LogPluginManager: Mounting plugin PropertyAccessEditor
LogPluginManager: Mounting plugin SignificanceManager
LogPluginManager: Mounting plugin RuntimePhysXCooking
LogPluginManager: Mounting plugin SoundFields
LogPluginManager: Mounting plugin Synthesis
LogPluginManager: Mounting plugin WebMMoviePlayer
LogPluginManager: Mounting plugin WindowsMoviePlayer
LogPluginManager: Mounting plugin Takes
LogPluginManager: Mounting plugin EnvironmentQueryEditor
LogPluginManager: Mounting plugin AISupport
LogPluginManager: Mounting plugin OodleData
LogPluginManager: Mounting plugin OodleNetwork
LogPluginManager: Mounting plugin ContentBrowserClassDataSource
LogPluginManager: Mounting plugin ContentBrowserFileDataSource
LogPluginManager: Mounting plugin ContentBrowserAssetDataSource
LogPluginManager: Mounting plugin OnlineSubsystemGooglePlay
LogPluginManager: Mounting plugin OnlineSubsystemIOS
LogPluginManager: Mounting plugin OculusVR
LogPluginManager: Mounting plugin SteamVR
PixWinPlugin: PIX capture plugin failed to initialize! Check that the process is launched from PIX.
LogInit: Using libcurl 7.55.1-DEV
LogInit:  - built for x86_64-pc-win32
LogInit:  - supports SSL with OpenSSL/1.1.1
LogInit:  - supports HTTP deflate (compression) using libz 1.2.8
LogInit:  - other features:
LogInit:      CURL_VERSION_SSL
LogInit:      CURL_VERSION_LIBZ
LogInit:      CURL_VERSION_IPV6
LogInit:      CURL_VERSION_ASYNCHDNS
LogInit:      CURL_VERSION_LARGEFILE
LogInit:      CURL_VERSION_IDN
LogInit:  CurlRequestOptions (configurable via config and command line):
LogInit:  - bVerifyPeer = true  - Libcurl will verify peer certificate
LogInit:  - bUseHttpProxy = false  - Libcurl will NOT use HTTP proxy
LogInit:  - bDontReuseConnections = false  - Libcurl will reuse connections
LogInit:  - MaxHostConnections = 16  - Libcurl will limit the number of connections to a host
LogInit:  - LocalHostAddr = Default
LogInit:  - BufferSize = 65536
LogOnline: OSS: Creating online subsystem instance for: NULL
LogInit: WinSock: version 1.1 (2.2), MaxSocks=32767, MaxUdp=65467
LogOnline: OSS: TryLoadSubsystemAndSetDefault: Loaded subsystem for module [NULL]
LogOculusPluginWrapper: OculusPlugin initialized successfully
LogHMD: Failed initializing OVRPlugin 1.59.0
LogInit: Build: ++UE4+Release-4.27-CL-18319896
LogInit: Engine Version: 4.27.2-18319896+++UE4+Release-4.27
LogInit: Compatible Engine Version: 4.27.0-17155196+++UE4+Release-4.27
LogInit: Net CL: 17155196
LogInit: OS: Windows 10 (Release 2009) (), CPU: 11th Gen Intel(R) Core(TM) i5-1135G7 @ 2.40GHz, GPU: Intel(R) Iris(R) Xe Graphics
LogInit: Compiled (64-bit): Nov 30 2021 07:12:08
LogInit: Compiled with Visual C++: 19.24.28315.00
LogInit: Build Configuration: Development
LogInit: Branch Name: ++UE4+Release-4.27
LogInit: Command Line:  /Game/ThirdPersonBP/Maps/Main_menu -game -PIEVIACONSOLE -Multiprocess GameUserSettingsINI=C:/Users/r.zuietir/Documents/GitHub/deadInsideTheDungeon/deadInsideTheDungeon/Saved/Config/Windows/PIEGameUserSettings0.ini -MultiprocessSaveConfig -forcepassthrough -messaging -SessionName="Play in Standalone Game" -windowed -ResX=1280 -ResY=720
LogInit: Base Directory: C:/Program Files/Epic Games/UE_4.27/Engine/Binaries/Win64/
LogInit: Allocator: TBB
LogInit: Installed Engine Build: 1
LogDevObjectVersion: Number of dev versions registered: 29
LogDevObjectVersion:   Dev-Blueprints (B0D832E4-1F89-4F0D-ACCF-7EB736FD4AA2): 10
LogDevObjectVersion:   Dev-Build (E1C64328-A22C-4D53-A36C-8E866417BD8C): 0
LogDevObjectVersion:   Dev-Core (375EC13C-06E4-48FB-B500-84F0262A717E): 4
LogDevObjectVersion:   Dev-Editor (E4B068ED-F494-42E9-A231-DA0B2E46BB41): 40
LogDevObjectVersion:   Dev-Framework (CFFC743F-43B0-4480-9391-14DF171D2073): 37
LogDevObjectVersion:   Dev-Mobile (B02B49B5-BB20-44E9-A304-32B752E40360): 3
LogDevObjectVersion:   Dev-Networking (A4E4105C-59A1-49B5-A7C5-40C4547EDFEE): 0
LogDevObjectVersion:   Dev-Online (39C831C9-5AE6-47DC-9A44-9C173E1C8E7C): 0
LogDevObjectVersion:   Dev-Physics (78F01B33-EBEA-4F98-B9B4-84EACCB95AA2): 14
LogDevObjectVersion:   Dev-Platform (6631380F-2D4D-43E0-8009-CF276956A95A): 0
LogDevObjectVersion:   Dev-Rendering (12F88B9F-8875-4AFC-A67C-D90C383ABD29): 45
LogDevObjectVersion:   Dev-Sequencer (7B5AE74C-D270-4C10-A958-57980B212A5A): 13
LogDevObjectVersion:   Dev-VR (D7296918-1DD6-4BDD-9DE2-64A83CC13884): 3
LogDevObjectVersion:   Dev-LoadTimes (C2A15278-BFE7-4AFE-6C17-90FF531DF755): 1
LogDevObjectVersion:   Private-Geometry (6EACA3D4-40EC-4CC1-B786-8BED09428FC5): 3
LogDevObjectVersion:   Dev-AnimPhys (29E575DD-E0A3-4627-9D10-D276232CDCEA): 17
LogDevObjectVersion:   Dev-Anim (AF43A65D-7FD3-4947-9873-3E8ED9C1BB05): 15
LogDevObjectVersion:   Dev-ReflectionCapture (6B266CEC-1EC7-4B8F-A30B-E4D90942FC07): 1
LogDevObjectVersion:   Dev-Automation (0DF73D61-A23F-47EA-B727-89E90C41499A): 1
LogDevObjectVersion:   FortniteMain (601D1886-AC64-4F84-AA16-D3DE0DEAC7D6): 47
LogDevObjectVersion:   FortniteRelease (E7086368-6B23-4C58-8439-1B7016265E91): 1
LogDevObjectVersion:   Dev-Enterprise (9DFFBCD6-494F-0158-E221-12823C92A888): 10
LogDevObjectVersion:   Dev-Niagara (F2AED0AC-9AFE-416F-8664-AA7FFA26D6FC): 1
LogDevObjectVersion:   Dev-Destruction (174F1F0B-B4C6-45A5-B13F-2EE8D0FB917D): 10
LogDevObjectVersion:   Dev-Physics-Ext (35F94A83-E258-406C-A318-09F59610247C): 41
LogDevObjectVersion:   Dev-PhysicsMaterial-Chaos (B68FC16E-8B1B-42E2-B453-215C058844FE): 1
LogDevObjectVersion:   Dev-CineCamera (B2E18506-4273-CFC2-A54E-F4BB758BBA07): 1
LogDevObjectVersion:   Dev-VirtualProduction (64F58936-FD1B-42BA-BA96-7289D5D0FA4E): 1
LogDevObjectVersion:   Dev-MediaFramework (6F0ED827-A609-4895-9C91-998D90180EA4): 2
LogInit: Presizing for max 25165824 objects, including 0 objects not considered by GC, pre-allocating 0 bytes for permanent pool.
LogConfig: Applying CVar settings from Section [/Script/Engine.StreamingSettings] File [C:/Users/r.zuietir/Documents/GitHub/deadInsideTheDungeon/deadInsideTheDungeon/Saved/Config/Windows/Engine.ini]
LogConfig: Setting CVar [[s.MinBulkDataSizeForAsyncLoading:131072]]
LogConfig: Setting CVar [[s.AsyncLoadingThreadEnabled:0]]
LogConfig: Setting CVar [[s.EventDrivenLoaderEnabled:1]]
LogConfig: Setting CVar [[s.WarnIfTimeLimitExceeded:0]]
LogConfig: Setting CVar [[s.TimeLimitExceededMultiplier:1.5]]
LogConfig: Setting CVar [[s.TimeLimitExceededMinTime:0.005]]
LogConfig: Setting CVar [[s.UseBackgroundLevelStreaming:1]]
LogConfig: Setting CVar [[s.PriorityAsyncLoadingExtraTime:15.0]]
LogConfig: Setting CVar [[s.LevelStreamingActorsUpdateTimeLimit:5.0]]
LogConfig: Setting CVar [[s.PriorityLevelStreamingActorsUpdateExtraTime:5.0]]
LogConfig: Setting CVar [[s.LevelStreamingComponentsRegistrationGranularity:10]]
LogConfig: Setting CVar [[s.UnregisterComponentsTimeLimit:1.0]]
LogConfig: Setting CVar [[s.LevelStreamingComponentsUnregistrationGranularity:5]]
LogConfig: Setting CVar [[s.FlushStreamingOnExit:1]]
LogInit: Object subsystem initialized
LogConfig: Setting CVar [[con.DebugEarlyDefault:1]]
LogConfig: Setting CVar [[r.setres:1280x720]]
[2022.05.25-20.33.04:710][  0]LogConfig: Setting CVar [[con.DebugEarlyDefault:1]]
[2022.05.25-20.33.04:710][  0]LogConfig: Setting CVar [[r.setres:1280x720]]
[2022.05.25-20.33.04:710][  0]LogConfig: Applying CVar settings from Section [/Script/Engine.RendererSettings] File [C:/Users/r.zuietir/Documents/GitHub/deadInsideTheDungeon/deadInsideTheDungeon/Saved/Config/Windows/Engine.ini]
[2022.05.25-20.33.04:710][  0]LogConfig: Setting CVar [[r.GPUCrashDebugging:0]]
[2022.05.25-20.33.04:710][  0]LogConfig: Applying CVar settings from Section [/Script/Engine.RendererOverrideSettings] File [C:/Users/r.zuietir/Documents/GitHub/deadInsideTheDungeon/deadInsideTheDungeon/Saved/Config/Windows/Engine.ini]
[2022.05.25-20.33.04:710][  0]LogConfig: Applying CVar settings from Section [/Script/Engine.StreamingSettings] File [C:/Users/r.zuietir/Documents/GitHub/deadInsideTheDungeon/deadInsideTheDungeon/Saved/Config/Windows/Engine.ini]
[2022.05.25-20.33.04:710][  0]LogConfig: Setting CVar [[s.MinBulkDataSizeForAsyncLoading:131072]]
[2022.05.25-20.33.04:710][  0]LogConfig: Setting CVar [[s.AsyncLoadingThreadEnabled:0]]
[2022.05.25-20.33.04:710][  0]LogConfig: Setting CVar [[s.EventDrivenLoaderEnabled:1]]
[2022.05.25-20.33.04:711][  0]LogConfig: Setting CVar [[s.WarnIfTimeLimitExceeded:0]]
[2022.05.25-20.33.04:711][  0]LogConfig: Setting CVar [[s.TimeLimitExceededMultiplier:1.5]]
[2022.05.25-20.33.04:711][  0]LogConfig: Setting CVar [[s.TimeLimitExceededMinTime:0.005]]
[2022.05.25-20.33.04:711][  0]LogConfig: Setting CVar [[s.UseBackgroundLevelStreaming:1]]
[2022.05.25-20.33.04:711][  0]LogConfig: Setting CVar [[s.PriorityAsyncLoadingExtraTime:15.0]]
[2022.05.25-20.33.04:711][  0]LogConfig: Setting CVar [[s.LevelStreamingActorsUpdateTimeLimit:5.0]]
[2022.05.25-20.33.04:711][  0]LogConfig: Setting CVar [[s.PriorityLevelStreamingActorsUpdateExtraTime:5.0]]
[2022.05.25-20.33.04:711][  0]LogConfig: Setting CVar [[s.LevelStreamingComponentsRegistrationGranularity:10]]
[2022.05.25-20.33.04:711][  0]LogConfig: Setting CVar [[s.UnregisterComponentsTimeLimit:1.0]]
[2022.05.25-20.33.04:711][  0]LogConfig: Setting CVar [[s.LevelStreamingComponentsUnregistrationGranularity:5]]
[2022.05.25-20.33.04:711][  0]LogConfig: Setting CVar [[s.FlushStreamingOnExit:1]]
[2022.05.25-20.33.04:711][  0]LogConfig: Applying CVar settings from Section [/Script/Engine.GarbageCollectionSettings] File [C:/Users/r.zuietir/Documents/GitHub/deadInsideTheDungeon/deadInsideTheDungeon/Saved/Config/Windows/Engine.ini]
[2022.05.25-20.33.04:711][  0]LogConfig: Setting CVar [[gc.MaxObjectsNotConsideredByGC:1]]
[2022.05.25-20.33.04:711][  0]LogConfig: Setting CVar [[gc.SizeOfPermanentObjectPool:0]]
[2022.05.25-20.33.04:711][  0]LogConfig: Setting CVar [[gc.FlushStreamingOnGC:0]]
[2022.05.25-20.33.04:711][  0]LogConfig: Setting CVar [[gc.NumRetriesBeforeForcingGC:10]]
[2022.05.25-20.33.04:711][  0]LogConfig: Setting CVar [[gc.AllowParallelGC:1]]
[2022.05.25-20.33.04:711][  0]LogConfig: Setting CVar [[gc.TimeBetweenPurgingPendingKillObjects:61.1]]
[2022.05.25-20.33.04:711][  0]LogConfig: Setting CVar [[gc.MaxObjectsInEditor:25165824]]
[2022.05.25-20.33.04:711][  0]LogConfig: Setting CVar [[gc.IncrementalBeginDestroyEnabled:1]]
[2022.05.25-20.33.04:711][  0]LogConfig: Setting CVar [[gc.CreateGCClusters:1]]
[2022.05.25-20.33.04:711][  0]LogConfig: Setting CVar [[gc.MinGCClusterSize:5]]
[2022.05.25-20.33.04:711][  0]LogConfig: Setting CVar [[gc.ActorClusteringEnabled:0]]
[2022.05.25-20.33.04:711][  0]LogConfig: Setting CVar [[gc.BlueprintClusteringEnabled:0]]
[2022.05.25-20.33.04:711][  0]LogConfig: Setting CVar [[gc.UseDisregardForGCOnDedicatedServers:0]]
[2022.05.25-20.33.04:711][  0]LogConfig: Setting CVar [[gc.MultithreadedDestructionEnabled:1]]
[2022.05.25-20.33.04:711][  0]LogConfig: Applying CVar settings from Section [/Script/Engine.NetworkSettings] File [C:/Users/r.zuietir/Documents/GitHub/deadInsideTheDungeon/deadInsideTheDungeon/Saved/Config/Windows/Engine.ini]
[2022.05.25-20.33.04:711][  0]LogConfig: Applying CVar settings from Section [/Script/UnrealEd.CookerSettings] File [C:/Users/r.zuietir/Documents/GitHub/deadInsideTheDungeon/deadInsideTheDungeon/Saved/Config/Windows/Engine.ini]
[2022.05.25-20.33.04:724][  0]LogConfig: Applying CVar settings from Section [ViewDistanceQuality@3] File [C:/Users/r.zuietir/Documents/GitHub/deadInsideTheDungeon/deadInsideTheDungeon/Saved/Config/Windows/Scalability.ini]
[2022.05.25-20.33.04:724][  0]LogConfig: Setting CVar [[r.SkeletalMeshLODBias:0]]
[2022.05.25-20.33.04:724][  0]LogConfig: Setting CVar [[r.ViewDistanceScale:1.0]]
[2022.05.25-20.33.04:724][  0]LogConfig: Applying CVar settings from Section [AntiAliasingQuality@3] File [C:/Users/r.zuietir/Documents/GitHub/deadInsideTheDungeon/deadInsideTheDungeon/Saved/Config/Windows/Scalability.ini]
[2022.05.25-20.33.04:724][  0]LogConfig: Setting CVar [[r.PostProcessAAQuality:4]]
[2022.05.25-20.33.04:724][  0]LogConfig: Applying CVar settings from Section [ShadowQuality@3] File [C:/Users/r.zuietir/Documents/GitHub/deadInsideTheDungeon/deadInsideTheDungeon/Saved/Config/Windows/Scalability.ini]
[2022.05.25-20.33.04:724][  0]LogConfig: Setting CVar [[r.LightFunctionQuality:1]]
[2022.05.25-20.33.04:724][  0]LogConfig: Setting CVar [[r.ShadowQuality:5]]
[2022.05.25-20.33.04:724][  0]LogConfig: Setting CVar [[r.Shadow.CSM.MaxCascades:10]]
[2022.05.25-20.33.04:724][  0]LogConfig: Setting CVar [[r.Shadow.MaxResolution:2048]]
[2022.05.25-20.33.04:724][  0]LogConfig: Setting CVar [[r.Shadow.MaxCSMResolution:2048]]
[2022.05.25-20.33.04:724][  0]LogConfig: Setting CVar [[r.Shadow.RadiusThreshold:0.01]]
[2022.05.25-20.33.04:724][  0]LogConfig: Setting CVar [[r.Shadow.DistanceScale:1.0]]
[2022.05.25-20.33.04:724][  0]LogConfig: Setting CVar [[r.Shadow.CSM.TransitionScale:1.0]]
[2022.05.25-20.33.04:724][  0]LogConfig: Setting CVar [[r.Shadow.PreShadowResolutionFactor:1.0]]
[2022.05.25-20.33.04:724][  0]LogConfig: Setting CVar [[r.DistanceFieldShadowing:1]]
[2022.05.25-20.33.04:724][  0]LogConfig: Setting CVar [[r.DistanceFieldAO:1]]
[2022.05.25-20.33.04:724][  0]LogConfig: Setting CVar [[r.AOQuality:2]]
[2022.05.25-20.33.04:724][  0]LogConfig: Setting CVar [[r.VolumetricFog:1]]
[2022.05.25-20.33.04:724][  0]LogConfig: Setting CVar [[r.VolumetricFog.GridPixelSize:8]]
[2022.05.25-20.33.04:724][  0]LogConfig: Setting CVar [[r.VolumetricFog.GridSizeZ:128]]
[2022.05.25-20.33.04:724][  0]LogConfig: Setting CVar [[r.VolumetricFog.HistoryMissSupersampleCount:4]]
[2022.05.25-20.33.04:724][  0]LogConfig: Setting CVar [[r.LightMaxDrawDistanceScale:1]]
[2022.05.25-20.33.04:724][  0]LogConfig: Setting CVar [[r.CapsuleShadows:1]]
[2022.05.25-20.33.04:724][  0]LogConfig: Applying CVar settings from Section [PostProcessQuality@3] File [C:/Users/r.zuietir/Documents/GitHub/deadInsideTheDungeon/deadInsideTheDungeon/Saved/Config/Windows/Scalability.ini]
[2022.05.25-20.33.04:724][  0]LogConfig: Setting CVar [[r.MotionBlurQuality:4]]
[2022.05.25-20.33.04:724][  0]LogConfig: Setting CVar [[r.AmbientOcclusionMipLevelFactor:0.4]]
[2022.05.25-20.33.04:724][  0]LogConfig: Setting CVar [[r.AmbientOcclusionMaxQuality:100]]
[2022.05.25-20.33.04:724][  0]LogConfig: Setting CVar [[r.AmbientOcclusionLevels:-1]]
[2022.05.25-20.33.04:724][  0]LogConfig: Setting CVar [[r.AmbientOcclusionRadiusScale:1.0]]
[2022.05.25-20.33.04:725][  0]LogConfig: Setting CVar [[r.DepthOfFieldQuality:2]]
[2022.05.25-20.33.04:725][  0]LogConfig: Setting CVar [[r.RenderTargetPoolMin:400]]
[2022.05.25-20.33.04:725][  0]LogConfig: Setting CVar [[r.LensFlareQuality:2]]
[2022.05.25-20.33.04:725][  0]LogConfig: Setting CVar [[r.SceneColorFringeQuality:1]]
[2022.05.25-20.33.04:725][  0]LogConfig: Setting CVar [[r.EyeAdaptationQuality:2]]
[2022.05.25-20.33.04:725][  0]LogConfig: Setting CVar [[r.BloomQuality:5]]
[2022.05.25-20.33.04:725][  0]LogConfig: Setting CVar [[r.FastBlurThreshold:100]]
[2022.05.25-20.33.04:725][  0]LogConfig: Setting CVar [[r.Upscale.Quality:3]]
[2022.05.25-20.33.04:725][  0]LogConfig: Setting CVar [[r.Tonemapper.GrainQuantization:1]]
[2022.05.25-20.33.04:725][  0]LogConfig: Setting CVar [[r.LightShaftQuality:1]]
[2022.05.25-20.33.04:725][  0]LogConfig: Setting CVar [[r.Filter.SizeScale:1]]
[2022.05.25-20.33.04:725][  0]LogConfig: Setting CVar [[r.Tonemapper.Quality:5]]
[2022.05.25-20.33.04:725][  0]LogConfig: Setting CVar [[r.DOF.Gather.AccumulatorQuality:1        ; higher gathering accumulator quality]]
[2022.05.25-20.33.04:725][  0]LogConfig: Setting CVar [[r.DOF.Gather.PostfilterMethod:1          ; Median3x3 postfilering method]]
[2022.05.25-20.33.04:725][  0]LogConfig: Setting CVar [[r.DOF.Gather.EnableBokehSettings:0       ; no bokeh simulation when gathering]]
[2022.05.25-20.33.04:725][  0]LogConfig: Setting CVar [[r.DOF.Gather.RingCount:4                 ; medium number of samples when gathering]]
[2022.05.25-20.33.04:725][  0]LogConfig: Setting CVar [[r.DOF.Scatter.ForegroundCompositing:1    ; additive foreground scattering]]
[2022.05.25-20.33.04:725][  0]LogConfig: Setting CVar [[r.DOF.Scatter.BackgroundCompositing:2    ; additive background scattering]]
[2022.05.25-20.33.04:725][  0]LogConfig: Setting CVar [[r.DOF.Scatter.EnableBokehSettings:1      ; bokeh simulation when scattering]]
[2022.05.25-20.33.04:725][  0]LogConfig: Setting CVar [[r.DOF.Scatter.MaxSpriteRatio:0.1         ; only a maximum of 10% of scattered bokeh]]
[2022.05.25-20.33.04:725][  0]LogConfig: Setting CVar [[r.DOF.Recombine.Quality:1                ; cheap slight out of focus]]
[2022.05.25-20.33.04:725][  0]LogConfig: Setting CVar [[r.DOF.Recombine.EnableBokehSettings:0    ; no bokeh simulation on slight out of focus]]
[2022.05.25-20.33.04:725][  0]LogConfig: Setting CVar [[r.DOF.TemporalAAQuality:1                ; more stable temporal accumulation]]
[2022.05.25-20.33.04:725][  0]LogConfig: Setting CVar [[r.DOF.Kernel.MaxForegroundRadius:0.025]]
[2022.05.25-20.33.04:725][  0]LogConfig: Setting CVar [[r.DOF.Kernel.MaxBackgroundRadius:0.025]]
[2022.05.25-20.33.04:725][  0]LogConfig: Applying CVar settings from Section [TextureQuality@3] File [C:/Users/r.zuietir/Documents/GitHub/deadInsideTheDungeon/deadInsideTheDungeon/Saved/Config/Windows/Scalability.ini]
[2022.05.25-20.33.04:725][  0]LogConfig: Setting CVar [[r.Streaming.MipBias:0]]
[2022.05.25-20.33.04:725][  0]LogConfig: Setting CVar [[r.Streaming.AmortizeCPUToGPUCopy:0]]
[2022.05.25-20.33.04:725][  0]LogConfig: Setting CVar [[r.Streaming.MaxNumTexturesToStreamPerFrame:0]]
[2022.05.25-20.33.04:725][  0]LogConfig: Setting CVar [[r.Streaming.Boost:1]]
[2022.05.25-20.33.04:725][  0]LogConfig: Setting CVar [[r.MaxAnisotropy:8]]
[2022.05.25-20.33.04:725][  0]LogConfig: Setting CVar [[r.VT.MaxAnisotropy:8]]
[2022.05.25-20.33.04:725][  0]LogConfig: Setting CVar [[r.Streaming.LimitPoolSizeToVRAM:0]]
[2022.05.25-20.33.04:725][  0]LogConfig: Setting CVar [[r.Streaming.PoolSize:1000]]
[2022.05.25-20.33.04:725][  0]LogConfig: Setting CVar [[r.Streaming.MaxEffectiveScreenSize:0]]
[2022.05.25-20.33.04:725][  0]LogConfig: Applying CVar settings from Section [EffectsQuality@3] File [C:/Users/r.zuietir/Documents/GitHub/deadInsideTheDungeon/deadInsideTheDungeon/Saved/Config/Windows/Scalability.ini]
[2022.05.25-20.33.04:725][  0]LogConfig: Setting CVar [[r.TranslucencyLightingVolumeDim:64]]
[2022.05.25-20.33.04:725][  0]LogConfig: Setting CVar [[r.RefractionQuality:2]]
[2022.05.25-20.33.04:725][  0]LogConfig: Setting CVar [[r.SSR.Quality:3]]
[2022.05.25-20.33.04:725][  0]LogConfig: Setting CVar [[r.SSR.HalfResSceneColor:0]]
[2022.05.25-20.33.04:725][  0]LogConfig: Setting CVar [[r.SceneColorFormat:4]]
[2022.05.25-20.33.04:725][  0]LogConfig: Setting CVar [[r.DetailMode:2]]
[2022.05.25-20.33.04:725][  0]LogConfig: Setting CVar [[r.TranslucencyVolumeBlur:1]]
[2022.05.25-20.33.04:725][  0]LogConfig: Setting CVar [[r.MaterialQualityLevel:1 ; High quality]]
[2022.05.25-20.33.04:725][  0]LogConfig: Setting CVar [[r.AnisotropicMaterials:1]]
[2022.05.25-20.33.04:725][  0]LogConfig: Setting CVar [[r.SSS.Scale:1]]
[2022.05.25-20.33.04:725][  0]LogConfig: Setting CVar [[r.SSS.SampleSet:2]]
[2022.05.25-20.33.04:725][  0]LogConfig: Setting CVar [[r.SSS.Quality:1]]
[2022.05.25-20.33.04:725][  0]LogConfig: Setting CVar [[r.SSS.HalfRes:0]]
[2022.05.25-20.33.04:725][  0]LogConfig: Setting CVar [[r.SSGI.Quality:3]]
[2022.05.25-20.33.04:725][  0]LogConfig: Setting CVar [[r.EmitterSpawnRateScale:1.0]]
[2022.05.25-20.33.04:725][  0]LogConfig: Setting CVar [[r.ParticleLightQuality:2]]
[2022.05.25-20.33.04:725][  0]LogConfig: Setting CVar [[r.SkyAtmosphere.AerialPerspectiveLUT.FastApplyOnOpaque:1 ; Always have FastSkyLUT 1 in this case to avoid wrong sky]]
[2022.05.25-20.33.04:725][  0]LogConfig: Setting CVar [[r.SkyAtmosphere.AerialPerspectiveLUT.SampleCountMaxPerSlice:4]]
[2022.05.25-20.33.04:725][  0]LogConfig: Setting CVar [[r.SkyAtmosphere.AerialPerspectiveLUT.DepthResolution:16.0]]
[2022.05.25-20.33.04:725][  0]LogConfig: Setting CVar [[r.SkyAtmosphere.FastSkyLUT:1]]
[2022.05.25-20.33.04:725][  0]LogConfig: Setting CVar [[r.SkyAtmosphere.FastSkyLUT.SampleCountMin:4.0]]
[2022.05.25-20.33.04:725][  0]LogConfig: Setting CVar [[r.SkyAtmosphere.FastSkyLUT.SampleCountMax:128.0]]
[2022.05.25-20.33.04:725][  0]LogConfig: Setting CVar [[r.SkyAtmosphere.SampleCountMin:4.0]]
[2022.05.25-20.33.04:725][  0]LogConfig: Setting CVar [[r.SkyAtmosphere.SampleCountMax:128.0]]
[2022.05.25-20.33.04:725][  0]LogConfig: Setting CVar [[r.SkyAtmosphere.TransmittanceLUT.UseSmallFormat:0]]
[2022.05.25-20.33.04:725][  0]LogConfig: Setting CVar [[r.SkyAtmosphere.TransmittanceLUT.SampleCount:10.0]]
[2022.05.25-20.33.04:725][  0]LogConfig: Setting CVar [[r.SkyAtmosphere.MultiScatteringLUT.SampleCount:15.0]]
[2022.05.25-20.33.04:725][  0]LogConfig: Setting CVar [[r.SkyLight.RealTimeReflectionCapture:1]]
[2022.05.25-20.33.04:725][  0]LogConfig: Applying CVar settings from Section [FoliageQuality@3] File [C:/Users/r.zuietir/Documents/GitHub/deadInsideTheDungeon/deadInsideTheDungeon/Saved/Config/Windows/Scalability.ini]
[2022.05.25-20.33.04:725][  0]LogConfig: Setting CVar [[foliage.DensityScale:1.0]]
[2022.05.25-20.33.04:725][  0]LogConfig: Setting CVar [[grass.DensityScale:1.0]]
[2022.05.25-20.33.04:725][  0]LogConfig: Applying CVar settings from Section [ShadingQuality@3] File [C:/Users/r.zuietir/Documents/GitHub/deadInsideTheDungeon/deadInsideTheDungeon/Saved/Config/Windows/Scalability.ini]
[2022.05.25-20.33.04:725][  0]LogConfig: Setting CVar [[r.HairStrands.SkyLighting.IntegrationType:2]]
[2022.05.25-20.33.04:725][  0]LogConfig: Setting CVar [[r.HairStrands.SkyAO.SampleCount:4]]
[2022.05.25-20.33.04:725][  0]LogConfig: Setting CVar [[r.HairStrands.Visibility.MSAA.SamplePerPixel:4]]
[2022.05.25-20.33.04:725][  0]LogInit: Selected Device Profile: [Windows]
[2022.05.25-20.33.04:725][  0]LogInit: Applying CVar settings loaded from the selected device profile: [Windows]
[2022.05.25-20.33.04:725][  0]LogHAL: Display: Platform has ~ 16 GB [16934494208 / 17179869184 / 16], which maps to Larger [LargestMinGB=32, LargerMinGB=12, DefaultMinGB=8, SmallerMinGB=6, SmallestMinGB=0)
[2022.05.25-20.33.04:725][  0]LogInit: Going up to parent DeviceProfile []
[2022.05.25-20.33.04:726][  0]LogConfig: Applying CVar settings from Section [ViewDistanceQuality@3] File [C:/Users/r.zuietir/Documents/GitHub/deadInsideTheDungeon/deadInsideTheDungeon/Saved/Config/Windows/Scalability.ini]
[2022.05.25-20.33.04:726][  0]LogConfig: Setting CVar [[r.SkeletalMeshLODBias:0]]
[2022.05.25-20.33.04:726][  0]LogConfig: Setting CVar [[r.ViewDistanceScale:1.0]]
[2022.05.25-20.33.04:726][  0]LogConfig: Applying CVar settings from Section [AntiAliasingQuality@3] File [C:/Users/r.zuietir/Documents/GitHub/deadInsideTheDungeon/deadInsideTheDungeon/Saved/Config/Windows/Scalability.ini]
[2022.05.25-20.33.04:726][  0]LogConfig: Setting CVar [[r.PostProcessAAQuality:4]]
[2022.05.25-20.33.04:726][  0]LogConfig: Applying CVar settings from Section [ShadowQuality@3] File [C:/Users/r.zuietir/Documents/GitHub/deadInsideTheDungeon/deadInsideTheDungeon/Saved/Config/Windows/Scalability.ini]
[2022.05.25-20.33.04:726][  0]LogConfig: Setting CVar [[r.LightFunctionQuality:1]]
[2022.05.25-20.33.04:726][  0]LogConfig: Setting CVar [[r.ShadowQuality:5]]
[2022.05.25-20.33.04:726][  0]LogConfig: Setting CVar [[r.Shadow.CSM.MaxCascades:10]]
[2022.05.25-20.33.04:726][  0]LogConfig: Setting CVar [[r.Shadow.MaxResolution:2048]]
[2022.05.25-20.33.04:726][  0]LogConfig: Setting CVar [[r.Shadow.MaxCSMResolution:2048]]
[2022.05.25-20.33.04:726][  0]LogConfig: Setting CVar [[r.Shadow.RadiusThreshold:0.01]]
[2022.05.25-20.33.04:726][  0]LogConfig: Setting CVar [[r.Shadow.DistanceScale:1.0]]
[2022.05.25-20.33.04:726][  0]LogConfig: Setting CVar [[r.Shadow.CSM.TransitionScale:1.0]]
[2022.05.25-20.33.04:726][  0]LogConfig: Setting CVar [[r.Shadow.PreShadowResolutionFactor:1.0]]
[2022.05.25-20.33.04:726][  0]LogConfig: Setting CVar [[r.DistanceFieldShadowing:1]]
[2022.05.25-20.33.04:726][  0]LogConfig: Setting CVar [[r.DistanceFieldAO:1]]
[2022.05.25-20.33.04:726][  0]LogConfig: Setting CVar [[r.AOQuality:2]]
[2022.05.25-20.33.04:726][  0]LogConfig: Setting CVar [[r.VolumetricFog:1]]
[2022.05.25-20.33.04:726][  0]LogConfig: Setting CVar [[r.VolumetricFog.GridPixelSize:8]]
[2022.05.25-20.33.04:726][  0]LogConfig: Setting CVar [[r.VolumetricFog.GridSizeZ:128]]
[2022.05.25-20.33.04:726][  0]LogConfig: Setting CVar [[r.VolumetricFog.HistoryMissSupersampleCount:4]]
[2022.05.25-20.33.04:726][  0]LogConfig: Setting CVar [[r.LightMaxDrawDistanceScale:1]]
[2022.05.25-20.33.04:726][  0]LogConfig: Setting CVar [[r.CapsuleShadows:1]]
[2022.05.25-20.33.04:726][  0]LogConfig: Applying CVar settings from Section [PostProcessQuality@3] File [C:/Users/r.zuietir/Documents/GitHub/deadInsideTheDungeon/deadInsideTheDungeon/Saved/Config/Windows/Scalability.ini]
[2022.05.25-20.33.04:726][  0]LogConfig: Setting CVar [[r.MotionBlurQuality:4]]
[2022.05.25-20.33.04:726][  0]LogConfig: Setting CVar [[r.AmbientOcclusionMipLevelFactor:0.4]]
[2022.05.25-20.33.04:726][  0]LogConfig: Setting CVar [[r.AmbientOcclusionMaxQuality:100]]
[2022.05.25-20.33.04:726][  0]LogConfig: Setting CVar [[r.AmbientOcclusionLevels:-1]]
[2022.05.25-20.33.04:726][  0]LogConfig: Setting CVar [[r.AmbientOcclusionRadiusScale:1.0]]
[2022.05.25-20.33.04:726][  0]LogConfig: Setting CVar [[r.DepthOfFieldQuality:2]]
[2022.05.25-20.33.04:726][  0]LogConfig: Setting CVar [[r.RenderTargetPoolMin:400]]
[2022.05.25-20.33.04:726][  0]LogConfig: Setting CVar [[r.LensFlareQuality:2]]
[2022.05.25-20.33.04:726][  0]LogConfig: Setting CVar [[r.SceneColorFringeQuality:1]]
[2022.05.25-20.33.04:726][  0]LogConfig: Setting CVar [[r.EyeAdaptationQuality:2]]
[2022.05.25-20.33.04:726][  0]LogConfig: Setting CVar [[r.BloomQuality:5]]
[2022.05.25-20.33.04:726][  0]LogConfig: Setting CVar [[r.FastBlurThreshold:100]]
[2022.05.25-20.33.04:726][  0]LogConfig: Setting CVar [[r.Upscale.Quality:3]]
[2022.05.25-20.33.04:726][  0]LogConfig: Setting CVar [[r.Tonemapper.GrainQuantization:1]]
[2022.05.25-20.33.04:726][  0]LogConfig: Setting CVar [[r.LightShaftQuality:1]]
[2022.05.25-20.33.04:726][  0]LogConfig: Setting CVar [[r.Filter.SizeScale:1]]
[2022.05.25-20.33.04:726][  0]LogConfig: Setting CVar [[r.Tonemapper.Quality:5]]
[2022.05.25-20.33.04:726][  0]LogConfig: Setting CVar [[r.DOF.Gather.AccumulatorQuality:1        ; higher gathering accumulator quality]]
[2022.05.25-20.33.04:726][  0]LogConfig: Setting CVar [[r.DOF.Gather.PostfilterMethod:1          ; Median3x3 postfilering method]]
[2022.05.25-20.33.04:726][  0]LogConfig: Setting CVar [[r.DOF.Gather.EnableBokehSettings:0       ; no bokeh simulation when gathering]]
[2022.05.25-20.33.04:726][  0]LogConfig: Setting CVar [[r.DOF.Gather.RingCount:4                 ; medium number of samples when gathering]]
[2022.05.25-20.33.04:726][  0]LogConfig: Setting CVar [[r.DOF.Scatter.ForegroundCompositing:1    ; additive foreground scattering]]
[2022.05.25-20.33.04:726][  0]LogConfig: Setting CVar [[r.DOF.Scatter.BackgroundCompositing:2    ; additive background scattering]]
[2022.05.25-20.33.04:726][  0]LogConfig: Setting CVar [[r.DOF.Scatter.EnableBokehSettings:1      ; bokeh simulation when scattering]]
[2022.05.25-20.33.04:726][  0]LogConfig: Setting CVar [[r.DOF.Scatter.MaxSpriteRatio:0.1         ; only a maximum of 10% of scattered bokeh]]
[2022.05.25-20.33.04:726][  0]LogConfig: Setting CVar [[r.DOF.Recombine.Quality:1                ; cheap slight out of focus]]
[2022.05.25-20.33.04:726][  0]LogConfig: Setting CVar [[r.DOF.Recombine.EnableBokehSettings:0    ; no bokeh simulation on slight out of focus]]
[2022.05.25-20.33.04:726][  0]LogConfig: Setting CVar [[r.DOF.TemporalAAQuality:1                ; more stable temporal accumulation]]
[2022.05.25-20.33.04:726][  0]LogConfig: Setting CVar [[r.DOF.Kernel.MaxForegroundRadius:0.025]]
[2022.05.25-20.33.04:726][  0]LogConfig: Setting CVar [[r.DOF.Kernel.MaxBackgroundRadius:0.025]]
[2022.05.25-20.33.04:726][  0]LogConfig: Applying CVar settings from Section [TextureQuality@3] File [C:/Users/r.zuietir/Documents/GitHub/deadInsideTheDungeon/deadInsideTheDungeon/Saved/Config/Windows/Scalability.ini]
[2022.05.25-20.33.04:726][  0]LogConfig: Setting CVar [[r.Streaming.MipBias:0]]
[2022.05.25-20.33.04:726][  0]LogConfig: Setting CVar [[r.Streaming.AmortizeCPUToGPUCopy:0]]
[2022.05.25-20.33.04:726][  0]LogConfig: Setting CVar [[r.Streaming.MaxNumTexturesToStreamPerFrame:0]]
[2022.05.25-20.33.04:726][  0]LogConfig: Setting CVar [[r.Streaming.Boost:1]]
[2022.05.25-20.33.04:726][  0]LogConfig: Setting CVar [[r.MaxAnisotropy:8]]
[2022.05.25-20.33.04:726][  0]LogConfig: Setting CVar [[r.VT.MaxAnisotropy:8]]
[2022.05.25-20.33.04:727][  0]LogConfig: Setting CVar [[r.Streaming.LimitPoolSizeToVRAM:0]]
[2022.05.25-20.33.04:727][  0]LogConfig: Setting CVar [[r.Streaming.PoolSize:1000]]
[2022.05.25-20.33.04:727][  0]LogConfig: Setting CVar [[r.Streaming.MaxEffectiveScreenSize:0]]
[2022.05.25-20.33.04:727][  0]LogConfig: Applying CVar settings from Section [EffectsQuality@3] File [C:/Users/r.zuietir/Documents/GitHub/deadInsideTheDungeon/deadInsideTheDungeon/Saved/Config/Windows/Scalability.ini]
[2022.05.25-20.33.04:727][  0]LogConfig: Setting CVar [[r.TranslucencyLightingVolumeDim:64]]
[2022.05.25-20.33.04:727][  0]LogConfig: Setting CVar [[r.RefractionQuality:2]]
[2022.05.25-20.33.04:727][  0]LogConfig: Setting CVar [[r.SSR.Quality:3]]
[2022.05.25-20.33.04:727][  0]LogConfig: Setting CVar [[r.SSR.HalfResSceneColor:0]]
[2022.05.25-20.33.04:727][  0]LogConfig: Setting CVar [[r.SceneColorFormat:4]]
[2022.05.25-20.33.04:727][  0]LogConfig: Setting CVar [[r.DetailMode:2]]
[2022.05.25-20.33.04:727][  0]LogConfig: Setting CVar [[r.TranslucencyVolumeBlur:1]]
[2022.05.25-20.33.04:727][  0]LogConfig: Setting CVar [[r.MaterialQualityLevel:1 ; High quality]]
[2022.05.25-20.33.04:727][  0]LogConfig: Setting CVar [[r.AnisotropicMaterials:1]]
[2022.05.25-20.33.04:727][  0]LogConfig: Setting CVar [[r.SSS.Scale:1]]
[2022.05.25-20.33.04:727][  0]LogConfig: Setting CVar [[r.SSS.SampleSet:2]]
[2022.05.25-20.33.04:727][  0]LogConfig: Setting CVar [[r.SSS.Quality:1]]
[2022.05.25-20.33.04:727][  0]LogConfig: Setting CVar [[r.SSS.HalfRes:0]]
[2022.05.25-20.33.04:727][  0]LogConfig: Setting CVar [[r.SSGI.Quality:3]]
[2022.05.25-20.33.04:727][  0]LogConfig: Setting CVar [[r.EmitterSpawnRateScale:1.0]]
[2022.05.25-20.33.04:727][  0]LogConfig: Setting CVar [[r.ParticleLightQuality:2]]
[2022.05.25-20.33.04:727][  0]LogConfig: Setting CVar [[r.SkyAtmosphere.AerialPerspectiveLUT.FastApplyOnOpaque:1 ; Always have FastSkyLUT 1 in this case to avoid wrong sky]]
[2022.05.25-20.33.04:727][  0]LogConfig: Setting CVar [[r.SkyAtmosphere.AerialPerspectiveLUT.SampleCountMaxPerSlice:4]]
[2022.05.25-20.33.04:727][  0]LogConfig: Setting CVar [[r.SkyAtmosphere.AerialPerspectiveLUT.DepthResolution:16.0]]
[2022.05.25-20.33.04:727][  0]LogConfig: Setting CVar [[r.SkyAtmosphere.FastSkyLUT:1]]
[2022.05.25-20.33.04:727][  0]LogConfig: Setting CVar [[r.SkyAtmosphere.FastSkyLUT.SampleCountMin:4.0]]
[2022.05.25-20.33.04:727][  0]LogConfig: Setting CVar [[r.SkyAtmosphere.FastSkyLUT.SampleCountMax:128.0]]
[2022.05.25-20.33.04:727][  0]LogConfig: Setting CVar [[r.SkyAtmosphere.SampleCountMin:4.0]]
[2022.05.25-20.33.04:727][  0]LogConfig: Setting CVar [[r.SkyAtmosphere.SampleCountMax:128.0]]
[2022.05.25-20.33.04:727][  0]LogConfig: Setting CVar [[r.SkyAtmosphere.TransmittanceLUT.UseSmallFormat:0]]
[2022.05.25-20.33.04:727][  0]LogConfig: Setting CVar [[r.SkyAtmosphere.TransmittanceLUT.SampleCount:10.0]]
[2022.05.25-20.33.04:727][  0]LogConfig: Setting CVar [[r.SkyAtmosphere.MultiScatteringLUT.SampleCount:15.0]]
[2022.05.25-20.33.04:727][  0]LogConfig: Setting CVar [[r.SkyLight.RealTimeReflectionCapture:1]]
[2022.05.25-20.33.04:727][  0]LogConfig: Applying CVar settings from Section [FoliageQuality@3] File [C:/Users/r.zuietir/Documents/GitHub/deadInsideTheDungeon/deadInsideTheDungeon/Saved/Config/Windows/Scalability.ini]
[2022.05.25-20.33.04:727][  0]LogConfig: Setting CVar [[foliage.DensityScale:1.0]]
[2022.05.25-20.33.04:727][  0]LogConfig: Setting CVar [[grass.DensityScale:1.0]]
[2022.05.25-20.33.04:727][  0]LogConfig: Applying CVar settings from Section [ShadingQuality@3] File [C:/Users/r.zuietir/Documents/GitHub/deadInsideTheDungeon/deadInsideTheDungeon/Saved/Config/Windows/Scalability.ini]
[2022.05.25-20.33.04:727][  0]LogConfig: Setting CVar [[r.HairStrands.SkyLighting.IntegrationType:2]]
[2022.05.25-20.33.04:727][  0]LogConfig: Setting CVar [[r.HairStrands.SkyAO.SampleCount:4]]
[2022.05.25-20.33.04:727][  0]LogConfig: Setting CVar [[r.HairStrands.Visibility.MSAA.SamplePerPixel:4]]
[2022.05.25-20.33.04:727][  0]LogConfig: Applying CVar settings from Section [Startup] File [../../../Engine/Config/ConsoleVariables.ini]
[2022.05.25-20.33.04:727][  0]LogConfig: Setting CVar [[net.UseAdaptiveNetUpdateFrequency:0]]
[2022.05.25-20.33.04:727][  0]LogConfig: Setting CVar [[p.chaos.AllowCreatePhysxBodies:1]]
[2022.05.25-20.33.04:727][  0]LogConfig: Setting CVar [[fx.SkipVectorVMBackendOptimizations:1]]
[2022.05.25-20.33.04:727][  0]LogConfig: Applying CVar settings from Section [ConsoleVariables] File [C:/Users/r.zuietir/Documents/GitHub/deadInsideTheDungeon/deadInsideTheDungeon/Saved/Config/Windows/Engine.ini]
[2022.05.25-20.33.04:727][  0]LogConfig: Applying CVar settings from Section [ConsoleVariables] File [C:/Users/r.zuietir/Documents/GitHub/deadInsideTheDungeon/deadInsideTheDungeon/Saved/Config/Windows/Editor.ini]
[2022.05.25-20.33.04:727][  0]LogInit: Computer: RZUIETIRBOOK
[2022.05.25-20.33.04:727][  0]LogInit: User: rzuietir
[2022.05.25-20.33.04:728][  0]LogInit: CPU Page size=4096, Cores=4
[2022.05.25-20.33.04:728][  0]LogInit: High frequency timer resolution =10.000000 MHz
[2022.05.25-20.33.04:728][  0]LogMemory: Memory total: Physical=15.8GB (16GB approx)
[2022.05.25-20.33.04:728][  0]LogMemory: Platform Memory Stats for Windows
[2022.05.25-20.33.04:728][  0]LogMemory: Process Physical Memory: 143.12 MB used, 143.13 MB peak
[2022.05.25-20.33.04:728][  0]LogMemory: Process Virtual Memory: 126.81 MB used, 126.81 MB peak
[2022.05.25-20.33.04:728][  0]LogMemory: Physical Memory: 11923.22 MB used,  4226.77 MB free, 16149.99 MB total
[2022.05.25-20.33.04:728][  0]LogMemory: Virtual Memory: 134203552.00 MB used,  14173.30 MB free, 134217728.00 MB total
[2022.05.25-20.33.04:736][  0]LogWindows: WindowsPlatformFeatures enabled
[2022.05.25-20.33.04:807][  0]LogInit: Physics initialised using underlying interface: PhysX
[2022.05.25-20.33.04:807][  0]LogInit: Using OS detected language (ru-RU).
[2022.05.25-20.33.04:807][  0]LogInit: Using OS detected locale (ru-UA).
[2022.05.25-20.33.04:811][  0]LogTextLocalizationManager: No specific localization for 'ru-RU' exists, so the 'ru' localization will be used.
[2022.05.25-20.33.04:815][  0]LogTextLocalizationResource: LocRes '../../../Engine/Content/Localization/Editor/ru/Editor.locres' could not be opened for reading!
[2022.05.25-20.33.04:815][  0]LogTextLocalizationResource: LocRes '../../../Engine/Content/Localization/EditorTutorials/ru/EditorTutorials.locres' could not be opened for reading!
[2022.05.25-20.33.04:815][  0]LogTextLocalizationResource: LocRes '../../../Engine/Content/Localization/Keywords/ru/Keywords.locres' could not be opened for reading!
[2022.05.25-20.33.04:815][  0]LogTextLocalizationResource: LocRes '../../../Engine/Content/Localization/Category/ru/Category.locres' could not be opened for reading!
[2022.05.25-20.33.04:816][  0]LogTextLocalizationResource: LocRes '../../../Engine/Content/Localization/ToolTips/ru/ToolTips.locres' could not be opened for reading!
[2022.05.25-20.33.04:816][  0]LogTextLocalizationResource: LocRes '../../../Engine/Content/Localization/PropertyNames/ru/PropertyNames.locres' could not be opened for reading!
[2022.05.25-20.33.04:816][  0]LogTextLocalizationResource: LocRes '../../../Engine/Content/Localization/Engine/ru/Engine.locres' could not be opened for reading!
[2022.05.25-20.33.04:842][  0]LogWindowsTextInputMethodSystem: Display: IME system deactivated.
[2022.05.25-20.33.04:877][  0]LogSlate: New Slate User Created.  User Index 0, Is Virtual User: 0
[2022.05.25-20.33.04:877][  0]LogSlate: Slate User Registered.  User Index 0, Is Virtual User: 0
[2022.05.25-20.33.04:892][  0]LogD3D11RHI: Loaded GFSDK_Aftermath_Lib.x64.dll
[2022.05.25-20.33.04:961][  0]LogHMD: Failed to initialize OpenVR with code 110
[2022.05.25-20.33.04:961][  0]LogD3D11RHI: D3D11 min allowed feature level: 11_0
[2022.05.25-20.33.04:961][  0]LogD3D11RHI: D3D11 max allowed feature level: 11_0
[2022.05.25-20.33.04:961][  0]LogD3D11RHI: D3D11 adapters:
[2022.05.25-20.33.05:055][  0]LogD3D11RHI:    0. 'NVIDIA GeForce GTX 1650 Ti with Max-Q Design' (Feature Level 11_0)
[2022.05.25-20.33.05:055][  0]LogD3D11RHI:       3964/0/8074 MB DedicatedVideo/DedicatedSystem/SharedSystem, Outputs:1, VendorId:0x10de
[2022.05.25-20.33.05:088][  0]LogD3D11RHI:    1. 'Intel(R) Iris(R) Xe Graphics' (Feature Level 11_0)
[2022.05.25-20.33.05:088][  0]LogD3D11RHI:       128/0/8074 MB DedicatedVideo/DedicatedSystem/SharedSystem, Outputs:0, VendorId:0x8086
[2022.05.25-20.33.05:090][  0]LogD3D11RHI:    2. 'Microsoft Basic Render Driver' (Feature Level 11_0)
[2022.05.25-20.33.05:090][  0]LogD3D11RHI:       0/0/8074 MB DedicatedVideo/DedicatedSystem/SharedSystem, Outputs:0, VendorId:0x1414
[2022.05.25-20.33.05:090][  0]LogD3D11RHI: Chosen D3D11 Adapter:
[2022.05.25-20.33.05:090][  0]LogD3D11RHI:     Description : NVIDIA GeForce GTX 1650 Ti with Max-Q Design
[2022.05.25-20.33.05:090][  0]LogD3D11RHI:     VendorId    : 10de
[2022.05.25-20.33.05:090][  0]LogD3D11RHI:     DeviceId    : 1f95
[2022.05.25-20.33.05:090][  0]LogD3D11RHI:     SubSysId    : 8815103c
[2022.05.25-20.33.05:090][  0]LogD3D11RHI:     Revision    : 00a1
[2022.05.25-20.33.05:090][  0]LogD3D11RHI:     DedicatedVideoMemory : 4156555264 bytes
[2022.05.25-20.33.05:090][  0]LogD3D11RHI:     DedicatedSystemMemory : 0 bytes
[2022.05.25-20.33.05:090][  0]LogD3D11RHI:     SharedSystemMemory : 8467247104 bytes
[2022.05.25-20.33.05:090][  0]LogD3D11RHI:     AdapterLuid : 0 78112
[2022.05.25-20.33.05:102][  0]LogD3D11RHI: Creating new Direct3DDevice
[2022.05.25-20.33.05:102][  0]LogD3D11RHI:     GPU DeviceId: 0x1f95 (for the marketing name, search the web for "GPU Device Id")
[2022.05.25-20.33.05:102][  0]LogWindows: EnumDisplayDevices:
[2022.05.25-20.33.05:102][  0]LogWindows:    0. 'Intel(R) Iris(R) Xe Graphics' (P:1 D:1)
[2022.05.25-20.33.05:102][  0]LogWindows:    1. 'Intel(R) Iris(R) Xe Graphics' (P:0 D:0)
[2022.05.25-20.33.05:103][  0]LogWindows:    2. 'Intel(R) Iris(R) Xe Graphics' (P:0 D:0)
[2022.05.25-20.33.05:103][  0]LogWindows:    3. 'Intel(R) Iris(R) Xe Graphics' (P:0 D:0)
[2022.05.25-20.33.05:103][  0]LogWindows: DebugString: PrimaryIsNotTheChoosenAdapter PrimaryIsNotTheChoosenAdapter PrimaryIsNotTheChoosenAdapter PrimaryIsNotTheChoosenAdapter FoundDriverCount:0 
[2022.05.25-20.33.05:103][  0]LogD3D11RHI:     Adapter Name: NVIDIA GeForce GTX 1650 Ti with Max-Q Design
[2022.05.25-20.33.05:103][  0]LogD3D11RHI:   Driver Version: Unknown (internal:Unknown, unified:Unknown)
[2022.05.25-20.33.05:103][  0]LogD3D11RHI:      Driver Date: Unknown
[2022.05.25-20.33.05:103][  0]LogRHI: Texture pool is 2774 MB (70% of 3964 MB)
[2022.05.25-20.33.05:103][  0]LogD3D11RHI: Creating D3DDevice using adapter:
[2022.05.25-20.33.05:103][  0]LogD3D11RHI:     Description : NVIDIA GeForce GTX 1650 Ti with Max-Q Design
[2022.05.25-20.33.05:103][  0]LogD3D11RHI:     VendorId    : 10de
[2022.05.25-20.33.05:103][  0]LogD3D11RHI:     DeviceId    : 1f95
[2022.05.25-20.33.05:103][  0]LogD3D11RHI:     SubSysId    : 8815103c
[2022.05.25-20.33.05:103][  0]LogD3D11RHI:     Revision    : 00a1
[2022.05.25-20.33.05:103][  0]LogD3D11RHI:     DedicatedVideoMemory : 4156555264 bytes
[2022.05.25-20.33.05:103][  0]LogD3D11RHI:     DedicatedSystemMemory : 0 bytes
[2022.05.25-20.33.05:103][  0]LogD3D11RHI:     SharedSystemMemory : 8467247104 bytes
[2022.05.25-20.33.05:104][  0]LogD3D11RHI:     AdapterLuid : 0 78112
[2022.05.25-20.33.05:168][  0]LogD3D11RHI: RHI has support for 64 bit atomics
[2022.05.25-20.33.05:168][  0]LogD3D11RHI: Async texture creation enabled
[2022.05.25-20.33.05:168][  0]LogD3D11RHI: Array index from any shader is supported
[2022.05.25-20.33.05:188][  0]LogD3D11RHI: GPU Timing Frequency: 1000.000000 (Debug: 2 2)
[2022.05.25-20.33.05:221][  0]LogRHI: GeForceNow SDK initialized: 1
[2022.05.25-20.33.05:566][  0]LogTargetPlatformManager: Display: Loaded TargetPlatform 'WindowsNoEditor'
[2022.05.25-20.33.05:570][  0]LogTargetPlatformManager: Display: Loaded TargetPlatform 'Windows'
[2022.05.25-20.33.05:574][  0]LogTargetPlatformManager: Display: Loaded TargetPlatform 'WindowsClient'
[2022.05.25-20.33.05:579][  0]LogTargetPlatformManager: Display: Loaded TargetPlatform 'WindowsServer'
[2022.05.25-20.33.05:579][  0]LogTargetPlatformManager: Display: Building Assets For Windows
[2022.05.25-20.33.05:586][  0]LogAudioDebug: Display: Lib vorbis DLL was dynamically loaded.
[2022.05.25-20.33.05:620][  0]LogTextureFormatOodle: Display: Oodle Texture 2.9.0 init RDO Off
[2022.05.25-20.33.05:652][  0]LogRendererCore: Ray tracing is disabled. Reason: r.RayTracing=0.
[2022.05.25-20.33.05:652][  0]LogShaderCompilers: Guid format shader working directory is -43 characters bigger than the processId version (../../../../../../Users/r.zuietir/Documents/GitHub/deadInsideTheDungeon/deadInsideTheDungeon/Intermediate/Shaders/WorkingDirectory/15556/).
[2022.05.25-20.33.05:652][  0]LogShaderCompilers: Cleaned the shader compiler working directory 'C:/Users/r.zuietir/AppData/Local/Temp/UnrealShaderWorkingDir/8AE06793443B5C565F76179703753F92/'.
[2022.05.25-20.33.05:652][  0]LogXGEController: Cannot use XGE Controller as Incredibuild is not installed on this machine.
[2022.05.25-20.33.05:652][  0]LogShaderCompilers: Cannot use XGE Shader Compiler as Incredibuild is not installed on this machine.
[2022.05.25-20.33.05:652][  0]LogShaderCompilers: Display: Using Local Shader Compiler.
[2022.05.25-20.33.06:340][  0]LogDerivedDataCache: Display: Max Cache Size: 512 MB
[2022.05.25-20.33.06:397][  0]LogDerivedDataCache: Loaded boot cache 0.06s 94MB C:/Users/r.zuietir/AppData/Local/UnrealEngine/4.27/DerivedDataCache/Boot.ddc.
[2022.05.25-20.33.06:397][  0]LogDerivedDataCache: Display: Loaded Boot cache: C:/Users/r.zuietir/AppData/Local/UnrealEngine/4.27/DerivedDataCache/Boot.ddc
[2022.05.25-20.33.06:397][  0]LogDerivedDataCache: FDerivedDataBackendGraph:  Pak pak cache file ../../../../../../Users/r.zuietir/Documents/GitHub/deadInsideTheDungeon/deadInsideTheDungeon/DerivedDataCache/DDC.ddp not found, will not use a pak cache.
[2022.05.25-20.33.06:397][  0]LogDerivedDataCache: Unable to find inner node Pak for hierarchical cache Hierarchy.
[2022.05.25-20.33.06:397][  0]LogDerivedDataCache: FDerivedDataBackendGraph:  CompressedPak pak cache file ../../../../../../Users/r.zuietir/Documents/GitHub/deadInsideTheDungeon/deadInsideTheDungeon/DerivedDataCache/Compressed.ddp not found, will not use a pak cache.
[2022.05.25-20.33.06:397][  0]LogDerivedDataCache: Unable to find inner node CompressedPak for hierarchical cache Hierarchy.
[2022.05.25-20.33.06:414][  0]LogDerivedDataCache: Display: Pak cache opened for reading ../../../Engine/DerivedDataCache/Compressed.ddp.
[2022.05.25-20.33.06:414][  0]LogDerivedDataCache: FDerivedDataBackendGraph:  EnterprisePak pak cache file ../../../Enterprise/DerivedDataCache/Compressed.ddp not found, will not use a pak cache.
[2022.05.25-20.33.06:414][  0]LogDerivedDataCache: Unable to find inner node EnterprisePak for hierarchical cache Hierarchy.
[2022.05.25-20.33.06:422][  0]LogDerivedDataCache: Speed tests for C:/Users/r.zuietir/AppData/Local/UnrealEngine/Common/DerivedDataCache took 0.01 seconds
[2022.05.25-20.33.06:422][  0]LogDerivedDataCache: Display: Performance to C:/Users/r.zuietir/AppData/Local/UnrealEngine/Common/DerivedDataCache: Latency=0.03ms. RandomReadSpeed=1378.54MBs, RandomWriteSpeed=140.29MBs. Assigned SpeedClass 'Local'
[2022.05.25-20.33.06:424][  0]LogDerivedDataCache: Using Local data cache path C:/Users/r.zuietir/AppData/Local/UnrealEngine/Common/DerivedDataCache: Writable
[2022.05.25-20.33.06:424][  0]LogDerivedDataCache: Shared data cache path not found in *engine.ini, will not use an Shared cache.
[2022.05.25-20.33.06:424][  0]LogDerivedDataCache: Unable to find inner node Shared for hierarchical cache Hierarchy.
[2022.05.25-20.33.06:455][  0]LogSlate: Using FreeType 2.10.0
[2022.05.25-20.33.06:456][  0]LogSlate: SlateFontServices - WITH_FREETYPE: 1, WITH_HARFBUZZ: 1
[2022.05.25-20.33.06:564][  0]LogInit: Using OS detected language (ru-RU).
[2022.05.25-20.33.06:564][  0]LogInit: Using OS detected locale (ru-UA).
[2022.05.25-20.33.06:564][  0]LogTextLocalizationManager: No localization for 'ru-RU' exists, so 'en' will be used for the language.
[2022.05.25-20.33.06:564][  0]LogTextLocalizationManager: No localization for 'ru-UA' exists, so 'en' will be used for the locale.
[2022.05.25-20.33.06:564][  0]LogSlate: FontCache flush requested. Reason: Culture for localization was changed
[2022.05.25-20.33.06:564][  0]LogSlate: FontCache flush requested. Reason: Culture for localization was changed
[2022.05.25-20.33.06:566][  0]LogAssetRegistry: FAssetRegistry took 0.0014 seconds to start up
[2022.05.25-20.33.06:728][  0]LogTextLocalizationManager: Compacting localization data took   0.01ms
[2022.05.25-20.33.06:728][  0]LogPackageLocalizationCache: Processed 27 localized package path(s) for 1 prioritized culture(s) in 0.001513 seconds
[2022.05.25-20.33.06:789][  0]LogInit: Selected Device Profile: [Windows]
[2022.05.25-20.33.06:789][  0]LogInit: Active device profile: [000001D84F4CD100][000001D84EFA9A40 49] Windows
[2022.05.25-20.33.06:789][  0]LogInit: Profiles: [000001D84F4CD100][000001D84EFA9A40 49] Windows, [000001D84F496500][000001D84EFA4140 49] WindowsNoEditor, [000001D84F4CE200][000001D84EFB0400 49] WindowsServer, [000001D84F495700][000001D84EFB46C0 49] WindowsClient, [000001D84F4CD700][000001D84EFB8980 49] IOS, [000001D84F496700][000001D84EFBCC40 49] iPadAir, [000001D84F4CFC00][000001D84EFC0F00 49] iPadAir2, [000001D84F445400][000001D84EFD5440 49] IPadPro, [000001D84F445500][000001D84EFC5480 49] iPadAir3, [000001D84F497800][000001D84EFCD740 49] iPadAir4, [000001D84F446300][000001D84EFC9A00 49] iPadMini2, [000001D84F496F00][000001D84EFAC100 49] iPadMini3, [000001D84F446F00][000001D84EFD0380 49] iPadMini4, [000001D84F495B00][000001D84EFDC640 49] iPadMini5, [000001D84F459000][000001D84EFF0B80 49] iPhone6, [000001D84F459100][000001D84EFE0BC0 49] iPodTouch6, [000001D84F4CF900][000001D84EFF9100 49] iPhone7, [000001D84F4CE900][000001D84EFE9140 49] iPodTouch7, [000001D84F445000][000001D84EFED400 49] iPhone5S, [000001D84F4CEF00][000001D84EFE56C0 49] iPhone6Plus, [000001D84F447600][000001D84EFF5980 49] iPhone6S, [000001D84F4CCC00][000001D84EFFC0C0 49] iPhone6SPlus, [000001D84F4CDD00][000001D84EFD8340 49] iPhone7Plus, [000001D84F458800][000001D84F0005C0 49] iPhoneSE, [000001D84F4CC400][000001D84F008880 49] iPhone8, [000001D84F458900][000001D84F00CB40 49] iPhone8Plus, [000001D84F45AE00][000001D84F010E00 49] iPhoneX, [000001D84F445D00][000001D84F0150C0 49] iPhoneXS, [000001D84F45A700][000001D84F019380 49] iPhoneXSMax, [000001D84F445C00][000001D84F01D640 49] iPhoneXR, [000001D84F45A800][000001D83E765900 49] iPhone11, [000001D84F444F00][000001D83E769BC0 49] iPhone11Pro, [000001D84F458B00][000001D83E76C300 49] iPhone11ProMax, [000001D84F444C00][000001D84F004580 49] iPhoneSE2, [000001D84F458E00][000001D83E774840 49] iPhone12Mini, [000001D84F4CF800][000001D83E778B00 49] iPhone12, [000001D84F45B100][000001D83E77CDC0 49] iPhone12Pro, [000001D84F4CF700][000001D83E781080 49] iPhone12ProMax, [000001D84F459E00][000001D83E785340 49] iPadPro105, [000001D84F4CD400][000001D83E789600 49] iPadPro129, [000001D84F45BE00][000001D83E78D8C0 49] iPadPro97, [000001D84F4CE800][000001D83E791B80 49] iPadPro2_129, [000001D84F45A000][000001D83E7942C0 49] iPad5, [000001D84F4CE300][000001D83E770540 49] iPad6, [000001D84F45BB00][000001D83E7987C0 49] iPad7, [000001D84F4CDE00][000001D83F47CA80 49] iPad8, [000001D84F45A500][000001D83F480D40 49] iPadPro11, [000001D84F4CFE00][000001D83F485000 49] iPadPro2_11, [000001D84F459800][000001D83F4892C0 49] iPadPro3_129, [000001D84F4CF500][000001D83F48D580 49] iPadPro4_129, [000001D84F458200][000001D83F491840 49] AppleTV, [000001D84F4CFF00][000001D83F495B00 49] AppleTV4K, [000001D84F45A600][000001D83F498240 49] TVOS, [000001D84F4CCE00][000001D83F49C500 49] Mac, [000001D84F459D00][000001D83F478780 49] MacClient, [000001D84F4CFA00][000001D83F4A0A00 49] MacNoEditor, [000001D84F45BA00][000001D83F4A8CC0 49] MacServer, [000001D84F4CF100][000001D83F4ACF80 49] Linux, [000001D84F459600][000001D83F4B1240 49] LinuxAArch64, [000001D84F4CC800][000001D83F4B5500 49] LinuxNoEditor, [000001D84F458C00][000001D83F4B97C0 49] LinuxAArch64NoEditor, [000001D84F4CFB00][000001D83F4BDA80 49] LinuxClient, [000001D84F45B400][000001D83F4C01C0 49] LinuxAArch64Client, [000001D84F4CDA00][000001D83EB66480 49] LinuxServer, [000001D84F458700][000001D83EB6A740 49] LinuxAArch64Server, [000001D84F4CF300][000001D83F4A49C0 49] Android, [000001D84F45AA00][000001D83EB6EC40 49] Android_Low, [000001D84F4CEC00][000001D83EB76F00 49] Android_Mid, [000001D84F459F00][000001D83EB7B1C0 49] Android_High, [000001D84F4CEA00][000001D83EB7F480 49] Android_Default, [000001D84F45BC00][000001D83EB83740 49] Android_Adreno4xx, [000001D84F4CC600][000001D83EB87A00 49] Android_Adreno5xx_Low, [000001D84F458300][000001D83EB8A140 49] Android_Adreno5xx, [000001D84F4CD000][000001D83EB8E400 49] Android_Adreno6xx, [000001D84F45A900][000001D83EB926C0 49] Android_Adreno6xx_Vulkan, [000001D84F4CE000][000001D83EB96980 49] Android_Mali_T6xx, [000001D84F45A300][000001D83EB72C00 49] Android_Mali_T7xx, [000001D84F4CDF00][000001D83EB9AE80 49] Android_Mali_T8xx, [000001D84F45AD00][000001D83EBA3140 49] Android_Mali_G71, [000001D84F447100][000001D83EBA7400 49] Android_Mali_G72, [000001D84F496D00][000001D83EBAB6C0 49] Android_Mali_G72_Vulkan, [000001D84F446B00][000001D83EBAF980 49] Android_Mali_G76, [000001D84F494500][000001D83EBB20C0 49] Android_Mali_G76_Vulkan, [000001D84F446600][000001D83EBB6380 49] Android_Mali_G77, [000001D84F497F00][000001D83EBBA640 49] Android_Mali_G77_Vulkan, [000001D84F446400][000001D83EBBE900 49] Android_Mali_G78, [000001D84F494D00][000001D83EBC2BC0 49] Android_Mali_G78_Vulkan, [000001D84F447500][000001D83EB9EE40 49] Android_Mali_G710, [000001D84F496900][000001D83EBC70C0 49] Android_Mali_G710_Vulkan, [000001D84F447E00][000001D83EBCF380 49] Android_Vulkan_SM5, [000001D84F495800][000001D83EBD3640 49] Android_PowerVR_G6xxx, [000001D84F444500][000001D83EBD7900 49] Android_PowerVR_GT7xxx, [000001D84F494200][000001D83EBDBBC0 49] Android_PowerVR_GE8xxx, [000001D84F447B00][000001D83EBDE300 49] Android_PowerVR_GM9xxx, [000001D84F495F00][000001D83EBE25C0 49] Android_PowerVR_GM9xxx_Vulkan, [000001D84F445F00][000001D83EBE6880 49] Android_TegraK1, [000001D84F494A00][000001D83EBEAB40 49] Android_Unknown_Vulkan, [000001D84F447900][000001D83EBEEE00 49] Lumin, [000001D84F495200][000001D83EBCB080 49] Lumin_Desktop, [000001D84F445E00][000001D83EBF3300 49] HoloLens, 
[2022.05.25-20.33.06:907][  0]LogMeshReduction: Using QuadricMeshReduction for automatic static mesh reduction
[2022.05.25-20.33.06:907][  0]LogMeshReduction: Using SimplygonMeshReduction for automatic skeletal mesh reduction
[2022.05.25-20.33.06:907][  0]LogMeshReduction: Using ProxyLODMeshReduction for automatic mesh merging
[2022.05.25-20.33.06:907][  0]LogMeshReduction: No distributed automatic mesh merging module available
[2022.05.25-20.33.06:907][  0]LogMeshMerging: No distributed automatic mesh merging module available
[2022.05.25-20.33.06:931][  0]LogNetVersion: deadInsideTheDungeon 1.0.0, NetCL: 17155196, EngineNetVer: 17, GameNetVer: 0 (Checksum: 3162280402)
[2022.05.25-20.33.07:156][  0]LogTexture: Default maximum texture size for cubemaps generated from long-lat sources has been changed from 512 to unlimited. In order to preserve old behaiour for '/Engine/MapTemplates/Sky/DaylightAmbientCubemap.DaylightAmbientCubemap', its maximum texture size has been explicitly set to 512.
[2022.05.25-20.33.07:215][  0]LogHMD: PokeAHoleMaterial loaded successfully
[2022.05.25-20.33.07:322][  0]LogMoviePlayer: Initializing movie player
[2022.05.25-20.33.07:417][  0]LogNiagaraDebuggerClient: Niagara Debugger Client Initialized | Session: AFEBC97345A20F87F7068CABEA3F3315 | Instance: 202BF64A43F4C7BFFD5BCEB349568E13 (RZUIETIRBOOK-15556).
[2022.05.25-20.33.07:436][  0]LogCollectionManager: Loaded 0 collections in 0.001381 seconds
[2022.05.25-20.33.07:438][  0]LogFileCache: Scanning file cache for directory 'C:/Users/r.zuietir/Documents/GitHub/deadInsideTheDungeon/deadInsideTheDungeon/Saved/Collections/' took 0.00s
[2022.05.25-20.33.07:438][  0]LogFileCache: Scanning file cache for directory 'C:/Users/r.zuietir/Documents/GitHub/deadInsideTheDungeon/deadInsideTheDungeon/Content/Developers/rzuietir/Collections/' took 0.00s
[2022.05.25-20.33.07:438][  0]LogFileCache: Scanning file cache for directory 'C:/Users/r.zuietir/Documents/GitHub/deadInsideTheDungeon/deadInsideTheDungeon/Content/Collections/' took 0.00s
[2022.05.25-20.33.07:438][  0]LogCollectionManager: Fixed up redirectors for 0 collections in 0.000001 seconds (updated 0 objects)
[2022.05.25-20.33.07:458][  0]LogPython: Using Python 3.7.7
[2022.05.25-20.33.07:937][  0]LogTcpMessaging: Initializing TcpMessaging bridge
[2022.05.25-20.33.07:940][  0]LogUdpMessaging: Initializing bridge on interface 0.0.0.0:0 to multicast group 230.0.0.1:6666.
[2022.05.25-20.33.08:101][  0]LogOpenImageDenoise: OIDN starting up
[2022.05.25-20.33.08:110][  0]SourceControl: Source control is disabled
[2022.05.25-20.33.08:110][  0]SourceControl: Source control is disabled
[2022.05.25-20.33.08:114][  0]SourceControl: Source control is disabled
[2022.05.25-20.33.08:120][  0]LogUProjectInfo: Found projects:
[2022.05.25-20.33.08:129][  0]LogVSAccessor: Display: Unable to create Visual Studio setup instance: 80040154
[2022.05.25-20.33.08:130][  0]LogVSAccessor: Display: Unable to create Visual Studio setup instance: 80040154
[2022.05.25-20.33.08:131][  0]LogVSAccessor: Display: Unable to create Visual Studio setup instance: 80040154
[2022.05.25-20.33.08:166][  0]LogAndroidPermission: UAndroidPermissionCallbackProxy::GetInstance
[2022.05.25-20.33.08:188][  0]LogAudioCaptureCore: Display: No Audio Capture implementations found. Audio input will be silent.
[2022.05.25-20.33.08:188][  0]LogAudioCaptureCore: Display: No Audio Capture implementations found. Audio input will be silent.
[2022.05.25-20.33.08:261][  0]LogOcInput: OculusInput pre-init called
[2022.05.25-20.33.08:269][  0]LogUObjectArray: 22121 objects as part of root set at end of initial load.
[2022.05.25-20.33.08:269][  0]LogUObjectAllocator: 5975632 out of 0 bytes used by permanent object pool.
[2022.05.25-20.33.08:269][  0]LogUObjectArray: CloseDisregardForGC: 0/0 objects in disregard for GC pool
[2022.05.25-20.33.08:309][  0]LogEngine: Initializing Engine...
[2022.05.25-20.33.08:311][  0]LogHMD: Failed to enumerate extensions. Please check that you have a valid OpenXR runtime installed.
[2022.05.25-20.33.08:312][  0]LogHMD: Failed to initialize OpenVR with code 110
[2022.05.25-20.33.08:312][  0]LogMagicLeap: Warning: VR disabled because ZI is not enabled.  To enable, in the editor, Edit -> Project Settings -> Plugins -> Magic Leap Plugin -> Enable Zero Iteration
[2022.05.25-20.33.08:313][  0]LogStats: UGameplayTagsManager::InitializeManager -  0.000 s
[2022.05.25-20.33.08:407][  0]LogInit: Initializing FReadOnlyCVARCache
[2022.05.25-20.33.08:407][  0]LogAudio: Display: Initializing Audio Device Manager...
[2022.05.25-20.33.08:410][  0]LogAudio: Display: Loading Default Audio Settings Objects...
[2022.05.25-20.33.08:411][  0]LogAudio: Display: No default SoundConcurrencyObject specified (or failed to load).
[2022.05.25-20.33.08:411][  0]LogAudio: Display: Audio Device Manager Initialized
[2022.05.25-20.33.08:411][  0]LogAudio: Display: Creating Audio Device:                 Id: 1, Scope: Shared, Realtime: True
[2022.05.25-20.33.08:411][  0]LogAudioMixer: Display: Audio Mixer Platform Settings:
[2022.05.25-20.33.08:411][  0]LogAudioMixer: Display: 	Sample Rate:						  48000
[2022.05.25-20.33.08:411][  0]LogAudioMixer: Display: 	Callback Buffer Frame Size Requested: 1024
[2022.05.25-20.33.08:411][  0]LogAudioMixer: Display: 	Callback Buffer Frame Size To Use:	  1024
[2022.05.25-20.33.08:411][  0]LogAudioMixer: Display: 	Number of buffers to queue:			  2
[2022.05.25-20.33.08:411][  0]LogAudioMixer: Display: 	Max Channels (voices):				  32
[2022.05.25-20.33.08:411][  0]LogAudioMixer: Display: 	Number of Async Source Workers:		  0
[2022.05.25-20.33.08:411][  0]LogAudio: Display: AudioDevice MaxSources: 32
[2022.05.25-20.33.08:412][  0]LogAudio: Display: Audio Spatialization Plugin: None (built-in).
[2022.05.25-20.33.08:412][  0]LogAudio: Display: Audio Reverb Plugin: None (built-in).
[2022.05.25-20.33.08:412][  0]LogAudio: Display: Audio Occlusion Plugin: None (built-in).
[2022.05.25-20.33.08:412][  0]LogAudioMixer: Display: Initializing audio mixer.
[2022.05.25-20.33.08:426][  0]LogAudioMixer: Display: 0: FrontLeft
[2022.05.25-20.33.08:426][  0]LogAudioMixer: Display: 1: FrontRight
[2022.05.25-20.33.08:457][  0]LogAudioMixer: Display: Using Audio Device Speaker (Realtek(R) Audio)
[2022.05.25-20.33.08:463][  0]LogAudioMixer: Display: Initializing Sound Submixes...
[2022.05.25-20.33.08:464][  0]LogAudioMixer: Display: Creating Master Submix 'MasterSubmixDefault'
[2022.05.25-20.33.08:464][  0]LogAudioMixer: Display: Creating Master Submix 'MasterReverbSubmixDefault'
[2022.05.25-20.33.08:465][  0]LogAudioMixer: Display: Creating Master Submix 'MasterEQSubmixDefault'
[2022.05.25-20.33.08:465][  0]LogAudioMixer: FMixerPlatformXAudio2::StartAudioStream() called
[2022.05.25-20.33.08:465][  0]LogAudioMixer: Display: Output buffers initialized: Frames=1024, Channels=2, Samples=2048
[2022.05.25-20.33.08:466][  0]LogAudioMixer: Display: Starting AudioMixerPlatformInterface::RunInternal()
[2022.05.25-20.33.08:466][  0]LogAudioMixer: Display: FMixerPlatformXAudio2::SubmitBuffer() called for the first time
[2022.05.25-20.33.08:466][  0]LogInit: FAudioDevice initialized.
[2022.05.25-20.33.08:468][  0]LogNetVersion: Set ProjectVersion to 1.0.0.0. Version Checksum will be recalculated on next use.
[2022.05.25-20.33.08:468][  0]LogInit: Texture streaming: Enabled
[2022.05.25-20.33.08:533][  0]LogAudio: Display: Audio Device (ID: 1) registered with world 'Untitled'.
[2022.05.25-20.33.08:535][  0]LogSlate: Updating window title bar state: overlay mode, drag disabled, window buttons hidden, title bar hidden
[2022.05.25-20.33.08:536][  0]LogInit: Display: Game Engine Initialized.
[2022.05.25-20.33.08:536][  0]LogNiagaraEditor: GEditor isn't valid! Particle reset commands will not work for Niagara components!
[2022.05.25-20.33.08:653][  0]LogInit: Display: Starting Game.
[2022.05.25-20.33.08:653][  0]LogNet: Browse: /Game/ThirdPersonBP/Maps/Main_menu?Name=Player
[2022.05.25-20.33.08:653][  0]LogLoad: LoadMap: /Game/ThirdPersonBP/Maps/Main_menu?Name=Player
[2022.05.25-20.33.08:653][  0]LogWorld: BeginTearingDown for /Temp/Untitled_0
[2022.05.25-20.33.08:654][  0]LogWorld: UWorld::CleanupWorld for Untitled, bSessionEnded=true, bCleanupResources=true
[2022.05.25-20.33.08:655][  0]LogSlate: InvalidateAllWidgets triggered.  All widgets were invalidated
[2022.05.25-20.33.08:658][  0]LogAudio: Display: Audio Device unregistered from world 'None'.
[2022.05.25-20.33.08:661][  0]LogUObjectHash: Compacting FUObjectHashTables data took   0.62ms
[2022.05.25-20.33.08:713][  0]LogAudio: Display: Audio Device (ID: 1) registered with world 'Main_menu'.
[2022.05.25-20.33.08:721][  0]LogAIModule: Creating AISystem for world Main_menu
[2022.05.25-20.33.08:721][  0]LogLoad: Game class is 'main_menu_game_C'
[2022.05.25-20.33.08:722][  0]LogWorld: Bringing World /Game/ThirdPersonBP/Maps/Main_menu.Main_menu up for play (max tick rate 0) at 2022.05.25-23.33.08
[2022.05.25-20.33.08:722][  0]LogWorld: Bringing up level for play took: 0.000369
[2022.05.25-20.33.08:722][  0]LogGameMode: FindPlayerStart: PATHS NOT DEFINED or NO PLAYERSTART with positive rating
[2022.05.25-20.33.08:725][  0]LogLoad: Took 0.071222 seconds to LoadMap(/Game/ThirdPersonBP/Maps/Main_menu)
[2022.05.25-20.33.08:780][  0]LogSlate: Took 0.000224 seconds to synchronously load lazily loaded font '../../../Engine/Content/Slate/Fonts/Roboto-Regular.ttf' (155K)
[2022.05.25-20.33.08:812][  0]LogRenderer: Reallocating scene render targets to support 1280x720 Format 10 NumSamples 1 (Frame:1).
[2022.05.25-20.33.08:812][  0]LogInit: Display: Engine is initialized. Leaving FEngineLoop::Init()
[2022.05.25-20.33.08:812][  0]LogLoad: (Engine Initialization) Total time: 5.44 seconds
[2022.05.25-20.33.08:812][  0]LogLoad: (Engine Initialization) Total Blueprint compile time: 0.00 seconds
[2022.05.25-20.33.08:814][  0]LogContentStreaming: Texture pool size now 1000 MB
[2022.05.25-20.33.08:817][  0]LogSlate: InvalidateAllWidgets triggered.  All widgets were invalidated
[2022.05.25-20.33.09:066][  1]LogSlate: Took 0.000216 seconds to synchronously load lazily loaded font '../../../Engine/Content/Slate/Fonts/Roboto-Regular.ttf' (155K)
[2022.05.25-20.33.17:905][583]LogRHI: Error: Present Fail Count 1
[2022.05.25-20.33.17:905][583]LogRHI: Error: SyncInterval 0
[2022.05.25-20.33.17:905][583]LogRHI: Error: SwapChainDesc.BufferDesc.Width 1280
[2022.05.25-20.33.17:906][583]LogRHI: Error: SwapChainDesc.BufferDesc.Height 720
[2022.05.25-20.33.17:906][583]LogRHI: Error: SwapChainDesc.BufferDesc.RefreshRate.Numerator 0
[2022.05.25-20.33.17:906][583]LogRHI: Error: SwapChainDesc.BufferDesc.RefreshRate.Denominator 0
[2022.05.25-20.33.17:906][583]LogRHI: Error: SwapChainDesc.BufferDesc.Format 24
[2022.05.25-20.33.17:906][583]LogRHI: Error: SwapChainDesc.BufferDesc.ScanlineOrdering 0
[2022.05.25-20.33.17:906][583]LogRHI: Error: SwapChainDesc.BufferDesc.Scaling 0
[2022.05.25-20.33.17:906][583]LogRHI: Error: SwapChainDesc.SampleDesc.Count 1
[2022.05.25-20.33.17:906][583]LogRHI: Error: SwapChainDesc.SampleDesc.Quality 0
[2022.05.25-20.33.17:906][583]LogRHI: Error: SwapChainDesc.BufferUsage 48
[2022.05.25-20.33.17:906][583]LogRHI: Error: SwapChainDesc.BufferCount 2
[2022.05.25-20.33.17:906][583]LogRHI: Error: SwapChainDesc.OutputWindow 00000000002606E2
[2022.05.25-20.33.17:906][583]LogRHI: Error: SwapChainDesc.Windowed true
[2022.05.25-20.33.17:906][583]LogRHI: Error: SwapChainDesc.SwapEffect 4
[2022.05.25-20.33.17:906][583]LogRHI: Error: SwapChainDesc.Flags 2050
[2022.05.25-20.33.18:768][645]LogRHI: Error: Present Fail Count 1
[2022.05.25-20.33.18:768][645]LogRHI: Error: SyncInterval 0
[2022.05.25-20.33.18:768][645]LogRHI: Error: SwapChainDesc.BufferDesc.Width 1280
[2022.05.25-20.33.18:768][645]LogRHI: Error: SwapChainDesc.BufferDesc.Height 720
[2022.05.25-20.33.18:768][645]LogRHI: Error: SwapChainDesc.BufferDesc.RefreshRate.Numerator 0
[2022.05.25-20.33.18:768][645]LogRHI: Error: SwapChainDesc.BufferDesc.RefreshRate.Denominator 0
[2022.05.25-20.33.18:768][645]LogRHI: Error: SwapChainDesc.BufferDesc.Format 24
[2022.05.25-20.33.18:768][645]LogRHI: Error: SwapChainDesc.BufferDesc.ScanlineOrdering 0
[2022.05.25-20.33.18:769][645]LogRHI: Error: SwapChainDesc.BufferDesc.Scaling 0
[2022.05.25-20.33.18:769][645]LogRHI: Error: SwapChainDesc.SampleDesc.Count 1
[2022.05.25-20.33.18:769][645]LogRHI: Error: SwapChainDesc.SampleDesc.Quality 0
[2022.05.25-20.33.18:769][645]LogRHI: Error: SwapChainDesc.BufferUsage 48
[2022.05.25-20.33.18:769][645]LogRHI: Error: SwapChainDesc.BufferCount 2
[2022.05.25-20.33.18:769][645]LogRHI: Error: SwapChainDesc.OutputWindow 00000000002606E2
[2022.05.25-20.33.18:769][645]LogRHI: Error: SwapChainDesc.Windowed true
[2022.05.25-20.33.18:769][645]LogRHI: Error: SwapChainDesc.SwapEffect 4
[2022.05.25-20.33.18:769][645]LogRHI: Error: SwapChainDesc.Flags 2050
[2022.05.25-20.33.18:890][648]LogRHI: Error: Present Fail Count 2
[2022.05.25-20.33.18:890][648]LogRHI: Error: SyncInterval 0
[2022.05.25-20.33.18:890][648]LogRHI: Error: SwapChainDesc.BufferDesc.Width 1280
[2022.05.25-20.33.18:890][648]LogRHI: Error: SwapChainDesc.BufferDesc.Height 720
[2022.05.25-20.33.18:890][648]LogRHI: Error: SwapChainDesc.BufferDesc.RefreshRate.Numerator 0
[2022.05.25-20.33.18:890][648]LogRHI: Error: SwapChainDesc.BufferDesc.RefreshRate.Denominator 0
[2022.05.25-20.33.18:890][648]LogRHI: Error: SwapChainDesc.BufferDesc.Format 24
[2022.05.25-20.33.18:890][648]LogRHI: Error: SwapChainDesc.BufferDesc.ScanlineOrdering 0
[2022.05.25-20.33.18:890][648]LogRHI: Error: SwapChainDesc.BufferDesc.Scaling 0
[2022.05.25-20.33.18:890][648]LogRHI: Error: SwapChainDesc.SampleDesc.Count 1
[2022.05.25-20.33.18:890][648]LogRHI: Error: SwapChainDesc.SampleDesc.Quality 0
[2022.05.25-20.33.18:890][648]LogRHI: Error: SwapChainDesc.BufferUsage 48
[2022.05.25-20.33.18:890][648]LogRHI: Error: SwapChainDesc.BufferCount 2
[2022.05.25-20.33.18:890][648]LogRHI: Error: SwapChainDesc.OutputWindow 00000000002606E2
[2022.05.25-20.33.18:890][648]LogRHI: Error: SwapChainDesc.Windowed true
[2022.05.25-20.33.18:890][648]LogRHI: Error: SwapChainDesc.SwapEffect 4
[2022.05.25-20.33.18:890][648]LogRHI: Error: SwapChainDesc.Flags 2050
[2022.05.25-20.33.18:899][651]LogRHI: Error: Present Fail Count 3
[2022.05.25-20.33.18:899][651]LogRHI: Error: SyncInterval 0
[2022.05.25-20.33.18:899][651]LogRHI: Error: SwapChainDesc.BufferDesc.Width 1280
[2022.05.25-20.33.18:899][651]LogRHI: Error: SwapChainDesc.BufferDesc.Height 720
[2022.05.25-20.33.18:899][651]LogRHI: Error: SwapChainDesc.BufferDesc.RefreshRate.Numerator 0
[2022.05.25-20.33.18:899][651]LogRHI: Error: SwapChainDesc.BufferDesc.RefreshRate.Denominator 0
[2022.05.25-20.33.18:899][651]LogRHI: Error: SwapChainDesc.BufferDesc.Format 24
[2022.05.25-20.33.18:899][651]LogRHI: Error: SwapChainDesc.BufferDesc.ScanlineOrdering 0
[2022.05.25-20.33.18:899][651]LogRHI: Error: SwapChainDesc.BufferDesc.Scaling 0
[2022.05.25-20.33.18:899][651]LogRHI: Error: SwapChainDesc.SampleDesc.Count 1
[2022.05.25-20.33.18:899][651]LogRHI: Error: SwapChainDesc.SampleDesc.Quality 0
[2022.05.25-20.33.18:899][651]LogRHI: Error: SwapChainDesc.BufferUsage 48
[2022.05.25-20.33.18:899][651]LogRHI: Error: SwapChainDesc.BufferCount 2
[2022.05.25-20.33.18:899][651]LogRHI: Error: SwapChainDesc.OutputWindow 00000000002606E2
[2022.05.25-20.33.18:899][651]LogRHI: Error: SwapChainDesc.Windowed true
[2022.05.25-20.33.18:899][651]LogRHI: Error: SwapChainDesc.SwapEffect 4
[2022.05.25-20.33.18:899][651]LogRHI: Error: SwapChainDesc.Flags 2050
[2022.05.25-20.33.18:911][654]LogRHI: Error: Present Fail Count 4
[2022.05.25-20.33.18:911][654]LogRHI: Error: SyncInterval 0
[2022.05.25-20.33.18:911][654]LogRHI: Error: SwapChainDesc.BufferDesc.Width 1280
[2022.05.25-20.33.18:911][654]LogRHI: Error: SwapChainDesc.BufferDesc.Height 720
[2022.05.25-20.33.18:911][654]LogRHI: Error: SwapChainDesc.BufferDesc.RefreshRate.Numerator 0
[2022.05.25-20.33.18:911][654]LogRHI: Error: SwapChainDesc.BufferDesc.RefreshRate.Denominator 0
[2022.05.25-20.33.18:911][654]LogRHI: Error: SwapChainDesc.BufferDesc.Format 24
[2022.05.25-20.33.18:911][654]LogRHI: Error: SwapChainDesc.BufferDesc.ScanlineOrdering 0
[2022.05.25-20.33.18:911][654]LogRHI: Error: SwapChainDesc.BufferDesc.Scaling 0
[2022.05.25-20.33.18:911][654]LogRHI: Error: SwapChainDesc.SampleDesc.Count 1
[2022.05.25-20.33.18:911][654]LogRHI: Error: SwapChainDesc.SampleDesc.Quality 0
[2022.05.25-20.33.18:911][654]LogRHI: Error: SwapChainDesc.BufferUsage 48
[2022.05.25-20.33.18:911][654]LogRHI: Error: SwapChainDesc.BufferCount 2
[2022.05.25-20.33.18:911][654]LogRHI: Error: SwapChainDesc.OutputWindow 00000000002606E2
[2022.05.25-20.33.18:911][654]LogRHI: Error: SwapChainDesc.Windowed true
[2022.05.25-20.33.18:911][654]LogRHI: Error: SwapChainDesc.SwapEffect 4
[2022.05.25-20.33.18:911][654]LogRHI: Error: SwapChainDesc.Flags 2050
[2022.05.25-20.33.18:923][657]LogRHI: Error: Present Fail Count 5
[2022.05.25-20.33.18:923][657]LogRHI: Error: SyncInterval 0
[2022.05.25-20.33.18:923][657]LogRHI: Error: SwapChainDesc.BufferDesc.Width 1280
[2022.05.25-20.33.18:923][657]LogRHI: Error: SwapChainDesc.BufferDesc.Height 720
[2022.05.25-20.33.18:923][657]LogRHI: Error: SwapChainDesc.BufferDesc.RefreshRate.Numerator 0
[2022.05.25-20.33.18:923][657]LogRHI: Error: SwapChainDesc.BufferDesc.RefreshRate.Denominator 0
[2022.05.25-20.33.18:923][657]LogRHI: Error: SwapChainDesc.BufferDesc.Format 24
[2022.05.25-20.33.18:923][657]LogRHI: Error: SwapChainDesc.BufferDesc.ScanlineOrdering 0
[2022.05.25-20.33.18:923][657]LogRHI: Error: SwapChainDesc.BufferDesc.Scaling 0
[2022.05.25-20.33.18:923][657]LogRHI: Error: SwapChainDesc.SampleDesc.Count 1
[2022.05.25-20.33.18:923][657]LogRHI: Error: SwapChainDesc.SampleDesc.Quality 0
[2022.05.25-20.33.18:923][657]LogRHI: Error: SwapChainDesc.BufferUsage 48
[2022.05.25-20.33.18:923][657]LogRHI: Error: SwapChainDesc.BufferCount 2
[2022.05.25-20.33.18:923][657]LogRHI: Error: SwapChainDesc.OutputWindow 00000000002606E2
[2022.05.25-20.33.18:923][657]LogRHI: Error: SwapChainDesc.Windowed true
[2022.05.25-20.33.18:923][657]LogRHI: Error: SwapChainDesc.SwapEffect 4
[2022.05.25-20.33.18:923][657]LogRHI: Error: SwapChainDesc.Flags 2050
[2022.05.25-20.33.18:935][660]LogRHI: Error: Present Fail Count 6
[2022.05.25-20.33.18:935][660]LogRHI: Error: SyncInterval 0
[2022.05.25-20.33.18:935][660]LogRHI: Error: SwapChainDesc.BufferDesc.Width 1280
[2022.05.25-20.33.18:935][660]LogRHI: Error: SwapChainDesc.BufferDesc.Height 720
[2022.05.25-20.33.18:935][660]LogRHI: Error: SwapChainDesc.BufferDesc.RefreshRate.Numerator 0
[2022.05.25-20.33.18:935][660]LogRHI: Error: SwapChainDesc.BufferDesc.RefreshRate.Denominator 0
[2022.05.25-20.33.18:935][660]LogRHI: Error: SwapChainDesc.BufferDesc.Format 24
[2022.05.25-20.33.18:935][660]LogRHI: Error: SwapChainDesc.BufferDesc.ScanlineOrdering 0
[2022.05.25-20.33.18:935][660]LogRHI: Error: SwapChainDesc.BufferDesc.Scaling 0
[2022.05.25-20.33.18:935][660]LogRHI: Error: SwapChainDesc.SampleDesc.Count 1
[2022.05.25-20.33.18:935][660]LogRHI: Error: SwapChainDesc.SampleDesc.Quality 0
[2022.05.25-20.33.18:935][660]LogRHI: Error: SwapChainDesc.BufferUsage 48
[2022.05.25-20.33.18:935][660]LogRHI: Error: SwapChainDesc.BufferCount 2
[2022.05.25-20.33.18:935][660]LogRHI: Error: SwapChainDesc.OutputWindow 00000000002606E2
[2022.05.25-20.33.18:936][660]LogRHI: Error: SwapChainDesc.Windowed true
[2022.05.25-20.33.18:936][660]LogRHI: Error: SwapChainDesc.SwapEffect 4
[2022.05.25-20.33.18:936][660]LogRHI: Error: SwapChainDesc.Flags 2050
[2022.05.25-20.33.18:947][664]LogRHI: Error: Present Fail Count 7
[2022.05.25-20.33.18:947][664]LogRHI: Error: SyncInterval 0
[2022.05.25-20.33.18:947][664]LogRHI: Error: SwapChainDesc.BufferDesc.Width 1280
[2022.05.25-20.33.18:947][664]LogRHI: Error: SwapChainDesc.BufferDesc.Height 720
[2022.05.25-20.33.18:947][664]LogRHI: Error: SwapChainDesc.BufferDesc.RefreshRate.Numerator 0
[2022.05.25-20.33.18:947][664]LogRHI: Error: SwapChainDesc.BufferDesc.RefreshRate.Denominator 0
[2022.05.25-20.33.18:947][664]LogRHI: Error: SwapChainDesc.BufferDesc.Format 24
[2022.05.25-20.33.18:947][664]LogRHI: Error: SwapChainDesc.BufferDesc.ScanlineOrdering 0
[2022.05.25-20.33.18:947][664]LogRHI: Error: SwapChainDesc.BufferDesc.Scaling 0
[2022.05.25-20.33.18:947][664]LogRHI: Error: SwapChainDesc.SampleDesc.Count 1
[2022.05.25-20.33.18:947][664]LogRHI: Error: SwapChainDesc.SampleDesc.Quality 0
[2022.05.25-20.33.18:947][664]LogRHI: Error: SwapChainDesc.BufferUsage 48
[2022.05.25-20.33.18:947][664]LogRHI: Error: SwapChainDesc.BufferCount 2
[2022.05.25-20.33.18:947][664]LogRHI: Error: SwapChainDesc.OutputWindow 00000000002606E2
[2022.05.25-20.33.18:947][664]LogRHI: Error: SwapChainDesc.Windowed true
[2022.05.25-20.33.18:947][664]LogRHI: Error: SwapChainDesc.SwapEffect 4
[2022.05.25-20.33.18:947][664]LogRHI: Error: SwapChainDesc.Flags 2050
[2022.05.25-20.33.19:035][668]LogRHI: Error: Present Fail Count 8
[2022.05.25-20.33.19:035][668]LogRHI: Error: SyncInterval 0
[2022.05.25-20.33.19:035][668]LogRHI: Error: SwapChainDesc.BufferDesc.Width 1280
[2022.05.25-20.33.19:035][668]LogRHI: Error: SwapChainDesc.BufferDesc.Height 720
[2022.05.25-20.33.19:035][668]LogRHI: Error: SwapChainDesc.BufferDesc.RefreshRate.Numerator 0
[2022.05.25-20.33.19:035][668]LogRHI: Error: SwapChainDesc.BufferDesc.RefreshRate.Denominator 0
[2022.05.25-20.33.19:035][668]LogRHI: Error: SwapChainDesc.BufferDesc.Format 24
[2022.05.25-20.33.19:035][668]LogRHI: Error: SwapChainDesc.BufferDesc.ScanlineOrdering 0
[2022.05.25-20.33.19:035][668]LogRHI: Error: SwapChainDesc.BufferDesc.Scaling 0
[2022.05.25-20.33.19:035][668]LogRHI: Error: SwapChainDesc.SampleDesc.Count 1
[2022.05.25-20.33.19:035][668]LogRHI: Error: SwapChainDesc.SampleDesc.Quality 0
[2022.05.25-20.33.19:035][668]LogRHI: Error: SwapChainDesc.BufferUsage 48
[2022.05.25-20.33.19:035][668]LogRHI: Error: SwapChainDesc.BufferCount 2
[2022.05.25-20.33.19:035][668]LogRHI: Error: SwapChainDesc.OutputWindow 00000000002606E2
[2022.05.25-20.33.19:035][668]LogRHI: Error: SwapChainDesc.Windowed true
[2022.05.25-20.33.19:035][668]LogRHI: Error: SwapChainDesc.SwapEffect 4
[2022.05.25-20.33.19:035][668]LogRHI: Error: SwapChainDesc.Flags 2050
[2022.05.25-20.33.19:051][672]LogRHI: Error: Present Fail Count 9
[2022.05.25-20.33.19:051][672]LogRHI: Error: SyncInterval 0
[2022.05.25-20.33.19:051][672]LogRHI: Error: SwapChainDesc.BufferDesc.Width 1280
[2022.05.25-20.33.19:051][672]LogRHI: Error: SwapChainDesc.BufferDesc.Height 720
[2022.05.25-20.33.19:052][672]LogRHI: Error: SwapChainDesc.BufferDesc.RefreshRate.Numerator 0
[2022.05.25-20.33.19:052][672]LogRHI: Error: SwapChainDesc.BufferDesc.RefreshRate.Denominator 0
[2022.05.25-20.33.19:052][672]LogRHI: Error: SwapChainDesc.BufferDesc.Format 24
[2022.05.25-20.33.19:052][672]LogRHI: Error: SwapChainDesc.BufferDesc.ScanlineOrdering 0
[2022.05.25-20.33.19:052][672]LogRHI: Error: SwapChainDesc.BufferDesc.Scaling 0
[2022.05.25-20.33.19:052][672]LogRHI: Error: SwapChainDesc.SampleDesc.Count 1
[2022.05.25-20.33.19:052][672]LogRHI: Error: SwapChainDesc.SampleDesc.Quality 0
[2022.05.25-20.33.19:052][672]LogRHI: Error: SwapChainDesc.BufferUsage 48
[2022.05.25-20.33.19:052][672]LogRHI: Error: SwapChainDesc.BufferCount 2
[2022.05.25-20.33.19:052][672]LogRHI: Error: SwapChainDesc.OutputWindow 00000000002606E2
[2022.05.25-20.33.19:052][672]LogRHI: Error: SwapChainDesc.Windowed true
[2022.05.25-20.33.19:052][672]LogRHI: Error: SwapChainDesc.SwapEffect 4
[2022.05.25-20.33.19:052][672]LogRHI: Error: SwapChainDesc.Flags 2050
[2022.05.25-20.33.19:066][676]LogRHI: Error: Present Fail Count 10
[2022.05.25-20.33.19:066][676]LogRHI: Error: SyncInterval 0
[2022.05.25-20.33.19:066][676]LogRHI: Error: SwapChainDesc.BufferDesc.Width 1280
[2022.05.25-20.33.19:066][676]LogRHI: Error: SwapChainDesc.BufferDesc.Height 720
[2022.05.25-20.33.19:066][676]LogRHI: Error: SwapChainDesc.BufferDesc.RefreshRate.Numerator 0
[2022.05.25-20.33.19:066][676]LogRHI: Error: SwapChainDesc.BufferDesc.RefreshRate.Denominator 0
[2022.05.25-20.33.19:066][676]LogRHI: Error: SwapChainDesc.BufferDesc.Format 24
[2022.05.25-20.33.19:066][676]LogRHI: Error: SwapChainDesc.BufferDesc.ScanlineOrdering 0
[2022.05.25-20.33.19:066][676]LogRHI: Error: SwapChainDesc.BufferDesc.Scaling 0
[2022.05.25-20.33.19:066][676]LogRHI: Error: SwapChainDesc.SampleDesc.Count 1
[2022.05.25-20.33.19:066][676]LogRHI: Error: SwapChainDesc.SampleDesc.Quality 0
[2022.05.25-20.33.19:066][676]LogRHI: Error: SwapChainDesc.BufferUsage 48
[2022.05.25-20.33.19:066][676]LogRHI: Error: SwapChainDesc.BufferCount 2
[2022.05.25-20.33.19:066][676]LogRHI: Error: SwapChainDesc.OutputWindow 00000000002606E2
[2022.05.25-20.33.19:066][676]LogRHI: Error: SwapChainDesc.Windowed true
[2022.05.25-20.33.19:066][676]LogRHI: Error: SwapChainDesc.SwapEffect 4
[2022.05.25-20.33.19:066][676]LogRHI: Error: SwapChainDesc.Flags 2050
[2022.05.25-20.33.19:125][679]LogRHI: Error: Present Fail Count 11
[2022.05.25-20.33.19:125][679]LogRHI: Error: SyncInterval 0
[2022.05.25-20.33.19:125][679]LogRHI: Error: SwapChainDesc.BufferDesc.Width 1280
[2022.05.25-20.33.19:125][679]LogRHI: Error: SwapChainDesc.BufferDesc.Height 720
[2022.05.25-20.33.19:125][679]LogRHI: Error: SwapChainDesc.BufferDesc.RefreshRate.Numerator 0
[2022.05.25-20.33.19:125][679]LogRHI: Error: SwapChainDesc.BufferDesc.RefreshRate.Denominator 0
[2022.05.25-20.33.19:125][679]LogRHI: Error: SwapChainDesc.BufferDesc.Format 24
[2022.05.25-20.33.19:125][679]LogRHI: Error: SwapChainDesc.BufferDesc.ScanlineOrdering 0
[2022.05.25-20.33.19:125][679]LogRHI: Error: SwapChainDesc.BufferDesc.Scaling 0
[2022.05.25-20.33.19:125][679]LogRHI: Error: SwapChainDesc.SampleDesc.Count 1
[2022.05.25-20.33.19:125][679]LogRHI: Error: SwapChainDesc.SampleDesc.Quality 0
[2022.05.25-20.33.19:125][679]LogRHI: Error: SwapChainDesc.BufferUsage 48
[2022.05.25-20.33.19:125][679]LogRHI: Error: SwapChainDesc.BufferCount 2
[2022.05.25-20.33.19:125][679]LogRHI: Error: SwapChainDesc.OutputWindow 00000000002606E2
[2022.05.25-20.33.19:125][679]LogRHI: Error: SwapChainDesc.Windowed true
[2022.05.25-20.33.19:125][679]LogRHI: Error: SwapChainDesc.SwapEffect 4
[2022.05.25-20.33.19:125][679]LogRHI: Error: SwapChainDesc.Flags 2050
[2022.05.25-20.33.19:125][679]LogD3D11RHI: Error: Result failed 
 at D:/Build/++UE4/Sync/Engine/Source/Runtime/Windows/D3D11RHI/Private/D3D11Viewport.cpp:443 
 with error DXGI_ERROR_DEVICE_REMOVED 00000000
[2022.05.25-20.33.19:125][679]LogD3D11RHI: [Aftermath] GDynamicRHI=000001D82C0B9400, GDX11NVAfterMathEnabled=0, Result=0xFFFFFFFF, bDeviceActive=0
[2022.05.25-20.33.19:125][679]LogWindows: Windows GetLastError: Операция успешно завершена. (0)
[2022.05.25-20.33.20:873][680]LogWindows: FPlatformMisc::RequestExit(0)
[2022.05.25-20.33.20:873][680]LogWindows: FPlatformMisc::RequestExitWithStatus(0, 0)
[2022.05.25-20.33.20:873][680]LogCore: Engine exit requested (reason: Win RequestExit)
[2022.05.25-20.33.20:873][680]LogWindows: FPlatformMisc::RequestExit(1)
[2022.05.25-20.33.20:873][680]LogWindows: FPlatformMisc::RequestExitWithStatus(1, 3)
[2022.05.25-20.33.20:873][680]LogCore: Engine exit requested (reason: Win RequestExit; note: exit was already requested)
[2022.05.25-20.33.20:876][680]Log file closed, 05/25/22 23:33:20
