Log file open, 05/26/22 00:35:02
LogWindows: Failed to load 'aqProf.dll' (GetLastError=126)
LogWindows: File 'aqProf.dll' does not exist
LogWindows: Failed to load 'VtuneApi.dll' (GetLastError=126)
LogWindows: File 'VtuneApi.dll' does not exist
LogWindows: Failed to load 'VtuneApi32e.dll' (GetLastError=126)
LogWindows: File 'VtuneApi32e.dll' does not exist
LogConsoleResponse: Display: Failed to find resolution value strings in scalability ini. Falling back to default.
LogConsoleResponse: Display: Failed to find resolution value strings in scalability ini. Falling back to default.
LogInit: Display: Running engine for game: deadInsideTheDungeon
LogPlatformFile: Not using cached read wrapper
LogTaskGraph: Started task graph with 5 named threads and 23 total threads with 3 sets of task threads.
LogStats: Stats thread started at 0.302165
LogICUInternationalization: ICU TimeZone Detection - Raw Offset: +2:00, Platform Override: ''
LogInit: Display: Loading text-based GConfig....
LogPluginManager: Mounting plugin MeshPainting
LogPluginManager: Mounting plugin XGEController
LogPluginManager: Mounting plugin AISupport
LogPluginManager: Mounting plugin Paper2D
LogPluginManager: Mounting plugin EnvironmentQueryEditor
LogPluginManager: Mounting plugin LiveLink
LogPluginManager: Mounting plugin CameraShakePreviewer
LogPluginManager: Mounting plugin GameplayCameras
LogPluginManager: Mounting plugin OodleData
LogPluginManager: Mounting plugin AssetManagerEditor
LogPluginManager: Mounting plugin CurveEditorTools
LogPluginManager: Mounting plugin CryptoKeys
LogPluginManager: Mounting plugin DataValidation
LogPluginManager: Mounting plugin FacialAnimation
LogPluginManager: Mounting plugin GameplayTagsEditor
LogPluginManager: Mounting plugin GeometryMode
LogPluginManager: Mounting plugin OodleNetwork
LogPluginManager: Mounting plugin MaterialAnalyzer
LogPluginManager: Mounting plugin MobileLauncherProfileWizard
LogPluginManager: Mounting plugin MacGraphicsSwitching
LogPluginManager: Mounting plugin PluginBrowser
LogPluginManager: Mounting plugin LightPropagationVolume
LogPluginManager: Mounting plugin AnimationSharing
LogPluginManager: Mounting plugin SpeedTreeImporter
LogPluginManager: Mounting plugin Niagara
LogPluginManager: Mounting plugin AlembicImporter
LogPluginManager: Mounting plugin AutomationUtils
LogPluginManager: Mounting plugin CodeLiteSourceCodeAccess
LogPluginManager: Mounting plugin CLionSourceCodeAccess
LogPluginManager: Mounting plugin GitSourceControl
LogPluginManager: Mounting plugin KDevelopSourceCodeAccess
LogPluginManager: Mounting plugin NullSourceCodeAccess
LogPluginManager: Mounting plugin PixWinPlugin
LogPluginManager: Mounting plugin PerforceSourceControl
LogPluginManager: Mounting plugin PlasticSourceControl
LogPluginManager: Mounting plugin PluginUtils
LogPluginManager: Mounting plugin PropertyAccessNode
LogPluginManager: Mounting plugin RiderSourceCodeAccess
LogPluginManager: Mounting plugin SubversionSourceControl
LogPluginManager: Mounting plugin TextureFormatOodle
LogPluginManager: Mounting plugin UObjectPlugin
LogPluginManager: Mounting plugin VisualStudioSourceCodeAccess
LogPluginManager: Mounting plugin XCodeSourceCodeAccess
LogPluginManager: Mounting plugin VisualStudioCodeSourceCodeAccess
LogPluginManager: Mounting plugin AndroidMedia
LogPluginManager: Mounting plugin AvfMedia
LogPluginManager: Mounting plugin LuminPlatformFeatures
LogPluginManager: Mounting plugin MagicLeap
LogPluginManager: Mounting plugin ImgMedia
LogPluginManager: Mounting plugin MediaCompositing
LogPluginManager: Mounting plugin MagicLeapLightEstimation
LogPluginManager: Mounting plugin MagicLeapMedia
LogPluginManager: Mounting plugin MediaPlayerEditor
LogPluginManager: Mounting plugin MagicLeapPassableWorld
LogPluginManager: Mounting plugin WebMMedia
LogPluginManager: Mounting plugin WmfMedia
LogPluginManager: Mounting plugin MLSDK
LogPluginManager: Mounting plugin DatasmithContent
LogPluginManager: Mounting plugin VariantManagerContent
LogPluginManager: Mounting plugin BackChannel
LogPluginManager: Mounting plugin ChaosCloth
LogPluginManager: Mounting plugin ChaosEditor
LogPluginManager: Mounting plugin ChaosClothEditor
LogPluginManager: Mounting plugin ChaosNiagara
LogPluginManager: Mounting plugin ChaosSolverPlugin
LogPluginManager: Mounting plugin CharacterAI
LogPluginManager: Mounting plugin GeometryCache
LogPluginManager: Mounting plugin GeometryCollectionPlugin
LogPluginManager: Mounting plugin GeometryProcessing
LogPluginManager: Mounting plugin MotoSynth
LogPluginManager: Mounting plugin OpenImageDenoise
LogPluginManager: Mounting plugin PlatformCrypto
LogPluginManager: Mounting plugin ProxyLODPlugin
LogPluginManager: Mounting plugin PythonScriptPlugin
LogPluginManager: Mounting plugin PlanarCut
LogPluginManager: Mounting plugin TcpMessaging
LogPluginManager: Mounting plugin UdpMessaging
LogPluginManager: Mounting plugin SkeletalReduction
LogPluginManager: Mounting plugin ActorSequence
LogPluginManager: Mounting plugin LevelSequenceEditor
LogPluginManager: Mounting plugin MatineeToLevelSequence
LogPluginManager: Mounting plugin TemplateSequence
LogPluginManager: Mounting plugin OnlineSubsystem
LogPluginManager: Mounting plugin OnlineSubsystemNull
LogPluginManager: Mounting plugin OnlineSubsystemUtils
LogPluginManager: Mounting plugin LauncherChunkInstaller
LogPluginManager: Mounting plugin ActorLayerUtilities
LogPluginManager: Mounting plugin AndroidMoviePlayer
LogPluginManager: Mounting plugin AndroidDeviceProfileSelector
LogPluginManager: Mounting plugin AndroidPermission
LogPluginManager: Mounting plugin AppleImageUtils
LogPluginManager: Mounting plugin AppleMoviePlayer
LogPluginManager: Mounting plugin ArchVisCharacter
LogPluginManager: Mounting plugin AssetTags
LogPluginManager: Mounting plugin AudioCapture
LogPluginManager: Mounting plugin AudioSynesthesia
LogPluginManager: Mounting plugin ChunkDownloader
LogPluginManager: Mounting plugin CableComponent
LogPluginManager: Mounting plugin CustomMeshComponent
LogPluginManager: Mounting plugin EditableMesh
LogPluginManager: Mounting plugin ExampleDeviceProfileSelector
LogPluginManager: Mounting plugin GoogleCloudMessaging
LogPluginManager: Mounting plugin GooglePAD
LogPluginManager: Mounting plugin IOSDeviceProfileSelector
LogPluginManager: Mounting plugin LinuxDeviceProfileSelector
LogPluginManager: Mounting plugin LocationServicesBPLibrary
LogPluginManager: Mounting plugin MobilePatchingUtils
LogPluginManager: Mounting plugin OpenXR
LogPluginManager: Mounting plugin OpenXREyeTracker
LogPluginManager: Mounting plugin ScreenshotTools
LogPluginManager: Mounting plugin OpenXRHandTracking
LogPluginManager: Mounting plugin PhysXVehicles
LogPluginManager: Mounting plugin PostSplashScreen
LogPluginManager: Mounting plugin ProceduralMeshComponent
LogPluginManager: Mounting plugin PropertyAccessEditor
LogPluginManager: Mounting plugin RuntimePhysXCooking
LogPluginManager: Mounting plugin SignificanceManager
LogPluginManager: Mounting plugin Takes
LogPluginManager: Mounting plugin SoundFields
LogPluginManager: Mounting plugin Synthesis
LogPluginManager: Mounting plugin WebMMoviePlayer
LogPluginManager: Mounting plugin WindowsMoviePlayer
LogPluginManager: Mounting plugin ContentBrowserAssetDataSource
LogPluginManager: Mounting plugin ContentBrowserClassDataSource
LogPluginManager: Mounting plugin ContentBrowserFileDataSource
LogPluginManager: Mounting plugin OnlineSubsystemGooglePlay
LogPluginManager: Mounting plugin OnlineSubsystemIOS
LogPluginManager: Mounting plugin OculusVR
LogPluginManager: Mounting plugin SteamVR
PixWinPlugin: PIX capture plugin failed to initialize! Check that the process is launched from PIX.
LogInit: Using libcurl 7.55.1-DEV
LogInit:  - built for x86_64-pc-win32
LogInit:  - supports SSL with OpenSSL/1.1.1
LogInit:  - supports HTTP deflate (compression) using libz 1.2.8
LogInit:  - other features:
LogInit:      CURL_VERSION_SSL
LogInit:      CURL_VERSION_LIBZ
LogInit:      CURL_VERSION_IPV6
LogInit:      CURL_VERSION_ASYNCHDNS
LogInit:      CURL_VERSION_LARGEFILE
LogInit:      CURL_VERSION_IDN
LogInit:  CurlRequestOptions (configurable via config and command line):
LogInit:  - bVerifyPeer = true  - Libcurl will verify peer certificate
LogInit:  - bUseHttpProxy = false  - Libcurl will NOT use HTTP proxy
LogInit:  - bDontReuseConnections = false  - Libcurl will reuse connections
LogInit:  - MaxHostConnections = 16  - Libcurl will limit the number of connections to a host
LogInit:  - LocalHostAddr = Default
LogInit:  - BufferSize = 65536
LogOnline: OSS: Creating online subsystem instance for: NULL
LogInit: WinSock: version 1.1 (2.2), MaxSocks=32767, MaxUdp=65467
LogOnline: OSS: TryLoadSubsystemAndSetDefault: Loaded subsystem for module [NULL]
LogOculusPluginWrapper: OculusPlugin initialized successfully
LogHMD: Failed initializing OVRPlugin 1.59.0
LogInit: Build: ++UE4+Release-4.27-CL-18319896
LogInit: Engine Version: 4.27.2-18319896+++UE4+Release-4.27
LogInit: Compatible Engine Version: 4.27.0-17155196+++UE4+Release-4.27
LogInit: Net CL: 17155196
LogInit: OS: Windows 10 (Release 2009) (), CPU: 11th Gen Intel(R) Core(TM) i5-1135G7 @ 2.40GHz, GPU: Intel(R) Iris(R) Xe Graphics
LogInit: Compiled (64-bit): Nov 30 2021 07:12:08
LogInit: Compiled with Visual C++: 19.24.28315.00
LogInit: Build Configuration: Development
LogInit: Branch Name: ++UE4+Release-4.27
LogInit: Command Line:  /Game/ThirdPersonBP/Maps/Main_menu -game -PIEVIACONSOLE -Multiprocess GameUserSettingsINI=C:/Users/r.zuietir/Documents/GitHub/deadInsideTheDungeon/deadInsideTheDungeon/Saved/Config/Windows/PIEGameUserSettings0.ini -MultiprocessSaveConfig -forcepassthrough -messaging -SessionName="Play in Standalone Game" -windowed -ResX=1280 -ResY=720
LogInit: Base Directory: C:/Program Files/Epic Games/UE_4.27/Engine/Binaries/Win64/
LogInit: Allocator: TBB
LogInit: Installed Engine Build: 1
LogDevObjectVersion: Number of dev versions registered: 29
LogDevObjectVersion:   Dev-Blueprints (B0D832E4-1F89-4F0D-ACCF-7EB736FD4AA2): 10
LogDevObjectVersion:   Dev-Build (E1C64328-A22C-4D53-A36C-8E866417BD8C): 0
LogDevObjectVersion:   Dev-Core (375EC13C-06E4-48FB-B500-84F0262A717E): 4
LogDevObjectVersion:   Dev-Editor (E4B068ED-F494-42E9-A231-DA0B2E46BB41): 40
LogDevObjectVersion:   Dev-Framework (CFFC743F-43B0-4480-9391-14DF171D2073): 37
LogDevObjectVersion:   Dev-Mobile (B02B49B5-BB20-44E9-A304-32B752E40360): 3
LogDevObjectVersion:   Dev-Networking (A4E4105C-59A1-49B5-A7C5-40C4547EDFEE): 0
LogDevObjectVersion:   Dev-Online (39C831C9-5AE6-47DC-9A44-9C173E1C8E7C): 0
LogDevObjectVersion:   Dev-Physics (78F01B33-EBEA-4F98-B9B4-84EACCB95AA2): 14
LogDevObjectVersion:   Dev-Platform (6631380F-2D4D-43E0-8009-CF276956A95A): 0
LogDevObjectVersion:   Dev-Rendering (12F88B9F-8875-4AFC-A67C-D90C383ABD29): 45
LogDevObjectVersion:   Dev-Sequencer (7B5AE74C-D270-4C10-A958-57980B212A5A): 13
LogDevObjectVersion:   Dev-VR (D7296918-1DD6-4BDD-9DE2-64A83CC13884): 3
LogDevObjectVersion:   Dev-LoadTimes (C2A15278-BFE7-4AFE-6C17-90FF531DF755): 1
LogDevObjectVersion:   Private-Geometry (6EACA3D4-40EC-4CC1-B786-8BED09428FC5): 3
LogDevObjectVersion:   Dev-AnimPhys (29E575DD-E0A3-4627-9D10-D276232CDCEA): 17
LogDevObjectVersion:   Dev-Anim (AF43A65D-7FD3-4947-9873-3E8ED9C1BB05): 15
LogDevObjectVersion:   Dev-ReflectionCapture (6B266CEC-1EC7-4B8F-A30B-E4D90942FC07): 1
LogDevObjectVersion:   Dev-Automation (0DF73D61-A23F-47EA-B727-89E90C41499A): 1
LogDevObjectVersion:   FortniteMain (601D1886-AC64-4F84-AA16-D3DE0DEAC7D6): 47
LogDevObjectVersion:   FortniteRelease (E7086368-6B23-4C58-8439-1B7016265E91): 1
LogDevObjectVersion:   Dev-Enterprise (9DFFBCD6-494F-0158-E221-12823C92A888): 10
LogDevObjectVersion:   Dev-Niagara (F2AED0AC-9AFE-416F-8664-AA7FFA26D6FC): 1
LogDevObjectVersion:   Dev-Destruction (174F1F0B-B4C6-45A5-B13F-2EE8D0FB917D): 10
LogDevObjectVersion:   Dev-Physics-Ext (35F94A83-E258-406C-A318-09F59610247C): 41
LogDevObjectVersion:   Dev-PhysicsMaterial-Chaos (B68FC16E-8B1B-42E2-B453-215C058844FE): 1
LogDevObjectVersion:   Dev-CineCamera (B2E18506-4273-CFC2-A54E-F4BB758BBA07): 1
LogDevObjectVersion:   Dev-VirtualProduction (64F58936-FD1B-42BA-BA96-7289D5D0FA4E): 1
LogDevObjectVersion:   Dev-MediaFramework (6F0ED827-A609-4895-9C91-998D90180EA4): 2
LogInit: Presizing for max 25165824 objects, including 0 objects not considered by GC, pre-allocating 0 bytes for permanent pool.
LogConfig: Applying CVar settings from Section [/Script/Engine.StreamingSettings] File [C:/Users/r.zuietir/Documents/GitHub/deadInsideTheDungeon/deadInsideTheDungeon/Saved/Config/Windows/Engine.ini]
LogConfig: Setting CVar [[s.MinBulkDataSizeForAsyncLoading:131072]]
LogConfig: Setting CVar [[s.AsyncLoadingThreadEnabled:0]]
LogConfig: Setting CVar [[s.EventDrivenLoaderEnabled:1]]
LogConfig: Setting CVar [[s.WarnIfTimeLimitExceeded:0]]
LogConfig: Setting CVar [[s.TimeLimitExceededMultiplier:1.5]]
LogConfig: Setting CVar [[s.TimeLimitExceededMinTime:0.005]]
LogConfig: Setting CVar [[s.UseBackgroundLevelStreaming:1]]
LogConfig: Setting CVar [[s.PriorityAsyncLoadingExtraTime:15.0]]
LogConfig: Setting CVar [[s.LevelStreamingActorsUpdateTimeLimit:5.0]]
LogConfig: Setting CVar [[s.PriorityLevelStreamingActorsUpdateExtraTime:5.0]]
LogConfig: Setting CVar [[s.LevelStreamingComponentsRegistrationGranularity:10]]
LogConfig: Setting CVar [[s.UnregisterComponentsTimeLimit:1.0]]
LogConfig: Setting CVar [[s.LevelStreamingComponentsUnregistrationGranularity:5]]
LogConfig: Setting CVar [[s.FlushStreamingOnExit:1]]
LogInit: Object subsystem initialized
LogConfig: Setting CVar [[con.DebugEarlyDefault:1]]
LogConfig: Setting CVar [[r.setres:1280x720]]
[2022.05.25-21.35.03:591][  0]LogConfig: Setting CVar [[con.DebugEarlyDefault:1]]
[2022.05.25-21.35.03:591][  0]LogConfig: Setting CVar [[r.setres:1280x720]]
[2022.05.25-21.35.03:591][  0]LogConfig: Applying CVar settings from Section [/Script/Engine.RendererSettings] File [C:/Users/r.zuietir/Documents/GitHub/deadInsideTheDungeon/deadInsideTheDungeon/Saved/Config/Windows/Engine.ini]
[2022.05.25-21.35.03:591][  0]LogConfig: Setting CVar [[r.GPUCrashDebugging:0]]
[2022.05.25-21.35.03:591][  0]LogConfig: Applying CVar settings from Section [/Script/Engine.RendererOverrideSettings] File [C:/Users/r.zuietir/Documents/GitHub/deadInsideTheDungeon/deadInsideTheDungeon/Saved/Config/Windows/Engine.ini]
[2022.05.25-21.35.03:591][  0]LogConfig: Applying CVar settings from Section [/Script/Engine.StreamingSettings] File [C:/Users/r.zuietir/Documents/GitHub/deadInsideTheDungeon/deadInsideTheDungeon/Saved/Config/Windows/Engine.ini]
[2022.05.25-21.35.03:591][  0]LogConfig: Setting CVar [[s.MinBulkDataSizeForAsyncLoading:131072]]
[2022.05.25-21.35.03:591][  0]LogConfig: Setting CVar [[s.AsyncLoadingThreadEnabled:0]]
[2022.05.25-21.35.03:591][  0]LogConfig: Setting CVar [[s.EventDrivenLoaderEnabled:1]]
[2022.05.25-21.35.03:591][  0]LogConfig: Setting CVar [[s.WarnIfTimeLimitExceeded:0]]
[2022.05.25-21.35.03:591][  0]LogConfig: Setting CVar [[s.TimeLimitExceededMultiplier:1.5]]
[2022.05.25-21.35.03:591][  0]LogConfig: Setting CVar [[s.TimeLimitExceededMinTime:0.005]]
[2022.05.25-21.35.03:591][  0]LogConfig: Setting CVar [[s.UseBackgroundLevelStreaming:1]]
[2022.05.25-21.35.03:591][  0]LogConfig: Setting CVar [[s.PriorityAsyncLoadingExtraTime:15.0]]
[2022.05.25-21.35.03:591][  0]LogConfig: Setting CVar [[s.LevelStreamingActorsUpdateTimeLimit:5.0]]
[2022.05.25-21.35.03:591][  0]LogConfig: Setting CVar [[s.PriorityLevelStreamingActorsUpdateExtraTime:5.0]]
[2022.05.25-21.35.03:591][  0]LogConfig: Setting CVar [[s.LevelStreamingComponentsRegistrationGranularity:10]]
[2022.05.25-21.35.03:591][  0]LogConfig: Setting CVar [[s.UnregisterComponentsTimeLimit:1.0]]
[2022.05.25-21.35.03:592][  0]LogConfig: Setting CVar [[s.LevelStreamingComponentsUnregistrationGranularity:5]]
[2022.05.25-21.35.03:592][  0]LogConfig: Setting CVar [[s.FlushStreamingOnExit:1]]
[2022.05.25-21.35.03:592][  0]LogConfig: Applying CVar settings from Section [/Script/Engine.GarbageCollectionSettings] File [C:/Users/r.zuietir/Documents/GitHub/deadInsideTheDungeon/deadInsideTheDungeon/Saved/Config/Windows/Engine.ini]
[2022.05.25-21.35.03:592][  0]LogConfig: Setting CVar [[gc.MaxObjectsNotConsideredByGC:1]]
[2022.05.25-21.35.03:592][  0]LogConfig: Setting CVar [[gc.SizeOfPermanentObjectPool:0]]
[2022.05.25-21.35.03:592][  0]LogConfig: Setting CVar [[gc.FlushStreamingOnGC:0]]
[2022.05.25-21.35.03:592][  0]LogConfig: Setting CVar [[gc.NumRetriesBeforeForcingGC:10]]
[2022.05.25-21.35.03:592][  0]LogConfig: Setting CVar [[gc.AllowParallelGC:1]]
[2022.05.25-21.35.03:592][  0]LogConfig: Setting CVar [[gc.TimeBetweenPurgingPendingKillObjects:61.1]]
[2022.05.25-21.35.03:592][  0]LogConfig: Setting CVar [[gc.MaxObjectsInEditor:25165824]]
[2022.05.25-21.35.03:592][  0]LogConfig: Setting CVar [[gc.IncrementalBeginDestroyEnabled:1]]
[2022.05.25-21.35.03:592][  0]LogConfig: Setting CVar [[gc.CreateGCClusters:1]]
[2022.05.25-21.35.03:592][  0]LogConfig: Setting CVar [[gc.MinGCClusterSize:5]]
[2022.05.25-21.35.03:592][  0]LogConfig: Setting CVar [[gc.ActorClusteringEnabled:0]]
[2022.05.25-21.35.03:592][  0]LogConfig: Setting CVar [[gc.BlueprintClusteringEnabled:0]]
[2022.05.25-21.35.03:592][  0]LogConfig: Setting CVar [[gc.UseDisregardForGCOnDedicatedServers:0]]
[2022.05.25-21.35.03:592][  0]LogConfig: Setting CVar [[gc.MultithreadedDestructionEnabled:1]]
[2022.05.25-21.35.03:592][  0]LogConfig: Applying CVar settings from Section [/Script/Engine.NetworkSettings] File [C:/Users/r.zuietir/Documents/GitHub/deadInsideTheDungeon/deadInsideTheDungeon/Saved/Config/Windows/Engine.ini]
[2022.05.25-21.35.03:592][  0]LogConfig: Applying CVar settings from Section [/Script/UnrealEd.CookerSettings] File [C:/Users/r.zuietir/Documents/GitHub/deadInsideTheDungeon/deadInsideTheDungeon/Saved/Config/Windows/Engine.ini]
[2022.05.25-21.35.03:607][  0]LogConfig: Applying CVar settings from Section [ViewDistanceQuality@3] File [C:/Users/r.zuietir/Documents/GitHub/deadInsideTheDungeon/deadInsideTheDungeon/Saved/Config/Windows/Scalability.ini]
[2022.05.25-21.35.03:607][  0]LogConfig: Setting CVar [[r.SkeletalMeshLODBias:0]]
[2022.05.25-21.35.03:607][  0]LogConfig: Setting CVar [[r.ViewDistanceScale:1.0]]
[2022.05.25-21.35.03:607][  0]LogConfig: Applying CVar settings from Section [AntiAliasingQuality@3] File [C:/Users/r.zuietir/Documents/GitHub/deadInsideTheDungeon/deadInsideTheDungeon/Saved/Config/Windows/Scalability.ini]
[2022.05.25-21.35.03:607][  0]LogConfig: Setting CVar [[r.PostProcessAAQuality:4]]
[2022.05.25-21.35.03:607][  0]LogConfig: Applying CVar settings from Section [ShadowQuality@3] File [C:/Users/r.zuietir/Documents/GitHub/deadInsideTheDungeon/deadInsideTheDungeon/Saved/Config/Windows/Scalability.ini]
[2022.05.25-21.35.03:607][  0]LogConfig: Setting CVar [[r.LightFunctionQuality:1]]
[2022.05.25-21.35.03:607][  0]LogConfig: Setting CVar [[r.ShadowQuality:5]]
[2022.05.25-21.35.03:607][  0]LogConfig: Setting CVar [[r.Shadow.CSM.MaxCascades:10]]
[2022.05.25-21.35.03:607][  0]LogConfig: Setting CVar [[r.Shadow.MaxResolution:2048]]
[2022.05.25-21.35.03:607][  0]LogConfig: Setting CVar [[r.Shadow.MaxCSMResolution:2048]]
[2022.05.25-21.35.03:607][  0]LogConfig: Setting CVar [[r.Shadow.RadiusThreshold:0.01]]
[2022.05.25-21.35.03:607][  0]LogConfig: Setting CVar [[r.Shadow.DistanceScale:1.0]]
[2022.05.25-21.35.03:607][  0]LogConfig: Setting CVar [[r.Shadow.CSM.TransitionScale:1.0]]
[2022.05.25-21.35.03:607][  0]LogConfig: Setting CVar [[r.Shadow.PreShadowResolutionFactor:1.0]]
[2022.05.25-21.35.03:607][  0]LogConfig: Setting CVar [[r.DistanceFieldShadowing:1]]
[2022.05.25-21.35.03:607][  0]LogConfig: Setting CVar [[r.DistanceFieldAO:1]]
[2022.05.25-21.35.03:607][  0]LogConfig: Setting CVar [[r.AOQuality:2]]
[2022.05.25-21.35.03:607][  0]LogConfig: Setting CVar [[r.VolumetricFog:1]]
[2022.05.25-21.35.03:607][  0]LogConfig: Setting CVar [[r.VolumetricFog.GridPixelSize:8]]
[2022.05.25-21.35.03:607][  0]LogConfig: Setting CVar [[r.VolumetricFog.GridSizeZ:128]]
[2022.05.25-21.35.03:607][  0]LogConfig: Setting CVar [[r.VolumetricFog.HistoryMissSupersampleCount:4]]
[2022.05.25-21.35.03:607][  0]LogConfig: Setting CVar [[r.LightMaxDrawDistanceScale:1]]
[2022.05.25-21.35.03:607][  0]LogConfig: Setting CVar [[r.CapsuleShadows:1]]
[2022.05.25-21.35.03:607][  0]LogConfig: Applying CVar settings from Section [PostProcessQuality@3] File [C:/Users/r.zuietir/Documents/GitHub/deadInsideTheDungeon/deadInsideTheDungeon/Saved/Config/Windows/Scalability.ini]
[2022.05.25-21.35.03:607][  0]LogConfig: Setting CVar [[r.MotionBlurQuality:4]]
[2022.05.25-21.35.03:607][  0]LogConfig: Setting CVar [[r.AmbientOcclusionMipLevelFactor:0.4]]
[2022.05.25-21.35.03:607][  0]LogConfig: Setting CVar [[r.AmbientOcclusionMaxQuality:100]]
[2022.05.25-21.35.03:607][  0]LogConfig: Setting CVar [[r.AmbientOcclusionLevels:-1]]
[2022.05.25-21.35.03:607][  0]LogConfig: Setting CVar [[r.AmbientOcclusionRadiusScale:1.0]]
[2022.05.25-21.35.03:607][  0]LogConfig: Setting CVar [[r.DepthOfFieldQuality:2]]
[2022.05.25-21.35.03:607][  0]LogConfig: Setting CVar [[r.RenderTargetPoolMin:400]]
[2022.05.25-21.35.03:607][  0]LogConfig: Setting CVar [[r.LensFlareQuality:2]]
[2022.05.25-21.35.03:607][  0]LogConfig: Setting CVar [[r.SceneColorFringeQuality:1]]
[2022.05.25-21.35.03:607][  0]LogConfig: Setting CVar [[r.EyeAdaptationQuality:2]]
[2022.05.25-21.35.03:607][  0]LogConfig: Setting CVar [[r.BloomQuality:5]]
[2022.05.25-21.35.03:607][  0]LogConfig: Setting CVar [[r.FastBlurThreshold:100]]
[2022.05.25-21.35.03:607][  0]LogConfig: Setting CVar [[r.Upscale.Quality:3]]
[2022.05.25-21.35.03:607][  0]LogConfig: Setting CVar [[r.Tonemapper.GrainQuantization:1]]
[2022.05.25-21.35.03:607][  0]LogConfig: Setting CVar [[r.LightShaftQuality:1]]
[2022.05.25-21.35.03:607][  0]LogConfig: Setting CVar [[r.Filter.SizeScale:1]]
[2022.05.25-21.35.03:607][  0]LogConfig: Setting CVar [[r.Tonemapper.Quality:5]]
[2022.05.25-21.35.03:607][  0]LogConfig: Setting CVar [[r.DOF.Gather.AccumulatorQuality:1        ; higher gathering accumulator quality]]
[2022.05.25-21.35.03:607][  0]LogConfig: Setting CVar [[r.DOF.Gather.PostfilterMethod:1          ; Median3x3 postfilering method]]
[2022.05.25-21.35.03:607][  0]LogConfig: Setting CVar [[r.DOF.Gather.EnableBokehSettings:0       ; no bokeh simulation when gathering]]
[2022.05.25-21.35.03:607][  0]LogConfig: Setting CVar [[r.DOF.Gather.RingCount:4                 ; medium number of samples when gathering]]
[2022.05.25-21.35.03:607][  0]LogConfig: Setting CVar [[r.DOF.Scatter.ForegroundCompositing:1    ; additive foreground scattering]]
[2022.05.25-21.35.03:607][  0]LogConfig: Setting CVar [[r.DOF.Scatter.BackgroundCompositing:2    ; additive background scattering]]
[2022.05.25-21.35.03:607][  0]LogConfig: Setting CVar [[r.DOF.Scatter.EnableBokehSettings:1      ; bokeh simulation when scattering]]
[2022.05.25-21.35.03:607][  0]LogConfig: Setting CVar [[r.DOF.Scatter.MaxSpriteRatio:0.1         ; only a maximum of 10% of scattered bokeh]]
[2022.05.25-21.35.03:607][  0]LogConfig: Setting CVar [[r.DOF.Recombine.Quality:1                ; cheap slight out of focus]]
[2022.05.25-21.35.03:608][  0]LogConfig: Setting CVar [[r.DOF.Recombine.EnableBokehSettings:0    ; no bokeh simulation on slight out of focus]]
[2022.05.25-21.35.03:608][  0]LogConfig: Setting CVar [[r.DOF.TemporalAAQuality:1                ; more stable temporal accumulation]]
[2022.05.25-21.35.03:608][  0]LogConfig: Setting CVar [[r.DOF.Kernel.MaxForegroundRadius:0.025]]
[2022.05.25-21.35.03:608][  0]LogConfig: Setting CVar [[r.DOF.Kernel.MaxBackgroundRadius:0.025]]
[2022.05.25-21.35.03:608][  0]LogConfig: Applying CVar settings from Section [TextureQuality@3] File [C:/Users/r.zuietir/Documents/GitHub/deadInsideTheDungeon/deadInsideTheDungeon/Saved/Config/Windows/Scalability.ini]
[2022.05.25-21.35.03:608][  0]LogConfig: Setting CVar [[r.Streaming.MipBias:0]]
[2022.05.25-21.35.03:608][  0]LogConfig: Setting CVar [[r.Streaming.AmortizeCPUToGPUCopy:0]]
[2022.05.25-21.35.03:608][  0]LogConfig: Setting CVar [[r.Streaming.MaxNumTexturesToStreamPerFrame:0]]
[2022.05.25-21.35.03:608][  0]LogConfig: Setting CVar [[r.Streaming.Boost:1]]
[2022.05.25-21.35.03:608][  0]LogConfig: Setting CVar [[r.MaxAnisotropy:8]]
[2022.05.25-21.35.03:608][  0]LogConfig: Setting CVar [[r.VT.MaxAnisotropy:8]]
[2022.05.25-21.35.03:608][  0]LogConfig: Setting CVar [[r.Streaming.LimitPoolSizeToVRAM:0]]
[2022.05.25-21.35.03:608][  0]LogConfig: Setting CVar [[r.Streaming.PoolSize:1000]]
[2022.05.25-21.35.03:608][  0]LogConfig: Setting CVar [[r.Streaming.MaxEffectiveScreenSize:0]]
[2022.05.25-21.35.03:608][  0]LogConfig: Applying CVar settings from Section [EffectsQuality@3] File [C:/Users/r.zuietir/Documents/GitHub/deadInsideTheDungeon/deadInsideTheDungeon/Saved/Config/Windows/Scalability.ini]
[2022.05.25-21.35.03:608][  0]LogConfig: Setting CVar [[r.TranslucencyLightingVolumeDim:64]]
[2022.05.25-21.35.03:608][  0]LogConfig: Setting CVar [[r.RefractionQuality:2]]
[2022.05.25-21.35.03:608][  0]LogConfig: Setting CVar [[r.SSR.Quality:3]]
[2022.05.25-21.35.03:608][  0]LogConfig: Setting CVar [[r.SSR.HalfResSceneColor:0]]
[2022.05.25-21.35.03:608][  0]LogConfig: Setting CVar [[r.SceneColorFormat:4]]
[2022.05.25-21.35.03:608][  0]LogConfig: Setting CVar [[r.DetailMode:2]]
[2022.05.25-21.35.03:608][  0]LogConfig: Setting CVar [[r.TranslucencyVolumeBlur:1]]
[2022.05.25-21.35.03:608][  0]LogConfig: Setting CVar [[r.MaterialQualityLevel:1 ; High quality]]
[2022.05.25-21.35.03:608][  0]LogConfig: Setting CVar [[r.AnisotropicMaterials:1]]
[2022.05.25-21.35.03:608][  0]LogConfig: Setting CVar [[r.SSS.Scale:1]]
[2022.05.25-21.35.03:608][  0]LogConfig: Setting CVar [[r.SSS.SampleSet:2]]
[2022.05.25-21.35.03:608][  0]LogConfig: Setting CVar [[r.SSS.Quality:1]]
[2022.05.25-21.35.03:608][  0]LogConfig: Setting CVar [[r.SSS.HalfRes:0]]
[2022.05.25-21.35.03:608][  0]LogConfig: Setting CVar [[r.SSGI.Quality:3]]
[2022.05.25-21.35.03:608][  0]LogConfig: Setting CVar [[r.EmitterSpawnRateScale:1.0]]
[2022.05.25-21.35.03:608][  0]LogConfig: Setting CVar [[r.ParticleLightQuality:2]]
[2022.05.25-21.35.03:608][  0]LogConfig: Setting CVar [[r.SkyAtmosphere.AerialPerspectiveLUT.FastApplyOnOpaque:1 ; Always have FastSkyLUT 1 in this case to avoid wrong sky]]
[2022.05.25-21.35.03:608][  0]LogConfig: Setting CVar [[r.SkyAtmosphere.AerialPerspectiveLUT.SampleCountMaxPerSlice:4]]
[2022.05.25-21.35.03:608][  0]LogConfig: Setting CVar [[r.SkyAtmosphere.AerialPerspectiveLUT.DepthResolution:16.0]]
[2022.05.25-21.35.03:608][  0]LogConfig: Setting CVar [[r.SkyAtmosphere.FastSkyLUT:1]]
[2022.05.25-21.35.03:608][  0]LogConfig: Setting CVar [[r.SkyAtmosphere.FastSkyLUT.SampleCountMin:4.0]]
[2022.05.25-21.35.03:608][  0]LogConfig: Setting CVar [[r.SkyAtmosphere.FastSkyLUT.SampleCountMax:128.0]]
[2022.05.25-21.35.03:608][  0]LogConfig: Setting CVar [[r.SkyAtmosphere.SampleCountMin:4.0]]
[2022.05.25-21.35.03:608][  0]LogConfig: Setting CVar [[r.SkyAtmosphere.SampleCountMax:128.0]]
[2022.05.25-21.35.03:608][  0]LogConfig: Setting CVar [[r.SkyAtmosphere.TransmittanceLUT.UseSmallFormat:0]]
[2022.05.25-21.35.03:608][  0]LogConfig: Setting CVar [[r.SkyAtmosphere.TransmittanceLUT.SampleCount:10.0]]
[2022.05.25-21.35.03:608][  0]LogConfig: Setting CVar [[r.SkyAtmosphere.MultiScatteringLUT.SampleCount:15.0]]
[2022.05.25-21.35.03:608][  0]LogConfig: Setting CVar [[r.SkyLight.RealTimeReflectionCapture:1]]
[2022.05.25-21.35.03:608][  0]LogConfig: Applying CVar settings from Section [FoliageQuality@3] File [C:/Users/r.zuietir/Documents/GitHub/deadInsideTheDungeon/deadInsideTheDungeon/Saved/Config/Windows/Scalability.ini]
[2022.05.25-21.35.03:608][  0]LogConfig: Setting CVar [[foliage.DensityScale:1.0]]
[2022.05.25-21.35.03:608][  0]LogConfig: Setting CVar [[grass.DensityScale:1.0]]
[2022.05.25-21.35.03:608][  0]LogConfig: Applying CVar settings from Section [ShadingQuality@3] File [C:/Users/r.zuietir/Documents/GitHub/deadInsideTheDungeon/deadInsideTheDungeon/Saved/Config/Windows/Scalability.ini]
[2022.05.25-21.35.03:608][  0]LogConfig: Setting CVar [[r.HairStrands.SkyLighting.IntegrationType:2]]
[2022.05.25-21.35.03:608][  0]LogConfig: Setting CVar [[r.HairStrands.SkyAO.SampleCount:4]]
[2022.05.25-21.35.03:608][  0]LogConfig: Setting CVar [[r.HairStrands.Visibility.MSAA.SamplePerPixel:4]]
[2022.05.25-21.35.03:608][  0]LogInit: Selected Device Profile: [Windows]
[2022.05.25-21.35.03:608][  0]LogInit: Applying CVar settings loaded from the selected device profile: [Windows]
[2022.05.25-21.35.03:608][  0]LogHAL: Display: Platform has ~ 16 GB [16934494208 / 17179869184 / 16], which maps to Larger [LargestMinGB=32, LargerMinGB=12, DefaultMinGB=8, SmallerMinGB=6, SmallestMinGB=0)
[2022.05.25-21.35.03:608][  0]LogInit: Going up to parent DeviceProfile []
[2022.05.25-21.35.03:608][  0]LogConfig: Applying CVar settings from Section [ViewDistanceQuality@3] File [C:/Users/r.zuietir/Documents/GitHub/deadInsideTheDungeon/deadInsideTheDungeon/Saved/Config/Windows/Scalability.ini]
[2022.05.25-21.35.03:608][  0]LogConfig: Setting CVar [[r.SkeletalMeshLODBias:0]]
[2022.05.25-21.35.03:608][  0]LogConfig: Setting CVar [[r.ViewDistanceScale:1.0]]
[2022.05.25-21.35.03:608][  0]LogConfig: Applying CVar settings from Section [AntiAliasingQuality@3] File [C:/Users/r.zuietir/Documents/GitHub/deadInsideTheDungeon/deadInsideTheDungeon/Saved/Config/Windows/Scalability.ini]
[2022.05.25-21.35.03:608][  0]LogConfig: Setting CVar [[r.PostProcessAAQuality:4]]
[2022.05.25-21.35.03:608][  0]LogConfig: Applying CVar settings from Section [ShadowQuality@3] File [C:/Users/r.zuietir/Documents/GitHub/deadInsideTheDungeon/deadInsideTheDungeon/Saved/Config/Windows/Scalability.ini]
[2022.05.25-21.35.03:608][  0]LogConfig: Setting CVar [[r.LightFunctionQuality:1]]
[2022.05.25-21.35.03:608][  0]LogConfig: Setting CVar [[r.ShadowQuality:5]]
[2022.05.25-21.35.03:608][  0]LogConfig: Setting CVar [[r.Shadow.CSM.MaxCascades:10]]
[2022.05.25-21.35.03:608][  0]LogConfig: Setting CVar [[r.Shadow.MaxResolution:2048]]
[2022.05.25-21.35.03:609][  0]LogConfig: Setting CVar [[r.Shadow.MaxCSMResolution:2048]]
[2022.05.25-21.35.03:609][  0]LogConfig: Setting CVar [[r.Shadow.RadiusThreshold:0.01]]
[2022.05.25-21.35.03:609][  0]LogConfig: Setting CVar [[r.Shadow.DistanceScale:1.0]]
[2022.05.25-21.35.03:609][  0]LogConfig: Setting CVar [[r.Shadow.CSM.TransitionScale:1.0]]
[2022.05.25-21.35.03:609][  0]LogConfig: Setting CVar [[r.Shadow.PreShadowResolutionFactor:1.0]]
[2022.05.25-21.35.03:609][  0]LogConfig: Setting CVar [[r.DistanceFieldShadowing:1]]
[2022.05.25-21.35.03:609][  0]LogConfig: Setting CVar [[r.DistanceFieldAO:1]]
[2022.05.25-21.35.03:609][  0]LogConfig: Setting CVar [[r.AOQuality:2]]
[2022.05.25-21.35.03:609][  0]LogConfig: Setting CVar [[r.VolumetricFog:1]]
[2022.05.25-21.35.03:609][  0]LogConfig: Setting CVar [[r.VolumetricFog.GridPixelSize:8]]
[2022.05.25-21.35.03:609][  0]LogConfig: Setting CVar [[r.VolumetricFog.GridSizeZ:128]]
[2022.05.25-21.35.03:609][  0]LogConfig: Setting CVar [[r.VolumetricFog.HistoryMissSupersampleCount:4]]
[2022.05.25-21.35.03:609][  0]LogConfig: Setting CVar [[r.LightMaxDrawDistanceScale:1]]
[2022.05.25-21.35.03:609][  0]LogConfig: Setting CVar [[r.CapsuleShadows:1]]
[2022.05.25-21.35.03:609][  0]LogConfig: Applying CVar settings from Section [PostProcessQuality@3] File [C:/Users/r.zuietir/Documents/GitHub/deadInsideTheDungeon/deadInsideTheDungeon/Saved/Config/Windows/Scalability.ini]
[2022.05.25-21.35.03:609][  0]LogConfig: Setting CVar [[r.MotionBlurQuality:4]]
[2022.05.25-21.35.03:609][  0]LogConfig: Setting CVar [[r.AmbientOcclusionMipLevelFactor:0.4]]
[2022.05.25-21.35.03:609][  0]LogConfig: Setting CVar [[r.AmbientOcclusionMaxQuality:100]]
[2022.05.25-21.35.03:609][  0]LogConfig: Setting CVar [[r.AmbientOcclusionLevels:-1]]
[2022.05.25-21.35.03:609][  0]LogConfig: Setting CVar [[r.AmbientOcclusionRadiusScale:1.0]]
[2022.05.25-21.35.03:609][  0]LogConfig: Setting CVar [[r.DepthOfFieldQuality:2]]
[2022.05.25-21.35.03:609][  0]LogConfig: Setting CVar [[r.RenderTargetPoolMin:400]]
[2022.05.25-21.35.03:609][  0]LogConfig: Setting CVar [[r.LensFlareQuality:2]]
[2022.05.25-21.35.03:609][  0]LogConfig: Setting CVar [[r.SceneColorFringeQuality:1]]
[2022.05.25-21.35.03:609][  0]LogConfig: Setting CVar [[r.EyeAdaptationQuality:2]]
[2022.05.25-21.35.03:609][  0]LogConfig: Setting CVar [[r.BloomQuality:5]]
[2022.05.25-21.35.03:609][  0]LogConfig: Setting CVar [[r.FastBlurThreshold:100]]
[2022.05.25-21.35.03:609][  0]LogConfig: Setting CVar [[r.Upscale.Quality:3]]
[2022.05.25-21.35.03:609][  0]LogConfig: Setting CVar [[r.Tonemapper.GrainQuantization:1]]
[2022.05.25-21.35.03:609][  0]LogConfig: Setting CVar [[r.LightShaftQuality:1]]
[2022.05.25-21.35.03:609][  0]LogConfig: Setting CVar [[r.Filter.SizeScale:1]]
[2022.05.25-21.35.03:609][  0]LogConfig: Setting CVar [[r.Tonemapper.Quality:5]]
[2022.05.25-21.35.03:609][  0]LogConfig: Setting CVar [[r.DOF.Gather.AccumulatorQuality:1        ; higher gathering accumulator quality]]
[2022.05.25-21.35.03:609][  0]LogConfig: Setting CVar [[r.DOF.Gather.PostfilterMethod:1          ; Median3x3 postfilering method]]
[2022.05.25-21.35.03:609][  0]LogConfig: Setting CVar [[r.DOF.Gather.EnableBokehSettings:0       ; no bokeh simulation when gathering]]
[2022.05.25-21.35.03:609][  0]LogConfig: Setting CVar [[r.DOF.Gather.RingCount:4                 ; medium number of samples when gathering]]
[2022.05.25-21.35.03:609][  0]LogConfig: Setting CVar [[r.DOF.Scatter.ForegroundCompositing:1    ; additive foreground scattering]]
[2022.05.25-21.35.03:609][  0]LogConfig: Setting CVar [[r.DOF.Scatter.BackgroundCompositing:2    ; additive background scattering]]
[2022.05.25-21.35.03:609][  0]LogConfig: Setting CVar [[r.DOF.Scatter.EnableBokehSettings:1      ; bokeh simulation when scattering]]
[2022.05.25-21.35.03:609][  0]LogConfig: Setting CVar [[r.DOF.Scatter.MaxSpriteRatio:0.1         ; only a maximum of 10% of scattered bokeh]]
[2022.05.25-21.35.03:609][  0]LogConfig: Setting CVar [[r.DOF.Recombine.Quality:1                ; cheap slight out of focus]]
[2022.05.25-21.35.03:609][  0]LogConfig: Setting CVar [[r.DOF.Recombine.EnableBokehSettings:0    ; no bokeh simulation on slight out of focus]]
[2022.05.25-21.35.03:609][  0]LogConfig: Setting CVar [[r.DOF.TemporalAAQuality:1                ; more stable temporal accumulation]]
[2022.05.25-21.35.03:609][  0]LogConfig: Setting CVar [[r.DOF.Kernel.MaxForegroundRadius:0.025]]
[2022.05.25-21.35.03:609][  0]LogConfig: Setting CVar [[r.DOF.Kernel.MaxBackgroundRadius:0.025]]
[2022.05.25-21.35.03:609][  0]LogConfig: Applying CVar settings from Section [TextureQuality@3] File [C:/Users/r.zuietir/Documents/GitHub/deadInsideTheDungeon/deadInsideTheDungeon/Saved/Config/Windows/Scalability.ini]
[2022.05.25-21.35.03:609][  0]LogConfig: Setting CVar [[r.Streaming.MipBias:0]]
[2022.05.25-21.35.03:609][  0]LogConfig: Setting CVar [[r.Streaming.AmortizeCPUToGPUCopy:0]]
[2022.05.25-21.35.03:609][  0]LogConfig: Setting CVar [[r.Streaming.MaxNumTexturesToStreamPerFrame:0]]
[2022.05.25-21.35.03:609][  0]LogConfig: Setting CVar [[r.Streaming.Boost:1]]
[2022.05.25-21.35.03:609][  0]LogConfig: Setting CVar [[r.MaxAnisotropy:8]]
[2022.05.25-21.35.03:609][  0]LogConfig: Setting CVar [[r.VT.MaxAnisotropy:8]]
[2022.05.25-21.35.03:609][  0]LogConfig: Setting CVar [[r.Streaming.LimitPoolSizeToVRAM:0]]
[2022.05.25-21.35.03:609][  0]LogConfig: Setting CVar [[r.Streaming.PoolSize:1000]]
[2022.05.25-21.35.03:609][  0]LogConfig: Setting CVar [[r.Streaming.MaxEffectiveScreenSize:0]]
[2022.05.25-21.35.03:609][  0]LogConfig: Applying CVar settings from Section [EffectsQuality@3] File [C:/Users/r.zuietir/Documents/GitHub/deadInsideTheDungeon/deadInsideTheDungeon/Saved/Config/Windows/Scalability.ini]
[2022.05.25-21.35.03:609][  0]LogConfig: Setting CVar [[r.TranslucencyLightingVolumeDim:64]]
[2022.05.25-21.35.03:609][  0]LogConfig: Setting CVar [[r.RefractionQuality:2]]
[2022.05.25-21.35.03:609][  0]LogConfig: Setting CVar [[r.SSR.Quality:3]]
[2022.05.25-21.35.03:609][  0]LogConfig: Setting CVar [[r.SSR.HalfResSceneColor:0]]
[2022.05.25-21.35.03:609][  0]LogConfig: Setting CVar [[r.SceneColorFormat:4]]
[2022.05.25-21.35.03:609][  0]LogConfig: Setting CVar [[r.DetailMode:2]]
[2022.05.25-21.35.03:609][  0]LogConfig: Setting CVar [[r.TranslucencyVolumeBlur:1]]
[2022.05.25-21.35.03:609][  0]LogConfig: Setting CVar [[r.MaterialQualityLevel:1 ; High quality]]
[2022.05.25-21.35.03:609][  0]LogConfig: Setting CVar [[r.AnisotropicMaterials:1]]
[2022.05.25-21.35.03:609][  0]LogConfig: Setting CVar [[r.SSS.Scale:1]]
[2022.05.25-21.35.03:609][  0]LogConfig: Setting CVar [[r.SSS.SampleSet:2]]
[2022.05.25-21.35.03:609][  0]LogConfig: Setting CVar [[r.SSS.Quality:1]]
[2022.05.25-21.35.03:609][  0]LogConfig: Setting CVar [[r.SSS.HalfRes:0]]
[2022.05.25-21.35.03:609][  0]LogConfig: Setting CVar [[r.SSGI.Quality:3]]
[2022.05.25-21.35.03:609][  0]LogConfig: Setting CVar [[r.EmitterSpawnRateScale:1.0]]
[2022.05.25-21.35.03:609][  0]LogConfig: Setting CVar [[r.ParticleLightQuality:2]]
[2022.05.25-21.35.03:609][  0]LogConfig: Setting CVar [[r.SkyAtmosphere.AerialPerspectiveLUT.FastApplyOnOpaque:1 ; Always have FastSkyLUT 1 in this case to avoid wrong sky]]
[2022.05.25-21.35.03:609][  0]LogConfig: Setting CVar [[r.SkyAtmosphere.AerialPerspectiveLUT.SampleCountMaxPerSlice:4]]
[2022.05.25-21.35.03:609][  0]LogConfig: Setting CVar [[r.SkyAtmosphere.AerialPerspectiveLUT.DepthResolution:16.0]]
[2022.05.25-21.35.03:609][  0]LogConfig: Setting CVar [[r.SkyAtmosphere.FastSkyLUT:1]]
[2022.05.25-21.35.03:609][  0]LogConfig: Setting CVar [[r.SkyAtmosphere.FastSkyLUT.SampleCountMin:4.0]]
[2022.05.25-21.35.03:609][  0]LogConfig: Setting CVar [[r.SkyAtmosphere.FastSkyLUT.SampleCountMax:128.0]]
[2022.05.25-21.35.03:609][  0]LogConfig: Setting CVar [[r.SkyAtmosphere.SampleCountMin:4.0]]
[2022.05.25-21.35.03:609][  0]LogConfig: Setting CVar [[r.SkyAtmosphere.SampleCountMax:128.0]]
[2022.05.25-21.35.03:609][  0]LogConfig: Setting CVar [[r.SkyAtmosphere.TransmittanceLUT.UseSmallFormat:0]]
[2022.05.25-21.35.03:609][  0]LogConfig: Setting CVar [[r.SkyAtmosphere.TransmittanceLUT.SampleCount:10.0]]
[2022.05.25-21.35.03:609][  0]LogConfig: Setting CVar [[r.SkyAtmosphere.MultiScatteringLUT.SampleCount:15.0]]
[2022.05.25-21.35.03:609][  0]LogConfig: Setting CVar [[r.SkyLight.RealTimeReflectionCapture:1]]
[2022.05.25-21.35.03:609][  0]LogConfig: Applying CVar settings from Section [FoliageQuality@3] File [C:/Users/r.zuietir/Documents/GitHub/deadInsideTheDungeon/deadInsideTheDungeon/Saved/Config/Windows/Scalability.ini]
[2022.05.25-21.35.03:609][  0]LogConfig: Setting CVar [[foliage.DensityScale:1.0]]
[2022.05.25-21.35.03:609][  0]LogConfig: Setting CVar [[grass.DensityScale:1.0]]
[2022.05.25-21.35.03:609][  0]LogConfig: Applying CVar settings from Section [ShadingQuality@3] File [C:/Users/r.zuietir/Documents/GitHub/deadInsideTheDungeon/deadInsideTheDungeon/Saved/Config/Windows/Scalability.ini]
[2022.05.25-21.35.03:609][  0]LogConfig: Setting CVar [[r.HairStrands.SkyLighting.IntegrationType:2]]
[2022.05.25-21.35.03:609][  0]LogConfig: Setting CVar [[r.HairStrands.SkyAO.SampleCount:4]]
[2022.05.25-21.35.03:609][  0]LogConfig: Setting CVar [[r.HairStrands.Visibility.MSAA.SamplePerPixel:4]]
[2022.05.25-21.35.03:610][  0]LogConfig: Applying CVar settings from Section [Startup] File [../../../Engine/Config/ConsoleVariables.ini]
[2022.05.25-21.35.03:610][  0]LogConfig: Setting CVar [[net.UseAdaptiveNetUpdateFrequency:0]]
[2022.05.25-21.35.03:610][  0]LogConfig: Setting CVar [[p.chaos.AllowCreatePhysxBodies:1]]
[2022.05.25-21.35.03:610][  0]LogConfig: Setting CVar [[fx.SkipVectorVMBackendOptimizations:1]]
[2022.05.25-21.35.03:610][  0]LogConfig: Applying CVar settings from Section [ConsoleVariables] File [C:/Users/r.zuietir/Documents/GitHub/deadInsideTheDungeon/deadInsideTheDungeon/Saved/Config/Windows/Engine.ini]
[2022.05.25-21.35.03:610][  0]LogConfig: Applying CVar settings from Section [ConsoleVariables] File [C:/Users/r.zuietir/Documents/GitHub/deadInsideTheDungeon/deadInsideTheDungeon/Saved/Config/Windows/Editor.ini]
[2022.05.25-21.35.03:610][  0]LogInit: Computer: RZUIETIRBOOK
[2022.05.25-21.35.03:610][  0]LogInit: User: rzuietir
[2022.05.25-21.35.03:610][  0]LogInit: CPU Page size=4096, Cores=4
[2022.05.25-21.35.03:610][  0]LogInit: High frequency timer resolution =10.000000 MHz
[2022.05.25-21.35.03:610][  0]LogMemory: Memory total: Physical=15.8GB (16GB approx)
[2022.05.25-21.35.03:610][  0]LogMemory: Platform Memory Stats for Windows
[2022.05.25-21.35.03:610][  0]LogMemory: Process Physical Memory: 141.42 MB used, 141.42 MB peak
[2022.05.25-21.35.03:610][  0]LogMemory: Process Virtual Memory: 118.63 MB used, 118.63 MB peak
[2022.05.25-21.35.03:610][  0]LogMemory: Physical Memory: 11434.74 MB used,  4715.25 MB free, 16149.99 MB total
[2022.05.25-21.35.03:611][  0]LogMemory: Virtual Memory: 134202480.00 MB used,  15246.42 MB free, 134217728.00 MB total
[2022.05.25-21.35.03:619][  0]LogWindows: WindowsPlatformFeatures enabled
[2022.05.25-21.35.03:692][  0]LogInit: Physics initialised using underlying interface: PhysX
[2022.05.25-21.35.03:692][  0]LogInit: Using OS detected language (ru-RU).
[2022.05.25-21.35.03:692][  0]LogInit: Using OS detected locale (ru-UA).
[2022.05.25-21.35.03:698][  0]LogTextLocalizationManager: No specific localization for 'ru-RU' exists, so the 'ru' localization will be used.
[2022.05.25-21.35.03:702][  0]LogTextLocalizationResource: LocRes '../../../Engine/Content/Localization/Editor/ru/Editor.locres' could not be opened for reading!
[2022.05.25-21.35.03:702][  0]LogTextLocalizationResource: LocRes '../../../Engine/Content/Localization/EditorTutorials/ru/EditorTutorials.locres' could not be opened for reading!
[2022.05.25-21.35.03:702][  0]LogTextLocalizationResource: LocRes '../../../Engine/Content/Localization/Keywords/ru/Keywords.locres' could not be opened for reading!
[2022.05.25-21.35.03:703][  0]LogTextLocalizationResource: LocRes '../../../Engine/Content/Localization/Category/ru/Category.locres' could not be opened for reading!
[2022.05.25-21.35.03:703][  0]LogTextLocalizationResource: LocRes '../../../Engine/Content/Localization/ToolTips/ru/ToolTips.locres' could not be opened for reading!
[2022.05.25-21.35.03:703][  0]LogTextLocalizationResource: LocRes '../../../Engine/Content/Localization/PropertyNames/ru/PropertyNames.locres' could not be opened for reading!
[2022.05.25-21.35.03:703][  0]LogTextLocalizationResource: LocRes '../../../Engine/Content/Localization/Engine/ru/Engine.locres' could not be opened for reading!
[2022.05.25-21.35.03:724][  0]LogWindowsTextInputMethodSystem: Display: IME system deactivated.
[2022.05.25-21.35.03:750][  0]LogSlate: New Slate User Created.  User Index 0, Is Virtual User: 0
[2022.05.25-21.35.03:750][  0]LogSlate: Slate User Registered.  User Index 0, Is Virtual User: 0
[2022.05.25-21.35.03:765][  0]LogD3D11RHI: Loaded GFSDK_Aftermath_Lib.x64.dll
[2022.05.25-21.35.03:833][  0]LogHMD: Failed to initialize OpenVR with code 110
[2022.05.25-21.35.03:833][  0]LogD3D11RHI: D3D11 min allowed feature level: 11_0
[2022.05.25-21.35.03:833][  0]LogD3D11RHI: D3D11 max allowed feature level: 11_0
[2022.05.25-21.35.03:833][  0]LogD3D11RHI: D3D11 adapters:
[2022.05.25-21.35.03:923][  0]LogD3D11RHI:    0. 'NVIDIA GeForce GTX 1650 Ti with Max-Q Design' (Feature Level 11_0)
[2022.05.25-21.35.03:923][  0]LogD3D11RHI:       3964/0/8074 MB DedicatedVideo/DedicatedSystem/SharedSystem, Outputs:1, VendorId:0x10de
[2022.05.25-21.35.03:955][  0]LogD3D11RHI:    1. 'Intel(R) Iris(R) Xe Graphics' (Feature Level 11_0)
[2022.05.25-21.35.03:955][  0]LogD3D11RHI:       128/0/8074 MB DedicatedVideo/DedicatedSystem/SharedSystem, Outputs:0, VendorId:0x8086
[2022.05.25-21.35.03:957][  0]LogD3D11RHI:    2. 'Microsoft Basic Render Driver' (Feature Level 11_0)
[2022.05.25-21.35.03:957][  0]LogD3D11RHI:       0/0/8074 MB DedicatedVideo/DedicatedSystem/SharedSystem, Outputs:0, VendorId:0x1414
[2022.05.25-21.35.03:957][  0]LogD3D11RHI: Chosen D3D11 Adapter:
[2022.05.25-21.35.03:957][  0]LogD3D11RHI:     Description : NVIDIA GeForce GTX 1650 Ti with Max-Q Design
[2022.05.25-21.35.03:957][  0]LogD3D11RHI:     VendorId    : 10de
[2022.05.25-21.35.03:957][  0]LogD3D11RHI:     DeviceId    : 1f95
[2022.05.25-21.35.03:957][  0]LogD3D11RHI:     SubSysId    : 8815103c
[2022.05.25-21.35.03:957][  0]LogD3D11RHI:     Revision    : 00a1
[2022.05.25-21.35.03:957][  0]LogD3D11RHI:     DedicatedVideoMemory : 4156555264 bytes
[2022.05.25-21.35.03:957][  0]LogD3D11RHI:     DedicatedSystemMemory : 0 bytes
[2022.05.25-21.35.03:957][  0]LogD3D11RHI:     SharedSystemMemory : 8467247104 bytes
[2022.05.25-21.35.03:957][  0]LogD3D11RHI:     AdapterLuid : 0 78112
[2022.05.25-21.35.03:967][  0]LogD3D11RHI: Creating new Direct3DDevice
[2022.05.25-21.35.03:967][  0]LogD3D11RHI:     GPU DeviceId: 0x1f95 (for the marketing name, search the web for "GPU Device Id")
[2022.05.25-21.35.03:967][  0]LogWindows: EnumDisplayDevices:
[2022.05.25-21.35.03:967][  0]LogWindows:    0. 'Intel(R) Iris(R) Xe Graphics' (P:1 D:1)
[2022.05.25-21.35.03:967][  0]LogWindows:    1. 'Intel(R) Iris(R) Xe Graphics' (P:0 D:0)
[2022.05.25-21.35.03:968][  0]LogWindows:    2. 'Intel(R) Iris(R) Xe Graphics' (P:0 D:0)
[2022.05.25-21.35.03:968][  0]LogWindows:    3. 'Intel(R) Iris(R) Xe Graphics' (P:0 D:0)
[2022.05.25-21.35.03:969][  0]LogWindows: DebugString: PrimaryIsNotTheChoosenAdapter PrimaryIsNotTheChoosenAdapter PrimaryIsNotTheChoosenAdapter PrimaryIsNotTheChoosenAdapter FoundDriverCount:0 
[2022.05.25-21.35.03:969][  0]LogD3D11RHI:     Adapter Name: NVIDIA GeForce GTX 1650 Ti with Max-Q Design
[2022.05.25-21.35.03:969][  0]LogD3D11RHI:   Driver Version: Unknown (internal:Unknown, unified:Unknown)
[2022.05.25-21.35.03:969][  0]LogD3D11RHI:      Driver Date: Unknown
[2022.05.25-21.35.03:969][  0]LogRHI: Texture pool is 2774 MB (70% of 3964 MB)
[2022.05.25-21.35.03:969][  0]LogD3D11RHI: Creating D3DDevice using adapter:
[2022.05.25-21.35.03:969][  0]LogD3D11RHI:     Description : NVIDIA GeForce GTX 1650 Ti with Max-Q Design
[2022.05.25-21.35.03:969][  0]LogD3D11RHI:     VendorId    : 10de
[2022.05.25-21.35.03:969][  0]LogD3D11RHI:     DeviceId    : 1f95
[2022.05.25-21.35.03:969][  0]LogD3D11RHI:     SubSysId    : 8815103c
[2022.05.25-21.35.03:969][  0]LogD3D11RHI:     Revision    : 00a1
[2022.05.25-21.35.03:969][  0]LogD3D11RHI:     DedicatedVideoMemory : 4156555264 bytes
[2022.05.25-21.35.03:969][  0]LogD3D11RHI:     DedicatedSystemMemory : 0 bytes
[2022.05.25-21.35.03:969][  0]LogD3D11RHI:     SharedSystemMemory : 8467247104 bytes
[2022.05.25-21.35.03:969][  0]LogD3D11RHI:     AdapterLuid : 0 78112
[2022.05.25-21.35.04:034][  0]LogD3D11RHI: RHI has support for 64 bit atomics
[2022.05.25-21.35.04:034][  0]LogD3D11RHI: Async texture creation enabled
[2022.05.25-21.35.04:034][  0]LogD3D11RHI: Array index from any shader is supported
[2022.05.25-21.35.04:052][  0]LogD3D11RHI: GPU Timing Frequency: 1000.000000 (Debug: 2 2)
[2022.05.25-21.35.04:085][  0]LogRHI: GeForceNow SDK initialized: 1
[2022.05.25-21.35.04:373][  0]LogTargetPlatformManager: Display: Loaded TargetPlatform 'WindowsNoEditor'
[2022.05.25-21.35.04:376][  0]LogTargetPlatformManager: Display: Loaded TargetPlatform 'Windows'
[2022.05.25-21.35.04:381][  0]LogTargetPlatformManager: Display: Loaded TargetPlatform 'WindowsClient'
[2022.05.25-21.35.04:385][  0]LogTargetPlatformManager: Display: Loaded TargetPlatform 'WindowsServer'
[2022.05.25-21.35.04:385][  0]LogTargetPlatformManager: Display: Building Assets For Windows
[2022.05.25-21.35.04:393][  0]LogAudioDebug: Display: Lib vorbis DLL was dynamically loaded.
[2022.05.25-21.35.04:424][  0]LogTextureFormatOodle: Display: Oodle Texture 2.9.0 init RDO Off
[2022.05.25-21.35.04:452][  0]LogRendererCore: Ray tracing is disabled. Reason: r.RayTracing=0.
[2022.05.25-21.35.04:452][  0]LogShaderCompilers: Guid format shader working directory is -42 characters bigger than the processId version (../../../../../../Users/r.zuietir/Documents/GitHub/deadInsideTheDungeon/deadInsideTheDungeon/Intermediate/Shaders/WorkingDirectory/5348/).
[2022.05.25-21.35.04:453][  0]LogShaderCompilers: Cleaned the shader compiler working directory 'C:/Users/r.zuietir/AppData/Local/Temp/UnrealShaderWorkingDir/0FE3930C493A18D231763BB732FC0E75/'.
[2022.05.25-21.35.04:453][  0]LogXGEController: Cannot use XGE Controller as Incredibuild is not installed on this machine.
[2022.05.25-21.35.04:453][  0]LogShaderCompilers: Cannot use XGE Shader Compiler as Incredibuild is not installed on this machine.
[2022.05.25-21.35.04:453][  0]LogShaderCompilers: Display: Using Local Shader Compiler.
[2022.05.25-21.35.05:110][  0]LogDerivedDataCache: Display: Max Cache Size: 512 MB
[2022.05.25-21.35.05:174][  0]LogDerivedDataCache: Loaded boot cache 0.06s 94MB C:/Users/r.zuietir/AppData/Local/UnrealEngine/4.27/DerivedDataCache/Boot.ddc.
[2022.05.25-21.35.05:175][  0]LogDerivedDataCache: Display: Loaded Boot cache: C:/Users/r.zuietir/AppData/Local/UnrealEngine/4.27/DerivedDataCache/Boot.ddc
[2022.05.25-21.35.05:175][  0]LogDerivedDataCache: FDerivedDataBackendGraph:  Pak pak cache file ../../../../../../Users/r.zuietir/Documents/GitHub/deadInsideTheDungeon/deadInsideTheDungeon/DerivedDataCache/DDC.ddp not found, will not use a pak cache.
[2022.05.25-21.35.05:175][  0]LogDerivedDataCache: Unable to find inner node Pak for hierarchical cache Hierarchy.
[2022.05.25-21.35.05:175][  0]LogDerivedDataCache: FDerivedDataBackendGraph:  CompressedPak pak cache file ../../../../../../Users/r.zuietir/Documents/GitHub/deadInsideTheDungeon/deadInsideTheDungeon/DerivedDataCache/Compressed.ddp not found, will not use a pak cache.
[2022.05.25-21.35.05:175][  0]LogDerivedDataCache: Unable to find inner node CompressedPak for hierarchical cache Hierarchy.
[2022.05.25-21.35.05:193][  0]LogDerivedDataCache: Display: Pak cache opened for reading ../../../Engine/DerivedDataCache/Compressed.ddp.
[2022.05.25-21.35.05:194][  0]LogDerivedDataCache: FDerivedDataBackendGraph:  EnterprisePak pak cache file ../../../Enterprise/DerivedDataCache/Compressed.ddp not found, will not use a pak cache.
[2022.05.25-21.35.05:194][  0]LogDerivedDataCache: Unable to find inner node EnterprisePak for hierarchical cache Hierarchy.
[2022.05.25-21.35.05:202][  0]LogDerivedDataCache: Speed tests for C:/Users/r.zuietir/AppData/Local/UnrealEngine/Common/DerivedDataCache took 0.01 seconds
[2022.05.25-21.35.05:202][  0]LogDerivedDataCache: Display: Performance to C:/Users/r.zuietir/AppData/Local/UnrealEngine/Common/DerivedDataCache: Latency=0.03ms. RandomReadSpeed=1567.24MBs, RandomWriteSpeed=120.70MBs. Assigned SpeedClass 'Local'
[2022.05.25-21.35.05:203][  0]LogDerivedDataCache: Using Local data cache path C:/Users/r.zuietir/AppData/Local/UnrealEngine/Common/DerivedDataCache: Writable
[2022.05.25-21.35.05:203][  0]LogDerivedDataCache: Shared data cache path not found in *engine.ini, will not use an Shared cache.
[2022.05.25-21.35.05:203][  0]LogDerivedDataCache: Unable to find inner node Shared for hierarchical cache Hierarchy.
[2022.05.25-21.35.05:233][  0]LogSlate: Using FreeType 2.10.0
[2022.05.25-21.35.05:233][  0]LogSlate: SlateFontServices - WITH_FREETYPE: 1, WITH_HARFBUZZ: 1
[2022.05.25-21.35.05:333][  0]LogInit: Using OS detected language (ru-RU).
[2022.05.25-21.35.05:333][  0]LogInit: Using OS detected locale (ru-UA).
[2022.05.25-21.35.05:333][  0]LogTextLocalizationManager: No localization for 'ru-RU' exists, so 'en' will be used for the language.
[2022.05.25-21.35.05:333][  0]LogTextLocalizationManager: No localization for 'ru-UA' exists, so 'en' will be used for the locale.
[2022.05.25-21.35.05:334][  0]LogSlate: FontCache flush requested. Reason: Culture for localization was changed
[2022.05.25-21.35.05:334][  0]LogSlate: FontCache flush requested. Reason: Culture for localization was changed
[2022.05.25-21.35.05:336][  0]LogAssetRegistry: FAssetRegistry took 0.0015 seconds to start up
[2022.05.25-21.35.05:482][  0]LogTextLocalizationManager: Compacting localization data took   0.00ms
[2022.05.25-21.35.05:482][  0]LogPackageLocalizationCache: Processed 27 localized package path(s) for 1 prioritized culture(s) in 0.000866 seconds
[2022.05.25-21.35.05:539][  0]LogInit: Selected Device Profile: [Windows]
[2022.05.25-21.35.05:539][  0]LogInit: Active device profile: [000001B8D3351100][000001B8C228CE40 49] Windows
[2022.05.25-21.35.05:539][  0]LogInit: Profiles: [000001B8D3351100][000001B8C228CE40 49] Windows, [000001B8D3322500][000001B8C2295100 49] WindowsNoEditor, [000001B8D3352200][000001B8C22993C0 49] WindowsServer, [000001B8D3321700][000001B8C229D680 49] WindowsClient, [000001B8D3351700][000001B8C2291900 49] IOS, [000001B8D3322700][000001B8C22A1B80 49] iPadAir, [000001B8D3353C00][000001B8C22A82C0 49] iPadAir2, [000001B8D32D1400][000001B8C22BC800 49] IPadPro, [000001B8D32D1500][000001B8C22AC840 49] iPadAir3, [000001B8D3323800][000001B8C22B4B00 49] iPadAir4, [000001B8D32D2300][000001B8C22B0DC0 49] iPadMini2, [000001B8D3322F00][000001B8C22B9080 49] iPadMini3, [000001B8D32D2F00][000001B8C22C1340 49] iPadMini4, [000001B8D3321B00][000001B8C22C5600 49] iPadMini5, [000001B8D32D9000][000001B8C22D5B00 49] iPhone6, [000001B8D32D9100][000001B8C22C9B40 49] iPodTouch6, [000001B8D3353900][000001B8D14F84C0 49] iPhone7, [000001B8D3352900][000001B8C22A4500 49] iPodTouch7, [000001B8D32D1000][000001B8D14F07C0 49] iPhone5S, [000001B8D3352F00][000001B8C22CCA80 49] iPhone6Plus, [000001B8D32D3600][000001B8D14F4D40 49] iPhone6S, [000001B8D3350C00][000001B8D14FD000 49] iPhone6SPlus, [000001B8D3351D00][000001B8D15012C0 49] iPhone7Plus, [000001B8D32D8800][000001B8D1505580 49] iPhoneSE, [000001B8D3350400][000001B8D1509840 49] iPhone8, [000001B8D32D8900][000001B8D150DB00 49] iPhone8Plus, [000001B8D32DAE00][000001B8C22D0200 49] iPhoneX, [000001B8D32D1D00][000001B8D1510480 49] iPhoneXS, [000001B8D32DA700][000001B8D1518740 49] iPhoneXSMax, [000001B8D32D1C00][000001B8D151CA00 49] iPhoneXR, [000001B8D32DA800][000001B8D1520CC0 49] iPhone11, [000001B8D32D0F00][000001B8D1524F80 49] iPhone11Pro, [000001B8D32D8B00][000001B8D1529240 49] iPhone11ProMax, [000001B8D32D0C00][000001B8D152D500 49] iPhoneSE2, [000001B8D32D8E00][000001B8D15317C0 49] iPhone12Mini, [000001B8D3353800][000001B8D1535A80 49] iPhone12, [000001B8D32DB100][000001B8D15381C0 49] iPhone12Pro, [000001B8D3353700][000001B8D1514440 49] iPhone12ProMax, [000001B8D32D9E00][000001B8D153C6C0 49] iPadPro105, [000001B8D3351400][000001B8D1544980 49] iPadPro129, [000001B8D32DBE00][000001B8D1548C40 49] iPadPro97, [000001B8D3352800][000001B8D154CF00 49] iPadPro2_129, [000001B8D32DA000][000001B8D15511C0 49] iPad5, [000001B8D3352300][000001B8D1555480 49] iPad6, [000001B8D32DBB00][000001B8D1559740 49] iPad7, [000001B8D3351E00][000001B8D155DA00 49] iPad8, [000001B8D32DA500][000001B8D1560140 49] iPadPro11, [000001B8D3353E00][000001B8D1564400 49] iPadPro2_11, [000001B8D32D9800][000001B8D1540680 49] iPadPro3_129, [000001B8D3353500][000001B8D1568900 49] iPadPro4_129, [000001B8D32D8200][000001B8D1570BC0 49] AppleTV, [000001B8D3353F00][000001B8D1574E80 49] AppleTV4K, [000001B8D32DA600][000001B8D1579140 49] TVOS, [000001B8D3350E00][000001B8D157D400 49] Mac, [000001B8D32D9D00][000001B8D15816C0 49] MacClient, [000001B8D3353A00][000001B8D1585980 49] MacNoEditor, [000001B8D32DBA00][000001B8D15880C0 49] MacServer, [000001B8D3353100][000001B8D158C380 49] Linux, [000001B8D32D9600][000001B8D1590640 49] LinuxAArch64, [000001B8D3350800][000001B8D156C8C0 49] LinuxNoEditor, [000001B8D32D8C00][000001B8D1594B40 49] LinuxAArch64NoEditor, [000001B8D3353B00][000001B8D159CE00 49] LinuxClient, [000001B8D32DB400][000001B8D15A10C0 49] LinuxAArch64Client, [000001B8D3351A00][000001B8D15A5380 49] LinuxServer, [000001B8D32D8700][000001B8D15A9640 49] LinuxAArch64Server, [000001B8D3353300][000001B8D15AD900 49] Android, [000001B8D32DAA00][000001B8D15B1BC0 49] Android_Low, [000001B8D3352C00][000001B8D15B4300 49] Android_Mid, [000001B8D32D9F00][000001B8D15B85C0 49] Android_High, [000001B8D3352A00][000001B8D15BC880 49] Android_Default, [000001B8D32DBC00][000001B8D1598B00 49] Android_Adreno4xx, [000001B8D3350600][000001B8D15C0D80 49] Android_Adreno5xx_Low, [000001B8D32D8300][000001B8D15C9040 49] Android_Adreno5xx, [000001B8D3351000][000001B8D15CD300 49] Android_Adreno6xx, [000001B8D32DA900][000001B8D15D15C0 49] Android_Adreno6xx_Vulkan, [000001B8D3352000][000001B8D15D5880 49] Android_Mali_T6xx, [000001B8D32DA300][000001B8D15D9B40 49] Android_Mali_T7xx, [000001B8D3351F00][000001B8D15DC280 49] Android_Mali_T8xx, [000001B8D32DAD00][000001B8D15E0540 49] Android_Mali_G71, [000001B8D32D3100][000001B8D15E4800 49] Android_Mali_G72, [000001B8D3322D00][000001B8D15E8AC0 49] Android_Mali_G72_Vulkan, [000001B8D32D2B00][000001B8D15C4D40 49] Android_Mali_G76, [000001B8D3320500][000001B8D15ECFC0 49] Android_Mali_G76_Vulkan, [000001B8D32D2600][000001B8D15F5280 49] Android_Mali_G77, [000001B8D3323F00][000001B8D15F9540 49] Android_Mali_G77_Vulkan, [000001B8D32D2400][000001B8D15FD800 49] Android_Mali_G78, [000001B8D3320D00][000001B8D1601AC0 49] Android_Mali_G78_Vulkan, [000001B8D32D3500][000001B8D1604200 49] Android_Mali_G710, [000001B8D3322900][000001B8D16084C0 49] Android_Mali_G710_Vulkan, [000001B8D32D3E00][000001B8D160C780 49] Android_Vulkan_SM5, [000001B8D3321800][000001B8D1610A40 49] Android_PowerVR_G6xxx, [000001B8D32D0500][000001B8D1614D00 49] Android_PowerVR_GT7xxx, [000001B8D3320200][000001B8D15F0F80 49] Android_PowerVR_GE8xxx, [000001B8D32D3B00][000001B8D161D240 49] Android_PowerVR_GM9xxx, [000001B8D3321F00][000001B8D1621500 49] Android_PowerVR_GM9xxx_Vulkan, [000001B8D32D1F00][000001B8D16257C0 49] Android_TegraK1, [000001B8D3320A00][000001B8D1629A80 49] Android_Unknown_Vulkan, [000001B8D32D3900][000001B8D162C1C0 49] Lumin, [000001B8D3321200][000001B8D1630480 49] Lumin_Desktop, [000001B8D32D1E00][000001B8D1634740 49] HoloLens, 
[2022.05.25-21.35.05:579][  0]LogMeshReduction: Using QuadricMeshReduction for automatic static mesh reduction
[2022.05.25-21.35.05:579][  0]LogMeshReduction: Using SimplygonMeshReduction for automatic skeletal mesh reduction
[2022.05.25-21.35.05:579][  0]LogMeshReduction: Using ProxyLODMeshReduction for automatic mesh merging
[2022.05.25-21.35.05:579][  0]LogMeshReduction: No distributed automatic mesh merging module available
[2022.05.25-21.35.05:579][  0]LogMeshMerging: No distributed automatic mesh merging module available
[2022.05.25-21.35.05:674][  0]LogNetVersion: deadInsideTheDungeon 1.0.0, NetCL: 17155196, EngineNetVer: 17, GameNetVer: 0 (Checksum: 3162280402)
[2022.05.25-21.35.05:892][  0]LogTexture: Default maximum texture size for cubemaps generated from long-lat sources has been changed from 512 to unlimited. In order to preserve old behaiour for '/Engine/MapTemplates/Sky/DaylightAmbientCubemap.DaylightAmbientCubemap', its maximum texture size has been explicitly set to 512.
[2022.05.25-21.35.05:940][  0]LogHMD: PokeAHoleMaterial loaded successfully
[2022.05.25-21.35.06:043][  0]LogMoviePlayer: Initializing movie player
[2022.05.25-21.35.06:144][  0]LogNiagaraDebuggerClient: Niagara Debugger Client Initialized | Session: 481E81674332CD3FE056DE8B3EF76EFD | Instance: D9FDBB8F412F59315728B0A1178F8C4D (RZUIETIRBOOK-5348).
[2022.05.25-21.35.06:163][  0]LogCollectionManager: Loaded 0 collections in 0.001379 seconds
[2022.05.25-21.35.06:166][  0]LogFileCache: Scanning file cache for directory 'C:/Users/r.zuietir/Documents/GitHub/deadInsideTheDungeon/deadInsideTheDungeon/Saved/Collections/' took 0.00s
[2022.05.25-21.35.06:166][  0]LogFileCache: Scanning file cache for directory 'C:/Users/r.zuietir/Documents/GitHub/deadInsideTheDungeon/deadInsideTheDungeon/Content/Developers/rzuietir/Collections/' took 0.00s
[2022.05.25-21.35.06:166][  0]LogCollectionManager: Fixed up redirectors for 0 collections in 0.000001 seconds (updated 0 objects)
[2022.05.25-21.35.06:259][  0]LogFileCache: Scanning file cache for directory 'C:/Users/r.zuietir/Documents/GitHub/deadInsideTheDungeon/deadInsideTheDungeon/Content/Collections/' took 0.00s
[2022.05.25-21.35.06:259][  0]LogPython: Using Python 3.7.7
[2022.05.25-21.35.06:622][  0]LogTcpMessaging: Initializing TcpMessaging bridge
[2022.05.25-21.35.06:625][  0]LogUdpMessaging: Initializing bridge on interface 0.0.0.0:0 to multicast group 230.0.0.1:6666.
[2022.05.25-21.35.06:713][  0]SourceControl: Source control is disabled
[2022.05.25-21.35.06:713][  0]SourceControl: Source control is disabled
[2022.05.25-21.35.06:716][  0]SourceControl: Source control is disabled
[2022.05.25-21.35.06:724][  0]LogUProjectInfo: Found projects:
[2022.05.25-21.35.06:726][  0]LogVSAccessor: Display: Unable to create Visual Studio setup instance: 80040154
[2022.05.25-21.35.06:728][  0]LogVSAccessor: Display: Unable to create Visual Studio setup instance: 80040154
[2022.05.25-21.35.06:729][  0]LogVSAccessor: Display: Unable to create Visual Studio setup instance: 80040154
[2022.05.25-21.35.06:823][  0]LogOpenImageDenoise: OIDN starting up
[2022.05.25-21.35.06:829][  0]LogAndroidPermission: UAndroidPermissionCallbackProxy::GetInstance
[2022.05.25-21.35.06:848][  0]LogAudioCaptureCore: Display: No Audio Capture implementations found. Audio input will be silent.
[2022.05.25-21.35.06:848][  0]LogAudioCaptureCore: Display: No Audio Capture implementations found. Audio input will be silent.
[2022.05.25-21.35.06:907][  0]LogOcInput: OculusInput pre-init called
[2022.05.25-21.35.06:915][  0]LogUObjectArray: 22121 objects as part of root set at end of initial load.
[2022.05.25-21.35.06:915][  0]LogUObjectAllocator: 5975632 out of 0 bytes used by permanent object pool.
[2022.05.25-21.35.06:915][  0]LogUObjectArray: CloseDisregardForGC: 0/0 objects in disregard for GC pool
[2022.05.25-21.35.06:953][  0]LogEngine: Initializing Engine...
[2022.05.25-21.35.06:955][  0]LogHMD: Failed to enumerate extensions. Please check that you have a valid OpenXR runtime installed.
[2022.05.25-21.35.06:956][  0]LogHMD: Failed to initialize OpenVR with code 110
[2022.05.25-21.35.06:956][  0]LogMagicLeap: Warning: VR disabled because ZI is not enabled.  To enable, in the editor, Edit -> Project Settings -> Plugins -> Magic Leap Plugin -> Enable Zero Iteration
[2022.05.25-21.35.06:957][  0]LogStats: UGameplayTagsManager::InitializeManager -  0.000 s
[2022.05.25-21.35.07:043][  0]LogInit: Initializing FReadOnlyCVARCache
[2022.05.25-21.35.07:043][  0]LogAudio: Display: Initializing Audio Device Manager...
[2022.05.25-21.35.07:046][  0]LogAudio: Display: Loading Default Audio Settings Objects...
[2022.05.25-21.35.07:047][  0]LogAudio: Display: No default SoundConcurrencyObject specified (or failed to load).
[2022.05.25-21.35.07:047][  0]LogAudio: Display: Audio Device Manager Initialized
[2022.05.25-21.35.07:047][  0]LogAudio: Display: Creating Audio Device:                 Id: 1, Scope: Shared, Realtime: True
[2022.05.25-21.35.07:047][  0]LogAudioMixer: Display: Audio Mixer Platform Settings:
[2022.05.25-21.35.07:047][  0]LogAudioMixer: Display: 	Sample Rate:						  48000
[2022.05.25-21.35.07:047][  0]LogAudioMixer: Display: 	Callback Buffer Frame Size Requested: 1024
[2022.05.25-21.35.07:047][  0]LogAudioMixer: Display: 	Callback Buffer Frame Size To Use:	  1024
[2022.05.25-21.35.07:047][  0]LogAudioMixer: Display: 	Number of buffers to queue:			  2
[2022.05.25-21.35.07:047][  0]LogAudioMixer: Display: 	Max Channels (voices):				  32
[2022.05.25-21.35.07:047][  0]LogAudioMixer: Display: 	Number of Async Source Workers:		  0
[2022.05.25-21.35.07:047][  0]LogAudio: Display: AudioDevice MaxSources: 32
[2022.05.25-21.35.07:048][  0]LogAudio: Display: Audio Spatialization Plugin: None (built-in).
[2022.05.25-21.35.07:048][  0]LogAudio: Display: Audio Reverb Plugin: None (built-in).
[2022.05.25-21.35.07:048][  0]LogAudio: Display: Audio Occlusion Plugin: None (built-in).
[2022.05.25-21.35.07:048][  0]LogAudioMixer: Display: Initializing audio mixer.
[2022.05.25-21.35.07:061][  0]LogAudioMixer: Display: 0: FrontLeft
[2022.05.25-21.35.07:061][  0]LogAudioMixer: Display: 1: FrontRight
[2022.05.25-21.35.07:093][  0]LogAudioMixer: Display: Using Audio Device Speaker (Realtek(R) Audio)
[2022.05.25-21.35.07:100][  0]LogAudioMixer: Display: Initializing Sound Submixes...
[2022.05.25-21.35.07:102][  0]LogAudioMixer: Display: Creating Master Submix 'MasterSubmixDefault'
[2022.05.25-21.35.07:102][  0]LogAudioMixer: Display: Creating Master Submix 'MasterReverbSubmixDefault'
[2022.05.25-21.35.07:103][  0]LogAudioMixer: Display: Creating Master Submix 'MasterEQSubmixDefault'
[2022.05.25-21.35.07:103][  0]LogAudioMixer: FMixerPlatformXAudio2::StartAudioStream() called
[2022.05.25-21.35.07:103][  0]LogAudioMixer: Display: Output buffers initialized: Frames=1024, Channels=2, Samples=2048
[2022.05.25-21.35.07:104][  0]LogAudioMixer: Display: Starting AudioMixerPlatformInterface::RunInternal()
[2022.05.25-21.35.07:104][  0]LogAudioMixer: Display: FMixerPlatformXAudio2::SubmitBuffer() called for the first time
[2022.05.25-21.35.07:104][  0]LogInit: FAudioDevice initialized.
[2022.05.25-21.35.07:106][  0]LogNetVersion: Set ProjectVersion to 1.0.0.0. Version Checksum will be recalculated on next use.
[2022.05.25-21.35.07:107][  0]LogInit: Texture streaming: Enabled
[2022.05.25-21.35.07:163][  0]LogAudio: Display: Audio Device (ID: 1) registered with world 'Untitled'.
[2022.05.25-21.35.07:163][  0]LogSlate: Updating window title bar state: overlay mode, drag disabled, window buttons hidden, title bar hidden
[2022.05.25-21.35.07:164][  0]LogInit: Display: Game Engine Initialized.
[2022.05.25-21.35.07:164][  0]LogNiagaraEditor: GEditor isn't valid! Particle reset commands will not work for Niagara components!
[2022.05.25-21.35.07:277][  0]LogInit: Display: Starting Game.
[2022.05.25-21.35.07:278][  0]LogNet: Browse: /Game/ThirdPersonBP/Maps/Main_menu?Name=Player
[2022.05.25-21.35.07:278][  0]LogLoad: LoadMap: /Game/ThirdPersonBP/Maps/Main_menu?Name=Player
[2022.05.25-21.35.07:278][  0]LogWorld: BeginTearingDown for /Temp/Untitled_0
[2022.05.25-21.35.07:279][  0]LogWorld: UWorld::CleanupWorld for Untitled, bSessionEnded=true, bCleanupResources=true
[2022.05.25-21.35.07:279][  0]LogSlate: InvalidateAllWidgets triggered.  All widgets were invalidated
[2022.05.25-21.35.07:283][  0]LogAudio: Display: Audio Device unregistered from world 'None'.
[2022.05.25-21.35.07:285][  0]LogUObjectHash: Compacting FUObjectHashTables data took   0.61ms
[2022.05.25-21.35.07:407][  0]LogAudio: Display: Audio Device (ID: 1) registered with world 'Main_menu'.
[2022.05.25-21.35.07:414][  0]LogAIModule: Creating AISystem for world Main_menu
[2022.05.25-21.35.07:414][  0]LogLoad: Game class is 'BP_GMB_C'
[2022.05.25-21.35.07:415][  0]LogWorld: Bringing World /Game/ThirdPersonBP/Maps/Main_menu.Main_menu up for play (max tick rate 0) at 2022.05.26-00.35.07
[2022.05.25-21.35.07:416][  0]LogWorld: Bringing up level for play took: 0.000539
[2022.05.25-21.35.07:416][  0]LogGameMode: FindPlayerStart: PATHS NOT DEFINED or NO PLAYERSTART with positive rating
[2022.05.25-21.35.07:419][  0]LogLoad: Took 0.140984 seconds to LoadMap(/Game/ThirdPersonBP/Maps/Main_menu)
[2022.05.25-21.35.07:471][  0]LogSlate: Took 0.000173 seconds to synchronously load lazily loaded font '../../../Engine/Content/Slate/Fonts/Roboto-Regular.ttf' (155K)
[2022.05.25-21.35.07:503][  0]LogRenderer: Reallocating scene render targets to support 1280x720 Format 10 NumSamples 1 (Frame:1).
[2022.05.25-21.35.07:503][  0]LogInit: Display: Engine is initialized. Leaving FEngineLoop::Init()
[2022.05.25-21.35.07:503][  0]LogLoad: (Engine Initialization) Total time: 5.42 seconds
[2022.05.25-21.35.07:503][  0]LogLoad: (Engine Initialization) Total Blueprint compile time: 0.00 seconds
[2022.05.25-21.35.07:549][  0]LogContentStreaming: Texture pool size now 1000 MB
[2022.05.25-21.35.07:553][  0]LogSlate: InvalidateAllWidgets triggered.  All widgets were invalidated
[2022.05.25-21.35.07:730][  1]LogSlate: Took 0.000246 seconds to synchronously load lazily loaded font '../../../Engine/Content/Slate/Fonts/Roboto-Regular.ttf' (155K)
[2022.05.25-21.35.11:055][728]LogRHI: Error: Present Fail Count 1
[2022.05.25-21.35.11:055][728]LogRHI: Error: SyncInterval 0
[2022.05.25-21.35.11:055][728]LogRHI: Error: SwapChainDesc.BufferDesc.Width 1280
[2022.05.25-21.35.11:055][728]LogRHI: Error: SwapChainDesc.BufferDesc.Height 720
[2022.05.25-21.35.11:055][728]LogRHI: Error: SwapChainDesc.BufferDesc.RefreshRate.Numerator 0
[2022.05.25-21.35.11:055][728]LogRHI: Error: SwapChainDesc.BufferDesc.RefreshRate.Denominator 0
[2022.05.25-21.35.11:055][728]LogRHI: Error: SwapChainDesc.BufferDesc.Format 24
[2022.05.25-21.35.11:055][728]LogRHI: Error: SwapChainDesc.BufferDesc.ScanlineOrdering 0
[2022.05.25-21.35.11:055][728]LogRHI: Error: SwapChainDesc.BufferDesc.Scaling 0
[2022.05.25-21.35.11:055][728]LogRHI: Error: SwapChainDesc.SampleDesc.Count 1
[2022.05.25-21.35.11:055][728]LogRHI: Error: SwapChainDesc.SampleDesc.Quality 0
[2022.05.25-21.35.11:055][728]LogRHI: Error: SwapChainDesc.BufferUsage 48
[2022.05.25-21.35.11:055][728]LogRHI: Error: SwapChainDesc.BufferCount 2
[2022.05.25-21.35.11:055][728]LogRHI: Error: SwapChainDesc.OutputWindow 0000000002B60592
[2022.05.25-21.35.11:055][728]LogRHI: Error: SwapChainDesc.Windowed true
[2022.05.25-21.35.11:055][728]LogRHI: Error: SwapChainDesc.SwapEffect 4
[2022.05.25-21.35.11:055][728]LogRHI: Error: SwapChainDesc.Flags 2050
[2022.05.25-21.35.11:939][790]LogRHI: Error: Present Fail Count 1
[2022.05.25-21.35.11:939][790]LogRHI: Error: SyncInterval 0
[2022.05.25-21.35.11:939][790]LogRHI: Error: SwapChainDesc.BufferDesc.Width 1280
[2022.05.25-21.35.11:939][790]LogRHI: Error: SwapChainDesc.BufferDesc.Height 720
[2022.05.25-21.35.11:939][790]LogRHI: Error: SwapChainDesc.BufferDesc.RefreshRate.Numerator 0
[2022.05.25-21.35.11:939][790]LogRHI: Error: SwapChainDesc.BufferDesc.RefreshRate.Denominator 0
[2022.05.25-21.35.11:939][790]LogRHI: Error: SwapChainDesc.BufferDesc.Format 24
[2022.05.25-21.35.11:939][790]LogRHI: Error: SwapChainDesc.BufferDesc.ScanlineOrdering 0
[2022.05.25-21.35.11:939][790]LogRHI: Error: SwapChainDesc.BufferDesc.Scaling 0
[2022.05.25-21.35.11:939][790]LogRHI: Error: SwapChainDesc.SampleDesc.Count 1
[2022.05.25-21.35.11:939][790]LogRHI: Error: SwapChainDesc.SampleDesc.Quality 0
[2022.05.25-21.35.11:939][790]LogRHI: Error: SwapChainDesc.BufferUsage 48
[2022.05.25-21.35.11:939][790]LogRHI: Error: SwapChainDesc.BufferCount 2
[2022.05.25-21.35.11:939][790]LogRHI: Error: SwapChainDesc.OutputWindow 0000000002B60592
[2022.05.25-21.35.11:939][790]LogRHI: Error: SwapChainDesc.Windowed true
[2022.05.25-21.35.11:939][790]LogRHI: Error: SwapChainDesc.SwapEffect 4
[2022.05.25-21.35.11:939][790]LogRHI: Error: SwapChainDesc.Flags 2050
[2022.05.25-21.35.11:951][793]LogRHI: Error: Present Fail Count 2
[2022.05.25-21.35.11:951][793]LogRHI: Error: SyncInterval 0
[2022.05.25-21.35.11:951][793]LogRHI: Error: SwapChainDesc.BufferDesc.Width 1280
[2022.05.25-21.35.11:951][793]LogRHI: Error: SwapChainDesc.BufferDesc.Height 720
[2022.05.25-21.35.11:951][793]LogRHI: Error: SwapChainDesc.BufferDesc.RefreshRate.Numerator 0
[2022.05.25-21.35.11:951][793]LogRHI: Error: SwapChainDesc.BufferDesc.RefreshRate.Denominator 0
[2022.05.25-21.35.11:951][793]LogRHI: Error: SwapChainDesc.BufferDesc.Format 24
[2022.05.25-21.35.11:951][793]LogRHI: Error: SwapChainDesc.BufferDesc.ScanlineOrdering 0
[2022.05.25-21.35.11:951][793]LogRHI: Error: SwapChainDesc.BufferDesc.Scaling 0
[2022.05.25-21.35.11:951][793]LogRHI: Error: SwapChainDesc.SampleDesc.Count 1
[2022.05.25-21.35.11:951][793]LogRHI: Error: SwapChainDesc.SampleDesc.Quality 0
[2022.05.25-21.35.11:951][793]LogRHI: Error: SwapChainDesc.BufferUsage 48
[2022.05.25-21.35.11:951][793]LogRHI: Error: SwapChainDesc.BufferCount 2
[2022.05.25-21.35.11:951][793]LogRHI: Error: SwapChainDesc.OutputWindow 0000000002B60592
[2022.05.25-21.35.11:951][793]LogRHI: Error: SwapChainDesc.Windowed true
[2022.05.25-21.35.11:951][793]LogRHI: Error: SwapChainDesc.SwapEffect 4
[2022.05.25-21.35.11:951][793]LogRHI: Error: SwapChainDesc.Flags 2050
[2022.05.25-21.35.11:961][796]LogRHI: Error: Present Fail Count 3
[2022.05.25-21.35.11:961][796]LogRHI: Error: SyncInterval 0
[2022.05.25-21.35.11:961][796]LogRHI: Error: SwapChainDesc.BufferDesc.Width 1280
[2022.05.25-21.35.11:961][796]LogRHI: Error: SwapChainDesc.BufferDesc.Height 720
[2022.05.25-21.35.11:961][796]LogRHI: Error: SwapChainDesc.BufferDesc.RefreshRate.Numerator 0
[2022.05.25-21.35.11:961][796]LogRHI: Error: SwapChainDesc.BufferDesc.RefreshRate.Denominator 0
[2022.05.25-21.35.11:962][796]LogRHI: Error: SwapChainDesc.BufferDesc.Format 24
[2022.05.25-21.35.11:962][796]LogRHI: Error: SwapChainDesc.BufferDesc.ScanlineOrdering 0
[2022.05.25-21.35.11:962][796]LogRHI: Error: SwapChainDesc.BufferDesc.Scaling 0
[2022.05.25-21.35.11:962][796]LogRHI: Error: SwapChainDesc.SampleDesc.Count 1
[2022.05.25-21.35.11:962][796]LogRHI: Error: SwapChainDesc.SampleDesc.Quality 0
[2022.05.25-21.35.11:962][796]LogRHI: Error: SwapChainDesc.BufferUsage 48
[2022.05.25-21.35.11:962][796]LogRHI: Error: SwapChainDesc.BufferCount 2
[2022.05.25-21.35.11:962][796]LogRHI: Error: SwapChainDesc.OutputWindow 0000000002B60592
[2022.05.25-21.35.11:962][796]LogRHI: Error: SwapChainDesc.Windowed true
[2022.05.25-21.35.11:962][796]LogRHI: Error: SwapChainDesc.SwapEffect 4
[2022.05.25-21.35.11:962][796]LogRHI: Error: SwapChainDesc.Flags 2050
[2022.05.25-21.35.11:972][799]LogRHI: Error: Present Fail Count 4
[2022.05.25-21.35.11:972][799]LogRHI: Error: SyncInterval 0
[2022.05.25-21.35.11:972][799]LogRHI: Error: SwapChainDesc.BufferDesc.Width 1280
[2022.05.25-21.35.11:972][799]LogRHI: Error: SwapChainDesc.BufferDesc.Height 720
[2022.05.25-21.35.11:972][799]LogRHI: Error: SwapChainDesc.BufferDesc.RefreshRate.Numerator 0
[2022.05.25-21.35.11:972][799]LogRHI: Error: SwapChainDesc.BufferDesc.RefreshRate.Denominator 0
[2022.05.25-21.35.11:972][799]LogRHI: Error: SwapChainDesc.BufferDesc.Format 24
[2022.05.25-21.35.11:972][799]LogRHI: Error: SwapChainDesc.BufferDesc.ScanlineOrdering 0
[2022.05.25-21.35.11:972][799]LogRHI: Error: SwapChainDesc.BufferDesc.Scaling 0
[2022.05.25-21.35.11:972][799]LogRHI: Error: SwapChainDesc.SampleDesc.Count 1
[2022.05.25-21.35.11:972][799]LogRHI: Error: SwapChainDesc.SampleDesc.Quality 0
[2022.05.25-21.35.11:972][799]LogRHI: Error: SwapChainDesc.BufferUsage 48
[2022.05.25-21.35.11:972][799]LogRHI: Error: SwapChainDesc.BufferCount 2
[2022.05.25-21.35.11:972][799]LogRHI: Error: SwapChainDesc.OutputWindow 0000000002B60592
[2022.05.25-21.35.11:972][799]LogRHI: Error: SwapChainDesc.Windowed true
[2022.05.25-21.35.11:972][799]LogRHI: Error: SwapChainDesc.SwapEffect 4
[2022.05.25-21.35.11:972][799]LogRHI: Error: SwapChainDesc.Flags 2050
[2022.05.25-21.35.11:982][802]LogRHI: Error: Present Fail Count 5
[2022.05.25-21.35.11:982][802]LogRHI: Error: SyncInterval 0
[2022.05.25-21.35.11:982][802]LogRHI: Error: SwapChainDesc.BufferDesc.Width 1280
[2022.05.25-21.35.11:982][802]LogRHI: Error: SwapChainDesc.BufferDesc.Height 720
[2022.05.25-21.35.11:982][802]LogRHI: Error: SwapChainDesc.BufferDesc.RefreshRate.Numerator 0
[2022.05.25-21.35.11:982][802]LogRHI: Error: SwapChainDesc.BufferDesc.RefreshRate.Denominator 0
[2022.05.25-21.35.11:982][802]LogRHI: Error: SwapChainDesc.BufferDesc.Format 24
[2022.05.25-21.35.11:982][802]LogRHI: Error: SwapChainDesc.BufferDesc.ScanlineOrdering 0
[2022.05.25-21.35.11:982][802]LogRHI: Error: SwapChainDesc.BufferDesc.Scaling 0
[2022.05.25-21.35.11:982][802]LogRHI: Error: SwapChainDesc.SampleDesc.Count 1
[2022.05.25-21.35.11:983][802]LogRHI: Error: SwapChainDesc.SampleDesc.Quality 0
[2022.05.25-21.35.11:983][802]LogRHI: Error: SwapChainDesc.BufferUsage 48
[2022.05.25-21.35.11:983][802]LogRHI: Error: SwapChainDesc.BufferCount 2
[2022.05.25-21.35.11:983][802]LogRHI: Error: SwapChainDesc.OutputWindow 0000000002B60592
[2022.05.25-21.35.11:983][802]LogRHI: Error: SwapChainDesc.Windowed true
[2022.05.25-21.35.11:983][802]LogRHI: Error: SwapChainDesc.SwapEffect 4
[2022.05.25-21.35.11:983][802]LogRHI: Error: SwapChainDesc.Flags 2050
[2022.05.25-21.35.11:992][805]LogRHI: Error: Present Fail Count 6
[2022.05.25-21.35.11:992][805]LogRHI: Error: SyncInterval 0
[2022.05.25-21.35.11:992][805]LogRHI: Error: SwapChainDesc.BufferDesc.Width 1280
[2022.05.25-21.35.11:993][805]LogRHI: Error: SwapChainDesc.BufferDesc.Height 720
[2022.05.25-21.35.11:993][805]LogRHI: Error: SwapChainDesc.BufferDesc.RefreshRate.Numerator 0
[2022.05.25-21.35.11:993][805]LogRHI: Error: SwapChainDesc.BufferDesc.RefreshRate.Denominator 0
[2022.05.25-21.35.11:993][805]LogRHI: Error: SwapChainDesc.BufferDesc.Format 24
[2022.05.25-21.35.11:993][805]LogRHI: Error: SwapChainDesc.BufferDesc.ScanlineOrdering 0
[2022.05.25-21.35.11:993][805]LogRHI: Error: SwapChainDesc.BufferDesc.Scaling 0
[2022.05.25-21.35.11:993][805]LogRHI: Error: SwapChainDesc.SampleDesc.Count 1
[2022.05.25-21.35.11:993][805]LogRHI: Error: SwapChainDesc.SampleDesc.Quality 0
[2022.05.25-21.35.11:993][805]LogRHI: Error: SwapChainDesc.BufferUsage 48
[2022.05.25-21.35.11:993][805]LogRHI: Error: SwapChainDesc.BufferCount 2
[2022.05.25-21.35.11:993][805]LogRHI: Error: SwapChainDesc.OutputWindow 0000000002B60592
[2022.05.25-21.35.11:993][805]LogRHI: Error: SwapChainDesc.Windowed true
[2022.05.25-21.35.11:993][805]LogRHI: Error: SwapChainDesc.SwapEffect 4
[2022.05.25-21.35.11:993][805]LogRHI: Error: SwapChainDesc.Flags 2050
[2022.05.25-21.35.12:004][808]LogRHI: Error: Present Fail Count 7
[2022.05.25-21.35.12:004][808]LogRHI: Error: SyncInterval 0
[2022.05.25-21.35.12:004][808]LogRHI: Error: SwapChainDesc.BufferDesc.Width 1280
[2022.05.25-21.35.12:004][808]LogRHI: Error: SwapChainDesc.BufferDesc.Height 720
[2022.05.25-21.35.12:004][808]LogRHI: Error: SwapChainDesc.BufferDesc.RefreshRate.Numerator 0
[2022.05.25-21.35.12:004][808]LogRHI: Error: SwapChainDesc.BufferDesc.RefreshRate.Denominator 0
[2022.05.25-21.35.12:004][808]LogRHI: Error: SwapChainDesc.BufferDesc.Format 24
[2022.05.25-21.35.12:004][808]LogRHI: Error: SwapChainDesc.BufferDesc.ScanlineOrdering 0
[2022.05.25-21.35.12:004][808]LogRHI: Error: SwapChainDesc.BufferDesc.Scaling 0
[2022.05.25-21.35.12:004][808]LogRHI: Error: SwapChainDesc.SampleDesc.Count 1
[2022.05.25-21.35.12:004][808]LogRHI: Error: SwapChainDesc.SampleDesc.Quality 0
[2022.05.25-21.35.12:004][808]LogRHI: Error: SwapChainDesc.BufferUsage 48
[2022.05.25-21.35.12:004][808]LogRHI: Error: SwapChainDesc.BufferCount 2
[2022.05.25-21.35.12:004][808]LogRHI: Error: SwapChainDesc.OutputWindow 0000000002B60592
[2022.05.25-21.35.12:004][808]LogRHI: Error: SwapChainDesc.Windowed true
[2022.05.25-21.35.12:004][808]LogRHI: Error: SwapChainDesc.SwapEffect 4
[2022.05.25-21.35.12:004][808]LogRHI: Error: SwapChainDesc.Flags 2050
[2022.05.25-21.35.12:014][811]LogRHI: Error: Present Fail Count 8
[2022.05.25-21.35.12:014][811]LogRHI: Error: SyncInterval 0
[2022.05.25-21.35.12:014][811]LogRHI: Error: SwapChainDesc.BufferDesc.Width 1280
[2022.05.25-21.35.12:014][811]LogRHI: Error: SwapChainDesc.BufferDesc.Height 720
[2022.05.25-21.35.12:014][811]LogRHI: Error: SwapChainDesc.BufferDesc.RefreshRate.Numerator 0
[2022.05.25-21.35.12:014][811]LogRHI: Error: SwapChainDesc.BufferDesc.RefreshRate.Denominator 0
[2022.05.25-21.35.12:014][811]LogRHI: Error: SwapChainDesc.BufferDesc.Format 24
[2022.05.25-21.35.12:014][811]LogRHI: Error: SwapChainDesc.BufferDesc.ScanlineOrdering 0
[2022.05.25-21.35.12:014][811]LogRHI: Error: SwapChainDesc.BufferDesc.Scaling 0
[2022.05.25-21.35.12:014][811]LogRHI: Error: SwapChainDesc.SampleDesc.Count 1
[2022.05.25-21.35.12:014][811]LogRHI: Error: SwapChainDesc.SampleDesc.Quality 0
[2022.05.25-21.35.12:014][811]LogRHI: Error: SwapChainDesc.BufferUsage 48
[2022.05.25-21.35.12:014][811]LogRHI: Error: SwapChainDesc.BufferCount 2
[2022.05.25-21.35.12:014][811]LogRHI: Error: SwapChainDesc.OutputWindow 0000000002B60592
[2022.05.25-21.35.12:014][811]LogRHI: Error: SwapChainDesc.Windowed true
[2022.05.25-21.35.12:014][811]LogRHI: Error: SwapChainDesc.SwapEffect 4
[2022.05.25-21.35.12:014][811]LogRHI: Error: SwapChainDesc.Flags 2050
[2022.05.25-21.35.12:023][815]LogRHI: Error: Present Fail Count 9
[2022.05.25-21.35.12:023][815]LogRHI: Error: SyncInterval 0
[2022.05.25-21.35.12:023][815]LogRHI: Error: SwapChainDesc.BufferDesc.Width 1280
[2022.05.25-21.35.12:023][815]LogRHI: Error: SwapChainDesc.BufferDesc.Height 720
[2022.05.25-21.35.12:023][815]LogRHI: Error: SwapChainDesc.BufferDesc.RefreshRate.Numerator 0
[2022.05.25-21.35.12:023][815]LogRHI: Error: SwapChainDesc.BufferDesc.RefreshRate.Denominator 0
[2022.05.25-21.35.12:023][815]LogRHI: Error: SwapChainDesc.BufferDesc.Format 24
[2022.05.25-21.35.12:023][815]LogRHI: Error: SwapChainDesc.BufferDesc.ScanlineOrdering 0
[2022.05.25-21.35.12:023][815]LogRHI: Error: SwapChainDesc.BufferDesc.Scaling 0
[2022.05.25-21.35.12:023][815]LogRHI: Error: SwapChainDesc.SampleDesc.Count 1
[2022.05.25-21.35.12:023][815]LogRHI: Error: SwapChainDesc.SampleDesc.Quality 0
[2022.05.25-21.35.12:023][815]LogRHI: Error: SwapChainDesc.BufferUsage 48
[2022.05.25-21.35.12:023][815]LogRHI: Error: SwapChainDesc.BufferCount 2
[2022.05.25-21.35.12:023][815]LogRHI: Error: SwapChainDesc.OutputWindow 0000000002B60592
[2022.05.25-21.35.12:023][815]LogRHI: Error: SwapChainDesc.Windowed true
[2022.05.25-21.35.12:023][815]LogRHI: Error: SwapChainDesc.SwapEffect 4
[2022.05.25-21.35.12:023][815]LogRHI: Error: SwapChainDesc.Flags 2050
[2022.05.25-21.35.12:037][819]LogRHI: Error: Present Fail Count 10
[2022.05.25-21.35.12:037][819]LogRHI: Error: SyncInterval 0
[2022.05.25-21.35.12:037][819]LogRHI: Error: SwapChainDesc.BufferDesc.Width 1280
[2022.05.25-21.35.12:037][819]LogRHI: Error: SwapChainDesc.BufferDesc.Height 720
[2022.05.25-21.35.12:037][819]LogRHI: Error: SwapChainDesc.BufferDesc.RefreshRate.Numerator 0
[2022.05.25-21.35.12:037][819]LogRHI: Error: SwapChainDesc.BufferDesc.RefreshRate.Denominator 0
[2022.05.25-21.35.12:037][819]LogRHI: Error: SwapChainDesc.BufferDesc.Format 24
[2022.05.25-21.35.12:037][819]LogRHI: Error: SwapChainDesc.BufferDesc.ScanlineOrdering 0
[2022.05.25-21.35.12:037][819]LogRHI: Error: SwapChainDesc.BufferDesc.Scaling 0
[2022.05.25-21.35.12:037][819]LogRHI: Error: SwapChainDesc.SampleDesc.Count 1
[2022.05.25-21.35.12:037][819]LogRHI: Error: SwapChainDesc.SampleDesc.Quality 0
[2022.05.25-21.35.12:037][819]LogRHI: Error: SwapChainDesc.BufferUsage 48
[2022.05.25-21.35.12:037][819]LogRHI: Error: SwapChainDesc.BufferCount 2
[2022.05.25-21.35.12:037][819]LogRHI: Error: SwapChainDesc.OutputWindow 0000000002B60592
[2022.05.25-21.35.12:037][819]LogRHI: Error: SwapChainDesc.Windowed true
[2022.05.25-21.35.12:037][819]LogRHI: Error: SwapChainDesc.SwapEffect 4
[2022.05.25-21.35.12:037][819]LogRHI: Error: SwapChainDesc.Flags 2050
[2022.05.25-21.35.12:115][822]LogRHI: Error: Present Fail Count 11
[2022.05.25-21.35.12:115][822]LogRHI: Error: SyncInterval 0
[2022.05.25-21.35.12:115][822]LogRHI: Error: SwapChainDesc.BufferDesc.Width 1280
[2022.05.25-21.35.12:115][822]LogRHI: Error: SwapChainDesc.BufferDesc.Height 720
[2022.05.25-21.35.12:115][822]LogRHI: Error: SwapChainDesc.BufferDesc.RefreshRate.Numerator 0
[2022.05.25-21.35.12:116][822]LogRHI: Error: SwapChainDesc.BufferDesc.RefreshRate.Denominator 0
[2022.05.25-21.35.12:116][822]LogRHI: Error: SwapChainDesc.BufferDesc.Format 24
[2022.05.25-21.35.12:116][822]LogRHI: Error: SwapChainDesc.BufferDesc.ScanlineOrdering 0
[2022.05.25-21.35.12:116][822]LogRHI: Error: SwapChainDesc.BufferDesc.Scaling 0
[2022.05.25-21.35.12:116][822]LogRHI: Error: SwapChainDesc.SampleDesc.Count 1
[2022.05.25-21.35.12:116][822]LogRHI: Error: SwapChainDesc.SampleDesc.Quality 0
[2022.05.25-21.35.12:116][822]LogRHI: Error: SwapChainDesc.BufferUsage 48
[2022.05.25-21.35.12:116][822]LogRHI: Error: SwapChainDesc.BufferCount 2
[2022.05.25-21.35.12:116][822]LogRHI: Error: SwapChainDesc.OutputWindow 0000000002B60592
[2022.05.25-21.35.12:116][822]LogRHI: Error: SwapChainDesc.Windowed true
[2022.05.25-21.35.12:116][822]LogRHI: Error: SwapChainDesc.SwapEffect 4
[2022.05.25-21.35.12:116][822]LogRHI: Error: SwapChainDesc.Flags 2050
[2022.05.25-21.35.12:116][822]LogD3D11RHI: Error: Result failed 
 at D:/Build/++UE4/Sync/Engine/Source/Runtime/Windows/D3D11RHI/Private/D3D11Viewport.cpp:443 
 with error DXGI_ERROR_DEVICE_REMOVED 00000000
[2022.05.25-21.35.12:116][822]LogD3D11RHI: [Aftermath] GDynamicRHI=000001B8AF9C3500, GDX11NVAfterMathEnabled=0, Result=0xFFFFFFFF, bDeviceActive=0
[2022.05.25-21.35.12:116][822]LogWindows: Windows GetLastError: Операция успешно завершена. (0)
[2022.05.25-21.35.13:725][823]LogWindows: FPlatformMisc::RequestExit(0)
[2022.05.25-21.35.13:725][823]LogWindows: FPlatformMisc::RequestExitWithStatus(0, 0)
[2022.05.25-21.35.13:725][823]LogCore: Engine exit requested (reason: Win RequestExit)
[2022.05.25-21.35.13:725][823]LogWindows: FPlatformMisc::RequestExit(1)
[2022.05.25-21.35.13:725][823]LogWindows: FPlatformMisc::RequestExitWithStatus(1, 3)
[2022.05.25-21.35.13:725][823]LogCore: Engine exit requested (reason: Win RequestExit; note: exit was already requested)
[2022.05.25-21.35.13:729][823]Log file closed, 05/26/22 00:35:13
