Log file open, 04/10/22 15:33:17
LogWindows: Failed to load 'aqProf.dll' (GetLastError=126)
LogWindows: File 'aqProf.dll' does not exist
LogWindows: Failed to load 'VtuneApi.dll' (GetLastError=126)
LogWindows: File 'VtuneApi.dll' does not exist
LogWindows: Failed to load 'VtuneApi32e.dll' (GetLastError=126)
LogWindows: File 'VtuneApi32e.dll' does not exist
LogConsoleResponse: Display: Failed to find resolution value strings in scalability ini. Falling back to default.
LogConsoleResponse: Display: Failed to find resolution value strings in scalability ini. Falling back to default.
LogInit: Display: Running engine for game: deadInsideTheDungeon
LogPlatformFile: Not using cached read wrapper
LogTaskGraph: Started task graph with 5 named threads and 23 total threads with 3 sets of task threads.
LogStats: Stats thread started at 0.222473
LogICUInternationalization: ICU TimeZone Detection - Raw Offset: +2:00, Platform Override: ''
LogInit: Display: Loading text-based GConfig....
LogPluginManager: Mounting plugin MeshPainting
LogPluginManager: Mounting plugin XGEController
LogPluginManager: Mounting plugin Paper2D
LogPluginManager: Mounting plugin AISupport
LogPluginManager: Mounting plugin EnvironmentQueryEditor
LogPluginManager: Mounting plugin LiveLink
LogPluginManager: Mounting plugin LightPropagationVolume
LogPluginManager: Mounting plugin GameplayCameras
LogPluginManager: Mounting plugin AnimationSharing
LogPluginManager: Mounting plugin CameraShakePreviewer
LogPluginManager: Mounting plugin CLionSourceCodeAccess
LogPluginManager: Mounting plugin CodeLiteSourceCodeAccess
LogPluginManager: Mounting plugin GitSourceControl
LogPluginManager: Mounting plugin KDevelopSourceCodeAccess
LogPluginManager: Mounting plugin NullSourceCodeAccess
LogPluginManager: Mounting plugin PerforceSourceControl
LogPluginManager: Mounting plugin PixWinPlugin
LogPluginManager: Mounting plugin PlasticSourceControl
LogPluginManager: Mounting plugin PluginUtils
LogPluginManager: Mounting plugin PropertyAccessNode
LogPluginManager: Mounting plugin RiderSourceCodeAccess
LogPluginManager: Mounting plugin SubversionSourceControl
LogPluginManager: Mounting plugin TextureFormatOodle
LogPluginManager: Mounting plugin OodleData
LogPluginManager: Mounting plugin OodleNetwork
LogPluginManager: Mounting plugin UObjectPlugin
LogPluginManager: Mounting plugin VisualStudioSourceCodeAccess
LogPluginManager: Mounting plugin VisualStudioCodeSourceCodeAccess
LogPluginManager: Mounting plugin XCodeSourceCodeAccess
LogPluginManager: Mounting plugin AssetManagerEditor
LogPluginManager: Mounting plugin CryptoKeys
LogPluginManager: Mounting plugin CurveEditorTools
LogPluginManager: Mounting plugin DataValidation
LogPluginManager: Mounting plugin FacialAnimation
LogPluginManager: Mounting plugin GameplayTagsEditor
LogPluginManager: Mounting plugin GeometryMode
LogPluginManager: Mounting plugin MacGraphicsSwitching
LogPluginManager: Mounting plugin MaterialAnalyzer
LogPluginManager: Mounting plugin MobileLauncherProfileWizard
LogPluginManager: Mounting plugin PluginBrowser
LogPluginManager: Mounting plugin SpeedTreeImporter
LogPluginManager: Mounting plugin DatasmithContent
LogPluginManager: Mounting plugin AlembicImporter
LogPluginManager: Mounting plugin VariantManagerContent
LogPluginManager: Mounting plugin AutomationUtils
LogPluginManager: Mounting plugin BackChannel
LogPluginManager: Mounting plugin ChaosCloth
LogPluginManager: Mounting plugin ChaosClothEditor
LogPluginManager: Mounting plugin ChaosEditor
LogPluginManager: Mounting plugin ChaosSolverPlugin
LogPluginManager: Mounting plugin ChaosNiagara
LogPluginManager: Mounting plugin CharacterAI
LogPluginManager: Mounting plugin GeometryCache
LogPluginManager: Mounting plugin GeometryProcessing
LogPluginManager: Mounting plugin GeometryCollectionPlugin
LogPluginManager: Mounting plugin MotoSynth
LogPluginManager: Mounting plugin OpenImageDenoise
LogPluginManager: Mounting plugin PlanarCut
LogPluginManager: Mounting plugin PlatformCrypto
LogPluginManager: Mounting plugin PythonScriptPlugin
LogPluginManager: Mounting plugin ProxyLODPlugin
LogPluginManager: Mounting plugin SkeletalReduction
LogPluginManager: Mounting plugin Niagara
LogPluginManager: Mounting plugin LuminPlatformFeatures
LogPluginManager: Mounting plugin MagicLeap
LogPluginManager: Mounting plugin MagicLeapLightEstimation
LogPluginManager: Mounting plugin MagicLeapMedia
LogPluginManager: Mounting plugin MagicLeapPassableWorld
LogPluginManager: Mounting plugin MLSDK
LogPluginManager: Mounting plugin AndroidMedia
LogPluginManager: Mounting plugin AvfMedia
LogPluginManager: Mounting plugin ImgMedia
LogPluginManager: Mounting plugin MediaCompositing
LogPluginManager: Mounting plugin MediaPlayerEditor
LogPluginManager: Mounting plugin WebMMedia
LogPluginManager: Mounting plugin WmfMedia
LogPluginManager: Mounting plugin TcpMessaging
LogPluginManager: Mounting plugin UdpMessaging
LogPluginManager: Mounting plugin ActorSequence
LogPluginManager: Mounting plugin LevelSequenceEditor
LogPluginManager: Mounting plugin MatineeToLevelSequence
LogPluginManager: Mounting plugin TemplateSequence
LogPluginManager: Mounting plugin OnlineSubsystem
LogPluginManager: Mounting plugin OnlineSubsystemNull
LogPluginManager: Mounting plugin LauncherChunkInstaller
LogPluginManager: Mounting plugin OnlineSubsystemUtils
LogPluginManager: Mounting plugin ActorLayerUtilities
LogPluginManager: Mounting plugin AndroidMoviePlayer
LogPluginManager: Mounting plugin AndroidPermission
LogPluginManager: Mounting plugin AndroidDeviceProfileSelector
LogPluginManager: Mounting plugin AppleMoviePlayer
LogPluginManager: Mounting plugin AppleImageUtils
LogPluginManager: Mounting plugin ArchVisCharacter
LogPluginManager: Mounting plugin AssetTags
LogPluginManager: Mounting plugin AudioCapture
LogPluginManager: Mounting plugin AudioSynesthesia
LogPluginManager: Mounting plugin ChunkDownloader
LogPluginManager: Mounting plugin CableComponent
LogPluginManager: Mounting plugin CustomMeshComponent
LogPluginManager: Mounting plugin EditableMesh
LogPluginManager: Mounting plugin ExampleDeviceProfileSelector
LogPluginManager: Mounting plugin GoogleCloudMessaging
LogPluginManager: Mounting plugin GooglePAD
LogPluginManager: Mounting plugin IOSDeviceProfileSelector
LogPluginManager: Mounting plugin LinuxDeviceProfileSelector
LogPluginManager: Mounting plugin LocationServicesBPLibrary
LogPluginManager: Mounting plugin MobilePatchingUtils
LogPluginManager: Mounting plugin OpenXR
LogPluginManager: Mounting plugin OpenXREyeTracker
LogPluginManager: Mounting plugin OpenXRHandTracking
LogPluginManager: Mounting plugin PhysXVehicles
LogPluginManager: Mounting plugin PostSplashScreen
LogPluginManager: Mounting plugin ProceduralMeshComponent
LogPluginManager: Mounting plugin PropertyAccessEditor
LogPluginManager: Mounting plugin RuntimePhysXCooking
LogPluginManager: Mounting plugin SignificanceManager
LogPluginManager: Mounting plugin SoundFields
LogPluginManager: Mounting plugin Synthesis
LogPluginManager: Mounting plugin WebMMoviePlayer
LogPluginManager: Mounting plugin WindowsMoviePlayer
LogPluginManager: Mounting plugin ScreenshotTools
LogPluginManager: Mounting plugin Takes
LogPluginManager: Mounting plugin ContentBrowserClassDataSource
LogPluginManager: Mounting plugin ContentBrowserAssetDataSource
LogPluginManager: Mounting plugin ContentBrowserFileDataSource
LogPluginManager: Mounting plugin OnlineSubsystemGooglePlay
LogPluginManager: Mounting plugin OnlineSubsystemIOS
LogPluginManager: Mounting plugin OculusVR
LogPluginManager: Mounting plugin SteamVR
PixWinPlugin: PIX capture plugin failed to initialize! Check that the process is launched from PIX.
LogInit: Using libcurl 7.55.1-DEV
LogInit:  - built for x86_64-pc-win32
LogInit:  - supports SSL with OpenSSL/1.1.1
LogInit:  - supports HTTP deflate (compression) using libz 1.2.8
LogInit:  - other features:
LogInit:      CURL_VERSION_SSL
LogInit:      CURL_VERSION_LIBZ
LogInit:      CURL_VERSION_IPV6
LogInit:      CURL_VERSION_ASYNCHDNS
LogInit:      CURL_VERSION_LARGEFILE
LogInit:      CURL_VERSION_IDN
LogInit:  CurlRequestOptions (configurable via config and command line):
LogInit:  - bVerifyPeer = true  - Libcurl will verify peer certificate
LogInit:  - bUseHttpProxy = false  - Libcurl will NOT use HTTP proxy
LogInit:  - bDontReuseConnections = false  - Libcurl will reuse connections
LogInit:  - MaxHostConnections = 16  - Libcurl will limit the number of connections to a host
LogInit:  - LocalHostAddr = Default
LogInit:  - BufferSize = 65536
LogOnline: OSS: Creating online subsystem instance for: NULL
LogInit: WinSock: version 1.1 (2.2), MaxSocks=32767, MaxUdp=65467
LogOnline: OSS: TryLoadSubsystemAndSetDefault: Loaded subsystem for module [NULL]
LogOculusPluginWrapper: OculusPlugin initialized successfully
LogHMD: Failed initializing OVRPlugin 1.59.0
LogInit: Build: ++UE4+Release-4.27-CL-18319896
LogInit: Engine Version: 4.27.2-18319896+++UE4+Release-4.27
LogInit: Compatible Engine Version: 4.27.0-17155196+++UE4+Release-4.27
LogInit: Net CL: 17155196
LogInit: OS: Windows 10 (Release 2009) (), CPU: 11th Gen Intel(R) Core(TM) i5-1135G7 @ 2.40GHz, GPU: Intel(R) Iris(R) Xe Graphics
LogInit: Compiled (64-bit): Nov 30 2021 07:12:08
LogInit: Compiled with Visual C++: 19.24.28315.00
LogInit: Build Configuration: Development
LogInit: Branch Name: ++UE4+Release-4.27
LogInit: Command Line: 
LogInit: Base Directory: C:/Program Files/Epic Games/UE_4.27/Engine/Binaries/Win64/
LogInit: Allocator: TBB
LogInit: Installed Engine Build: 1
LogDevObjectVersion: Number of dev versions registered: 29
LogDevObjectVersion:   Dev-Blueprints (B0D832E4-1F89-4F0D-ACCF-7EB736FD4AA2): 10
LogDevObjectVersion:   Dev-Build (E1C64328-A22C-4D53-A36C-8E866417BD8C): 0
LogDevObjectVersion:   Dev-Core (375EC13C-06E4-48FB-B500-84F0262A717E): 4
LogDevObjectVersion:   Dev-Editor (E4B068ED-F494-42E9-A231-DA0B2E46BB41): 40
LogDevObjectVersion:   Dev-Framework (CFFC743F-43B0-4480-9391-14DF171D2073): 37
LogDevObjectVersion:   Dev-Mobile (B02B49B5-BB20-44E9-A304-32B752E40360): 3
LogDevObjectVersion:   Dev-Networking (A4E4105C-59A1-49B5-A7C5-40C4547EDFEE): 0
LogDevObjectVersion:   Dev-Online (39C831C9-5AE6-47DC-9A44-9C173E1C8E7C): 0
LogDevObjectVersion:   Dev-Physics (78F01B33-EBEA-4F98-B9B4-84EACCB95AA2): 14
LogDevObjectVersion:   Dev-Platform (6631380F-2D4D-43E0-8009-CF276956A95A): 0
LogDevObjectVersion:   Dev-Rendering (12F88B9F-8875-4AFC-A67C-D90C383ABD29): 45
LogDevObjectVersion:   Dev-Sequencer (7B5AE74C-D270-4C10-A958-57980B212A5A): 13
LogDevObjectVersion:   Dev-VR (D7296918-1DD6-4BDD-9DE2-64A83CC13884): 3
LogDevObjectVersion:   Dev-LoadTimes (C2A15278-BFE7-4AFE-6C17-90FF531DF755): 1
LogDevObjectVersion:   Private-Geometry (6EACA3D4-40EC-4CC1-B786-8BED09428FC5): 3
LogDevObjectVersion:   Dev-AnimPhys (29E575DD-E0A3-4627-9D10-D276232CDCEA): 17
LogDevObjectVersion:   Dev-Anim (AF43A65D-7FD3-4947-9873-3E8ED9C1BB05): 15
LogDevObjectVersion:   Dev-ReflectionCapture (6B266CEC-1EC7-4B8F-A30B-E4D90942FC07): 1
LogDevObjectVersion:   Dev-Automation (0DF73D61-A23F-47EA-B727-89E90C41499A): 1
LogDevObjectVersion:   FortniteMain (601D1886-AC64-4F84-AA16-D3DE0DEAC7D6): 47
LogDevObjectVersion:   FortniteRelease (E7086368-6B23-4C58-8439-1B7016265E91): 1
LogDevObjectVersion:   Dev-Enterprise (9DFFBCD6-494F-0158-E221-12823C92A888): 10
LogDevObjectVersion:   Dev-Niagara (F2AED0AC-9AFE-416F-8664-AA7FFA26D6FC): 1
LogDevObjectVersion:   Dev-Destruction (174F1F0B-B4C6-45A5-B13F-2EE8D0FB917D): 10
LogDevObjectVersion:   Dev-Physics-Ext (35F94A83-E258-406C-A318-09F59610247C): 41
LogDevObjectVersion:   Dev-PhysicsMaterial-Chaos (B68FC16E-8B1B-42E2-B453-215C058844FE): 1
LogDevObjectVersion:   Dev-CineCamera (B2E18506-4273-CFC2-A54E-F4BB758BBA07): 1
LogDevObjectVersion:   Dev-VirtualProduction (64F58936-FD1B-42BA-BA96-7289D5D0FA4E): 1
LogDevObjectVersion:   Dev-MediaFramework (6F0ED827-A609-4895-9C91-998D90180EA4): 2
LogInit: Presizing for max 25165824 objects, including 0 objects not considered by GC, pre-allocating 0 bytes for permanent pool.
LogConfig: Applying CVar settings from Section [/Script/Engine.StreamingSettings] File [C:/Users/r.zuietir/Documents/GitHub/deadInsideTheDungeon/deadInsideTheDungeon/Saved/Config/Windows/Engine.ini]
LogConfig: Setting CVar [[s.MinBulkDataSizeForAsyncLoading:131072]]
LogConfig: Setting CVar [[s.AsyncLoadingThreadEnabled:0]]
LogConfig: Setting CVar [[s.EventDrivenLoaderEnabled:1]]
LogConfig: Setting CVar [[s.WarnIfTimeLimitExceeded:0]]
LogConfig: Setting CVar [[s.TimeLimitExceededMultiplier:1.5]]
LogConfig: Setting CVar [[s.TimeLimitExceededMinTime:0.005]]
LogConfig: Setting CVar [[s.UseBackgroundLevelStreaming:1]]
LogConfig: Setting CVar [[s.PriorityAsyncLoadingExtraTime:15.0]]
LogConfig: Setting CVar [[s.LevelStreamingActorsUpdateTimeLimit:5.0]]
LogConfig: Setting CVar [[s.PriorityLevelStreamingActorsUpdateExtraTime:5.0]]
LogConfig: Setting CVar [[s.LevelStreamingComponentsRegistrationGranularity:10]]
LogConfig: Setting CVar [[s.UnregisterComponentsTimeLimit:1.0]]
LogConfig: Setting CVar [[s.LevelStreamingComponentsUnregistrationGranularity:5]]
LogConfig: Setting CVar [[s.FlushStreamingOnExit:1]]
LogInit: Object subsystem initialized
LogConfig: Setting CVar [[con.DebugEarlyDefault:1]]
LogConfig: Setting CVar [[r.setres:1280x720]]
[2022.04.10-12.33.17:702][  0]LogConfig: Setting CVar [[r.VSync:0]]
[2022.04.10-12.33.17:702][  0]LogConfig: Setting CVar [[r.RHICmdBypass:0]]
[2022.04.10-12.33.17:702][  0]LogConfig: Applying CVar settings from Section [/Script/Engine.RendererSettings] File [C:/Users/r.zuietir/Documents/GitHub/deadInsideTheDungeon/deadInsideTheDungeon/Saved/Config/Windows/Engine.ini]
[2022.04.10-12.33.17:702][  0]LogConfig: Setting CVar [[r.GPUCrashDebugging:0]]
[2022.04.10-12.33.17:702][  0]LogConfig: Applying CVar settings from Section [/Script/Engine.RendererOverrideSettings] File [C:/Users/r.zuietir/Documents/GitHub/deadInsideTheDungeon/deadInsideTheDungeon/Saved/Config/Windows/Engine.ini]
[2022.04.10-12.33.17:702][  0]LogConfig: Applying CVar settings from Section [/Script/Engine.StreamingSettings] File [C:/Users/r.zuietir/Documents/GitHub/deadInsideTheDungeon/deadInsideTheDungeon/Saved/Config/Windows/Engine.ini]
[2022.04.10-12.33.17:702][  0]LogConfig: Setting CVar [[s.MinBulkDataSizeForAsyncLoading:131072]]
[2022.04.10-12.33.17:702][  0]LogConfig: Setting CVar [[s.AsyncLoadingThreadEnabled:0]]
[2022.04.10-12.33.17:702][  0]LogConfig: Setting CVar [[s.EventDrivenLoaderEnabled:1]]
[2022.04.10-12.33.17:702][  0]LogConfig: Setting CVar [[s.WarnIfTimeLimitExceeded:0]]
[2022.04.10-12.33.17:702][  0]LogConfig: Setting CVar [[s.TimeLimitExceededMultiplier:1.5]]
[2022.04.10-12.33.17:702][  0]LogConfig: Setting CVar [[s.TimeLimitExceededMinTime:0.005]]
[2022.04.10-12.33.17:704][  0]LogConfig: Setting CVar [[s.UseBackgroundLevelStreaming:1]]
[2022.04.10-12.33.17:704][  0]LogConfig: Setting CVar [[s.PriorityAsyncLoadingExtraTime:15.0]]
[2022.04.10-12.33.17:704][  0]LogConfig: Setting CVar [[s.LevelStreamingActorsUpdateTimeLimit:5.0]]
[2022.04.10-12.33.17:704][  0]LogConfig: Setting CVar [[s.PriorityLevelStreamingActorsUpdateExtraTime:5.0]]
[2022.04.10-12.33.17:704][  0]LogConfig: Setting CVar [[s.LevelStreamingComponentsRegistrationGranularity:10]]
[2022.04.10-12.33.17:704][  0]LogConfig: Setting CVar [[s.UnregisterComponentsTimeLimit:1.0]]
[2022.04.10-12.33.17:704][  0]LogConfig: Setting CVar [[s.LevelStreamingComponentsUnregistrationGranularity:5]]
[2022.04.10-12.33.17:704][  0]LogConfig: Setting CVar [[s.FlushStreamingOnExit:1]]
[2022.04.10-12.33.17:704][  0]LogConfig: Applying CVar settings from Section [/Script/Engine.GarbageCollectionSettings] File [C:/Users/r.zuietir/Documents/GitHub/deadInsideTheDungeon/deadInsideTheDungeon/Saved/Config/Windows/Engine.ini]
[2022.04.10-12.33.17:704][  0]LogConfig: Setting CVar [[gc.MaxObjectsNotConsideredByGC:1]]
[2022.04.10-12.33.17:704][  0]LogConfig: Setting CVar [[gc.SizeOfPermanentObjectPool:0]]
[2022.04.10-12.33.17:704][  0]LogConfig: Setting CVar [[gc.FlushStreamingOnGC:0]]
[2022.04.10-12.33.17:704][  0]LogConfig: Setting CVar [[gc.NumRetriesBeforeForcingGC:10]]
[2022.04.10-12.33.17:704][  0]LogConfig: Setting CVar [[gc.AllowParallelGC:1]]
[2022.04.10-12.33.17:704][  0]LogConfig: Setting CVar [[gc.TimeBetweenPurgingPendingKillObjects:61.1]]
[2022.04.10-12.33.17:704][  0]LogConfig: Setting CVar [[gc.MaxObjectsInEditor:25165824]]
[2022.04.10-12.33.17:704][  0]LogConfig: Setting CVar [[gc.IncrementalBeginDestroyEnabled:1]]
[2022.04.10-12.33.17:704][  0]LogConfig: Setting CVar [[gc.CreateGCClusters:1]]
[2022.04.10-12.33.17:704][  0]LogConfig: Setting CVar [[gc.MinGCClusterSize:5]]
[2022.04.10-12.33.17:704][  0]LogConfig: Setting CVar [[gc.ActorClusteringEnabled:0]]
[2022.04.10-12.33.17:704][  0]LogConfig: Setting CVar [[gc.BlueprintClusteringEnabled:0]]
[2022.04.10-12.33.17:704][  0]LogConfig: Setting CVar [[gc.UseDisregardForGCOnDedicatedServers:0]]
[2022.04.10-12.33.17:704][  0]LogConfig: Setting CVar [[gc.MultithreadedDestructionEnabled:1]]
[2022.04.10-12.33.17:704][  0]LogConfig: Applying CVar settings from Section [/Script/Engine.NetworkSettings] File [C:/Users/r.zuietir/Documents/GitHub/deadInsideTheDungeon/deadInsideTheDungeon/Saved/Config/Windows/Engine.ini]
[2022.04.10-12.33.17:704][  0]LogConfig: Applying CVar settings from Section [/Script/UnrealEd.CookerSettings] File [C:/Users/r.zuietir/Documents/GitHub/deadInsideTheDungeon/deadInsideTheDungeon/Saved/Config/Windows/Engine.ini]
[2022.04.10-12.33.17:714][  0]LogConfig: Applying CVar settings from Section [ViewDistanceQuality@3] File [C:/Users/r.zuietir/Documents/GitHub/deadInsideTheDungeon/deadInsideTheDungeon/Saved/Config/Windows/Scalability.ini]
[2022.04.10-12.33.17:714][  0]LogConfig: Setting CVar [[r.SkeletalMeshLODBias:0]]
[2022.04.10-12.33.17:714][  0]LogConfig: Setting CVar [[r.ViewDistanceScale:1.0]]
[2022.04.10-12.33.17:714][  0]LogConfig: Applying CVar settings from Section [AntiAliasingQuality@3] File [C:/Users/r.zuietir/Documents/GitHub/deadInsideTheDungeon/deadInsideTheDungeon/Saved/Config/Windows/Scalability.ini]
[2022.04.10-12.33.17:714][  0]LogConfig: Setting CVar [[r.PostProcessAAQuality:4]]
[2022.04.10-12.33.17:714][  0]LogConfig: Applying CVar settings from Section [ShadowQuality@3] File [C:/Users/r.zuietir/Documents/GitHub/deadInsideTheDungeon/deadInsideTheDungeon/Saved/Config/Windows/Scalability.ini]
[2022.04.10-12.33.17:714][  0]LogConfig: Setting CVar [[r.LightFunctionQuality:1]]
[2022.04.10-12.33.17:714][  0]LogConfig: Setting CVar [[r.ShadowQuality:5]]
[2022.04.10-12.33.17:714][  0]LogConfig: Setting CVar [[r.Shadow.CSM.MaxCascades:10]]
[2022.04.10-12.33.17:714][  0]LogConfig: Setting CVar [[r.Shadow.MaxResolution:2048]]
[2022.04.10-12.33.17:714][  0]LogConfig: Setting CVar [[r.Shadow.MaxCSMResolution:2048]]
[2022.04.10-12.33.17:714][  0]LogConfig: Setting CVar [[r.Shadow.RadiusThreshold:0.01]]
[2022.04.10-12.33.17:714][  0]LogConfig: Setting CVar [[r.Shadow.DistanceScale:1.0]]
[2022.04.10-12.33.17:714][  0]LogConfig: Setting CVar [[r.Shadow.CSM.TransitionScale:1.0]]
[2022.04.10-12.33.17:714][  0]LogConfig: Setting CVar [[r.Shadow.PreShadowResolutionFactor:1.0]]
[2022.04.10-12.33.17:714][  0]LogConfig: Setting CVar [[r.DistanceFieldShadowing:1]]
[2022.04.10-12.33.17:714][  0]LogConfig: Setting CVar [[r.DistanceFieldAO:1]]
[2022.04.10-12.33.17:714][  0]LogConfig: Setting CVar [[r.AOQuality:2]]
[2022.04.10-12.33.17:714][  0]LogConfig: Setting CVar [[r.VolumetricFog:1]]
[2022.04.10-12.33.17:714][  0]LogConfig: Setting CVar [[r.VolumetricFog.GridPixelSize:8]]
[2022.04.10-12.33.17:714][  0]LogConfig: Setting CVar [[r.VolumetricFog.GridSizeZ:128]]
[2022.04.10-12.33.17:714][  0]LogConfig: Setting CVar [[r.VolumetricFog.HistoryMissSupersampleCount:4]]
[2022.04.10-12.33.17:714][  0]LogConfig: Setting CVar [[r.LightMaxDrawDistanceScale:1]]
[2022.04.10-12.33.17:714][  0]LogConfig: Setting CVar [[r.CapsuleShadows:1]]
[2022.04.10-12.33.17:714][  0]LogConfig: Applying CVar settings from Section [PostProcessQuality@3] File [C:/Users/r.zuietir/Documents/GitHub/deadInsideTheDungeon/deadInsideTheDungeon/Saved/Config/Windows/Scalability.ini]
[2022.04.10-12.33.17:714][  0]LogConfig: Setting CVar [[r.MotionBlurQuality:4]]
[2022.04.10-12.33.17:714][  0]LogConfig: Setting CVar [[r.AmbientOcclusionMipLevelFactor:0.4]]
[2022.04.10-12.33.17:714][  0]LogConfig: Setting CVar [[r.AmbientOcclusionMaxQuality:100]]
[2022.04.10-12.33.17:714][  0]LogConfig: Setting CVar [[r.AmbientOcclusionLevels:-1]]
[2022.04.10-12.33.17:714][  0]LogConfig: Setting CVar [[r.AmbientOcclusionRadiusScale:1.0]]
[2022.04.10-12.33.17:714][  0]LogConfig: Setting CVar [[r.DepthOfFieldQuality:2]]
[2022.04.10-12.33.17:714][  0]LogConfig: Setting CVar [[r.RenderTargetPoolMin:400]]
[2022.04.10-12.33.17:714][  0]LogConfig: Setting CVar [[r.LensFlareQuality:2]]
[2022.04.10-12.33.17:714][  0]LogConfig: Setting CVar [[r.SceneColorFringeQuality:1]]
[2022.04.10-12.33.17:714][  0]LogConfig: Setting CVar [[r.EyeAdaptationQuality:2]]
[2022.04.10-12.33.17:714][  0]LogConfig: Setting CVar [[r.BloomQuality:5]]
[2022.04.10-12.33.17:714][  0]LogConfig: Setting CVar [[r.FastBlurThreshold:100]]
[2022.04.10-12.33.17:714][  0]LogConfig: Setting CVar [[r.Upscale.Quality:3]]
[2022.04.10-12.33.17:714][  0]LogConfig: Setting CVar [[r.Tonemapper.GrainQuantization:1]]
[2022.04.10-12.33.17:714][  0]LogConfig: Setting CVar [[r.LightShaftQuality:1]]
[2022.04.10-12.33.17:714][  0]LogConfig: Setting CVar [[r.Filter.SizeScale:1]]
[2022.04.10-12.33.17:714][  0]LogConfig: Setting CVar [[r.Tonemapper.Quality:5]]
[2022.04.10-12.33.17:714][  0]LogConfig: Setting CVar [[r.DOF.Gather.AccumulatorQuality:1        ; higher gathering accumulator quality]]
[2022.04.10-12.33.17:714][  0]LogConfig: Setting CVar [[r.DOF.Gather.PostfilterMethod:1          ; Median3x3 postfilering method]]
[2022.04.10-12.33.17:714][  0]LogConfig: Setting CVar [[r.DOF.Gather.EnableBokehSettings:0       ; no bokeh simulation when gathering]]
[2022.04.10-12.33.17:714][  0]LogConfig: Setting CVar [[r.DOF.Gather.RingCount:4                 ; medium number of samples when gathering]]
[2022.04.10-12.33.17:714][  0]LogConfig: Setting CVar [[r.DOF.Scatter.ForegroundCompositing:1    ; additive foreground scattering]]
[2022.04.10-12.33.17:714][  0]LogConfig: Setting CVar [[r.DOF.Scatter.BackgroundCompositing:2    ; additive background scattering]]
[2022.04.10-12.33.17:714][  0]LogConfig: Setting CVar [[r.DOF.Scatter.EnableBokehSettings:1      ; bokeh simulation when scattering]]
[2022.04.10-12.33.17:714][  0]LogConfig: Setting CVar [[r.DOF.Scatter.MaxSpriteRatio:0.1         ; only a maximum of 10% of scattered bokeh]]
[2022.04.10-12.33.17:714][  0]LogConfig: Setting CVar [[r.DOF.Recombine.Quality:1                ; cheap slight out of focus]]
[2022.04.10-12.33.17:714][  0]LogConfig: Setting CVar [[r.DOF.Recombine.EnableBokehSettings:0    ; no bokeh simulation on slight out of focus]]
[2022.04.10-12.33.17:714][  0]LogConfig: Setting CVar [[r.DOF.TemporalAAQuality:1                ; more stable temporal accumulation]]
[2022.04.10-12.33.17:714][  0]LogConfig: Setting CVar [[r.DOF.Kernel.MaxForegroundRadius:0.025]]
[2022.04.10-12.33.17:714][  0]LogConfig: Setting CVar [[r.DOF.Kernel.MaxBackgroundRadius:0.025]]
[2022.04.10-12.33.17:714][  0]LogConfig: Applying CVar settings from Section [TextureQuality@3] File [C:/Users/r.zuietir/Documents/GitHub/deadInsideTheDungeon/deadInsideTheDungeon/Saved/Config/Windows/Scalability.ini]
[2022.04.10-12.33.17:714][  0]LogConfig: Setting CVar [[r.Streaming.MipBias:0]]
[2022.04.10-12.33.17:714][  0]LogConfig: Setting CVar [[r.Streaming.AmortizeCPUToGPUCopy:0]]
[2022.04.10-12.33.17:714][  0]LogConfig: Setting CVar [[r.Streaming.MaxNumTexturesToStreamPerFrame:0]]
[2022.04.10-12.33.17:714][  0]LogConfig: Setting CVar [[r.Streaming.Boost:1]]
[2022.04.10-12.33.17:714][  0]LogConfig: Setting CVar [[r.MaxAnisotropy:8]]
[2022.04.10-12.33.17:714][  0]LogConfig: Setting CVar [[r.VT.MaxAnisotropy:8]]
[2022.04.10-12.33.17:714][  0]LogConfig: Setting CVar [[r.Streaming.LimitPoolSizeToVRAM:0]]
[2022.04.10-12.33.17:714][  0]LogConfig: Setting CVar [[r.Streaming.PoolSize:1000]]
[2022.04.10-12.33.17:714][  0]LogConfig: Setting CVar [[r.Streaming.MaxEffectiveScreenSize:0]]
[2022.04.10-12.33.17:714][  0]LogConfig: Applying CVar settings from Section [EffectsQuality@3] File [C:/Users/r.zuietir/Documents/GitHub/deadInsideTheDungeon/deadInsideTheDungeon/Saved/Config/Windows/Scalability.ini]
[2022.04.10-12.33.17:714][  0]LogConfig: Setting CVar [[r.TranslucencyLightingVolumeDim:64]]
[2022.04.10-12.33.17:714][  0]LogConfig: Setting CVar [[r.RefractionQuality:2]]
[2022.04.10-12.33.17:714][  0]LogConfig: Setting CVar [[r.SSR.Quality:3]]
[2022.04.10-12.33.17:714][  0]LogConfig: Setting CVar [[r.SSR.HalfResSceneColor:0]]
[2022.04.10-12.33.17:715][  0]LogConfig: Setting CVar [[r.SceneColorFormat:4]]
[2022.04.10-12.33.17:715][  0]LogConfig: Setting CVar [[r.DetailMode:2]]
[2022.04.10-12.33.17:715][  0]LogConfig: Setting CVar [[r.TranslucencyVolumeBlur:1]]
[2022.04.10-12.33.17:715][  0]LogConfig: Setting CVar [[r.MaterialQualityLevel:1 ; High quality]]
[2022.04.10-12.33.17:715][  0]LogConfig: Setting CVar [[r.AnisotropicMaterials:1]]
[2022.04.10-12.33.17:715][  0]LogConfig: Setting CVar [[r.SSS.Scale:1]]
[2022.04.10-12.33.17:715][  0]LogConfig: Setting CVar [[r.SSS.SampleSet:2]]
[2022.04.10-12.33.17:715][  0]LogConfig: Setting CVar [[r.SSS.Quality:1]]
[2022.04.10-12.33.17:715][  0]LogConfig: Setting CVar [[r.SSS.HalfRes:0]]
[2022.04.10-12.33.17:715][  0]LogConfig: Setting CVar [[r.SSGI.Quality:3]]
[2022.04.10-12.33.17:715][  0]LogConfig: Setting CVar [[r.EmitterSpawnRateScale:1.0]]
[2022.04.10-12.33.17:715][  0]LogConfig: Setting CVar [[r.ParticleLightQuality:2]]
[2022.04.10-12.33.17:715][  0]LogConfig: Setting CVar [[r.SkyAtmosphere.AerialPerspectiveLUT.FastApplyOnOpaque:1 ; Always have FastSkyLUT 1 in this case to avoid wrong sky]]
[2022.04.10-12.33.17:715][  0]LogConfig: Setting CVar [[r.SkyAtmosphere.AerialPerspectiveLUT.SampleCountMaxPerSlice:4]]
[2022.04.10-12.33.17:715][  0]LogConfig: Setting CVar [[r.SkyAtmosphere.AerialPerspectiveLUT.DepthResolution:16.0]]
[2022.04.10-12.33.17:715][  0]LogConfig: Setting CVar [[r.SkyAtmosphere.FastSkyLUT:1]]
[2022.04.10-12.33.17:715][  0]LogConfig: Setting CVar [[r.SkyAtmosphere.FastSkyLUT.SampleCountMin:4.0]]
[2022.04.10-12.33.17:715][  0]LogConfig: Setting CVar [[r.SkyAtmosphere.FastSkyLUT.SampleCountMax:128.0]]
[2022.04.10-12.33.17:715][  0]LogConfig: Setting CVar [[r.SkyAtmosphere.SampleCountMin:4.0]]
[2022.04.10-12.33.17:715][  0]LogConfig: Setting CVar [[r.SkyAtmosphere.SampleCountMax:128.0]]
[2022.04.10-12.33.17:715][  0]LogConfig: Setting CVar [[r.SkyAtmosphere.TransmittanceLUT.UseSmallFormat:0]]
[2022.04.10-12.33.17:715][  0]LogConfig: Setting CVar [[r.SkyAtmosphere.TransmittanceLUT.SampleCount:10.0]]
[2022.04.10-12.33.17:715][  0]LogConfig: Setting CVar [[r.SkyAtmosphere.MultiScatteringLUT.SampleCount:15.0]]
[2022.04.10-12.33.17:715][  0]LogConfig: Setting CVar [[r.SkyLight.RealTimeReflectionCapture:1]]
[2022.04.10-12.33.17:715][  0]LogConfig: Applying CVar settings from Section [FoliageQuality@3] File [C:/Users/r.zuietir/Documents/GitHub/deadInsideTheDungeon/deadInsideTheDungeon/Saved/Config/Windows/Scalability.ini]
[2022.04.10-12.33.17:715][  0]LogConfig: Setting CVar [[foliage.DensityScale:1.0]]
[2022.04.10-12.33.17:715][  0]LogConfig: Setting CVar [[grass.DensityScale:1.0]]
[2022.04.10-12.33.17:715][  0]LogConfig: Applying CVar settings from Section [ShadingQuality@3] File [C:/Users/r.zuietir/Documents/GitHub/deadInsideTheDungeon/deadInsideTheDungeon/Saved/Config/Windows/Scalability.ini]
[2022.04.10-12.33.17:715][  0]LogConfig: Setting CVar [[r.HairStrands.SkyLighting.IntegrationType:2]]
[2022.04.10-12.33.17:715][  0]LogConfig: Setting CVar [[r.HairStrands.SkyAO.SampleCount:4]]
[2022.04.10-12.33.17:715][  0]LogConfig: Setting CVar [[r.HairStrands.Visibility.MSAA.SamplePerPixel:4]]
[2022.04.10-12.33.17:715][  0]LogInit: Selected Device Profile: [Windows]
[2022.04.10-12.33.17:715][  0]LogInit: Applying CVar settings loaded from the selected device profile: [Windows]
[2022.04.10-12.33.17:715][  0]LogHAL: Display: Platform has ~ 16 GB [16934494208 / 17179869184 / 16], which maps to Larger [LargestMinGB=32, LargerMinGB=12, DefaultMinGB=8, SmallerMinGB=6, SmallestMinGB=0)
[2022.04.10-12.33.17:715][  0]LogInit: Going up to parent DeviceProfile []
[2022.04.10-12.33.17:715][  0]LogConfig: Applying CVar settings from Section [ViewDistanceQuality@1] File [C:/Users/r.zuietir/Documents/GitHub/deadInsideTheDungeon/deadInsideTheDungeon/Saved/Config/Windows/Scalability.ini]
[2022.04.10-12.33.17:715][  0]LogConfig: Setting CVar [[r.SkeletalMeshLODBias:1]]
[2022.04.10-12.33.17:715][  0]LogConfig: Setting CVar [[r.ViewDistanceScale:0.6]]
[2022.04.10-12.33.17:715][  0]LogConfig: Applying CVar settings from Section [AntiAliasingQuality@1] File [C:/Users/r.zuietir/Documents/GitHub/deadInsideTheDungeon/deadInsideTheDungeon/Saved/Config/Windows/Scalability.ini]
[2022.04.10-12.33.17:715][  0]LogConfig: Setting CVar [[r.PostProcessAAQuality:2]]
[2022.04.10-12.33.17:715][  0]LogConfig: Applying CVar settings from Section [ShadowQuality@2] File [C:/Users/r.zuietir/Documents/GitHub/deadInsideTheDungeon/deadInsideTheDungeon/Saved/Config/Windows/Scalability.ini]
[2022.04.10-12.33.17:715][  0]LogConfig: Setting CVar [[r.LightFunctionQuality:1]]
[2022.04.10-12.33.17:715][  0]LogConfig: Setting CVar [[r.ShadowQuality:5]]
[2022.04.10-12.33.17:715][  0]LogConfig: Setting CVar [[r.Shadow.CSM.MaxCascades:4]]
[2022.04.10-12.33.17:715][  0]LogConfig: Setting CVar [[r.Shadow.MaxResolution:1024]]
[2022.04.10-12.33.17:715][  0]LogConfig: Setting CVar [[r.Shadow.MaxCSMResolution:2048]]
[2022.04.10-12.33.17:715][  0]LogConfig: Setting CVar [[r.Shadow.RadiusThreshold:0.04]]
[2022.04.10-12.33.17:715][  0]LogConfig: Setting CVar [[r.Shadow.DistanceScale:0.85]]
[2022.04.10-12.33.17:715][  0]LogConfig: Setting CVar [[r.Shadow.CSM.TransitionScale:0.8]]
[2022.04.10-12.33.17:715][  0]LogConfig: Setting CVar [[r.Shadow.PreShadowResolutionFactor:0.5]]
[2022.04.10-12.33.17:715][  0]LogConfig: Setting CVar [[r.DistanceFieldShadowing:1]]
[2022.04.10-12.33.17:715][  0]LogConfig: Setting CVar [[r.DistanceFieldAO:1]]
[2022.04.10-12.33.17:715][  0]LogConfig: Setting CVar [[r.AOQuality:1]]
[2022.04.10-12.33.17:715][  0]LogConfig: Setting CVar [[r.VolumetricFog:1]]
[2022.04.10-12.33.17:715][  0]LogConfig: Setting CVar [[r.VolumetricFog.GridPixelSize:16]]
[2022.04.10-12.33.17:715][  0]LogConfig: Setting CVar [[r.VolumetricFog.GridSizeZ:64]]
[2022.04.10-12.33.17:715][  0]LogConfig: Setting CVar [[r.VolumetricFog.HistoryMissSupersampleCount:4]]
[2022.04.10-12.33.17:715][  0]LogConfig: Setting CVar [[r.LightMaxDrawDistanceScale:1]]
[2022.04.10-12.33.17:715][  0]LogConfig: Setting CVar [[r.CapsuleShadows:1]]
[2022.04.10-12.33.17:715][  0]LogConfig: Applying CVar settings from Section [PostProcessQuality@1] File [C:/Users/r.zuietir/Documents/GitHub/deadInsideTheDungeon/deadInsideTheDungeon/Saved/Config/Windows/Scalability.ini]
[2022.04.10-12.33.17:715][  0]LogConfig: Setting CVar [[r.MotionBlurQuality:3]]
[2022.04.10-12.33.17:715][  0]LogConfig: Setting CVar [[r.AmbientOcclusionMipLevelFactor:1.0]]
[2022.04.10-12.33.17:715][  0]LogConfig: Setting CVar [[r.AmbientOcclusionMaxQuality:60]]
[2022.04.10-12.33.17:715][  0]LogConfig: Setting CVar [[r.AmbientOcclusionLevels:-1]]
[2022.04.10-12.33.17:715][  0]LogConfig: Setting CVar [[r.AmbientOcclusionRadiusScale:1.5]]
[2022.04.10-12.33.17:715][  0]LogConfig: Setting CVar [[r.DepthOfFieldQuality:1]]
[2022.04.10-12.33.17:715][  0]LogConfig: Setting CVar [[r.RenderTargetPoolMin:350]]
[2022.04.10-12.33.17:715][  0]LogConfig: Setting CVar [[r.LensFlareQuality:0]]
[2022.04.10-12.33.17:715][  0]LogConfig: Setting CVar [[r.SceneColorFringeQuality:0]]
[2022.04.10-12.33.17:715][  0]LogConfig: Setting CVar [[r.EyeAdaptationQuality:2]]
[2022.04.10-12.33.17:715][  0]LogConfig: Setting CVar [[r.BloomQuality:4]]
[2022.04.10-12.33.17:715][  0]LogConfig: Setting CVar [[r.FastBlurThreshold:2]]
[2022.04.10-12.33.17:715][  0]LogConfig: Setting CVar [[r.Upscale.Quality:2]]
[2022.04.10-12.33.17:715][  0]LogConfig: Setting CVar [[r.Tonemapper.GrainQuantization:0]]
[2022.04.10-12.33.17:715][  0]LogConfig: Setting CVar [[r.LightShaftQuality:0]]
[2022.04.10-12.33.17:715][  0]LogConfig: Setting CVar [[r.Filter.SizeScale:0.7]]
[2022.04.10-12.33.17:715][  0]LogConfig: Setting CVar [[r.Tonemapper.Quality:2]]
[2022.04.10-12.33.17:715][  0]LogConfig: Setting CVar [[r.DOF.Gather.AccumulatorQuality:0        ; lower gathering accumulator quality]]
[2022.04.10-12.33.17:715][  0]LogConfig: Setting CVar [[r.DOF.Gather.PostfilterMethod:2          ; Max3x3 postfilering method]]
[2022.04.10-12.33.17:715][  0]LogConfig: Setting CVar [[r.DOF.Gather.EnableBokehSettings:0       ; no bokeh simulation when gathering]]
[2022.04.10-12.33.17:715][  0]LogConfig: Setting CVar [[r.DOF.Gather.RingCount:3                 ; low number of samples when gathering]]
[2022.04.10-12.33.17:715][  0]LogConfig: Setting CVar [[r.DOF.Scatter.ForegroundCompositing:0    ; no foreground scattering]]
[2022.04.10-12.33.17:715][  0]LogConfig: Setting CVar [[r.DOF.Scatter.BackgroundCompositing:0    ; no foreground scattering]]
[2022.04.10-12.33.17:715][  0]LogConfig: Setting CVar [[r.DOF.Recombine.Quality:0                ; no slight out of focus]]
[2022.04.10-12.33.17:715][  0]LogConfig: Setting CVar [[r.DOF.TemporalAAQuality:0                ; faster temporal accumulation]]
[2022.04.10-12.33.17:715][  0]LogConfig: Setting CVar [[r.DOF.Kernel.MaxForegroundRadius:0.006   ; required because low gathering and no scattering and not looking great at 1080p]]
[2022.04.10-12.33.17:715][  0]LogConfig: Setting CVar [[r.DOF.Kernel.MaxBackgroundRadius:0.006   ; required because low gathering and no scattering and not looking great at 1080p]]
[2022.04.10-12.33.17:715][  0]LogConfig: Applying CVar settings from Section [TextureQuality@2] File [C:/Users/r.zuietir/Documents/GitHub/deadInsideTheDungeon/deadInsideTheDungeon/Saved/Config/Windows/Scalability.ini]
[2022.04.10-12.33.17:715][  0]LogConfig: Setting CVar [[r.Streaming.MipBias:0]]
[2022.04.10-12.33.17:715][  0]LogConfig: Setting CVar [[r.Streaming.AmortizeCPUToGPUCopy:0]]
[2022.04.10-12.33.17:715][  0]LogConfig: Setting CVar [[r.Streaming.MaxNumTexturesToStreamPerFrame:0]]
[2022.04.10-12.33.17:715][  0]LogConfig: Setting CVar [[r.Streaming.Boost:1]]
[2022.04.10-12.33.17:715][  0]LogConfig: Setting CVar [[r.MaxAnisotropy:4]]
[2022.04.10-12.33.17:715][  0]LogConfig: Setting CVar [[r.VT.MaxAnisotropy:8]]
[2022.04.10-12.33.17:715][  0]LogConfig: Setting CVar [[r.Streaming.LimitPoolSizeToVRAM:1]]
[2022.04.10-12.33.17:715][  0]LogConfig: Setting CVar [[r.Streaming.PoolSize:800]]
[2022.04.10-12.33.17:715][  0]LogConfig: Setting CVar [[r.Streaming.MaxEffectiveScreenSize:0]]
[2022.04.10-12.33.17:715][  0]LogConfig: Applying CVar settings from Section [EffectsQuality@1] File [C:/Users/r.zuietir/Documents/GitHub/deadInsideTheDungeon/deadInsideTheDungeon/Saved/Config/Windows/Scalability.ini]
[2022.04.10-12.33.17:715][  0]LogConfig: Setting CVar [[r.TranslucencyLightingVolumeDim:32]]
[2022.04.10-12.33.17:715][  0]LogConfig: Setting CVar [[r.RefractionQuality:0]]
[2022.04.10-12.33.17:715][  0]LogConfig: Setting CVar [[r.SSR.Quality:0]]
[2022.04.10-12.33.17:715][  0]LogConfig: Setting CVar [[r.SSR.HalfResSceneColor:1]]
[2022.04.10-12.33.17:715][  0]LogConfig: Setting CVar [[r.SceneColorFormat:3]]
[2022.04.10-12.33.17:715][  0]LogConfig: Setting CVar [[r.DetailMode:1]]
[2022.04.10-12.33.17:715][  0]LogConfig: Setting CVar [[r.TranslucencyVolumeBlur:0]]
[2022.04.10-12.33.17:715][  0]LogConfig: Setting CVar [[r.MaterialQualityLevel:2 ; Medium quality]]
[2022.04.10-12.33.17:715][  0]LogConfig: Setting CVar [[r.AnisotropicMaterials:0]]
[2022.04.10-12.33.17:715][  0]LogConfig: Setting CVar [[r.SSS.Scale:0.75]]
[2022.04.10-12.33.17:716][  0]LogConfig: Setting CVar [[r.SSS.SampleSet:0]]
[2022.04.10-12.33.17:716][  0]LogConfig: Setting CVar [[r.SSS.Quality:0]]
[2022.04.10-12.33.17:716][  0]LogConfig: Setting CVar [[r.SSS.HalfRes:1]]
[2022.04.10-12.33.17:716][  0]LogConfig: Setting CVar [[r.SSGI.Quality:1]]
[2022.04.10-12.33.17:716][  0]LogConfig: Setting CVar [[r.EmitterSpawnRateScale:0.25]]
[2022.04.10-12.33.17:716][  0]LogConfig: Setting CVar [[r.ParticleLightQuality:0]]
[2022.04.10-12.33.17:716][  0]LogConfig: Setting CVar [[r.SkyAtmosphere.AerialPerspectiveLUT.FastApplyOnOpaque:1 ; Always have FastSkyLUT 1 in this case to avoid wrong sky]]
[2022.04.10-12.33.17:716][  0]LogConfig: Setting CVar [[r.SkyAtmosphere.AerialPerspectiveLUT.SampleCountMaxPerSlice:1]]
[2022.04.10-12.33.17:716][  0]LogConfig: Setting CVar [[r.SkyAtmosphere.AerialPerspectiveLUT.DepthResolution:16.0]]
[2022.04.10-12.33.17:716][  0]LogConfig: Setting CVar [[r.SkyAtmosphere.FastSkyLUT:1]]
[2022.04.10-12.33.17:716][  0]LogConfig: Setting CVar [[r.SkyAtmosphere.FastSkyLUT.SampleCountMin:4.0]]
[2022.04.10-12.33.17:716][  0]LogConfig: Setting CVar [[r.SkyAtmosphere.FastSkyLUT.SampleCountMax:32.0]]
[2022.04.10-12.33.17:716][  0]LogConfig: Setting CVar [[r.SkyAtmosphere.SampleCountMin:4.0]]
[2022.04.10-12.33.17:716][  0]LogConfig: Setting CVar [[r.SkyAtmosphere.SampleCountMax:32.0]]
[2022.04.10-12.33.17:716][  0]LogConfig: Setting CVar [[r.SkyAtmosphere.TransmittanceLUT.UseSmallFormat:0]]
[2022.04.10-12.33.17:716][  0]LogConfig: Setting CVar [[r.SkyAtmosphere.TransmittanceLUT.SampleCount:10.0]]
[2022.04.10-12.33.17:716][  0]LogConfig: Setting CVar [[r.SkyAtmosphere.MultiScatteringLUT.SampleCount:15.0]]
[2022.04.10-12.33.17:716][  0]LogConfig: Setting CVar [[r.SkyLight.RealTimeReflectionCapture:0]]
[2022.04.10-12.33.17:716][  0]LogConfig: Applying CVar settings from Section [FoliageQuality@2] File [C:/Users/r.zuietir/Documents/GitHub/deadInsideTheDungeon/deadInsideTheDungeon/Saved/Config/Windows/Scalability.ini]
[2022.04.10-12.33.17:716][  0]LogConfig: Setting CVar [[foliage.DensityScale:0.8]]
[2022.04.10-12.33.17:716][  0]LogConfig: Setting CVar [[grass.DensityScale:0.8]]
[2022.04.10-12.33.17:716][  0]LogConfig: Applying CVar settings from Section [ShadingQuality@2] File [C:/Users/r.zuietir/Documents/GitHub/deadInsideTheDungeon/deadInsideTheDungeon/Saved/Config/Windows/Scalability.ini]
[2022.04.10-12.33.17:716][  0]LogConfig: Setting CVar [[r.HairStrands.SkyLighting.IntegrationType:2]]
[2022.04.10-12.33.17:716][  0]LogConfig: Setting CVar [[r.HairStrands.SkyAO.SampleCount:4]]
[2022.04.10-12.33.17:716][  0]LogConfig: Setting CVar [[r.HairStrands.Visibility.MSAA.SamplePerPixel:4]]
[2022.04.10-12.33.17:716][  0]LogConfig: Applying CVar settings from Section [Startup] File [../../../Engine/Config/ConsoleVariables.ini]
[2022.04.10-12.33.17:716][  0]LogConfig: Setting CVar [[net.UseAdaptiveNetUpdateFrequency:0]]
[2022.04.10-12.33.17:716][  0]LogConfig: Setting CVar [[p.chaos.AllowCreatePhysxBodies:1]]
[2022.04.10-12.33.17:716][  0]LogConfig: Setting CVar [[fx.SkipVectorVMBackendOptimizations:1]]
[2022.04.10-12.33.17:716][  0]LogConfig: Applying CVar settings from Section [ConsoleVariables] File [C:/Users/r.zuietir/Documents/GitHub/deadInsideTheDungeon/deadInsideTheDungeon/Saved/Config/Windows/Engine.ini]
[2022.04.10-12.33.17:716][  0]LogConfig: Applying CVar settings from Section [ConsoleVariables] File [C:/Users/r.zuietir/Documents/GitHub/deadInsideTheDungeon/deadInsideTheDungeon/Saved/Config/Windows/Editor.ini]
[2022.04.10-12.33.17:716][  0]LogInit: Computer: RZUIETIRBOOK
[2022.04.10-12.33.17:716][  0]LogInit: User: rzuietir
[2022.04.10-12.33.17:716][  0]LogInit: CPU Page size=4096, Cores=4
[2022.04.10-12.33.17:716][  0]LogInit: High frequency timer resolution =10.000000 MHz
[2022.04.10-12.33.17:716][  0]LogMemory: Memory total: Physical=15.8GB (16GB approx)
[2022.04.10-12.33.17:716][  0]LogMemory: Platform Memory Stats for Windows
[2022.04.10-12.33.17:716][  0]LogMemory: Process Physical Memory: 144.34 MB used, 144.34 MB peak
[2022.04.10-12.33.17:716][  0]LogMemory: Process Virtual Memory: 115.10 MB used, 115.10 MB peak
[2022.04.10-12.33.17:716][  0]LogMemory: Physical Memory: 9067.50 MB used,  7082.49 MB free, 16149.99 MB total
[2022.04.10-12.33.17:716][  0]LogMemory: Virtual Memory: 134207080.00 MB used,  10644.60 MB free, 134217728.00 MB total
[2022.04.10-12.33.17:721][  0]LogWindows: WindowsPlatformFeatures enabled
[2022.04.10-12.33.17:757][  0]LogInit: Physics initialised using underlying interface: PhysX
[2022.04.10-12.33.17:760][  0]LogInit: Using OS detected language (ru-RU).
[2022.04.10-12.33.17:760][  0]LogInit: Using OS detected locale (ru-UA).
[2022.04.10-12.33.17:766][  0]LogTextLocalizationManager: No specific localization for 'ru-RU' exists, so the 'ru' localization will be used.
[2022.04.10-12.33.17:766][  0]LogTextLocalizationResource: LocRes '../../../Engine/Content/Localization/Editor/ru/Editor.locres' could not be opened for reading!
[2022.04.10-12.33.17:766][  0]LogTextLocalizationResource: LocRes '../../../Engine/Content/Localization/EditorTutorials/ru/EditorTutorials.locres' could not be opened for reading!
[2022.04.10-12.33.17:766][  0]LogTextLocalizationResource: LocRes '../../../Engine/Content/Localization/Keywords/ru/Keywords.locres' could not be opened for reading!
[2022.04.10-12.33.17:766][  0]LogTextLocalizationResource: LocRes '../../../Engine/Content/Localization/Category/ru/Category.locres' could not be opened for reading!
[2022.04.10-12.33.17:766][  0]LogTextLocalizationResource: LocRes '../../../Engine/Content/Localization/ToolTips/ru/ToolTips.locres' could not be opened for reading!
[2022.04.10-12.33.17:766][  0]LogTextLocalizationResource: LocRes '../../../Engine/Content/Localization/PropertyNames/ru/PropertyNames.locres' could not be opened for reading!
[2022.04.10-12.33.17:766][  0]LogTextLocalizationResource: LocRes '../../../Engine/Content/Localization/Engine/ru/Engine.locres' could not be opened for reading!
[2022.04.10-12.33.17:767][  0]LogInit: Setting process to per monitor DPI aware
[2022.04.10-12.33.17:780][  0]LogWindowsTextInputMethodSystem: Display: IME system deactivated.
[2022.04.10-12.33.17:794][  0]LogSlate: New Slate User Created.  User Index 0, Is Virtual User: 0
[2022.04.10-12.33.17:794][  0]LogSlate: Slate User Registered.  User Index 0, Is Virtual User: 0
[2022.04.10-12.33.17:993][  0]LogD3D11RHI: Loaded GFSDK_Aftermath_Lib.x64.dll
[2022.04.10-12.33.18:012][  0]LogHMD: Failed to initialize OpenVR with code 110
[2022.04.10-12.33.18:013][  0]LogD3D11RHI: D3D11 min allowed feature level: 11_0
[2022.04.10-12.33.18:013][  0]LogD3D11RHI: D3D11 max allowed feature level: 11_0
[2022.04.10-12.33.18:013][  0]LogD3D11RHI: D3D11 adapters:
[2022.04.10-12.33.18:116][  0]LogD3D11RHI:    0. 'NVIDIA GeForce GTX 1650 Ti with Max-Q Design' (Feature Level 11_0)
[2022.04.10-12.33.18:116][  0]LogD3D11RHI:       3964/0/8074 MB DedicatedVideo/DedicatedSystem/SharedSystem, Outputs:1, VendorId:0x10de
[2022.04.10-12.33.18:152][  0]LogD3D11RHI:    1. 'Intel(R) Iris(R) Xe Graphics' (Feature Level 11_0)
[2022.04.10-12.33.18:152][  0]LogD3D11RHI:       128/0/8074 MB DedicatedVideo/DedicatedSystem/SharedSystem, Outputs:0, VendorId:0x8086
[2022.04.10-12.33.18:154][  0]LogD3D11RHI:    2. 'Microsoft Basic Render Driver' (Feature Level 11_0)
[2022.04.10-12.33.18:154][  0]LogD3D11RHI:       0/0/8074 MB DedicatedVideo/DedicatedSystem/SharedSystem, Outputs:0, VendorId:0x1414
[2022.04.10-12.33.18:154][  0]LogD3D11RHI: Chosen D3D11 Adapter:
[2022.04.10-12.33.18:154][  0]LogD3D11RHI:     Description : NVIDIA GeForce GTX 1650 Ti with Max-Q Design
[2022.04.10-12.33.18:154][  0]LogD3D11RHI:     VendorId    : 10de
[2022.04.10-12.33.18:154][  0]LogD3D11RHI:     DeviceId    : 1f95
[2022.04.10-12.33.18:154][  0]LogD3D11RHI:     SubSysId    : 8815103c
[2022.04.10-12.33.18:154][  0]LogD3D11RHI:     Revision    : 00a1
[2022.04.10-12.33.18:154][  0]LogD3D11RHI:     DedicatedVideoMemory : 4156555264 bytes
[2022.04.10-12.33.18:154][  0]LogD3D11RHI:     DedicatedSystemMemory : 0 bytes
[2022.04.10-12.33.18:154][  0]LogD3D11RHI:     SharedSystemMemory : 8467247104 bytes
[2022.04.10-12.33.18:154][  0]LogD3D11RHI:     AdapterLuid : 0 82446
[2022.04.10-12.33.18:160][  0]LogD3D11RHI: Creating new Direct3DDevice
[2022.04.10-12.33.18:160][  0]LogD3D11RHI:     GPU DeviceId: 0x1f95 (for the marketing name, search the web for "GPU Device Id")
[2022.04.10-12.33.18:160][  0]LogWindows: EnumDisplayDevices:
[2022.04.10-12.33.18:160][  0]LogWindows:    0. 'Intel(R) Iris(R) Xe Graphics' (P:1 D:1)
[2022.04.10-12.33.18:160][  0]LogWindows:    1. 'Intel(R) Iris(R) Xe Graphics' (P:0 D:0)
[2022.04.10-12.33.18:161][  0]LogWindows:    2. 'Intel(R) Iris(R) Xe Graphics' (P:0 D:0)
[2022.04.10-12.33.18:161][  0]LogWindows:    3. 'Intel(R) Iris(R) Xe Graphics' (P:0 D:0)
[2022.04.10-12.33.18:161][  0]LogWindows: DebugString: PrimaryIsNotTheChoosenAdapter PrimaryIsNotTheChoosenAdapter PrimaryIsNotTheChoosenAdapter PrimaryIsNotTheChoosenAdapter FoundDriverCount:0 
[2022.04.10-12.33.18:161][  0]LogD3D11RHI:     Adapter Name: NVIDIA GeForce GTX 1650 Ti with Max-Q Design
[2022.04.10-12.33.18:161][  0]LogD3D11RHI:   Driver Version: Unknown (internal:Unknown, unified:Unknown)
[2022.04.10-12.33.18:161][  0]LogD3D11RHI:      Driver Date: Unknown
[2022.04.10-12.33.18:161][  0]LogRHI: Texture pool is 2774 MB (70% of 3964 MB)
[2022.04.10-12.33.18:161][  0]LogD3D11RHI: Creating D3DDevice using adapter:
[2022.04.10-12.33.18:161][  0]LogD3D11RHI:     Description : NVIDIA GeForce GTX 1650 Ti with Max-Q Design
[2022.04.10-12.33.18:161][  0]LogD3D11RHI:     VendorId    : 10de
[2022.04.10-12.33.18:161][  0]LogD3D11RHI:     DeviceId    : 1f95
[2022.04.10-12.33.18:161][  0]LogD3D11RHI:     SubSysId    : 8815103c
[2022.04.10-12.33.18:161][  0]LogD3D11RHI:     Revision    : 00a1
[2022.04.10-12.33.18:161][  0]LogD3D11RHI:     DedicatedVideoMemory : 4156555264 bytes
[2022.04.10-12.33.18:161][  0]LogD3D11RHI:     DedicatedSystemMemory : 0 bytes
[2022.04.10-12.33.18:161][  0]LogD3D11RHI:     SharedSystemMemory : 8467247104 bytes
[2022.04.10-12.33.18:161][  0]LogD3D11RHI:     AdapterLuid : 0 82446
[2022.04.10-12.33.18:231][  0]LogD3D11RHI: RHI has support for 64 bit atomics
[2022.04.10-12.33.18:231][  0]LogD3D11RHI: Async texture creation enabled
[2022.04.10-12.33.18:231][  0]LogD3D11RHI: Array index from any shader is supported
[2022.04.10-12.33.18:250][  0]LogD3D11RHI: GPU Timing Frequency: 1000.000000 (Debug: 2 2)
[2022.04.10-12.33.18:275][  0]LogRHI: GeForceNow SDK initialized: 1
[2022.04.10-12.33.18:573][  0]LogTargetPlatformManager: Display: Loaded TargetPlatform 'AllDesktop'
[2022.04.10-12.33.18:595][  0]LogTargetPlatformManager: Display: Loaded TargetPlatform 'Android'
[2022.04.10-12.33.18:595][  0]LogTargetPlatformManager: Display: Loaded TargetPlatform 'Android_ASTC'
[2022.04.10-12.33.18:595][  0]LogTargetPlatformManager: Display: Loaded TargetPlatform 'Android_DXT'
[2022.04.10-12.33.18:595][  0]LogTargetPlatformManager: Display: Loaded TargetPlatform 'Android_ETC2'
[2022.04.10-12.33.18:595][  0]LogTargetPlatformManager: Display: Loaded TargetPlatform 'AndroidClient'
[2022.04.10-12.33.18:595][  0]LogTargetPlatformManager: Display: Loaded TargetPlatform 'Android_ASTCClient'
[2022.04.10-12.33.18:595][  0]LogTargetPlatformManager: Display: Loaded TargetPlatform 'Android_DXTClient'
[2022.04.10-12.33.18:595][  0]LogTargetPlatformManager: Display: Loaded TargetPlatform 'Android_ETC2Client'
[2022.04.10-12.33.18:595][  0]LogTargetPlatformManager: Display: Loaded TargetPlatform 'Android_Multi'
[2022.04.10-12.33.18:595][  0]LogTargetPlatformManager: Display: Loaded TargetPlatform 'Android_MultiClient'
[2022.04.10-12.33.18:615][  0]LogTargetPlatformManager: Display: Loaded TargetPlatform 'IOSClient'
[2022.04.10-12.33.18:615][  0]LogTargetPlatformManager: Display: Loaded TargetPlatform 'IOS'
[2022.04.10-12.33.18:626][  0]LogTargetPlatformManager: Display: Loaded TargetPlatform 'Linux'
[2022.04.10-12.33.18:630][  0]LogTargetPlatformManager: Display: Loaded TargetPlatform 'LinuxNoEditor'
[2022.04.10-12.33.18:634][  0]LogTargetPlatformManager: Display: Loaded TargetPlatform 'LinuxClient'
[2022.04.10-12.33.18:639][  0]LogTargetPlatformManager: Display: Loaded TargetPlatform 'LinuxServer'
[2022.04.10-12.33.18:648][  0]LogTargetPlatformManager: Display: Loaded TargetPlatform 'LinuxAArch64NoEditor'
[2022.04.10-12.33.18:652][  0]LogTargetPlatformManager: Display: Loaded TargetPlatform 'LinuxAArch64Client'
[2022.04.10-12.33.18:657][  0]LogTargetPlatformManager: Display: Loaded TargetPlatform 'LinuxAArch64Server'
[2022.04.10-12.33.18:681][  0]LogTargetPlatformManager: Display: Loaded TargetPlatform 'Lumin'
[2022.04.10-12.33.18:681][  0]LogTargetPlatformManager: Display: Loaded TargetPlatform 'LuminClient'
[2022.04.10-12.33.18:689][  0]LogTargetPlatformManager: Display: Loaded TargetPlatform 'MacNoEditor'
[2022.04.10-12.33.18:694][  0]LogTargetPlatformManager: Display: Loaded TargetPlatform 'Mac'
[2022.04.10-12.33.18:699][  0]LogTargetPlatformManager: Display: Loaded TargetPlatform 'MacClient'
[2022.04.10-12.33.18:703][  0]LogTargetPlatformManager: Display: Loaded TargetPlatform 'MacServer'
[2022.04.10-12.33.18:713][  0]LogTargetPlatformManager: Display: Loaded TargetPlatform 'TVOSClient'
[2022.04.10-12.33.18:713][  0]LogTargetPlatformManager: Display: Loaded TargetPlatform 'TVOS'
[2022.04.10-12.33.18:722][  0]LogTargetPlatformManager: Display: Loaded TargetPlatform 'WindowsNoEditor'
[2022.04.10-12.33.18:726][  0]LogTargetPlatformManager: Display: Loaded TargetPlatform 'Windows'
[2022.04.10-12.33.18:730][  0]LogTargetPlatformManager: Display: Loaded TargetPlatform 'WindowsClient'
[2022.04.10-12.33.18:734][  0]LogTargetPlatformManager: Display: Loaded TargetPlatform 'WindowsServer'
[2022.04.10-12.33.18:734][  0]LogTargetPlatformManager: Display: Building Assets For Windows
[2022.04.10-12.33.18:741][  0]LogAudioDebug: Display: Lib vorbis DLL was dynamically loaded.
[2022.04.10-12.33.18:770][  0]LogTextureFormatOodle: Display: Oodle Texture 2.9.0 init RDO Off
[2022.04.10-12.33.18:798][  0]LogRendererCore: Ray tracing is disabled. Reason: r.RayTracing=0.
[2022.04.10-12.33.18:798][  0]LogShaderCompilers: Guid format shader working directory is -43 characters bigger than the processId version (../../../../../../Users/r.zuietir/Documents/GitHub/deadInsideTheDungeon/deadInsideTheDungeon/Intermediate/Shaders/WorkingDirectory/22928/).
[2022.04.10-12.33.18:798][  0]LogShaderCompilers: Cleaned the shader compiler working directory 'C:/Users/r.zuietir/AppData/Local/Temp/UnrealShaderWorkingDir/B524896A490612753707888DD6BBBC81/'.
[2022.04.10-12.33.18:798][  0]LogXGEController: Cannot use XGE Controller as Incredibuild is not installed on this machine.
[2022.04.10-12.33.18:799][  0]LogShaderCompilers: Cannot use XGE Shader Compiler as Incredibuild is not installed on this machine.
[2022.04.10-12.33.18:799][  0]LogShaderCompilers: Display: Using Local Shader Compiler.
[2022.04.10-12.33.19:597][  0]LogDerivedDataCache: Display: Max Cache Size: 512 MB
[2022.04.10-12.33.19:671][  0]LogDerivedDataCache: Loaded boot cache 0.07s 94MB C:/Users/r.zuietir/AppData/Local/UnrealEngine/4.27/DerivedDataCache/Boot.ddc.
[2022.04.10-12.33.19:671][  0]LogDerivedDataCache: Display: Loaded Boot cache: C:/Users/r.zuietir/AppData/Local/UnrealEngine/4.27/DerivedDataCache/Boot.ddc
[2022.04.10-12.33.19:671][  0]LogDerivedDataCache: FDerivedDataBackendGraph:  Pak pak cache file ../../../../../../Users/r.zuietir/Documents/GitHub/deadInsideTheDungeon/deadInsideTheDungeon/DerivedDataCache/DDC.ddp not found, will not use a pak cache.
[2022.04.10-12.33.19:671][  0]LogDerivedDataCache: Unable to find inner node Pak for hierarchical cache Hierarchy.
[2022.04.10-12.33.19:671][  0]LogDerivedDataCache: FDerivedDataBackendGraph:  CompressedPak pak cache file ../../../../../../Users/r.zuietir/Documents/GitHub/deadInsideTheDungeon/deadInsideTheDungeon/DerivedDataCache/Compressed.ddp not found, will not use a pak cache.
[2022.04.10-12.33.19:671][  0]LogDerivedDataCache: Unable to find inner node CompressedPak for hierarchical cache Hierarchy.
[2022.04.10-12.33.19:695][  0]LogDerivedDataCache: Display: Pak cache opened for reading ../../../Engine/DerivedDataCache/Compressed.ddp.
[2022.04.10-12.33.19:696][  0]LogDerivedDataCache: FDerivedDataBackendGraph:  EnterprisePak pak cache file ../../../Enterprise/DerivedDataCache/Compressed.ddp not found, will not use a pak cache.
[2022.04.10-12.33.19:696][  0]LogDerivedDataCache: Unable to find inner node EnterprisePak for hierarchical cache Hierarchy.
[2022.04.10-12.33.19:703][  0]LogDerivedDataCache: Speed tests for C:/Users/r.zuietir/AppData/Local/UnrealEngine/Common/DerivedDataCache took 0.01 seconds
[2022.04.10-12.33.19:703][  0]LogDerivedDataCache: Display: Performance to C:/Users/r.zuietir/AppData/Local/UnrealEngine/Common/DerivedDataCache: Latency=0.04ms. RandomReadSpeed=474.33MBs, RandomWriteSpeed=190.83MBs. Assigned SpeedClass 'Local'
[2022.04.10-12.33.19:704][  0]LogDerivedDataCache: Using Local data cache path C:/Users/r.zuietir/AppData/Local/UnrealEngine/Common/DerivedDataCache: Writable
[2022.04.10-12.33.19:704][  0]LogDerivedDataCache: Shared data cache path not found in *engine.ini, will not use an Shared cache.
[2022.04.10-12.33.19:704][  0]LogDerivedDataCache: Unable to find inner node Shared for hierarchical cache Hierarchy.
[2022.04.10-12.33.19:764][  0]LogSlate: Using FreeType 2.10.0
[2022.04.10-12.33.19:765][  0]LogSlate: SlateFontServices - WITH_FREETYPE: 1, WITH_HARFBUZZ: 1
[2022.04.10-12.33.19:797][  0]LogAssetRegistry: FAssetRegistry took 0.0029 seconds to start up
[2022.04.10-12.33.20:167][  0]LogInit: Selected Device Profile: [Windows]
[2022.04.10-12.33.20:167][  0]LogInit: Active device profile: [000002D29A4D3800][000002D28B4B3A40 49] Windows
[2022.04.10-12.33.20:167][  0]LogInit: Profiles: [000002D29A4D3800][000002D28B4B3A40 49] Windows, [000002D29A488900][000002D28B4BA180 49] WindowsNoEditor, [000002D29A4D0A00][000002D28B4BE440 49] WindowsServer, [000002D29A48B100][000002D28B4C2700 49] WindowsClient, [000002D29A4D3000][000002D28B4C69C0 49] IOS, [000002D29A489200][000002D28B4B6C40 49] iPadAir, [000002D29A4D1100][000002D28B4CAEC0 49] iPadAir2, [000002D29A43C200][000002D29B6A9400 49] IPadPro, [000002D29A43BF00][000002D29B699440 49] iPadAir3, [000002D29A4D2C00][000002D29B6A1700 49] iPadAir4, [000002D29A438F00][000002D29B69D9C0 49] iPadMini2, [000002D29A4D1400][000002D29B6A4100 49] iPadMini3, [000002D29A43AC00][000002D29B6AC3C0 49] iPadMini4, [000002D29A4D2500][000002D29B6B0680 49] iPadMini5, [000002D29A48AB00][000002D29B6C4BC0 49] iPhone6, [000002D29A48AA00][000002D29B6B4C00 49] iPodTouch6, [000002D29A439100][000002D29B6C90C0 49] iPhone7, [000002D29A439200][000002D28B4CF100 49] iPodTouch7, [000002D29A488D00][000002D29B6C13C0 49] iPhone5S, [000002D29A438300][000002D29B6B9680 49] iPhone6Plus, [000002D29A48A000][000002D29B6D1940 49] iPhone6S, [000002D29A43B600][000002D29B6D5C00 49] iPhone6SPlus, [000002D29A489100][000002D29B6D8340 49] iPhone7Plus, [000002D29A43BD00][000002D29B6DC600 49] iPhoneSE, [000002D29A489800][000002D29B6E08C0 49] iPhone8, [000002D29A43AA00][000002D29B6E4B80 49] iPhone8Plus, [000002D29A48A800][000002D29B6F8E40 49] iPhoneX, [000002D29A439000][000002D29B6BD0C0 49] iPhoneXS, [000002D29A48B200][000002D29B7EB340 49] iPhoneXSMax, [000002D29A438900][000002D29B7F7600 49] iPhoneXR, [000002D29A48B600][000002D29B7FB8C0 49] iPhone11, [000002D29A43A100][000002D29B7FFB80 49] iPhone11Pro, [000002D29A48B300][000002D29B8022C0 49] iPhone11ProMax, [000002D29A43A400][000002D29B884580 49] iPhoneSE2, [000002D29A48BF00][000002D29B888840 49] iPhone12Mini, [000002D29A43AD00][000002D29B88CB00 49] iPhone12, [000002D29A489700][000002D29B890DC0 49] iPhone12Pro, [000002D29A439300][000002D29B895080 49] iPhone12ProMax, [000002D29A489E00][000002D29B7F3300 49] iPadPro105, [000002D29A43A300][000002D29B899580 49] iPadPro129, [000002D29A489B00][000002D29B8A1840 49] iPadPro97, [000002D29A43BB00][000002D29B8A5B00 49] iPadPro2_129, [000002D29A48AC00][000002D29B8A8240 49] iPad5, [000002D29A439600][000002D29B8AC500 49] iPad6, [000002D29A489900][000002D29B8B07C0 49] iPad7, [000002D29A439B00][000002D29B8B4A80 49] iPad8, [000002D29A489A00][000002D29B8B8D40 49] iPadPro11, [000002D29A439900][000002D29B8BD000 49] iPadPro2_11, [000002D29A48BB00][000002D29B8C12C0 49] iPadPro3_129, [000002D29A439C00][000002D29B89D540 49] iPadPro4_129, [000002D29A48B700][000002D29B8C57C0 49] AppleTV, [000002D29A43BC00][000002D29B8CDA80 49] AppleTV4K, [000002D29A48A200][000002D292E981C0 49] TVOS, [000002D29A43BE00][000002D292E9C480 49] Mac, [000002D29A48A700][000002D292EA0740 49] MacClient, [000002D29A43B500][000002D292EA4A00 49] MacNoEditor, [000002D29A48B500][000002D292EA8CC0 49] MacServer, [000002D29A43B100][000002D292EACF80 49] Linux, [000002D29A489C00][000002D292EB1240 49] LinuxAArch64, [000002D29A43B000][000002D292EB5500 49] LinuxNoEditor, [000002D29A50DD00][000002D29B8C9780 49] LinuxAArch64NoEditor, [000002D29A43F800][000002D292EBDA40 49] LinuxClient, [000002D29A50D600][000002D292EC0180 49] LinuxAArch64Client, [000002D29A43C600][000002D292EC4440 49] LinuxServer, [000002D29A50E000][000002D292EC8700 49] LinuxAArch64Server, [000002D29A43CF00][000002D292ECC9C0 49] Android, [000002D29A50C300][000002D292ED0C80 49] Android_Low, [000002D29A43EA00][000002D292ED4F40 49] Android_Mid, [000002D29A50D400][000002D292ED9200 49] Android_High, [000002D29A43DA00][000002D292EDD4C0 49] Android_Default, [000002D29A50D000][000002D292EB9740 49] Android_Adreno4xx, [000002D29A43CD00][000002D292EE19C0 49] Android_Adreno5xx_Low, [000002D29A50D100][000002D292EE8100 49] Android_Adreno5xx, [000002D29A43D800][000002D292EEC3C0 49] Android_Adreno6xx, [000002D29A50C800][000002D292EF0680 49] Android_Adreno6xx_Vulkan, [000002D29A43EF00][000002D292EF4940 49] Android_Mali_T6xx, [000002D29A50DA00][000002D292EF8C00 49] Android_Mali_T7xx, [000002D29A43E800][000002D292DA2EC0 49] Android_Mali_T8xx, [000002D29A50DC00][000002D292DDB180 49] Android_Mali_G71, [000002D29A43CB00][000002D280463440 49] Android_Mali_G72, [000002D29A50D500][000002D29819B700 49] Android_Mali_G72_Vulkan, [000002D29A43F300][000002D292EE5980 49] Android_Mali_G76, [000002D29A50E200][000002D29436FC00 49] Android_Mali_G76_Vulkan, [000002D29A43DC00][000002D294376340 49] Android_Mali_G77, [000002D29A438C00][000002D29437A600 49] Android_Mali_G77_Vulkan, [000002D29A489500][000002D29437E8C0 49] Android_Mali_G78, [000002D29A43AB00][000002D294382B80 49] Android_Mali_G78_Vulkan, [000002D29A488400][000002D294386E40 49] Android_Mali_G710, [000002D29A43B200][000002D29438B100 49] Android_Mali_G710_Vulkan, [000002D29A488F00][000002D29438F3C0 49] Android_Vulkan_SM5, [000002D29A43B800][000002D294393680 49] Android_PowerVR_G6xxx, [000002D29A489400][000002D2943E9940 49] Android_PowerVR_GT7xxx, [000002D29A438700][000002D294373BC0 49] Android_PowerVR_GE8xxx, [000002D29A488300][000002D29BA822C0 49] Android_PowerVR_GM9xxx, [000002D29A50DF00][000002D29BA8A580 49] Android_PowerVR_GM9xxx_Vulkan, [000002D29A488E00][000002D29BA8E840 49] Android_TegraK1, [000002D29A50CE00][000002D29BAE2B00 49] Android_Unknown_Vulkan, [000002D29A488600][000002D29BAE6DC0 49] Lumin, [000002D29A50E500][000002D29BAEB080 49] Lumin_Desktop, [000002D29A48BE00][000002D29BAEF340 49] HoloLens, 
[2022.04.10-12.33.20:379][  0]LogMeshReduction: Using QuadricMeshReduction for automatic static mesh reduction
[2022.04.10-12.33.20:379][  0]LogMeshReduction: Using SimplygonMeshReduction for automatic skeletal mesh reduction
[2022.04.10-12.33.20:379][  0]LogMeshReduction: Using ProxyLODMeshReduction for automatic mesh merging
[2022.04.10-12.33.20:379][  0]LogMeshReduction: No distributed automatic mesh merging module available
[2022.04.10-12.33.20:379][  0]LogMeshMerging: No distributed automatic mesh merging module available
[2022.04.10-12.33.20:401][  0]LogNetVersion: deadInsideTheDungeon 1.0.0, NetCL: 17155196, EngineNetVer: 17, GameNetVer: 0 (Checksum: 3162280402)
[2022.04.10-12.33.20:996][  0]LogTexture: Default maximum texture size for cubemaps generated from long-lat sources has been changed from 512 to unlimited. In order to preserve old behaiour for '/Engine/MapTemplates/Sky/DaylightAmbientCubemap.DaylightAmbientCubemap', its maximum texture size has been explicitly set to 512.
[2022.04.10-12.33.21:074][  0]LogHMD: PokeAHoleMaterial loaded successfully
[2022.04.10-12.33.21:080][  0]LogUObjectArray: 17178 objects as part of root set at end of initial load.
[2022.04.10-12.33.21:080][  0]LogUObjectAllocator: 4302048 out of 0 bytes used by permanent object pool.
[2022.04.10-12.33.21:080][  0]LogUObjectArray: CloseDisregardForGC: 0/0 objects in disregard for GC pool
[2022.04.10-12.33.21:433][  0]LogPython: Using Python 3.7.7
[2022.04.10-12.33.21:921][  0]LogNiagaraDebuggerClient: Niagara Debugger Client Initialized | Session: 31DCA2124A9F4928FF4FFC81892D0E67 | Instance: B89322A744AF9B9FAF77ADA60D48806E (RZUIETIRBOOK-22928).
[2022.04.10-12.33.22:066][  0]LogTcpMessaging: Initializing TcpMessaging bridge
[2022.04.10-12.33.22:072][  0]LogUdpMessaging: Initializing bridge on interface 0.0.0.0:0 to multicast group 230.0.0.1:6666.
[2022.04.10-12.33.22:236][  0]SourceControl: Source control is disabled
[2022.04.10-12.33.22:236][  0]SourceControl: Source control is disabled
[2022.04.10-12.33.22:239][  0]SourceControl: Source control is disabled
[2022.04.10-12.33.22:241][  0]SourceControl: Source control is disabled
[2022.04.10-12.33.22:249][  0]SourceControl: Source control is disabled
[2022.04.10-12.33.22:258][  0]LogUProjectInfo: Found projects:
[2022.04.10-12.33.22:263][  0]LogVSAccessor: Display: Unable to create Visual Studio setup instance: 80040154
[2022.04.10-12.33.22:264][  0]LogVSAccessor: Display: Unable to create Visual Studio setup instance: 80040154
[2022.04.10-12.33.22:264][  0]LogVSAccessor: Display: Unable to create Visual Studio setup instance: 80040154
[2022.04.10-12.33.22:457][  0]LogOpenImageDenoise: OIDN starting up
[2022.04.10-12.33.22:513][  0]LogAndroidPermission: UAndroidPermissionCallbackProxy::GetInstance
[2022.04.10-12.33.22:536][  0]LogAudioCaptureCore: Display: No Audio Capture implementations found. Audio input will be silent.
[2022.04.10-12.33.22:536][  0]LogAudioCaptureCore: Display: No Audio Capture implementations found. Audio input will be silent.
[2022.04.10-12.33.22:680][  0]LogCollectionManager: Loaded 0 collections in 0.001469 seconds
[2022.04.10-12.33.22:705][  0]LogFileCache: Scanning file cache for directory 'C:/Users/r.zuietir/Documents/GitHub/deadInsideTheDungeon/deadInsideTheDungeon/Saved/Collections/' took 0.00s
[2022.04.10-12.33.22:705][  0]LogFileCache: Scanning file cache for directory 'C:/Users/r.zuietir/Documents/GitHub/deadInsideTheDungeon/deadInsideTheDungeon/Content/Developers/rzuietir/Collections/' took 0.00s
[2022.04.10-12.33.22:705][  0]LogFileCache: Scanning file cache for directory 'C:/Users/r.zuietir/Documents/GitHub/deadInsideTheDungeon/deadInsideTheDungeon/Content/Collections/' took 0.00s
[2022.04.10-12.33.22:705][  0]LogOcInput: OculusInput pre-init called
[2022.04.10-12.33.22:981][  0]LogEngine: Initializing Engine...
[2022.04.10-12.33.22:983][  0]LogHMD: Failed to enumerate extensions. Please check that you have a valid OpenXR runtime installed.
[2022.04.10-12.33.22:984][  0]LogHMD: Failed to initialize OpenVR with code 110
[2022.04.10-12.33.22:984][  0]LogMagicLeap: Warning: VR disabled because ZI is not enabled.  To enable, in the editor, Edit -> Project Settings -> Plugins -> Magic Leap Plugin -> Enable Zero Iteration
[2022.04.10-12.33.22:985][  0]LogStats: UGameplayTagsManager::InitializeManager -  0.000 s
[2022.04.10-12.33.23:119][  0]LogInit: Initializing FReadOnlyCVARCache
[2022.04.10-12.33.23:128][  0]LogAIModule: Creating AISystem for world Untitled
[2022.04.10-12.33.23:128][  0]LogAudio: Display: Initializing Audio Device Manager...
[2022.04.10-12.33.23:132][  0]LogAudio: Display: Loading Default Audio Settings Objects...
[2022.04.10-12.33.23:133][  0]LogAudio: Display: No default SoundConcurrencyObject specified (or failed to load).
[2022.04.10-12.33.23:133][  0]LogAudio: Display: Audio Device Manager Initialized
[2022.04.10-12.33.23:133][  0]LogAudio: Display: Creating Audio Device:                 Id: 1, Scope: Shared, Realtime: True
[2022.04.10-12.33.23:133][  0]LogAudioMixer: Display: Audio Mixer Platform Settings:
[2022.04.10-12.33.23:133][  0]LogAudioMixer: Display: 	Sample Rate:						  48000
[2022.04.10-12.33.23:133][  0]LogAudioMixer: Display: 	Callback Buffer Frame Size Requested: 1024
[2022.04.10-12.33.23:133][  0]LogAudioMixer: Display: 	Callback Buffer Frame Size To Use:	  1024
[2022.04.10-12.33.23:133][  0]LogAudioMixer: Display: 	Number of buffers to queue:			  2
[2022.04.10-12.33.23:133][  0]LogAudioMixer: Display: 	Max Channels (voices):				  32
[2022.04.10-12.33.23:133][  0]LogAudioMixer: Display: 	Number of Async Source Workers:		  0
[2022.04.10-12.33.23:133][  0]LogAudio: Display: AudioDevice MaxSources: 32
[2022.04.10-12.33.23:134][  0]LogAudio: Display: Audio Spatialization Plugin: None (built-in).
[2022.04.10-12.33.23:134][  0]LogAudio: Display: Audio Reverb Plugin: None (built-in).
[2022.04.10-12.33.23:134][  0]LogAudio: Display: Audio Occlusion Plugin: None (built-in).
[2022.04.10-12.33.23:134][  0]LogAudioMixer: Display: Initializing audio mixer.
[2022.04.10-12.33.23:142][  0]LogAudioMixer: Display: 0: FrontLeft
[2022.04.10-12.33.23:142][  0]LogAudioMixer: Display: 1: FrontRight
[2022.04.10-12.33.23:164][  0]LogAudioMixer: Display: Using Audio Device Speaker (Realtek(R) Audio)
[2022.04.10-12.33.23:169][  0]LogAudioMixer: Display: Initializing Sound Submixes...
[2022.04.10-12.33.23:171][  0]LogAudioMixer: Display: Creating Master Submix 'MasterSubmixDefault'
[2022.04.10-12.33.23:171][  0]LogAudioMixer: Display: Creating Master Submix 'MasterReverbSubmixDefault'
[2022.04.10-12.33.23:172][  0]LogAudioMixer: Display: Creating Master Submix 'MasterEQSubmixDefault'
[2022.04.10-12.33.23:172][  0]LogAudioMixer: FMixerPlatformXAudio2::StartAudioStream() called
[2022.04.10-12.33.23:172][  0]LogAudioMixer: Display: Output buffers initialized: Frames=1024, Channels=2, Samples=2048
[2022.04.10-12.33.23:174][  0]LogAudioMixer: Display: Starting AudioMixerPlatformInterface::RunInternal()
[2022.04.10-12.33.23:174][  0]LogAudioMixer: Display: FMixerPlatformXAudio2::SubmitBuffer() called for the first time
[2022.04.10-12.33.23:174][  0]LogInit: FAudioDevice initialized.
[2022.04.10-12.33.23:174][  0]LogAudio: Display: Audio Device (ID: 1) registered with world 'Untitled'.
[2022.04.10-12.33.23:174][  0]LogNetVersion: Set ProjectVersion to 1.0.0.0. Version Checksum will be recalculated on next use.
[2022.04.10-12.33.23:236][  0]LogDerivedDataCache: Saved boot cache 0.06s 94MB C:/Users/r.zuietir/AppData/Local/UnrealEngine/4.27/DerivedDataCache/Boot.ddc.
[2022.04.10-12.33.23:236][  0]LogInit: Texture streaming: Enabled
[2022.04.10-12.33.23:251][  0]LogAnalytics: Display: [UEEditor.Rocket.Release] APIServer = https://datarouter.ol.epicgames.com/. AppVersion = 4.27.2-18319896+++UE4+Release-4.27
[2022.04.10-12.33.23:255][  0]LogEngineSessionManager: EngineSessionManager initialized
[2022.04.10-12.33.23:255][  0]LogEngineSessionManager: EngineSessionManager sent abnormal shutdown report. Type=Crashed, SessionId={9200BDED-46E2-4265-3622-2CB64155F34A}
[2022.04.10-12.33.23:255][  0]LogEditorSessionSummary: Verbose: Initializing EditorSessionSummaryWriter for editor session tracking
[2022.04.10-12.33.23:257][  0]LogEditorSessionSummary: EditorSessionSummaryWriter initialized
[2022.04.10-12.33.23:284][  0]LogInit: Transaction tracking system initialized
[2022.04.10-12.33.23:310][  0]BlueprintLog: New page: Editor Load
[2022.04.10-12.33.23:380][  0]LocalizationService: Localization service is disabled
[2022.04.10-12.33.23:404][  0]TimingProfiler: Initialize
[2022.04.10-12.33.23:404][  0]TimingProfiler: OnSessionChanged
[2022.04.10-12.33.23:404][  0]LoadingProfiler: Initialize
[2022.04.10-12.33.23:404][  0]LoadingProfiler: OnSessionChanged
[2022.04.10-12.33.23:405][  0]NetworkingProfiler: Initialize
[2022.04.10-12.33.23:405][  0]NetworkingProfiler: OnSessionChanged
[2022.04.10-12.33.23:405][  0]MemoryProfiler: Initialize
[2022.04.10-12.33.23:405][  0]MemoryProfiler: OnSessionChanged
[2022.04.10-12.33.23:469][  0]LogVSAccessor: Display: Unable to create Visual Studio setup instance: 80040154
[2022.04.10-12.33.23:470][  0]LogVSAccessor: Display: Unable to create Visual Studio setup instance: 80040154
[2022.04.10-12.33.23:470][  0]LogVSAccessor: Display: Unable to create Visual Studio setup instance: 80040154
[2022.04.10-12.33.23:570][  0]LogCook: Display: CookSettings for Memory: MemoryMaxUsedVirtual 0MiB, MemoryMaxUsedPhysical 16384MiB, MemoryMinFreeVirtual 0MiB, MemoryMinFreePhysical 1024MiB
[2022.04.10-12.33.23:570][  0]LogCook: Display: Mobile HDR setting 1
[2022.04.10-12.33.23:788][  0]LogFileCache: Scanning file cache for directory 'C:/Users/r.zuietir/Documents/GitHub/deadInsideTheDungeon/deadInsideTheDungeon/Content/' took 0.03s
[2022.04.10-12.33.24:082][  0]LogInit: Display: Engine is initialized. Leaving FEngineLoop::Init()
[2022.04.10-12.33.24:086][  0]SourceControl: Source control is disabled
[2022.04.10-12.33.24:243][  0]LogSlate: Took 0.000291 seconds to synchronously load lazily loaded font '../../../Engine/Content/Slate/Fonts/Roboto-Regular.ttf' (155K)
[2022.04.10-12.33.33:537][  0]LogSlate: Window 'Restore Packages' being destroyed
[2022.04.10-12.33.39:276][  0]LogSlate: Window 'Unable to Check Out From Source Control!' being destroyed
[2022.04.10-12.33.39:286][  0]Message dialog closed, result: Ok, title: Unable to Check Out From Source Control!, text: The following assets could not be successfully checked out from source control:
/Game/ThirdPersonBP/Maps/ThirdPersonExampleMap
[2022.04.10-12.33.39:300][  0]LogUnrealEdMisc: Loading editor; pre map load, took 23.493
[2022.04.10-12.33.39:302][  0]LightingResults: New page: Lighting Build
[2022.04.10-12.33.39:304][  0]LogWorld: UWorld::CleanupWorld for Untitled, bSessionEnded=true, bCleanupResources=true
[2022.04.10-12.33.39:304][  0]LogSlate: InvalidateAllWidgets triggered.  All widgets were invalidated
[2022.04.10-12.33.39:305][  0]MapCheck: New page: Map Check
[2022.04.10-12.33.39:305][  0]LightingResults: New page: Lighting Build
[2022.04.10-12.33.39:310][  0]LogAudio: Display: Audio Device unregistered from world 'None'.
[2022.04.10-12.33.39:314][  0]LogUObjectHash: Compacting FUObjectHashTables data took   1.10ms
[2022.04.10-12.33.39:573][  0]LogAudio: Display: Audio Device (ID: 1) registered with world 'ThirdPersonExampleMap'.
[2022.04.10-12.33.39:574][  0]LogAIModule: Creating AISystem for world ThirdPersonExampleMap
[2022.04.10-12.33.39:581][  0]LogEditorServer: Finished looking for orphan Actors (0.000 secs)
[2022.04.10-12.33.39:596][  0]LogUObjectHash: Compacting FUObjectHashTables data took   0.86ms
[2022.04.10-12.33.39:597][  0]Cmd: MAP CHECKDEP NOCLEARLOG
[2022.04.10-12.33.39:598][  0]MapCheck: Map check complete: 0 Error(s), 0 Warning(s), took 0,201ms to complete.
[2022.04.10-12.33.39:598][  0]LogFileHelpers: Loading map 'ThirdPersonExampleMap' took 0.297
[2022.04.10-12.33.39:601][  0]LogUnrealEdMisc: Total Editor Startup Time, took 23.795
[2022.04.10-12.33.39:684][  0]LogSlate: Updating window title bar state: overlay mode, drag disabled, window buttons hidden, title bar hidden
[2022.04.10-12.33.39:689][  0]LogSlate: Updating window title bar state: overlay mode, drag disabled, window buttons hidden, title bar hidden
[2022.04.10-12.33.39:695][  0]LogSlate: Updating window title bar state: overlay mode, drag disabled, window buttons hidden, title bar hidden
[2022.04.10-12.33.39:700][  0]LogSlate: Updating window title bar state: overlay mode, drag disabled, window buttons hidden, title bar hidden
[2022.04.10-12.33.39:712][  0]LogNativeClassHierarchy: Verbose: Native class hierarchy populated in 0.0081 seconds. Added 3822 classes and 928 folders.
[2022.04.10-12.33.39:714][  0]LogNativeClassHierarchy: Verbose: Native class hierarchy updated for 'WidgetCarousel' in 0.0002 seconds. Added 0 classes and 0 folders.
[2022.04.10-12.33.39:717][  0]LogPakFile: PakFile PrimaryIndexSize=187
[2022.04.10-12.33.39:717][  0]LogPakFile: PakFile PathHashIndexSize=101
[2022.04.10-12.33.39:717][  0]LogPakFile: PakFile FullDirectoryIndexSize=148
[2022.04.10-12.33.39:717][  0]LogShaderLibrary: Display: ShaderCodeLibraryPakFileMountedCallback: PakFile 'C:/Program Files/Epic Games/UE_4.27/FeaturePacks/FP_FirstPerson.upack' (chunk index -1, root 'root:/') mounted
[2022.04.10-12.33.39:717][  0]LogShaderLibrary: Display: ShaderCodeLibraryPakFileMountedCallback: pending pak file info (ChunkID:-1 Root:root:/ File:C:/Program Files/Epic Games/UE_4.27/FeaturePacks/FP_FirstPerson.upack)
[2022.04.10-12.33.39:717][  0]LogPakFile: OnPakFileMounted2Time == 0.000047
[2022.04.10-12.33.39:718][  0]LogPakFile: PakFile PrimaryIndexSize=189
[2022.04.10-12.33.39:718][  0]LogPakFile: PakFile PathHashIndexSize=101
[2022.04.10-12.33.39:718][  0]LogPakFile: PakFile FullDirectoryIndexSize=152
[2022.04.10-12.33.39:718][  0]LogShaderLibrary: Display: ShaderCodeLibraryPakFileMountedCallback: PakFile 'C:/Program Files/Epic Games/UE_4.27/FeaturePacks/FP_FirstPersonBP.upack' (chunk index -1, root 'root:/') mounted
[2022.04.10-12.33.39:718][  0]LogShaderLibrary: Display: ShaderCodeLibraryPakFileMountedCallback: pending pak file info (ChunkID:-1 Root:root:/ File:C:/Program Files/Epic Games/UE_4.27/FeaturePacks/FP_FirstPersonBP.upack)
[2022.04.10-12.33.39:718][  0]LogPakFile: OnPakFileMounted2Time == 0.000036
[2022.04.10-12.33.39:719][  0]LogPakFile: PakFile PrimaryIndexSize=191
[2022.04.10-12.33.39:719][  0]LogPakFile: PakFile PathHashIndexSize=101
[2022.04.10-12.33.39:719][  0]LogPakFile: PakFile FullDirectoryIndexSize=160
[2022.04.10-12.33.39:719][  0]LogShaderLibrary: Display: ShaderCodeLibraryPakFileMountedCallback: PakFile 'C:/Program Files/Epic Games/UE_4.27/FeaturePacks/MobileStarterContent.upack' (chunk index -1, root 'root:/') mounted
[2022.04.10-12.33.39:719][  0]LogShaderLibrary: Display: ShaderCodeLibraryPakFileMountedCallback: pending pak file info (ChunkID:-1 Root:root:/ File:C:/Program Files/Epic Games/UE_4.27/FeaturePacks/MobileStarterContent.upack)
[2022.04.10-12.33.39:719][  0]LogPakFile: OnPakFileMounted2Time == 0.000029
[2022.04.10-12.33.39:720][  0]LogPakFile: PakFile PrimaryIndexSize=185
[2022.04.10-12.33.39:720][  0]LogPakFile: PakFile PathHashIndexSize=101
[2022.04.10-12.33.39:720][  0]LogPakFile: PakFile FullDirectoryIndexSize=148
[2022.04.10-12.33.39:720][  0]LogShaderLibrary: Display: ShaderCodeLibraryPakFileMountedCallback: PakFile 'C:/Program Files/Epic Games/UE_4.27/FeaturePacks/StarterContent.upack' (chunk index -1, root 'root:/') mounted
[2022.04.10-12.33.39:720][  0]LogShaderLibrary: Display: ShaderCodeLibraryPakFileMountedCallback: pending pak file info (ChunkID:-1 Root:root:/ File:C:/Program Files/Epic Games/UE_4.27/FeaturePacks/StarterContent.upack)
[2022.04.10-12.33.39:720][  0]LogPakFile: OnPakFileMounted2Time == 0.000029
[2022.04.10-12.33.39:721][  0]LogPakFile: PakFile PrimaryIndexSize=190
[2022.04.10-12.33.39:721][  0]LogPakFile: PakFile PathHashIndexSize=101
[2022.04.10-12.33.39:721][  0]LogPakFile: PakFile FullDirectoryIndexSize=154
[2022.04.10-12.33.39:721][  0]LogShaderLibrary: Display: ShaderCodeLibraryPakFileMountedCallback: PakFile 'C:/Program Files/Epic Games/UE_4.27/FeaturePacks/TP_2DSideScroller.upack' (chunk index -1, root 'root:/') mounted
[2022.04.10-12.33.39:721][  0]LogShaderLibrary: Display: ShaderCodeLibraryPakFileMountedCallback: pending pak file info (ChunkID:-1 Root:root:/ File:C:/Program Files/Epic Games/UE_4.27/FeaturePacks/TP_2DSideScroller.upack)
[2022.04.10-12.33.39:721][  0]LogPakFile: OnPakFileMounted2Time == 0.000028
[2022.04.10-12.33.39:722][  0]LogPakFile: PakFile PrimaryIndexSize=192
[2022.04.10-12.33.39:722][  0]LogPakFile: PakFile PathHashIndexSize=101
[2022.04.10-12.33.39:722][  0]LogPakFile: PakFile FullDirectoryIndexSize=158
[2022.04.10-12.33.39:722][  0]LogShaderLibrary: Display: ShaderCodeLibraryPakFileMountedCallback: PakFile 'C:/Program Files/Epic Games/UE_4.27/FeaturePacks/TP_2DSideScrollerBP.upack' (chunk index -1, root 'root:/') mounted
[2022.04.10-12.33.39:722][  0]LogShaderLibrary: Display: ShaderCodeLibraryPakFileMountedCallback: pending pak file info (ChunkID:-1 Root:root:/ File:C:/Program Files/Epic Games/UE_4.27/FeaturePacks/TP_2DSideScrollerBP.upack)
[2022.04.10-12.33.39:722][  0]LogPakFile: OnPakFileMounted2Time == 0.000025
[2022.04.10-12.33.39:722][  0]LogPakFile: PakFile PrimaryIndexSize=182
[2022.04.10-12.33.39:723][  0]LogPakFile: PakFile PathHashIndexSize=101
[2022.04.10-12.33.39:723][  0]LogPakFile: PakFile FullDirectoryIndexSize=138
[2022.04.10-12.33.39:723][  0]LogShaderLibrary: Display: ShaderCodeLibraryPakFileMountedCallback: PakFile 'C:/Program Files/Epic Games/UE_4.27/FeaturePacks/TP_Flying.upack' (chunk index -1, root 'root:/') mounted
[2022.04.10-12.33.39:723][  0]LogShaderLibrary: Display: ShaderCodeLibraryPakFileMountedCallback: pending pak file info (ChunkID:-1 Root:root:/ File:C:/Program Files/Epic Games/UE_4.27/FeaturePacks/TP_Flying.upack)
[2022.04.10-12.33.39:723][  0]LogPakFile: OnPakFileMounted2Time == 0.000028
[2022.04.10-12.33.39:723][  0]LogPakFile: PakFile PrimaryIndexSize=184
[2022.04.10-12.33.39:723][  0]LogPakFile: PakFile PathHashIndexSize=101
[2022.04.10-12.33.39:723][  0]LogPakFile: PakFile FullDirectoryIndexSize=142
[2022.04.10-12.33.39:723][  0]LogShaderLibrary: Display: ShaderCodeLibraryPakFileMountedCallback: PakFile 'C:/Program Files/Epic Games/UE_4.27/FeaturePacks/TP_FlyingBP.upack' (chunk index -1, root 'root:/') mounted
[2022.04.10-12.33.39:723][  0]LogShaderLibrary: Display: ShaderCodeLibraryPakFileMountedCallback: pending pak file info (ChunkID:-1 Root:root:/ File:C:/Program Files/Epic Games/UE_4.27/FeaturePacks/TP_FlyingBP.upack)
[2022.04.10-12.33.39:723][  0]LogPakFile: OnPakFileMounted2Time == 0.000025
[2022.04.10-12.33.39:724][  0]LogPakFile: PakFile PrimaryIndexSize=188
[2022.04.10-12.33.39:724][  0]LogPakFile: PakFile PathHashIndexSize=101
[2022.04.10-12.33.39:724][  0]LogPakFile: PakFile FullDirectoryIndexSize=150
[2022.04.10-12.33.39:724][  0]LogShaderLibrary: Display: ShaderCodeLibraryPakFileMountedCallback: PakFile 'C:/Program Files/Epic Games/UE_4.27/FeaturePacks/TP_HandheldARBP.upack' (chunk index -1, root 'root:/') mounted
[2022.04.10-12.33.39:724][  0]LogShaderLibrary: Display: ShaderCodeLibraryPakFileMountedCallback: pending pak file info (ChunkID:-1 Root:root:/ File:C:/Program Files/Epic Games/UE_4.27/FeaturePacks/TP_HandheldARBP.upack)
[2022.04.10-12.33.39:724][  0]LogPakFile: OnPakFileMounted2Time == 0.000025
[2022.04.10-12.33.39:725][  0]LogPakFile: PakFile PrimaryIndexSize=182
[2022.04.10-12.33.39:725][  0]LogPakFile: PakFile PathHashIndexSize=101
[2022.04.10-12.33.39:725][  0]LogPakFile: PakFile FullDirectoryIndexSize=138
[2022.04.10-12.33.39:725][  0]LogShaderLibrary: Display: ShaderCodeLibraryPakFileMountedCallback: PakFile 'C:/Program Files/Epic Games/UE_4.27/FeaturePacks/TP_Puzzle.upack' (chunk index -1, root 'root:/') mounted
[2022.04.10-12.33.39:725][  0]LogShaderLibrary: Display: ShaderCodeLibraryPakFileMountedCallback: pending pak file info (ChunkID:-1 Root:root:/ File:C:/Program Files/Epic Games/UE_4.27/FeaturePacks/TP_Puzzle.upack)
[2022.04.10-12.33.39:725][  0]LogPakFile: OnPakFileMounted2Time == 0.000025
[2022.04.10-12.33.39:726][  0]LogPakFile: PakFile PrimaryIndexSize=184
[2022.04.10-12.33.39:726][  0]LogPakFile: PakFile PathHashIndexSize=101
[2022.04.10-12.33.39:726][  0]LogPakFile: PakFile FullDirectoryIndexSize=142
[2022.04.10-12.33.39:726][  0]LogShaderLibrary: Display: ShaderCodeLibraryPakFileMountedCallback: PakFile 'C:/Program Files/Epic Games/UE_4.27/FeaturePacks/TP_PuzzleBP.upack' (chunk index -1, root 'root:/') mounted
[2022.04.10-12.33.39:726][  0]LogShaderLibrary: Display: ShaderCodeLibraryPakFileMountedCallback: pending pak file info (ChunkID:-1 Root:root:/ File:C:/Program Files/Epic Games/UE_4.27/FeaturePacks/TP_PuzzleBP.upack)
[2022.04.10-12.33.39:726][  0]LogPakFile: OnPakFileMounted2Time == 0.000026
[2022.04.10-12.33.39:726][  0]LogPakFile: PakFile PrimaryIndexSize=183
[2022.04.10-12.33.39:726][  0]LogPakFile: PakFile PathHashIndexSize=101
[2022.04.10-12.33.39:726][  0]LogPakFile: PakFile FullDirectoryIndexSize=140
[2022.04.10-12.33.39:726][  0]LogShaderLibrary: Display: ShaderCodeLibraryPakFileMountedCallback: PakFile 'C:/Program Files/Epic Games/UE_4.27/FeaturePacks/TP_Rolling.upack' (chunk index -1, root 'root:/') mounted
[2022.04.10-12.33.39:726][  0]LogShaderLibrary: Display: ShaderCodeLibraryPakFileMountedCallback: pending pak file info (ChunkID:-1 Root:root:/ File:C:/Program Files/Epic Games/UE_4.27/FeaturePacks/TP_Rolling.upack)
[2022.04.10-12.33.39:726][  0]LogPakFile: OnPakFileMounted2Time == 0.000025
[2022.04.10-12.33.39:727][  0]LogPakFile: PakFile PrimaryIndexSize=185
[2022.04.10-12.33.39:727][  0]LogPakFile: PakFile PathHashIndexSize=101
[2022.04.10-12.33.39:727][  0]LogPakFile: PakFile FullDirectoryIndexSize=144
[2022.04.10-12.33.39:727][  0]LogShaderLibrary: Display: ShaderCodeLibraryPakFileMountedCallback: PakFile 'C:/Program Files/Epic Games/UE_4.27/FeaturePacks/TP_RollingBP.upack' (chunk index -1, root 'root:/') mounted
[2022.04.10-12.33.39:727][  0]LogShaderLibrary: Display: ShaderCodeLibraryPakFileMountedCallback: pending pak file info (ChunkID:-1 Root:root:/ File:C:/Program Files/Epic Games/UE_4.27/FeaturePacks/TP_RollingBP.upack)
[2022.04.10-12.33.39:727][  0]LogPakFile: OnPakFileMounted2Time == 0.000028
[2022.04.10-12.33.39:728][  0]LogPakFile: PakFile PrimaryIndexSize=188
[2022.04.10-12.33.39:728][  0]LogPakFile: PakFile PathHashIndexSize=101
[2022.04.10-12.33.39:728][  0]LogPakFile: PakFile FullDirectoryIndexSize=150
[2022.04.10-12.33.39:728][  0]LogShaderLibrary: Display: ShaderCodeLibraryPakFileMountedCallback: PakFile 'C:/Program Files/Epic Games/UE_4.27/FeaturePacks/TP_SideScroller.upack' (chunk index -1, root 'root:/') mounted
[2022.04.10-12.33.39:728][  0]LogShaderLibrary: Display: ShaderCodeLibraryPakFileMountedCallback: pending pak file info (ChunkID:-1 Root:root:/ File:C:/Program Files/Epic Games/UE_4.27/FeaturePacks/TP_SideScroller.upack)
[2022.04.10-12.33.39:728][  0]LogPakFile: OnPakFileMounted2Time == 0.000026
[2022.04.10-12.33.39:728][  0]LogPakFile: PakFile PrimaryIndexSize=190
[2022.04.10-12.33.39:728][  0]LogPakFile: PakFile PathHashIndexSize=101
[2022.04.10-12.33.39:728][  0]LogPakFile: PakFile FullDirectoryIndexSize=154
[2022.04.10-12.33.39:728][  0]LogShaderLibrary: Display: ShaderCodeLibraryPakFileMountedCallback: PakFile 'C:/Program Files/Epic Games/UE_4.27/FeaturePacks/TP_SideScrollerBP.upack' (chunk index -1, root 'root:/') mounted
[2022.04.10-12.33.39:728][  0]LogShaderLibrary: Display: ShaderCodeLibraryPakFileMountedCallback: pending pak file info (ChunkID:-1 Root:root:/ File:C:/Program Files/Epic Games/UE_4.27/FeaturePacks/TP_SideScrollerBP.upack)
[2022.04.10-12.33.39:728][  0]LogPakFile: OnPakFileMounted2Time == 0.000025
[2022.04.10-12.33.39:729][  0]LogPakFile: PakFile PrimaryIndexSize=187
[2022.04.10-12.33.39:729][  0]LogPakFile: PakFile PathHashIndexSize=101
[2022.04.10-12.33.39:729][  0]LogPakFile: PakFile FullDirectoryIndexSize=148
[2022.04.10-12.33.39:729][  0]LogShaderLibrary: Display: ShaderCodeLibraryPakFileMountedCallback: PakFile 'C:/Program Files/Epic Games/UE_4.27/FeaturePacks/TP_ThirdPerson.upack' (chunk index -1, root 'root:/') mounted
[2022.04.10-12.33.39:729][  0]LogShaderLibrary: Display: ShaderCodeLibraryPakFileMountedCallback: pending pak file info (ChunkID:-1 Root:root:/ File:C:/Program Files/Epic Games/UE_4.27/FeaturePacks/TP_ThirdPerson.upack)
[2022.04.10-12.33.39:729][  0]LogPakFile: OnPakFileMounted2Time == 0.000025
[2022.04.10-12.33.39:730][  0]LogPakFile: PakFile PrimaryIndexSize=189
[2022.04.10-12.33.39:730][  0]LogPakFile: PakFile PathHashIndexSize=101
[2022.04.10-12.33.39:730][  0]LogPakFile: PakFile FullDirectoryIndexSize=152
[2022.04.10-12.33.39:730][  0]LogShaderLibrary: Display: ShaderCodeLibraryPakFileMountedCallback: PakFile 'C:/Program Files/Epic Games/UE_4.27/FeaturePacks/TP_ThirdPersonBP.upack' (chunk index -1, root 'root:/') mounted
[2022.04.10-12.33.39:730][  0]LogShaderLibrary: Display: ShaderCodeLibraryPakFileMountedCallback: pending pak file info (ChunkID:-1 Root:root:/ File:C:/Program Files/Epic Games/UE_4.27/FeaturePacks/TP_ThirdPersonBP.upack)
[2022.04.10-12.33.39:730][  0]LogPakFile: OnPakFileMounted2Time == 0.000025
[2022.04.10-12.33.39:731][  0]LogPakFile: PakFile PrimaryIndexSize=183
[2022.04.10-12.33.39:731][  0]LogPakFile: PakFile PathHashIndexSize=101
[2022.04.10-12.33.39:731][  0]LogPakFile: PakFile FullDirectoryIndexSize=140
[2022.04.10-12.33.39:731][  0]LogShaderLibrary: Display: ShaderCodeLibraryPakFileMountedCallback: PakFile 'C:/Program Files/Epic Games/UE_4.27/FeaturePacks/TP_TopDown.upack' (chunk index -1, root 'root:/') mounted
[2022.04.10-12.33.39:731][  0]LogShaderLibrary: Display: ShaderCodeLibraryPakFileMountedCallback: pending pak file info (ChunkID:-1 Root:root:/ File:C:/Program Files/Epic Games/UE_4.27/FeaturePacks/TP_TopDown.upack)
[2022.04.10-12.33.39:731][  0]LogPakFile: OnPakFileMounted2Time == 0.000034
[2022.04.10-12.33.39:731][  0]LogPakFile: PakFile PrimaryIndexSize=185
[2022.04.10-12.33.39:731][  0]LogPakFile: PakFile PathHashIndexSize=101
[2022.04.10-12.33.39:731][  0]LogPakFile: PakFile FullDirectoryIndexSize=144
[2022.04.10-12.33.39:731][  0]LogShaderLibrary: Display: ShaderCodeLibraryPakFileMountedCallback: PakFile 'C:/Program Files/Epic Games/UE_4.27/FeaturePacks/TP_TopDownBP.upack' (chunk index -1, root 'root:/') mounted
[2022.04.10-12.33.39:731][  0]LogShaderLibrary: Display: ShaderCodeLibraryPakFileMountedCallback: pending pak file info (ChunkID:-1 Root:root:/ File:C:/Program Files/Epic Games/UE_4.27/FeaturePacks/TP_TopDownBP.upack)
[2022.04.10-12.33.39:731][  0]LogPakFile: OnPakFileMounted2Time == 0.000029
[2022.04.10-12.33.39:732][  0]LogPakFile: PakFile PrimaryIndexSize=185
[2022.04.10-12.33.39:732][  0]LogPakFile: PakFile PathHashIndexSize=101
[2022.04.10-12.33.39:732][  0]LogPakFile: PakFile FullDirectoryIndexSize=144
[2022.04.10-12.33.39:732][  0]LogShaderLibrary: Display: ShaderCodeLibraryPakFileMountedCallback: PakFile 'C:/Program Files/Epic Games/UE_4.27/FeaturePacks/TP_TwinStick.upack' (chunk index -1, root 'root:/') mounted
[2022.04.10-12.33.39:732][  0]LogShaderLibrary: Display: ShaderCodeLibraryPakFileMountedCallback: pending pak file info (ChunkID:-1 Root:root:/ File:C:/Program Files/Epic Games/UE_4.27/FeaturePacks/TP_TwinStick.upack)
[2022.04.10-12.33.39:732][  0]LogPakFile: OnPakFileMounted2Time == 0.000028
[2022.04.10-12.33.39:733][  0]LogPakFile: PakFile PrimaryIndexSize=187
[2022.04.10-12.33.39:733][  0]LogPakFile: PakFile PathHashIndexSize=101
[2022.04.10-12.33.39:733][  0]LogPakFile: PakFile FullDirectoryIndexSize=148
[2022.04.10-12.33.39:733][  0]LogShaderLibrary: Display: ShaderCodeLibraryPakFileMountedCallback: PakFile 'C:/Program Files/Epic Games/UE_4.27/FeaturePacks/TP_TwinStickBP.upack' (chunk index -1, root 'root:/') mounted
[2022.04.10-12.33.39:733][  0]LogShaderLibrary: Display: ShaderCodeLibraryPakFileMountedCallback: pending pak file info (ChunkID:-1 Root:root:/ File:C:/Program Files/Epic Games/UE_4.27/FeaturePacks/TP_TwinStickBP.upack)
[2022.04.10-12.33.39:733][  0]LogPakFile: OnPakFileMounted2Time == 0.000032
[2022.04.10-12.33.39:734][  0]LogPakFile: PakFile PrimaryIndexSize=183
[2022.04.10-12.33.39:734][  0]LogPakFile: PakFile PathHashIndexSize=101
[2022.04.10-12.33.39:734][  0]LogPakFile: PakFile FullDirectoryIndexSize=140
[2022.04.10-12.33.39:734][  0]LogShaderLibrary: Display: ShaderCodeLibraryPakFileMountedCallback: PakFile 'C:/Program Files/Epic Games/UE_4.27/FeaturePacks/TP_Vehicle.upack' (chunk index -1, root 'root:/') mounted
[2022.04.10-12.33.39:734][  0]LogShaderLibrary: Display: ShaderCodeLibraryPakFileMountedCallback: pending pak file info (ChunkID:-1 Root:root:/ File:C:/Program Files/Epic Games/UE_4.27/FeaturePacks/TP_Vehicle.upack)
[2022.04.10-12.33.39:734][  0]LogPakFile: OnPakFileMounted2Time == 0.000028
[2022.04.10-12.33.39:735][  0]LogPakFile: PakFile PrimaryIndexSize=186
[2022.04.10-12.33.39:735][  0]LogPakFile: PakFile PathHashIndexSize=101
[2022.04.10-12.33.39:735][  0]LogPakFile: PakFile FullDirectoryIndexSize=146
[2022.04.10-12.33.39:735][  0]LogShaderLibrary: Display: ShaderCodeLibraryPakFileMountedCallback: PakFile 'C:/Program Files/Epic Games/UE_4.27/FeaturePacks/TP_VehicleAdv.upack' (chunk index -1, root 'root:/') mounted
[2022.04.10-12.33.39:735][  0]LogShaderLibrary: Display: ShaderCodeLibraryPakFileMountedCallback: pending pak file info (ChunkID:-1 Root:root:/ File:C:/Program Files/Epic Games/UE_4.27/FeaturePacks/TP_VehicleAdv.upack)
[2022.04.10-12.33.39:735][  0]LogPakFile: OnPakFileMounted2Time == 0.000029
[2022.04.10-12.33.39:735][  0]LogPakFile: PakFile PrimaryIndexSize=188
[2022.04.10-12.33.39:735][  0]LogPakFile: PakFile PathHashIndexSize=101
[2022.04.10-12.33.39:735][  0]LogPakFile: PakFile FullDirectoryIndexSize=150
[2022.04.10-12.33.39:735][  0]LogShaderLibrary: Display: ShaderCodeLibraryPakFileMountedCallback: PakFile 'C:/Program Files/Epic Games/UE_4.27/FeaturePacks/TP_VehicleAdvBP.upack' (chunk index -1, root 'root:/') mounted
[2022.04.10-12.33.39:735][  0]LogShaderLibrary: Display: ShaderCodeLibraryPakFileMountedCallback: pending pak file info (ChunkID:-1 Root:root:/ File:C:/Program Files/Epic Games/UE_4.27/FeaturePacks/TP_VehicleAdvBP.upack)
[2022.04.10-12.33.39:735][  0]LogPakFile: OnPakFileMounted2Time == 0.000028
[2022.04.10-12.33.39:736][  0]LogPakFile: PakFile PrimaryIndexSize=185
[2022.04.10-12.33.39:736][  0]LogPakFile: PakFile PathHashIndexSize=101
[2022.04.10-12.33.39:736][  0]LogPakFile: PakFile FullDirectoryIndexSize=144
[2022.04.10-12.33.39:736][  0]LogShaderLibrary: Display: ShaderCodeLibraryPakFileMountedCallback: PakFile 'C:/Program Files/Epic Games/UE_4.27/FeaturePacks/TP_VehicleBP.upack' (chunk index -1, root 'root:/') mounted
[2022.04.10-12.33.39:736][  0]LogShaderLibrary: Display: ShaderCodeLibraryPakFileMountedCallback: pending pak file info (ChunkID:-1 Root:root:/ File:C:/Program Files/Epic Games/UE_4.27/FeaturePacks/TP_VehicleBP.upack)
[2022.04.10-12.33.39:736][  0]LogPakFile: OnPakFileMounted2Time == 0.000030
[2022.04.10-12.33.39:737][  0]LogPakFile: PakFile PrimaryIndexSize=192
[2022.04.10-12.33.39:737][  0]LogPakFile: PakFile PathHashIndexSize=101
[2022.04.10-12.33.39:737][  0]LogPakFile: PakFile FullDirectoryIndexSize=158
[2022.04.10-12.33.39:737][  0]LogShaderLibrary: Display: ShaderCodeLibraryPakFileMountedCallback: PakFile 'C:/Program Files/Epic Games/UE_4.27/FeaturePacks/TP_VirtualRealityBP.upack' (chunk index -1, root 'root:/') mounted
[2022.04.10-12.33.39:737][  0]LogShaderLibrary: Display: ShaderCodeLibraryPakFileMountedCallback: pending pak file info (ChunkID:-1 Root:root:/ File:C:/Program Files/Epic Games/UE_4.27/FeaturePacks/TP_VirtualRealityBP.upack)
[2022.04.10-12.33.39:737][  0]LogPakFile: OnPakFileMounted2Time == 0.000027
[2022.04.10-12.33.39:809][  0]LogNativeClassHierarchy: Verbose: Native class hierarchy updated for 'AddContentDialog' in 0.0002 seconds. Added 0 classes and 0 folders.
[2022.04.10-12.33.39:810][  0]LogNativeClassHierarchy: Verbose: Native class hierarchy updated for 'SceneOutliner' in 0.0002 seconds. Added 2 classes and 0 folders.
[2022.04.10-12.33.39:899][  0]LogSlate: Took 0.000371 seconds to synchronously load lazily loaded font '../../../Engine/Content/Editor/Slate/Fonts/FontAwesome.ttf' (139K)
[2022.04.10-12.33.39:900][  0]LogSlate: Took 0.000218 seconds to synchronously load lazily loaded font '../../../Engine/Content/Slate/Fonts/Roboto-Bold.ttf' (160K)
[2022.04.10-12.33.39:950][  0]LogRenderer: Reallocating scene render targets to support 756x416 Format 9 NumSamples 1 (Frame:1).
[2022.04.10-12.33.40:089][  0]LogNativeClassHierarchy: Verbose: Native class hierarchy updated for 'HierarchicalLODOutliner' in 0.0002 seconds. Added 0 classes and 0 folders.
[2022.04.10-12.33.40:089][  0]LogInput: Warning: Action Jump uses invalid key OculusGo_Left_Trigger_Click.
[2022.04.10-12.33.40:089][  0]LogInput: Warning: Action ResetVR uses invalid key OculusGo_Left_Trackpad_Click.
[2022.04.10-12.33.40:089][  0]LogInput: Warning: Use -RemoveInvalidKeys to remove instances of these keys from the action mapping.
[2022.04.10-12.33.40:089][  0]LogLoad: (Engine Initialization) Total time: 24.28 seconds
[2022.04.10-12.33.40:089][  0]LogLoad: (Engine Initialization) Total Blueprint compile time: 0.00 seconds
[2022.04.10-12.33.40:137][  0]LogAssetRegistry: Asset discovery search completed in 20.3417 seconds
[2022.04.10-12.33.40:142][  0]LogCollectionManager: Fixed up redirectors for 0 collections in 0.000003 seconds (updated 0 objects)
[2022.04.10-12.33.40:151][  0]LogContentStreaming: Texture pool size now 800 MB
[2022.04.10-12.33.40:355][  2]LogSlate: Took 0.000304 seconds to synchronously load lazily loaded font '../../../Engine/Content/Slate/Fonts/Roboto-Light.ttf' (167K)
[2022.04.10-12.33.52:821][397]LogContentBrowser: Deferred new asset file creation: NewWorld
[2022.04.10-12.33.52:831][397]LogContentBrowser: Creating deferred item: NewWorld
[2022.04.10-12.34.06:275][977]LogContentBrowser: Attempting asset rename: NewWorld -> TutorialLevel
[2022.04.10-12.34.06:279][977]LogContentBrowser: End creating deferred item NewWorld
[2022.04.10-12.34.10:240][409]LogUObjectHash: Compacting FUObjectHashTables data took   0.60ms
[2022.04.10-12.34.13:501][409]LogRHI: Error: Present Fail Count 1
[2022.04.10-12.34.13:501][409]LogRHI: Error: SyncInterval 0
[2022.04.10-12.34.13:501][409]LogRHI: Error: SwapChainDesc.BufferDesc.Width 503
[2022.04.10-12.34.13:501][409]LogRHI: Error: SwapChainDesc.BufferDesc.Height 95
[2022.04.10-12.34.13:501][409]LogRHI: Error: SwapChainDesc.BufferDesc.RefreshRate.Numerator 0
[2022.04.10-12.34.13:501][409]LogRHI: Error: SwapChainDesc.BufferDesc.RefreshRate.Denominator 0
[2022.04.10-12.34.13:501][409]LogRHI: Error: SwapChainDesc.BufferDesc.Format 24
[2022.04.10-12.34.13:501][409]LogRHI: Error: SwapChainDesc.BufferDesc.ScanlineOrdering 0
[2022.04.10-12.34.13:501][409]LogRHI: Error: SwapChainDesc.BufferDesc.Scaling 0
[2022.04.10-12.34.13:501][409]LogRHI: Error: SwapChainDesc.SampleDesc.Count 1
[2022.04.10-12.34.13:501][409]LogRHI: Error: SwapChainDesc.SampleDesc.Quality 0
[2022.04.10-12.34.13:501][409]LogRHI: Error: SwapChainDesc.BufferUsage 48
[2022.04.10-12.34.13:501][409]LogRHI: Error: SwapChainDesc.BufferCount 2
[2022.04.10-12.34.13:501][409]LogRHI: Error: SwapChainDesc.OutputWindow 0000000000E509D0
[2022.04.10-12.34.13:501][409]LogRHI: Error: SwapChainDesc.Windowed true
[2022.04.10-12.34.13:501][409]LogRHI: Error: SwapChainDesc.SwapEffect 4
[2022.04.10-12.34.13:501][409]LogRHI: Error: SwapChainDesc.Flags 2050
[2022.04.10-12.34.13:986][409]LogRHI: Error: Present Fail Count 1
[2022.04.10-12.34.13:986][409]LogRHI: Error: SyncInterval 0
[2022.04.10-12.34.13:986][409]LogRHI: Error: SwapChainDesc.BufferDesc.Width 915
[2022.04.10-12.34.13:986][409]LogRHI: Error: SwapChainDesc.BufferDesc.Height 651
[2022.04.10-12.34.13:986][409]LogRHI: Error: SwapChainDesc.BufferDesc.RefreshRate.Numerator 0
[2022.04.10-12.34.13:986][409]LogRHI: Error: SwapChainDesc.BufferDesc.RefreshRate.Denominator 0
[2022.04.10-12.34.13:986][409]LogRHI: Error: SwapChainDesc.BufferDesc.Format 24
[2022.04.10-12.34.13:986][409]LogRHI: Error: SwapChainDesc.BufferDesc.ScanlineOrdering 0
[2022.04.10-12.34.13:986][409]LogRHI: Error: SwapChainDesc.BufferDesc.Scaling 0
[2022.04.10-12.34.13:986][409]LogRHI: Error: SwapChainDesc.SampleDesc.Count 1
[2022.04.10-12.34.13:986][409]LogRHI: Error: SwapChainDesc.SampleDesc.Quality 0
[2022.04.10-12.34.13:986][409]LogRHI: Error: SwapChainDesc.BufferUsage 48
[2022.04.10-12.34.13:986][409]LogRHI: Error: SwapChainDesc.BufferCount 2
[2022.04.10-12.34.13:986][409]LogRHI: Error: SwapChainDesc.OutputWindow 00000000004D0C9C
[2022.04.10-12.34.13:986][409]LogRHI: Error: SwapChainDesc.Windowed true
[2022.04.10-12.34.13:986][409]LogRHI: Error: SwapChainDesc.SwapEffect 4
[2022.04.10-12.34.13:986][409]LogRHI: Error: SwapChainDesc.Flags 2050
