Log file open, 05/26/22 00:26:35
LogWindows: Failed to load 'aqProf.dll' (GetLastError=126)
LogWindows: File 'aqProf.dll' does not exist
LogWindows: Failed to load 'VtuneApi.dll' (GetLastError=126)
LogWindows: File 'VtuneApi.dll' does not exist
LogWindows: Failed to load 'VtuneApi32e.dll' (GetLastError=126)
LogWindows: File 'VtuneApi32e.dll' does not exist
LogConsoleResponse: Display: Failed to find resolution value strings in scalability ini. Falling back to default.
LogConsoleResponse: Display: Failed to find resolution value strings in scalability ini. Falling back to default.
LogInit: Display: Running engine for game: deadInsideTheDungeon
LogPlatformFile: Not using cached read wrapper
LogTaskGraph: Started task graph with 5 named threads and 23 total threads with 3 sets of task threads.
LogStats: Stats thread started at 0.309671
LogICUInternationalization: ICU TimeZone Detection - Raw Offset: +2:00, Platform Override: ''
LogInit: Display: Loading text-based GConfig....
LogPluginManager: Mounting plugin MeshPainting
LogPluginManager: Mounting plugin XGEController
LogPluginManager: Mounting plugin Paper2D
LogPluginManager: Mounting plugin LiveLink
LogPluginManager: Mounting plugin EnvironmentQueryEditor
LogPluginManager: Mounting plugin LightPropagationVolume
LogPluginManager: Mounting plugin GameplayCameras
LogPluginManager: Mounting plugin CameraShakePreviewer
LogPluginManager: Mounting plugin OodleData
LogPluginManager: Mounting plugin AnimationSharing
LogPluginManager: Mounting plugin OodleNetwork
LogPluginManager: Mounting plugin CodeLiteSourceCodeAccess
LogPluginManager: Mounting plugin CLionSourceCodeAccess
LogPluginManager: Mounting plugin GitSourceControl
LogPluginManager: Mounting plugin KDevelopSourceCodeAccess
LogPluginManager: Mounting plugin NullSourceCodeAccess
LogPluginManager: Mounting plugin PerforceSourceControl
LogPluginManager: Mounting plugin PixWinPlugin
LogPluginManager: Mounting plugin PlasticSourceControl
LogPluginManager: Mounting plugin PluginUtils
LogPluginManager: Mounting plugin PropertyAccessNode
LogPluginManager: Mounting plugin RiderSourceCodeAccess
LogPluginManager: Mounting plugin TextureFormatOodle
LogPluginManager: Mounting plugin AISupport
LogPluginManager: Mounting plugin UObjectPlugin
LogPluginManager: Mounting plugin VisualStudioCodeSourceCodeAccess
LogPluginManager: Mounting plugin VisualStudioSourceCodeAccess
LogPluginManager: Mounting plugin XCodeSourceCodeAccess
LogPluginManager: Mounting plugin SubversionSourceControl
LogPluginManager: Mounting plugin DatasmithContent
LogPluginManager: Mounting plugin VariantManagerContent
LogPluginManager: Mounting plugin AssetManagerEditor
LogPluginManager: Mounting plugin CryptoKeys
LogPluginManager: Mounting plugin CurveEditorTools
LogPluginManager: Mounting plugin DataValidation
LogPluginManager: Mounting plugin FacialAnimation
LogPluginManager: Mounting plugin GeometryMode
LogPluginManager: Mounting plugin GameplayTagsEditor
LogPluginManager: Mounting plugin MacGraphicsSwitching
LogPluginManager: Mounting plugin MaterialAnalyzer
LogPluginManager: Mounting plugin MobileLauncherProfileWizard
LogPluginManager: Mounting plugin PluginBrowser
LogPluginManager: Mounting plugin SpeedTreeImporter
LogPluginManager: Mounting plugin AlembicImporter
LogPluginManager: Mounting plugin BackChannel
LogPluginManager: Mounting plugin ChaosCloth
LogPluginManager: Mounting plugin ChaosClothEditor
LogPluginManager: Mounting plugin ChaosEditor
LogPluginManager: Mounting plugin ChaosNiagara
LogPluginManager: Mounting plugin CharacterAI
LogPluginManager: Mounting plugin ChaosSolverPlugin
LogPluginManager: Mounting plugin AutomationUtils
LogPluginManager: Mounting plugin GeometryProcessing
LogPluginManager: Mounting plugin Niagara
LogPluginManager: Mounting plugin GeometryCache
LogPluginManager: Mounting plugin MotoSynth
LogPluginManager: Mounting plugin OpenImageDenoise
LogPluginManager: Mounting plugin PlanarCut
LogPluginManager: Mounting plugin ProxyLODPlugin
LogPluginManager: Mounting plugin PythonScriptPlugin
LogPluginManager: Mounting plugin PlatformCrypto
LogPluginManager: Mounting plugin AndroidMedia
LogPluginManager: Mounting plugin AvfMedia
LogPluginManager: Mounting plugin LuminPlatformFeatures
LogPluginManager: Mounting plugin GeometryCollectionPlugin
LogPluginManager: Mounting plugin MagicLeap
LogPluginManager: Mounting plugin ImgMedia
LogPluginManager: Mounting plugin MediaCompositing
LogPluginManager: Mounting plugin MagicLeapLightEstimation
LogPluginManager: Mounting plugin MediaPlayerEditor
LogPluginManager: Mounting plugin MagicLeapMedia
LogPluginManager: Mounting plugin SkeletalReduction
LogPluginManager: Mounting plugin WebMMedia
LogPluginManager: Mounting plugin WmfMedia
LogPluginManager: Mounting plugin MagicLeapPassableWorld
LogPluginManager: Mounting plugin MLSDK
LogPluginManager: Mounting plugin TcpMessaging
LogPluginManager: Mounting plugin UdpMessaging
LogPluginManager: Mounting plugin ActorSequence
LogPluginManager: Mounting plugin LevelSequenceEditor
LogPluginManager: Mounting plugin MatineeToLevelSequence
LogPluginManager: Mounting plugin TemplateSequence
LogPluginManager: Mounting plugin OnlineSubsystem
LogPluginManager: Mounting plugin OnlineSubsystemNull
LogPluginManager: Mounting plugin OnlineSubsystemUtils
LogPluginManager: Mounting plugin LauncherChunkInstaller
LogPluginManager: Mounting plugin ActorLayerUtilities
LogPluginManager: Mounting plugin AndroidDeviceProfileSelector
LogPluginManager: Mounting plugin AndroidMoviePlayer
LogPluginManager: Mounting plugin AndroidPermission
LogPluginManager: Mounting plugin AppleMoviePlayer
LogPluginManager: Mounting plugin AppleImageUtils
LogPluginManager: Mounting plugin AssetTags
LogPluginManager: Mounting plugin ArchVisCharacter
LogPluginManager: Mounting plugin AudioCapture
LogPluginManager: Mounting plugin AudioSynesthesia
LogPluginManager: Mounting plugin CableComponent
LogPluginManager: Mounting plugin ChunkDownloader
LogPluginManager: Mounting plugin CustomMeshComponent
LogPluginManager: Mounting plugin EditableMesh
LogPluginManager: Mounting plugin ExampleDeviceProfileSelector
LogPluginManager: Mounting plugin ScreenshotTools
LogPluginManager: Mounting plugin GooglePAD
LogPluginManager: Mounting plugin GoogleCloudMessaging
LogPluginManager: Mounting plugin IOSDeviceProfileSelector
LogPluginManager: Mounting plugin LinuxDeviceProfileSelector
LogPluginManager: Mounting plugin LocationServicesBPLibrary
LogPluginManager: Mounting plugin MobilePatchingUtils
LogPluginManager: Mounting plugin OpenXR
LogPluginManager: Mounting plugin OpenXREyeTracker
LogPluginManager: Mounting plugin Takes
LogPluginManager: Mounting plugin OpenXRHandTracking
LogPluginManager: Mounting plugin PostSplashScreen
LogPluginManager: Mounting plugin PhysXVehicles
LogPluginManager: Mounting plugin ProceduralMeshComponent
LogPluginManager: Mounting plugin PropertyAccessEditor
LogPluginManager: Mounting plugin RuntimePhysXCooking
LogPluginManager: Mounting plugin SignificanceManager
LogPluginManager: Mounting plugin SoundFields
LogPluginManager: Mounting plugin Synthesis
LogPluginManager: Mounting plugin WebMMoviePlayer
LogPluginManager: Mounting plugin WindowsMoviePlayer
LogPluginManager: Mounting plugin ContentBrowserAssetDataSource
LogPluginManager: Mounting plugin ContentBrowserFileDataSource
LogPluginManager: Mounting plugin ContentBrowserClassDataSource
LogPluginManager: Mounting plugin OnlineSubsystemGooglePlay
LogPluginManager: Mounting plugin OnlineSubsystemIOS
LogPluginManager: Mounting plugin OculusVR
LogPluginManager: Mounting plugin SteamVR
PixWinPlugin: PIX capture plugin failed to initialize! Check that the process is launched from PIX.
LogInit: Using libcurl 7.55.1-DEV
LogInit:  - built for x86_64-pc-win32
LogInit:  - supports SSL with OpenSSL/1.1.1
LogInit:  - supports HTTP deflate (compression) using libz 1.2.8
LogInit:  - other features:
LogInit:      CURL_VERSION_SSL
LogInit:      CURL_VERSION_LIBZ
LogInit:      CURL_VERSION_IPV6
LogInit:      CURL_VERSION_ASYNCHDNS
LogInit:      CURL_VERSION_LARGEFILE
LogInit:      CURL_VERSION_IDN
LogInit:  CurlRequestOptions (configurable via config and command line):
LogInit:  - bVerifyPeer = true  - Libcurl will verify peer certificate
LogInit:  - bUseHttpProxy = false  - Libcurl will NOT use HTTP proxy
LogInit:  - bDontReuseConnections = false  - Libcurl will reuse connections
LogInit:  - MaxHostConnections = 16  - Libcurl will limit the number of connections to a host
LogInit:  - LocalHostAddr = Default
LogInit:  - BufferSize = 65536
LogOnline: OSS: Creating online subsystem instance for: NULL
LogInit: WinSock: version 1.1 (2.2), MaxSocks=32767, MaxUdp=65467
LogOnline: OSS: TryLoadSubsystemAndSetDefault: Loaded subsystem for module [NULL]
LogOculusPluginWrapper: OculusPlugin initialized successfully
LogHMD: Failed initializing OVRPlugin 1.59.0
LogInit: Build: ++UE4+Release-4.27-CL-18319896
LogInit: Engine Version: 4.27.2-18319896+++UE4+Release-4.27
LogInit: Compatible Engine Version: 4.27.0-17155196+++UE4+Release-4.27
LogInit: Net CL: 17155196
LogInit: OS: Windows 10 (Release 2009) (), CPU: 11th Gen Intel(R) Core(TM) i5-1135G7 @ 2.40GHz, GPU: Intel(R) Iris(R) Xe Graphics
LogInit: Compiled (64-bit): Nov 30 2021 07:12:08
LogInit: Compiled with Visual C++: 19.24.28315.00
LogInit: Build Configuration: Development
LogInit: Branch Name: ++UE4+Release-4.27
LogInit: Command Line:  /Game/ThirdPersonBP/Maps/Main_menu -game -PIEVIACONSOLE -Multiprocess GameUserSettingsINI=C:/Users/r.zuietir/Documents/GitHub/deadInsideTheDungeon/deadInsideTheDungeon/Saved/Config/Windows/PIEGameUserSettings0.ini -MultiprocessSaveConfig -forcepassthrough -messaging -SessionName="Play in Standalone Game" -windowed -ResX=1280 -ResY=720
LogInit: Base Directory: C:/Program Files/Epic Games/UE_4.27/Engine/Binaries/Win64/
LogInit: Allocator: TBB
LogInit: Installed Engine Build: 1
LogDevObjectVersion: Number of dev versions registered: 29
LogDevObjectVersion:   Dev-Blueprints (B0D832E4-1F89-4F0D-ACCF-7EB736FD4AA2): 10
LogDevObjectVersion:   Dev-Build (E1C64328-A22C-4D53-A36C-8E866417BD8C): 0
LogDevObjectVersion:   Dev-Core (375EC13C-06E4-48FB-B500-84F0262A717E): 4
LogDevObjectVersion:   Dev-Editor (E4B068ED-F494-42E9-A231-DA0B2E46BB41): 40
LogDevObjectVersion:   Dev-Framework (CFFC743F-43B0-4480-9391-14DF171D2073): 37
LogDevObjectVersion:   Dev-Mobile (B02B49B5-BB20-44E9-A304-32B752E40360): 3
LogDevObjectVersion:   Dev-Networking (A4E4105C-59A1-49B5-A7C5-40C4547EDFEE): 0
LogDevObjectVersion:   Dev-Online (39C831C9-5AE6-47DC-9A44-9C173E1C8E7C): 0
LogDevObjectVersion:   Dev-Physics (78F01B33-EBEA-4F98-B9B4-84EACCB95AA2): 14
LogDevObjectVersion:   Dev-Platform (6631380F-2D4D-43E0-8009-CF276956A95A): 0
LogDevObjectVersion:   Dev-Rendering (12F88B9F-8875-4AFC-A67C-D90C383ABD29): 45
LogDevObjectVersion:   Dev-Sequencer (7B5AE74C-D270-4C10-A958-57980B212A5A): 13
LogDevObjectVersion:   Dev-VR (D7296918-1DD6-4BDD-9DE2-64A83CC13884): 3
LogDevObjectVersion:   Dev-LoadTimes (C2A15278-BFE7-4AFE-6C17-90FF531DF755): 1
LogDevObjectVersion:   Private-Geometry (6EACA3D4-40EC-4CC1-B786-8BED09428FC5): 3
LogDevObjectVersion:   Dev-AnimPhys (29E575DD-E0A3-4627-9D10-D276232CDCEA): 17
LogDevObjectVersion:   Dev-Anim (AF43A65D-7FD3-4947-9873-3E8ED9C1BB05): 15
LogDevObjectVersion:   Dev-ReflectionCapture (6B266CEC-1EC7-4B8F-A30B-E4D90942FC07): 1
LogDevObjectVersion:   Dev-Automation (0DF73D61-A23F-47EA-B727-89E90C41499A): 1
LogDevObjectVersion:   FortniteMain (601D1886-AC64-4F84-AA16-D3DE0DEAC7D6): 47
LogDevObjectVersion:   FortniteRelease (E7086368-6B23-4C58-8439-1B7016265E91): 1
LogDevObjectVersion:   Dev-Enterprise (9DFFBCD6-494F-0158-E221-12823C92A888): 10
LogDevObjectVersion:   Dev-Niagara (F2AED0AC-9AFE-416F-8664-AA7FFA26D6FC): 1
LogDevObjectVersion:   Dev-Destruction (174F1F0B-B4C6-45A5-B13F-2EE8D0FB917D): 10
LogDevObjectVersion:   Dev-Physics-Ext (35F94A83-E258-406C-A318-09F59610247C): 41
LogDevObjectVersion:   Dev-PhysicsMaterial-Chaos (B68FC16E-8B1B-42E2-B453-215C058844FE): 1
LogDevObjectVersion:   Dev-CineCamera (B2E18506-4273-CFC2-A54E-F4BB758BBA07): 1
LogDevObjectVersion:   Dev-VirtualProduction (64F58936-FD1B-42BA-BA96-7289D5D0FA4E): 1
LogDevObjectVersion:   Dev-MediaFramework (6F0ED827-A609-4895-9C91-998D90180EA4): 2
LogInit: Presizing for max 25165824 objects, including 0 objects not considered by GC, pre-allocating 0 bytes for permanent pool.
LogConfig: Applying CVar settings from Section [/Script/Engine.StreamingSettings] File [C:/Users/r.zuietir/Documents/GitHub/deadInsideTheDungeon/deadInsideTheDungeon/Saved/Config/Windows/Engine.ini]
LogConfig: Setting CVar [[s.MinBulkDataSizeForAsyncLoading:131072]]
LogConfig: Setting CVar [[s.AsyncLoadingThreadEnabled:0]]
LogConfig: Setting CVar [[s.EventDrivenLoaderEnabled:1]]
LogConfig: Setting CVar [[s.WarnIfTimeLimitExceeded:0]]
LogConfig: Setting CVar [[s.TimeLimitExceededMultiplier:1.5]]
LogConfig: Setting CVar [[s.TimeLimitExceededMinTime:0.005]]
LogConfig: Setting CVar [[s.UseBackgroundLevelStreaming:1]]
LogConfig: Setting CVar [[s.PriorityAsyncLoadingExtraTime:15.0]]
LogConfig: Setting CVar [[s.LevelStreamingActorsUpdateTimeLimit:5.0]]
LogConfig: Setting CVar [[s.PriorityLevelStreamingActorsUpdateExtraTime:5.0]]
LogConfig: Setting CVar [[s.LevelStreamingComponentsRegistrationGranularity:10]]
LogConfig: Setting CVar [[s.UnregisterComponentsTimeLimit:1.0]]
LogConfig: Setting CVar [[s.LevelStreamingComponentsUnregistrationGranularity:5]]
LogConfig: Setting CVar [[s.FlushStreamingOnExit:1]]
LogInit: Object subsystem initialized
LogConfig: Setting CVar [[con.DebugEarlyDefault:1]]
LogConfig: Setting CVar [[r.setres:1280x720]]
[2022.05.25-21.26.36:582][  0]LogConfig: Setting CVar [[con.DebugEarlyDefault:1]]
[2022.05.25-21.26.36:582][  0]LogConfig: Setting CVar [[r.setres:1280x720]]
[2022.05.25-21.26.36:582][  0]LogConfig: Applying CVar settings from Section [/Script/Engine.RendererSettings] File [C:/Users/r.zuietir/Documents/GitHub/deadInsideTheDungeon/deadInsideTheDungeon/Saved/Config/Windows/Engine.ini]
[2022.05.25-21.26.36:582][  0]LogConfig: Setting CVar [[r.GPUCrashDebugging:0]]
[2022.05.25-21.26.36:582][  0]LogConfig: Applying CVar settings from Section [/Script/Engine.RendererOverrideSettings] File [C:/Users/r.zuietir/Documents/GitHub/deadInsideTheDungeon/deadInsideTheDungeon/Saved/Config/Windows/Engine.ini]
[2022.05.25-21.26.36:582][  0]LogConfig: Applying CVar settings from Section [/Script/Engine.StreamingSettings] File [C:/Users/r.zuietir/Documents/GitHub/deadInsideTheDungeon/deadInsideTheDungeon/Saved/Config/Windows/Engine.ini]
[2022.05.25-21.26.36:582][  0]LogConfig: Setting CVar [[s.MinBulkDataSizeForAsyncLoading:131072]]
[2022.05.25-21.26.36:583][  0]LogConfig: Setting CVar [[s.AsyncLoadingThreadEnabled:0]]
[2022.05.25-21.26.36:583][  0]LogConfig: Setting CVar [[s.EventDrivenLoaderEnabled:1]]
[2022.05.25-21.26.36:583][  0]LogConfig: Setting CVar [[s.WarnIfTimeLimitExceeded:0]]
[2022.05.25-21.26.36:583][  0]LogConfig: Setting CVar [[s.TimeLimitExceededMultiplier:1.5]]
[2022.05.25-21.26.36:583][  0]LogConfig: Setting CVar [[s.TimeLimitExceededMinTime:0.005]]
[2022.05.25-21.26.36:583][  0]LogConfig: Setting CVar [[s.UseBackgroundLevelStreaming:1]]
[2022.05.25-21.26.36:583][  0]LogConfig: Setting CVar [[s.PriorityAsyncLoadingExtraTime:15.0]]
[2022.05.25-21.26.36:583][  0]LogConfig: Setting CVar [[s.LevelStreamingActorsUpdateTimeLimit:5.0]]
[2022.05.25-21.26.36:583][  0]LogConfig: Setting CVar [[s.PriorityLevelStreamingActorsUpdateExtraTime:5.0]]
[2022.05.25-21.26.36:583][  0]LogConfig: Setting CVar [[s.LevelStreamingComponentsRegistrationGranularity:10]]
[2022.05.25-21.26.36:583][  0]LogConfig: Setting CVar [[s.UnregisterComponentsTimeLimit:1.0]]
[2022.05.25-21.26.36:583][  0]LogConfig: Setting CVar [[s.LevelStreamingComponentsUnregistrationGranularity:5]]
[2022.05.25-21.26.36:583][  0]LogConfig: Setting CVar [[s.FlushStreamingOnExit:1]]
[2022.05.25-21.26.36:583][  0]LogConfig: Applying CVar settings from Section [/Script/Engine.GarbageCollectionSettings] File [C:/Users/r.zuietir/Documents/GitHub/deadInsideTheDungeon/deadInsideTheDungeon/Saved/Config/Windows/Engine.ini]
[2022.05.25-21.26.36:583][  0]LogConfig: Setting CVar [[gc.MaxObjectsNotConsideredByGC:1]]
[2022.05.25-21.26.36:583][  0]LogConfig: Setting CVar [[gc.SizeOfPermanentObjectPool:0]]
[2022.05.25-21.26.36:583][  0]LogConfig: Setting CVar [[gc.FlushStreamingOnGC:0]]
[2022.05.25-21.26.36:583][  0]LogConfig: Setting CVar [[gc.NumRetriesBeforeForcingGC:10]]
[2022.05.25-21.26.36:583][  0]LogConfig: Setting CVar [[gc.AllowParallelGC:1]]
[2022.05.25-21.26.36:583][  0]LogConfig: Setting CVar [[gc.TimeBetweenPurgingPendingKillObjects:61.1]]
[2022.05.25-21.26.36:583][  0]LogConfig: Setting CVar [[gc.MaxObjectsInEditor:25165824]]
[2022.05.25-21.26.36:583][  0]LogConfig: Setting CVar [[gc.IncrementalBeginDestroyEnabled:1]]
[2022.05.25-21.26.36:583][  0]LogConfig: Setting CVar [[gc.CreateGCClusters:1]]
[2022.05.25-21.26.36:583][  0]LogConfig: Setting CVar [[gc.MinGCClusterSize:5]]
[2022.05.25-21.26.36:583][  0]LogConfig: Setting CVar [[gc.ActorClusteringEnabled:0]]
[2022.05.25-21.26.36:583][  0]LogConfig: Setting CVar [[gc.BlueprintClusteringEnabled:0]]
[2022.05.25-21.26.36:583][  0]LogConfig: Setting CVar [[gc.UseDisregardForGCOnDedicatedServers:0]]
[2022.05.25-21.26.36:583][  0]LogConfig: Setting CVar [[gc.MultithreadedDestructionEnabled:1]]
[2022.05.25-21.26.36:583][  0]LogConfig: Applying CVar settings from Section [/Script/Engine.NetworkSettings] File [C:/Users/r.zuietir/Documents/GitHub/deadInsideTheDungeon/deadInsideTheDungeon/Saved/Config/Windows/Engine.ini]
[2022.05.25-21.26.36:583][  0]LogConfig: Applying CVar settings from Section [/Script/UnrealEd.CookerSettings] File [C:/Users/r.zuietir/Documents/GitHub/deadInsideTheDungeon/deadInsideTheDungeon/Saved/Config/Windows/Engine.ini]
[2022.05.25-21.26.36:593][  0]LogConfig: Applying CVar settings from Section [ViewDistanceQuality@3] File [C:/Users/r.zuietir/Documents/GitHub/deadInsideTheDungeon/deadInsideTheDungeon/Saved/Config/Windows/Scalability.ini]
[2022.05.25-21.26.36:593][  0]LogConfig: Setting CVar [[r.SkeletalMeshLODBias:0]]
[2022.05.25-21.26.36:593][  0]LogConfig: Setting CVar [[r.ViewDistanceScale:1.0]]
[2022.05.25-21.26.36:593][  0]LogConfig: Applying CVar settings from Section [AntiAliasingQuality@3] File [C:/Users/r.zuietir/Documents/GitHub/deadInsideTheDungeon/deadInsideTheDungeon/Saved/Config/Windows/Scalability.ini]
[2022.05.25-21.26.36:593][  0]LogConfig: Setting CVar [[r.PostProcessAAQuality:4]]
[2022.05.25-21.26.36:593][  0]LogConfig: Applying CVar settings from Section [ShadowQuality@3] File [C:/Users/r.zuietir/Documents/GitHub/deadInsideTheDungeon/deadInsideTheDungeon/Saved/Config/Windows/Scalability.ini]
[2022.05.25-21.26.36:593][  0]LogConfig: Setting CVar [[r.LightFunctionQuality:1]]
[2022.05.25-21.26.36:593][  0]LogConfig: Setting CVar [[r.ShadowQuality:5]]
[2022.05.25-21.26.36:593][  0]LogConfig: Setting CVar [[r.Shadow.CSM.MaxCascades:10]]
[2022.05.25-21.26.36:593][  0]LogConfig: Setting CVar [[r.Shadow.MaxResolution:2048]]
[2022.05.25-21.26.36:593][  0]LogConfig: Setting CVar [[r.Shadow.MaxCSMResolution:2048]]
[2022.05.25-21.26.36:593][  0]LogConfig: Setting CVar [[r.Shadow.RadiusThreshold:0.01]]
[2022.05.25-21.26.36:593][  0]LogConfig: Setting CVar [[r.Shadow.DistanceScale:1.0]]
[2022.05.25-21.26.36:593][  0]LogConfig: Setting CVar [[r.Shadow.CSM.TransitionScale:1.0]]
[2022.05.25-21.26.36:593][  0]LogConfig: Setting CVar [[r.Shadow.PreShadowResolutionFactor:1.0]]
[2022.05.25-21.26.36:593][  0]LogConfig: Setting CVar [[r.DistanceFieldShadowing:1]]
[2022.05.25-21.26.36:593][  0]LogConfig: Setting CVar [[r.DistanceFieldAO:1]]
[2022.05.25-21.26.36:593][  0]LogConfig: Setting CVar [[r.AOQuality:2]]
[2022.05.25-21.26.36:593][  0]LogConfig: Setting CVar [[r.VolumetricFog:1]]
[2022.05.25-21.26.36:593][  0]LogConfig: Setting CVar [[r.VolumetricFog.GridPixelSize:8]]
[2022.05.25-21.26.36:593][  0]LogConfig: Setting CVar [[r.VolumetricFog.GridSizeZ:128]]
[2022.05.25-21.26.36:593][  0]LogConfig: Setting CVar [[r.VolumetricFog.HistoryMissSupersampleCount:4]]
[2022.05.25-21.26.36:593][  0]LogConfig: Setting CVar [[r.LightMaxDrawDistanceScale:1]]
[2022.05.25-21.26.36:593][  0]LogConfig: Setting CVar [[r.CapsuleShadows:1]]
[2022.05.25-21.26.36:594][  0]LogConfig: Applying CVar settings from Section [PostProcessQuality@3] File [C:/Users/r.zuietir/Documents/GitHub/deadInsideTheDungeon/deadInsideTheDungeon/Saved/Config/Windows/Scalability.ini]
[2022.05.25-21.26.36:594][  0]LogConfig: Setting CVar [[r.MotionBlurQuality:4]]
[2022.05.25-21.26.36:594][  0]LogConfig: Setting CVar [[r.AmbientOcclusionMipLevelFactor:0.4]]
[2022.05.25-21.26.36:594][  0]LogConfig: Setting CVar [[r.AmbientOcclusionMaxQuality:100]]
[2022.05.25-21.26.36:594][  0]LogConfig: Setting CVar [[r.AmbientOcclusionLevels:-1]]
[2022.05.25-21.26.36:594][  0]LogConfig: Setting CVar [[r.AmbientOcclusionRadiusScale:1.0]]
[2022.05.25-21.26.36:594][  0]LogConfig: Setting CVar [[r.DepthOfFieldQuality:2]]
[2022.05.25-21.26.36:594][  0]LogConfig: Setting CVar [[r.RenderTargetPoolMin:400]]
[2022.05.25-21.26.36:594][  0]LogConfig: Setting CVar [[r.LensFlareQuality:2]]
[2022.05.25-21.26.36:594][  0]LogConfig: Setting CVar [[r.SceneColorFringeQuality:1]]
[2022.05.25-21.26.36:594][  0]LogConfig: Setting CVar [[r.EyeAdaptationQuality:2]]
[2022.05.25-21.26.36:594][  0]LogConfig: Setting CVar [[r.BloomQuality:5]]
[2022.05.25-21.26.36:594][  0]LogConfig: Setting CVar [[r.FastBlurThreshold:100]]
[2022.05.25-21.26.36:594][  0]LogConfig: Setting CVar [[r.Upscale.Quality:3]]
[2022.05.25-21.26.36:594][  0]LogConfig: Setting CVar [[r.Tonemapper.GrainQuantization:1]]
[2022.05.25-21.26.36:594][  0]LogConfig: Setting CVar [[r.LightShaftQuality:1]]
[2022.05.25-21.26.36:594][  0]LogConfig: Setting CVar [[r.Filter.SizeScale:1]]
[2022.05.25-21.26.36:594][  0]LogConfig: Setting CVar [[r.Tonemapper.Quality:5]]
[2022.05.25-21.26.36:594][  0]LogConfig: Setting CVar [[r.DOF.Gather.AccumulatorQuality:1        ; higher gathering accumulator quality]]
[2022.05.25-21.26.36:594][  0]LogConfig: Setting CVar [[r.DOF.Gather.PostfilterMethod:1          ; Median3x3 postfilering method]]
[2022.05.25-21.26.36:594][  0]LogConfig: Setting CVar [[r.DOF.Gather.EnableBokehSettings:0       ; no bokeh simulation when gathering]]
[2022.05.25-21.26.36:594][  0]LogConfig: Setting CVar [[r.DOF.Gather.RingCount:4                 ; medium number of samples when gathering]]
[2022.05.25-21.26.36:594][  0]LogConfig: Setting CVar [[r.DOF.Scatter.ForegroundCompositing:1    ; additive foreground scattering]]
[2022.05.25-21.26.36:594][  0]LogConfig: Setting CVar [[r.DOF.Scatter.BackgroundCompositing:2    ; additive background scattering]]
[2022.05.25-21.26.36:594][  0]LogConfig: Setting CVar [[r.DOF.Scatter.EnableBokehSettings:1      ; bokeh simulation when scattering]]
[2022.05.25-21.26.36:594][  0]LogConfig: Setting CVar [[r.DOF.Scatter.MaxSpriteRatio:0.1         ; only a maximum of 10% of scattered bokeh]]
[2022.05.25-21.26.36:594][  0]LogConfig: Setting CVar [[r.DOF.Recombine.Quality:1                ; cheap slight out of focus]]
[2022.05.25-21.26.36:594][  0]LogConfig: Setting CVar [[r.DOF.Recombine.EnableBokehSettings:0    ; no bokeh simulation on slight out of focus]]
[2022.05.25-21.26.36:594][  0]LogConfig: Setting CVar [[r.DOF.TemporalAAQuality:1                ; more stable temporal accumulation]]
[2022.05.25-21.26.36:594][  0]LogConfig: Setting CVar [[r.DOF.Kernel.MaxForegroundRadius:0.025]]
[2022.05.25-21.26.36:594][  0]LogConfig: Setting CVar [[r.DOF.Kernel.MaxBackgroundRadius:0.025]]
[2022.05.25-21.26.36:594][  0]LogConfig: Applying CVar settings from Section [TextureQuality@3] File [C:/Users/r.zuietir/Documents/GitHub/deadInsideTheDungeon/deadInsideTheDungeon/Saved/Config/Windows/Scalability.ini]
[2022.05.25-21.26.36:594][  0]LogConfig: Setting CVar [[r.Streaming.MipBias:0]]
[2022.05.25-21.26.36:594][  0]LogConfig: Setting CVar [[r.Streaming.AmortizeCPUToGPUCopy:0]]
[2022.05.25-21.26.36:594][  0]LogConfig: Setting CVar [[r.Streaming.MaxNumTexturesToStreamPerFrame:0]]
[2022.05.25-21.26.36:594][  0]LogConfig: Setting CVar [[r.Streaming.Boost:1]]
[2022.05.25-21.26.36:594][  0]LogConfig: Setting CVar [[r.MaxAnisotropy:8]]
[2022.05.25-21.26.36:594][  0]LogConfig: Setting CVar [[r.VT.MaxAnisotropy:8]]
[2022.05.25-21.26.36:594][  0]LogConfig: Setting CVar [[r.Streaming.LimitPoolSizeToVRAM:0]]
[2022.05.25-21.26.36:594][  0]LogConfig: Setting CVar [[r.Streaming.PoolSize:1000]]
[2022.05.25-21.26.36:594][  0]LogConfig: Setting CVar [[r.Streaming.MaxEffectiveScreenSize:0]]
[2022.05.25-21.26.36:594][  0]LogConfig: Applying CVar settings from Section [EffectsQuality@3] File [C:/Users/r.zuietir/Documents/GitHub/deadInsideTheDungeon/deadInsideTheDungeon/Saved/Config/Windows/Scalability.ini]
[2022.05.25-21.26.36:594][  0]LogConfig: Setting CVar [[r.TranslucencyLightingVolumeDim:64]]
[2022.05.25-21.26.36:594][  0]LogConfig: Setting CVar [[r.RefractionQuality:2]]
[2022.05.25-21.26.36:594][  0]LogConfig: Setting CVar [[r.SSR.Quality:3]]
[2022.05.25-21.26.36:594][  0]LogConfig: Setting CVar [[r.SSR.HalfResSceneColor:0]]
[2022.05.25-21.26.36:594][  0]LogConfig: Setting CVar [[r.SceneColorFormat:4]]
[2022.05.25-21.26.36:594][  0]LogConfig: Setting CVar [[r.DetailMode:2]]
[2022.05.25-21.26.36:594][  0]LogConfig: Setting CVar [[r.TranslucencyVolumeBlur:1]]
[2022.05.25-21.26.36:594][  0]LogConfig: Setting CVar [[r.MaterialQualityLevel:1 ; High quality]]
[2022.05.25-21.26.36:594][  0]LogConfig: Setting CVar [[r.AnisotropicMaterials:1]]
[2022.05.25-21.26.36:594][  0]LogConfig: Setting CVar [[r.SSS.Scale:1]]
[2022.05.25-21.26.36:594][  0]LogConfig: Setting CVar [[r.SSS.SampleSet:2]]
[2022.05.25-21.26.36:594][  0]LogConfig: Setting CVar [[r.SSS.Quality:1]]
[2022.05.25-21.26.36:594][  0]LogConfig: Setting CVar [[r.SSS.HalfRes:0]]
[2022.05.25-21.26.36:594][  0]LogConfig: Setting CVar [[r.SSGI.Quality:3]]
[2022.05.25-21.26.36:594][  0]LogConfig: Setting CVar [[r.EmitterSpawnRateScale:1.0]]
[2022.05.25-21.26.36:594][  0]LogConfig: Setting CVar [[r.ParticleLightQuality:2]]
[2022.05.25-21.26.36:594][  0]LogConfig: Setting CVar [[r.SkyAtmosphere.AerialPerspectiveLUT.FastApplyOnOpaque:1 ; Always have FastSkyLUT 1 in this case to avoid wrong sky]]
[2022.05.25-21.26.36:594][  0]LogConfig: Setting CVar [[r.SkyAtmosphere.AerialPerspectiveLUT.SampleCountMaxPerSlice:4]]
[2022.05.25-21.26.36:594][  0]LogConfig: Setting CVar [[r.SkyAtmosphere.AerialPerspectiveLUT.DepthResolution:16.0]]
[2022.05.25-21.26.36:594][  0]LogConfig: Setting CVar [[r.SkyAtmosphere.FastSkyLUT:1]]
[2022.05.25-21.26.36:594][  0]LogConfig: Setting CVar [[r.SkyAtmosphere.FastSkyLUT.SampleCountMin:4.0]]
[2022.05.25-21.26.36:594][  0]LogConfig: Setting CVar [[r.SkyAtmosphere.FastSkyLUT.SampleCountMax:128.0]]
[2022.05.25-21.26.36:594][  0]LogConfig: Setting CVar [[r.SkyAtmosphere.SampleCountMin:4.0]]
[2022.05.25-21.26.36:594][  0]LogConfig: Setting CVar [[r.SkyAtmosphere.SampleCountMax:128.0]]
[2022.05.25-21.26.36:594][  0]LogConfig: Setting CVar [[r.SkyAtmosphere.TransmittanceLUT.UseSmallFormat:0]]
[2022.05.25-21.26.36:594][  0]LogConfig: Setting CVar [[r.SkyAtmosphere.TransmittanceLUT.SampleCount:10.0]]
[2022.05.25-21.26.36:594][  0]LogConfig: Setting CVar [[r.SkyAtmosphere.MultiScatteringLUT.SampleCount:15.0]]
[2022.05.25-21.26.36:594][  0]LogConfig: Setting CVar [[r.SkyLight.RealTimeReflectionCapture:1]]
[2022.05.25-21.26.36:594][  0]LogConfig: Applying CVar settings from Section [FoliageQuality@3] File [C:/Users/r.zuietir/Documents/GitHub/deadInsideTheDungeon/deadInsideTheDungeon/Saved/Config/Windows/Scalability.ini]
[2022.05.25-21.26.36:594][  0]LogConfig: Setting CVar [[foliage.DensityScale:1.0]]
[2022.05.25-21.26.36:594][  0]LogConfig: Setting CVar [[grass.DensityScale:1.0]]
[2022.05.25-21.26.36:594][  0]LogConfig: Applying CVar settings from Section [ShadingQuality@3] File [C:/Users/r.zuietir/Documents/GitHub/deadInsideTheDungeon/deadInsideTheDungeon/Saved/Config/Windows/Scalability.ini]
[2022.05.25-21.26.36:594][  0]LogConfig: Setting CVar [[r.HairStrands.SkyLighting.IntegrationType:2]]
[2022.05.25-21.26.36:594][  0]LogConfig: Setting CVar [[r.HairStrands.SkyAO.SampleCount:4]]
[2022.05.25-21.26.36:594][  0]LogConfig: Setting CVar [[r.HairStrands.Visibility.MSAA.SamplePerPixel:4]]
[2022.05.25-21.26.36:594][  0]LogInit: Selected Device Profile: [Windows]
[2022.05.25-21.26.36:594][  0]LogInit: Applying CVar settings loaded from the selected device profile: [Windows]
[2022.05.25-21.26.36:594][  0]LogHAL: Display: Platform has ~ 16 GB [16934494208 / 17179869184 / 16], which maps to Larger [LargestMinGB=32, LargerMinGB=12, DefaultMinGB=8, SmallerMinGB=6, SmallestMinGB=0)
[2022.05.25-21.26.36:594][  0]LogInit: Going up to parent DeviceProfile []
[2022.05.25-21.26.36:595][  0]LogConfig: Applying CVar settings from Section [ViewDistanceQuality@3] File [C:/Users/r.zuietir/Documents/GitHub/deadInsideTheDungeon/deadInsideTheDungeon/Saved/Config/Windows/Scalability.ini]
[2022.05.25-21.26.36:595][  0]LogConfig: Setting CVar [[r.SkeletalMeshLODBias:0]]
[2022.05.25-21.26.36:595][  0]LogConfig: Setting CVar [[r.ViewDistanceScale:1.0]]
[2022.05.25-21.26.36:595][  0]LogConfig: Applying CVar settings from Section [AntiAliasingQuality@3] File [C:/Users/r.zuietir/Documents/GitHub/deadInsideTheDungeon/deadInsideTheDungeon/Saved/Config/Windows/Scalability.ini]
[2022.05.25-21.26.36:595][  0]LogConfig: Setting CVar [[r.PostProcessAAQuality:4]]
[2022.05.25-21.26.36:595][  0]LogConfig: Applying CVar settings from Section [ShadowQuality@3] File [C:/Users/r.zuietir/Documents/GitHub/deadInsideTheDungeon/deadInsideTheDungeon/Saved/Config/Windows/Scalability.ini]
[2022.05.25-21.26.36:595][  0]LogConfig: Setting CVar [[r.LightFunctionQuality:1]]
[2022.05.25-21.26.36:595][  0]LogConfig: Setting CVar [[r.ShadowQuality:5]]
[2022.05.25-21.26.36:595][  0]LogConfig: Setting CVar [[r.Shadow.CSM.MaxCascades:10]]
[2022.05.25-21.26.36:595][  0]LogConfig: Setting CVar [[r.Shadow.MaxResolution:2048]]
[2022.05.25-21.26.36:595][  0]LogConfig: Setting CVar [[r.Shadow.MaxCSMResolution:2048]]
[2022.05.25-21.26.36:595][  0]LogConfig: Setting CVar [[r.Shadow.RadiusThreshold:0.01]]
[2022.05.25-21.26.36:595][  0]LogConfig: Setting CVar [[r.Shadow.DistanceScale:1.0]]
[2022.05.25-21.26.36:595][  0]LogConfig: Setting CVar [[r.Shadow.CSM.TransitionScale:1.0]]
[2022.05.25-21.26.36:595][  0]LogConfig: Setting CVar [[r.Shadow.PreShadowResolutionFactor:1.0]]
[2022.05.25-21.26.36:595][  0]LogConfig: Setting CVar [[r.DistanceFieldShadowing:1]]
[2022.05.25-21.26.36:595][  0]LogConfig: Setting CVar [[r.DistanceFieldAO:1]]
[2022.05.25-21.26.36:595][  0]LogConfig: Setting CVar [[r.AOQuality:2]]
[2022.05.25-21.26.36:595][  0]LogConfig: Setting CVar [[r.VolumetricFog:1]]
[2022.05.25-21.26.36:595][  0]LogConfig: Setting CVar [[r.VolumetricFog.GridPixelSize:8]]
[2022.05.25-21.26.36:595][  0]LogConfig: Setting CVar [[r.VolumetricFog.GridSizeZ:128]]
[2022.05.25-21.26.36:595][  0]LogConfig: Setting CVar [[r.VolumetricFog.HistoryMissSupersampleCount:4]]
[2022.05.25-21.26.36:595][  0]LogConfig: Setting CVar [[r.LightMaxDrawDistanceScale:1]]
[2022.05.25-21.26.36:595][  0]LogConfig: Setting CVar [[r.CapsuleShadows:1]]
[2022.05.25-21.26.36:595][  0]LogConfig: Applying CVar settings from Section [PostProcessQuality@3] File [C:/Users/r.zuietir/Documents/GitHub/deadInsideTheDungeon/deadInsideTheDungeon/Saved/Config/Windows/Scalability.ini]
[2022.05.25-21.26.36:595][  0]LogConfig: Setting CVar [[r.MotionBlurQuality:4]]
[2022.05.25-21.26.36:595][  0]LogConfig: Setting CVar [[r.AmbientOcclusionMipLevelFactor:0.4]]
[2022.05.25-21.26.36:595][  0]LogConfig: Setting CVar [[r.AmbientOcclusionMaxQuality:100]]
[2022.05.25-21.26.36:595][  0]LogConfig: Setting CVar [[r.AmbientOcclusionLevels:-1]]
[2022.05.25-21.26.36:595][  0]LogConfig: Setting CVar [[r.AmbientOcclusionRadiusScale:1.0]]
[2022.05.25-21.26.36:595][  0]LogConfig: Setting CVar [[r.DepthOfFieldQuality:2]]
[2022.05.25-21.26.36:595][  0]LogConfig: Setting CVar [[r.RenderTargetPoolMin:400]]
[2022.05.25-21.26.36:595][  0]LogConfig: Setting CVar [[r.LensFlareQuality:2]]
[2022.05.25-21.26.36:595][  0]LogConfig: Setting CVar [[r.SceneColorFringeQuality:1]]
[2022.05.25-21.26.36:595][  0]LogConfig: Setting CVar [[r.EyeAdaptationQuality:2]]
[2022.05.25-21.26.36:595][  0]LogConfig: Setting CVar [[r.BloomQuality:5]]
[2022.05.25-21.26.36:595][  0]LogConfig: Setting CVar [[r.FastBlurThreshold:100]]
[2022.05.25-21.26.36:595][  0]LogConfig: Setting CVar [[r.Upscale.Quality:3]]
[2022.05.25-21.26.36:595][  0]LogConfig: Setting CVar [[r.Tonemapper.GrainQuantization:1]]
[2022.05.25-21.26.36:595][  0]LogConfig: Setting CVar [[r.LightShaftQuality:1]]
[2022.05.25-21.26.36:595][  0]LogConfig: Setting CVar [[r.Filter.SizeScale:1]]
[2022.05.25-21.26.36:595][  0]LogConfig: Setting CVar [[r.Tonemapper.Quality:5]]
[2022.05.25-21.26.36:595][  0]LogConfig: Setting CVar [[r.DOF.Gather.AccumulatorQuality:1        ; higher gathering accumulator quality]]
[2022.05.25-21.26.36:595][  0]LogConfig: Setting CVar [[r.DOF.Gather.PostfilterMethod:1          ; Median3x3 postfilering method]]
[2022.05.25-21.26.36:595][  0]LogConfig: Setting CVar [[r.DOF.Gather.EnableBokehSettings:0       ; no bokeh simulation when gathering]]
[2022.05.25-21.26.36:595][  0]LogConfig: Setting CVar [[r.DOF.Gather.RingCount:4                 ; medium number of samples when gathering]]
[2022.05.25-21.26.36:595][  0]LogConfig: Setting CVar [[r.DOF.Scatter.ForegroundCompositing:1    ; additive foreground scattering]]
[2022.05.25-21.26.36:595][  0]LogConfig: Setting CVar [[r.DOF.Scatter.BackgroundCompositing:2    ; additive background scattering]]
[2022.05.25-21.26.36:595][  0]LogConfig: Setting CVar [[r.DOF.Scatter.EnableBokehSettings:1      ; bokeh simulation when scattering]]
[2022.05.25-21.26.36:595][  0]LogConfig: Setting CVar [[r.DOF.Scatter.MaxSpriteRatio:0.1         ; only a maximum of 10% of scattered bokeh]]
[2022.05.25-21.26.36:595][  0]LogConfig: Setting CVar [[r.DOF.Recombine.Quality:1                ; cheap slight out of focus]]
[2022.05.25-21.26.36:595][  0]LogConfig: Setting CVar [[r.DOF.Recombine.EnableBokehSettings:0    ; no bokeh simulation on slight out of focus]]
[2022.05.25-21.26.36:595][  0]LogConfig: Setting CVar [[r.DOF.TemporalAAQuality:1                ; more stable temporal accumulation]]
[2022.05.25-21.26.36:595][  0]LogConfig: Setting CVar [[r.DOF.Kernel.MaxForegroundRadius:0.025]]
[2022.05.25-21.26.36:595][  0]LogConfig: Setting CVar [[r.DOF.Kernel.MaxBackgroundRadius:0.025]]
[2022.05.25-21.26.36:595][  0]LogConfig: Applying CVar settings from Section [TextureQuality@3] File [C:/Users/r.zuietir/Documents/GitHub/deadInsideTheDungeon/deadInsideTheDungeon/Saved/Config/Windows/Scalability.ini]
[2022.05.25-21.26.36:595][  0]LogConfig: Setting CVar [[r.Streaming.MipBias:0]]
[2022.05.25-21.26.36:595][  0]LogConfig: Setting CVar [[r.Streaming.AmortizeCPUToGPUCopy:0]]
[2022.05.25-21.26.36:595][  0]LogConfig: Setting CVar [[r.Streaming.MaxNumTexturesToStreamPerFrame:0]]
[2022.05.25-21.26.36:595][  0]LogConfig: Setting CVar [[r.Streaming.Boost:1]]
[2022.05.25-21.26.36:595][  0]LogConfig: Setting CVar [[r.MaxAnisotropy:8]]
[2022.05.25-21.26.36:595][  0]LogConfig: Setting CVar [[r.VT.MaxAnisotropy:8]]
[2022.05.25-21.26.36:595][  0]LogConfig: Setting CVar [[r.Streaming.LimitPoolSizeToVRAM:0]]
[2022.05.25-21.26.36:595][  0]LogConfig: Setting CVar [[r.Streaming.PoolSize:1000]]
[2022.05.25-21.26.36:595][  0]LogConfig: Setting CVar [[r.Streaming.MaxEffectiveScreenSize:0]]
[2022.05.25-21.26.36:595][  0]LogConfig: Applying CVar settings from Section [EffectsQuality@3] File [C:/Users/r.zuietir/Documents/GitHub/deadInsideTheDungeon/deadInsideTheDungeon/Saved/Config/Windows/Scalability.ini]
[2022.05.25-21.26.36:595][  0]LogConfig: Setting CVar [[r.TranslucencyLightingVolumeDim:64]]
[2022.05.25-21.26.36:595][  0]LogConfig: Setting CVar [[r.RefractionQuality:2]]
[2022.05.25-21.26.36:595][  0]LogConfig: Setting CVar [[r.SSR.Quality:3]]
[2022.05.25-21.26.36:595][  0]LogConfig: Setting CVar [[r.SSR.HalfResSceneColor:0]]
[2022.05.25-21.26.36:595][  0]LogConfig: Setting CVar [[r.SceneColorFormat:4]]
[2022.05.25-21.26.36:595][  0]LogConfig: Setting CVar [[r.DetailMode:2]]
[2022.05.25-21.26.36:595][  0]LogConfig: Setting CVar [[r.TranslucencyVolumeBlur:1]]
[2022.05.25-21.26.36:595][  0]LogConfig: Setting CVar [[r.MaterialQualityLevel:1 ; High quality]]
[2022.05.25-21.26.36:595][  0]LogConfig: Setting CVar [[r.AnisotropicMaterials:1]]
[2022.05.25-21.26.36:595][  0]LogConfig: Setting CVar [[r.SSS.Scale:1]]
[2022.05.25-21.26.36:595][  0]LogConfig: Setting CVar [[r.SSS.SampleSet:2]]
[2022.05.25-21.26.36:595][  0]LogConfig: Setting CVar [[r.SSS.Quality:1]]
[2022.05.25-21.26.36:595][  0]LogConfig: Setting CVar [[r.SSS.HalfRes:0]]
[2022.05.25-21.26.36:595][  0]LogConfig: Setting CVar [[r.SSGI.Quality:3]]
[2022.05.25-21.26.36:595][  0]LogConfig: Setting CVar [[r.EmitterSpawnRateScale:1.0]]
[2022.05.25-21.26.36:595][  0]LogConfig: Setting CVar [[r.ParticleLightQuality:2]]
[2022.05.25-21.26.36:595][  0]LogConfig: Setting CVar [[r.SkyAtmosphere.AerialPerspectiveLUT.FastApplyOnOpaque:1 ; Always have FastSkyLUT 1 in this case to avoid wrong sky]]
[2022.05.25-21.26.36:595][  0]LogConfig: Setting CVar [[r.SkyAtmosphere.AerialPerspectiveLUT.SampleCountMaxPerSlice:4]]
[2022.05.25-21.26.36:595][  0]LogConfig: Setting CVar [[r.SkyAtmosphere.AerialPerspectiveLUT.DepthResolution:16.0]]
[2022.05.25-21.26.36:595][  0]LogConfig: Setting CVar [[r.SkyAtmosphere.FastSkyLUT:1]]
[2022.05.25-21.26.36:595][  0]LogConfig: Setting CVar [[r.SkyAtmosphere.FastSkyLUT.SampleCountMin:4.0]]
[2022.05.25-21.26.36:595][  0]LogConfig: Setting CVar [[r.SkyAtmosphere.FastSkyLUT.SampleCountMax:128.0]]
[2022.05.25-21.26.36:595][  0]LogConfig: Setting CVar [[r.SkyAtmosphere.SampleCountMin:4.0]]
[2022.05.25-21.26.36:595][  0]LogConfig: Setting CVar [[r.SkyAtmosphere.SampleCountMax:128.0]]
[2022.05.25-21.26.36:595][  0]LogConfig: Setting CVar [[r.SkyAtmosphere.TransmittanceLUT.UseSmallFormat:0]]
[2022.05.25-21.26.36:596][  0]LogConfig: Setting CVar [[r.SkyAtmosphere.TransmittanceLUT.SampleCount:10.0]]
[2022.05.25-21.26.36:596][  0]LogConfig: Setting CVar [[r.SkyAtmosphere.MultiScatteringLUT.SampleCount:15.0]]
[2022.05.25-21.26.36:596][  0]LogConfig: Setting CVar [[r.SkyLight.RealTimeReflectionCapture:1]]
[2022.05.25-21.26.36:596][  0]LogConfig: Applying CVar settings from Section [FoliageQuality@3] File [C:/Users/r.zuietir/Documents/GitHub/deadInsideTheDungeon/deadInsideTheDungeon/Saved/Config/Windows/Scalability.ini]
[2022.05.25-21.26.36:596][  0]LogConfig: Setting CVar [[foliage.DensityScale:1.0]]
[2022.05.25-21.26.36:596][  0]LogConfig: Setting CVar [[grass.DensityScale:1.0]]
[2022.05.25-21.26.36:596][  0]LogConfig: Applying CVar settings from Section [ShadingQuality@3] File [C:/Users/r.zuietir/Documents/GitHub/deadInsideTheDungeon/deadInsideTheDungeon/Saved/Config/Windows/Scalability.ini]
[2022.05.25-21.26.36:596][  0]LogConfig: Setting CVar [[r.HairStrands.SkyLighting.IntegrationType:2]]
[2022.05.25-21.26.36:596][  0]LogConfig: Setting CVar [[r.HairStrands.SkyAO.SampleCount:4]]
[2022.05.25-21.26.36:596][  0]LogConfig: Setting CVar [[r.HairStrands.Visibility.MSAA.SamplePerPixel:4]]
[2022.05.25-21.26.36:596][  0]LogConfig: Applying CVar settings from Section [Startup] File [../../../Engine/Config/ConsoleVariables.ini]
[2022.05.25-21.26.36:596][  0]LogConfig: Setting CVar [[net.UseAdaptiveNetUpdateFrequency:0]]
[2022.05.25-21.26.36:596][  0]LogConfig: Setting CVar [[p.chaos.AllowCreatePhysxBodies:1]]
[2022.05.25-21.26.36:596][  0]LogConfig: Setting CVar [[fx.SkipVectorVMBackendOptimizations:1]]
[2022.05.25-21.26.36:596][  0]LogConfig: Applying CVar settings from Section [ConsoleVariables] File [C:/Users/r.zuietir/Documents/GitHub/deadInsideTheDungeon/deadInsideTheDungeon/Saved/Config/Windows/Engine.ini]
[2022.05.25-21.26.36:596][  0]LogConfig: Applying CVar settings from Section [ConsoleVariables] File [C:/Users/r.zuietir/Documents/GitHub/deadInsideTheDungeon/deadInsideTheDungeon/Saved/Config/Windows/Editor.ini]
[2022.05.25-21.26.36:596][  0]LogInit: Computer: RZUIETIRBOOK
[2022.05.25-21.26.36:596][  0]LogInit: User: rzuietir
[2022.05.25-21.26.36:596][  0]LogInit: CPU Page size=4096, Cores=4
[2022.05.25-21.26.36:596][  0]LogInit: High frequency timer resolution =10.000000 MHz
[2022.05.25-21.26.36:596][  0]LogMemory: Memory total: Physical=15.8GB (16GB approx)
[2022.05.25-21.26.36:596][  0]LogMemory: Platform Memory Stats for Windows
[2022.05.25-21.26.36:596][  0]LogMemory: Process Physical Memory: 140.71 MB used, 140.71 MB peak
[2022.05.25-21.26.36:596][  0]LogMemory: Process Virtual Memory: 124.48 MB used, 124.48 MB peak
[2022.05.25-21.26.36:597][  0]LogMemory: Physical Memory: 12326.21 MB used,  3823.78 MB free, 16149.99 MB total
[2022.05.25-21.26.36:597][  0]LogMemory: Virtual Memory: 134203904.00 MB used,  13824.46 MB free, 134217728.00 MB total
[2022.05.25-21.26.36:604][  0]LogWindows: WindowsPlatformFeatures enabled
[2022.05.25-21.26.36:675][  0]LogInit: Physics initialised using underlying interface: PhysX
[2022.05.25-21.26.36:676][  0]LogInit: Using OS detected language (ru-RU).
[2022.05.25-21.26.36:676][  0]LogInit: Using OS detected locale (ru-UA).
[2022.05.25-21.26.36:679][  0]LogTextLocalizationManager: No specific localization for 'ru-RU' exists, so the 'ru' localization will be used.
[2022.05.25-21.26.36:684][  0]LogTextLocalizationResource: LocRes '../../../Engine/Content/Localization/Editor/ru/Editor.locres' could not be opened for reading!
[2022.05.25-21.26.36:684][  0]LogTextLocalizationResource: LocRes '../../../Engine/Content/Localization/EditorTutorials/ru/EditorTutorials.locres' could not be opened for reading!
[2022.05.25-21.26.36:684][  0]LogTextLocalizationResource: LocRes '../../../Engine/Content/Localization/Keywords/ru/Keywords.locres' could not be opened for reading!
[2022.05.25-21.26.36:684][  0]LogTextLocalizationResource: LocRes '../../../Engine/Content/Localization/Category/ru/Category.locres' could not be opened for reading!
[2022.05.25-21.26.36:684][  0]LogTextLocalizationResource: LocRes '../../../Engine/Content/Localization/ToolTips/ru/ToolTips.locres' could not be opened for reading!
[2022.05.25-21.26.36:684][  0]LogTextLocalizationResource: LocRes '../../../Engine/Content/Localization/PropertyNames/ru/PropertyNames.locres' could not be opened for reading!
[2022.05.25-21.26.36:684][  0]LogTextLocalizationResource: LocRes '../../../Engine/Content/Localization/Engine/ru/Engine.locres' could not be opened for reading!
[2022.05.25-21.26.36:704][  0]LogWindowsTextInputMethodSystem: Display: IME system deactivated.
[2022.05.25-21.26.36:732][  0]LogSlate: New Slate User Created.  User Index 0, Is Virtual User: 0
[2022.05.25-21.26.36:732][  0]LogSlate: Slate User Registered.  User Index 0, Is Virtual User: 0
[2022.05.25-21.26.36:748][  0]LogD3D11RHI: Loaded GFSDK_Aftermath_Lib.x64.dll
[2022.05.25-21.26.36:815][  0]LogHMD: Failed to initialize OpenVR with code 110
[2022.05.25-21.26.36:815][  0]LogD3D11RHI: D3D11 min allowed feature level: 11_0
[2022.05.25-21.26.36:815][  0]LogD3D11RHI: D3D11 max allowed feature level: 11_0
[2022.05.25-21.26.36:815][  0]LogD3D11RHI: D3D11 adapters:
[2022.05.25-21.26.36:901][  0]LogD3D11RHI:    0. 'NVIDIA GeForce GTX 1650 Ti with Max-Q Design' (Feature Level 11_0)
[2022.05.25-21.26.36:901][  0]LogD3D11RHI:       3964/0/8074 MB DedicatedVideo/DedicatedSystem/SharedSystem, Outputs:1, VendorId:0x10de
[2022.05.25-21.26.36:932][  0]LogD3D11RHI:    1. 'Intel(R) Iris(R) Xe Graphics' (Feature Level 11_0)
[2022.05.25-21.26.36:932][  0]LogD3D11RHI:       128/0/8074 MB DedicatedVideo/DedicatedSystem/SharedSystem, Outputs:0, VendorId:0x8086
[2022.05.25-21.26.36:934][  0]LogD3D11RHI:    2. 'Microsoft Basic Render Driver' (Feature Level 11_0)
[2022.05.25-21.26.36:934][  0]LogD3D11RHI:       0/0/8074 MB DedicatedVideo/DedicatedSystem/SharedSystem, Outputs:0, VendorId:0x1414
[2022.05.25-21.26.36:934][  0]LogD3D11RHI: Chosen D3D11 Adapter:
[2022.05.25-21.26.36:934][  0]LogD3D11RHI:     Description : NVIDIA GeForce GTX 1650 Ti with Max-Q Design
[2022.05.25-21.26.36:934][  0]LogD3D11RHI:     VendorId    : 10de
[2022.05.25-21.26.36:934][  0]LogD3D11RHI:     DeviceId    : 1f95
[2022.05.25-21.26.36:934][  0]LogD3D11RHI:     SubSysId    : 8815103c
[2022.05.25-21.26.36:934][  0]LogD3D11RHI:     Revision    : 00a1
[2022.05.25-21.26.36:934][  0]LogD3D11RHI:     DedicatedVideoMemory : 4156555264 bytes
[2022.05.25-21.26.36:934][  0]LogD3D11RHI:     DedicatedSystemMemory : 0 bytes
[2022.05.25-21.26.36:934][  0]LogD3D11RHI:     SharedSystemMemory : 8467247104 bytes
[2022.05.25-21.26.36:934][  0]LogD3D11RHI:     AdapterLuid : 0 78112
[2022.05.25-21.26.36:943][  0]LogD3D11RHI: Creating new Direct3DDevice
[2022.05.25-21.26.36:943][  0]LogD3D11RHI:     GPU DeviceId: 0x1f95 (for the marketing name, search the web for "GPU Device Id")
[2022.05.25-21.26.36:943][  0]LogWindows: EnumDisplayDevices:
[2022.05.25-21.26.36:943][  0]LogWindows:    0. 'Intel(R) Iris(R) Xe Graphics' (P:1 D:1)
[2022.05.25-21.26.36:944][  0]LogWindows:    1. 'Intel(R) Iris(R) Xe Graphics' (P:0 D:0)
[2022.05.25-21.26.36:944][  0]LogWindows:    2. 'Intel(R) Iris(R) Xe Graphics' (P:0 D:0)
[2022.05.25-21.26.36:944][  0]LogWindows:    3. 'Intel(R) Iris(R) Xe Graphics' (P:0 D:0)
[2022.05.25-21.26.36:945][  0]LogWindows: DebugString: PrimaryIsNotTheChoosenAdapter PrimaryIsNotTheChoosenAdapter PrimaryIsNotTheChoosenAdapter PrimaryIsNotTheChoosenAdapter FoundDriverCount:0 
[2022.05.25-21.26.36:945][  0]LogD3D11RHI:     Adapter Name: NVIDIA GeForce GTX 1650 Ti with Max-Q Design
[2022.05.25-21.26.36:945][  0]LogD3D11RHI:   Driver Version: Unknown (internal:Unknown, unified:Unknown)
[2022.05.25-21.26.36:945][  0]LogD3D11RHI:      Driver Date: Unknown
[2022.05.25-21.26.36:945][  0]LogRHI: Texture pool is 2774 MB (70% of 3964 MB)
[2022.05.25-21.26.36:945][  0]LogD3D11RHI: Creating D3DDevice using adapter:
[2022.05.25-21.26.36:945][  0]LogD3D11RHI:     Description : NVIDIA GeForce GTX 1650 Ti with Max-Q Design
[2022.05.25-21.26.36:945][  0]LogD3D11RHI:     VendorId    : 10de
[2022.05.25-21.26.36:945][  0]LogD3D11RHI:     DeviceId    : 1f95
[2022.05.25-21.26.36:945][  0]LogD3D11RHI:     SubSysId    : 8815103c
[2022.05.25-21.26.36:945][  0]LogD3D11RHI:     Revision    : 00a1
[2022.05.25-21.26.36:945][  0]LogD3D11RHI:     DedicatedVideoMemory : 4156555264 bytes
[2022.05.25-21.26.36:945][  0]LogD3D11RHI:     DedicatedSystemMemory : 0 bytes
[2022.05.25-21.26.36:945][  0]LogD3D11RHI:     SharedSystemMemory : 8467247104 bytes
[2022.05.25-21.26.36:945][  0]LogD3D11RHI:     AdapterLuid : 0 78112
[2022.05.25-21.26.37:010][  0]LogD3D11RHI: RHI has support for 64 bit atomics
[2022.05.25-21.26.37:010][  0]LogD3D11RHI: Async texture creation enabled
[2022.05.25-21.26.37:010][  0]LogD3D11RHI: Array index from any shader is supported
[2022.05.25-21.26.37:028][  0]LogD3D11RHI: GPU Timing Frequency: 1000.000000 (Debug: 2 2)
[2022.05.25-21.26.37:061][  0]LogRHI: GeForceNow SDK initialized: 1
[2022.05.25-21.26.37:393][  0]LogTargetPlatformManager: Display: Loaded TargetPlatform 'WindowsNoEditor'
[2022.05.25-21.26.37:397][  0]LogTargetPlatformManager: Display: Loaded TargetPlatform 'Windows'
[2022.05.25-21.26.37:401][  0]LogTargetPlatformManager: Display: Loaded TargetPlatform 'WindowsClient'
[2022.05.25-21.26.37:405][  0]LogTargetPlatformManager: Display: Loaded TargetPlatform 'WindowsServer'
[2022.05.25-21.26.37:405][  0]LogTargetPlatformManager: Display: Building Assets For Windows
[2022.05.25-21.26.37:412][  0]LogAudioDebug: Display: Lib vorbis DLL was dynamically loaded.
[2022.05.25-21.26.37:443][  0]LogTextureFormatOodle: Display: Oodle Texture 2.9.0 init RDO Off
[2022.05.25-21.26.37:473][  0]LogRendererCore: Ray tracing is disabled. Reason: r.RayTracing=0.
[2022.05.25-21.26.37:473][  0]LogShaderCompilers: Guid format shader working directory is -43 characters bigger than the processId version (../../../../../../Users/r.zuietir/Documents/GitHub/deadInsideTheDungeon/deadInsideTheDungeon/Intermediate/Shaders/WorkingDirectory/17712/).
[2022.05.25-21.26.37:473][  0]LogShaderCompilers: Cleaned the shader compiler working directory 'C:/Users/r.zuietir/AppData/Local/Temp/UnrealShaderWorkingDir/C677F15046E3FB0C7A897DAD12CAED85/'.
[2022.05.25-21.26.37:473][  0]LogXGEController: Cannot use XGE Controller as Incredibuild is not installed on this machine.
[2022.05.25-21.26.37:473][  0]LogShaderCompilers: Cannot use XGE Shader Compiler as Incredibuild is not installed on this machine.
[2022.05.25-21.26.37:473][  0]LogShaderCompilers: Display: Using Local Shader Compiler.
[2022.05.25-21.26.38:134][  0]LogDerivedDataCache: Display: Max Cache Size: 512 MB
[2022.05.25-21.26.38:185][  0]LogDerivedDataCache: Loaded boot cache 0.05s 94MB C:/Users/r.zuietir/AppData/Local/UnrealEngine/4.27/DerivedDataCache/Boot.ddc.
[2022.05.25-21.26.38:185][  0]LogDerivedDataCache: Display: Loaded Boot cache: C:/Users/r.zuietir/AppData/Local/UnrealEngine/4.27/DerivedDataCache/Boot.ddc
[2022.05.25-21.26.38:185][  0]LogDerivedDataCache: FDerivedDataBackendGraph:  Pak pak cache file ../../../../../../Users/r.zuietir/Documents/GitHub/deadInsideTheDungeon/deadInsideTheDungeon/DerivedDataCache/DDC.ddp not found, will not use a pak cache.
[2022.05.25-21.26.38:185][  0]LogDerivedDataCache: Unable to find inner node Pak for hierarchical cache Hierarchy.
[2022.05.25-21.26.38:185][  0]LogDerivedDataCache: FDerivedDataBackendGraph:  CompressedPak pak cache file ../../../../../../Users/r.zuietir/Documents/GitHub/deadInsideTheDungeon/deadInsideTheDungeon/DerivedDataCache/Compressed.ddp not found, will not use a pak cache.
[2022.05.25-21.26.38:185][  0]LogDerivedDataCache: Unable to find inner node CompressedPak for hierarchical cache Hierarchy.
[2022.05.25-21.26.38:203][  0]LogDerivedDataCache: Display: Pak cache opened for reading ../../../Engine/DerivedDataCache/Compressed.ddp.
[2022.05.25-21.26.38:203][  0]LogDerivedDataCache: FDerivedDataBackendGraph:  EnterprisePak pak cache file ../../../Enterprise/DerivedDataCache/Compressed.ddp not found, will not use a pak cache.
[2022.05.25-21.26.38:203][  0]LogDerivedDataCache: Unable to find inner node EnterprisePak for hierarchical cache Hierarchy.
[2022.05.25-21.26.38:212][  0]LogDerivedDataCache: Speed tests for C:/Users/r.zuietir/AppData/Local/UnrealEngine/Common/DerivedDataCache took 0.01 seconds
[2022.05.25-21.26.38:212][  0]LogDerivedDataCache: Display: Performance to C:/Users/r.zuietir/AppData/Local/UnrealEngine/Common/DerivedDataCache: Latency=0.03ms. RandomReadSpeed=1561.19MBs, RandomWriteSpeed=122.37MBs. Assigned SpeedClass 'Local'
[2022.05.25-21.26.38:213][  0]LogDerivedDataCache: Using Local data cache path C:/Users/r.zuietir/AppData/Local/UnrealEngine/Common/DerivedDataCache: Writable
[2022.05.25-21.26.38:213][  0]LogDerivedDataCache: Shared data cache path not found in *engine.ini, will not use an Shared cache.
[2022.05.25-21.26.38:213][  0]LogDerivedDataCache: Unable to find inner node Shared for hierarchical cache Hierarchy.
[2022.05.25-21.26.38:243][  0]LogSlate: Using FreeType 2.10.0
[2022.05.25-21.26.38:243][  0]LogSlate: SlateFontServices - WITH_FREETYPE: 1, WITH_HARFBUZZ: 1
[2022.05.25-21.26.38:342][  0]LogInit: Using OS detected language (ru-RU).
[2022.05.25-21.26.38:343][  0]LogInit: Using OS detected locale (ru-UA).
[2022.05.25-21.26.38:343][  0]LogTextLocalizationManager: No localization for 'ru-RU' exists, so 'en' will be used for the language.
[2022.05.25-21.26.38:343][  0]LogTextLocalizationManager: No localization for 'ru-UA' exists, so 'en' will be used for the locale.
[2022.05.25-21.26.38:343][  0]LogSlate: FontCache flush requested. Reason: Culture for localization was changed
[2022.05.25-21.26.38:343][  0]LogSlate: FontCache flush requested. Reason: Culture for localization was changed
[2022.05.25-21.26.38:345][  0]LogAssetRegistry: FAssetRegistry took 0.0014 seconds to start up
[2022.05.25-21.26.38:495][  0]LogTextLocalizationManager: Compacting localization data took   0.01ms
[2022.05.25-21.26.38:495][  0]LogPackageLocalizationCache: Processed 27 localized package path(s) for 1 prioritized culture(s) in 0.000851 seconds
[2022.05.25-21.26.38:552][  0]LogInit: Selected Device Profile: [Windows]
[2022.05.25-21.26.38:552][  0]LogInit: Active device profile: [00000240C94AD100][00000240B8705080 49] Windows
[2022.05.25-21.26.38:552][  0]LogInit: Profiles: [00000240C94AD100][00000240B8705080 49] Windows, [00000240C948E500][00000240B870D340 49] WindowsNoEditor, [00000240C94AE200][00000240B8711600 49] WindowsServer, [00000240C948D700][00000240B87158C0 49] WindowsClient, [00000240C94AD700][00000240B8709B40 49] IOS, [00000240C948E700][00000240B871C280 49] iPadAir, [00000240C94AFC00][00000240C8FD8540 49] iPadAir2, [00000240CA439400][00000240C8FECA80 49] IPadPro, [00000240CA439500][00000240C8FDCAC0 49] iPadAir3, [00000240C948F800][00000240C8FE4D80 49] iPadAir4, [00000240CA43A300][00000240C8FE1040 49] iPadMini2, [00000240C948EF00][00000240C8FE9300 49] iPadMini3, [00000240CA43AF00][00000240C8FF15C0 49] iPadMini4, [00000240C948DB00][00000240C8FF5880 49] iPadMini5, [00000240CA441000][00000240C90041C0 49] iPhone6, [00000240CA441100][00000240B8718200 49] iPodTouch6, [00000240C94AF900][00000240C9010740 49] iPhone7, [00000240C94AE900][00000240C9000780 49] iPodTouch7, [00000240CA439000][00000240C9008A40 49] iPhone5S, [00000240C94AEF00][00000240C8FFCD00 49] iPhone6Plus, [00000240CA43B600][00000240C900CFC0 49] iPhone6S, [00000240C94ACC00][00000240C9015280 49] iPhone6SPlus, [00000240C94ADD00][00000240C9019540 49] iPhone7Plus, [00000240CA440800][00000240C901D800 49] iPhoneSE, [00000240C94AC400][00000240C9021AC0 49] iPhone8, [00000240CA440900][00000240C8FF81C0 49] iPhone8Plus, [00000240CA442E00][00000240C9024440 49] iPhoneX, [00000240CA439D00][00000240C902C700 49] iPhoneXS, [00000240CA442700][00000240C90309C0 49] iPhoneXSMax, [00000240CA439C00][00000240C9034C80 49] iPhoneXR, [00000240CA442800][00000240C9038F40 49] iPhone11, [00000240CA438F00][00000240C903D200 49] iPhone11Pro, [00000240CA440B00][00000240C90414C0 49] iPhone11ProMax, [00000240CA438C00][00000240C9045780 49] iPhoneSE2, [00000240CA440E00][00000240C9049A40 49] iPhone12Mini, [00000240C94AF800][00000240C904C180 49] iPhone12, [00000240CA443100][00000240C9028400 49] iPhone12Pro, [00000240C94AF700][00000240B8B54680 49] iPhone12ProMax, [00000240CA441E00][00000240B8B5C940 49] iPadPro105, [00000240C94AD400][00000240B8B60C00 49] iPadPro129, [00000240CA443E00][00000240B8B64EC0 49] iPadPro97, [00000240C94AE800][00000240B8B69180 49] iPadPro2_129, [00000240CA442000][00000240B8B6D440 49] iPad5, [00000240C94AE300][00000240B8B71700 49] iPad6, [00000240CA443B00][00000240B8B759C0 49] iPad7, [00000240C94ADE00][00000240B8B78100 49] iPad8, [00000240CA442500][00000240B8B7C3C0 49] iPadPro11, [00000240C94AFE00][00000240B8B58640 49] iPadPro2_11, [00000240CA441800][00000240B8B808C0 49] iPadPro3_129, [00000240C94AF500][00000240B8B88B80 49] iPadPro4_129, [00000240CA440200][00000240B8B8CE40 49] AppleTV, [00000240C94AFF00][00000240B8B91100 49] AppleTV4K, [00000240CA442600][00000240B8B953C0 49] TVOS, [00000240C94ACE00][00000240B8B99680 49] Mac, [00000240CA441D00][00000240B8B9D940 49] MacClient, [00000240C94AFA00][00000240B8BA1C00 49] MacNoEditor, [00000240CA443A00][00000240B8BA4340 49] MacServer, [00000240C94AF100][00000240B8BA8600 49] Linux, [00000240CA441600][00000240B8B84880 49] LinuxAArch64, [00000240C94AC800][00000240B8BACB00 49] LinuxNoEditor, [00000240CA440C00][00000240B8BB4DC0 49] LinuxAArch64NoEditor, [00000240C94AFB00][00000240B8BB9080 49] LinuxClient, [00000240CA443400][00000240B8BBD340 49] LinuxAArch64Client, [00000240C94ADA00][00000240B8BC1600 49] LinuxServer, [00000240CA440700][00000240B8BC58C0 49] LinuxAArch64Server, [00000240C94AF300][00000240B8BC9B80 49] Android, [00000240CA442A00][00000240B8BCC2C0 49] Android_Low, [00000240C94AEC00][00000240B8BD0580 49] Android_Mid, [00000240CA441F00][00000240B8BD4840 49] Android_High, [00000240C94AEA00][00000240B8BB0AC0 49] Android_Default, [00000240CA443C00][00000240B8BD8D40 49] Android_Adreno4xx, [00000240C94AC600][00000240B8BE1000 49] Android_Adreno5xx_Low, [00000240CA440300][00000240B8BE52C0 49] Android_Adreno5xx, [00000240C94AD000][00000240B8BE9580 49] Android_Adreno6xx, [00000240CA442900][00000240B8BED840 49] Android_Adreno6xx_Vulkan, [00000240C94AE000][00000240B8BF1B00 49] Android_Mali_T6xx, [00000240CA442300][00000240B8BF4240 49] Android_Mali_T7xx, [00000240C94ADF00][00000240B8BF8500 49] Android_Mali_T8xx, [00000240CA442D00][00000240B8BFC7C0 49] Android_Mali_G71, [00000240CA43B100][00000240B8C00A80 49] Android_Mali_G72, [00000240C948ED00][00000240B8BDCD00 49] Android_Mali_G72_Vulkan, [00000240CA43AB00][00000240B8C04F80 49] Android_Mali_G76, [00000240C948C500][00000240B8C0D240 49] Android_Mali_G76_Vulkan, [00000240CA43A600][00000240B8C11500 49] Android_Mali_G77, [00000240C948FF00][00000240B8C157C0 49] Android_Mali_G77_Vulkan, [00000240CA43A400][00000240B8C19A80 49] Android_Mali_G78, [00000240C948CD00][00000240B8C1C1C0 49] Android_Mali_G78_Vulkan, [00000240CA43B500][00000240B8C20480 49] Android_Mali_G710, [00000240C948E900][00000240B8C24740 49] Android_Mali_G710_Vulkan, [00000240CA43BE00][00000240B8C28A00 49] Android_Vulkan_SM5, [00000240C948D800][00000240B8C2CCC0 49] Android_PowerVR_G6xxx, [00000240CA438500][00000240B8C08F40 49] Android_PowerVR_GT7xxx, [00000240C948C200][00000240B8C311C0 49] Android_PowerVR_GE8xxx, [00000240CA43BB00][00000240B8C39480 49] Android_PowerVR_GM9xxx, [00000240C948DF00][00000240B8C3D740 49] Android_PowerVR_GM9xxx_Vulkan, [00000240CA439F00][00000240B8C41A00 49] Android_TegraK1, [00000240C948CA00][00000240B8C44140 49] Android_Unknown_Vulkan, [00000240CA43B900][00000240B8C48400 49] Lumin, [00000240C948D200][00000240B8C4C6C0 49] Lumin_Desktop, [00000240CA439E00][00000240B8C50980 49] HoloLens, 
[2022.05.25-21.26.38:664][  0]LogMeshReduction: Using QuadricMeshReduction for automatic static mesh reduction
[2022.05.25-21.26.38:664][  0]LogMeshReduction: Using SimplygonMeshReduction for automatic skeletal mesh reduction
[2022.05.25-21.26.38:664][  0]LogMeshReduction: Using ProxyLODMeshReduction for automatic mesh merging
[2022.05.25-21.26.38:664][  0]LogMeshReduction: No distributed automatic mesh merging module available
[2022.05.25-21.26.38:664][  0]LogMeshMerging: No distributed automatic mesh merging module available
[2022.05.25-21.26.38:686][  0]LogNetVersion: deadInsideTheDungeon 1.0.0, NetCL: 17155196, EngineNetVer: 17, GameNetVer: 0 (Checksum: 3162280402)
[2022.05.25-21.26.38:926][  0]LogTexture: Default maximum texture size for cubemaps generated from long-lat sources has been changed from 512 to unlimited. In order to preserve old behaiour for '/Engine/MapTemplates/Sky/DaylightAmbientCubemap.DaylightAmbientCubemap', its maximum texture size has been explicitly set to 512.
[2022.05.25-21.26.38:978][  0]LogHMD: PokeAHoleMaterial loaded successfully
[2022.05.25-21.26.39:084][  0]LogMoviePlayer: Initializing movie player
[2022.05.25-21.26.39:197][  0]LogNiagaraDebuggerClient: Niagara Debugger Client Initialized | Session: 48BBD3344388214C052723A3B2563814 | Instance: D76033724D4E8B02598692ACD5AC396B (RZUIETIRBOOK-17712).
[2022.05.25-21.26.39:216][  0]LogCollectionManager: Loaded 0 collections in 0.001578 seconds
[2022.05.25-21.26.39:219][  0]LogFileCache: Scanning file cache for directory 'C:/Users/r.zuietir/Documents/GitHub/deadInsideTheDungeon/deadInsideTheDungeon/Saved/Collections/' took 0.00s
[2022.05.25-21.26.39:219][  0]LogFileCache: Scanning file cache for directory 'C:/Users/r.zuietir/Documents/GitHub/deadInsideTheDungeon/deadInsideTheDungeon/Content/Developers/rzuietir/Collections/' took 0.00s
[2022.05.25-21.26.39:219][  0]LogCollectionManager: Fixed up redirectors for 0 collections in 0.000001 seconds (updated 0 objects)
[2022.05.25-21.26.39:239][  0]LogFileCache: Scanning file cache for directory 'C:/Users/r.zuietir/Documents/GitHub/deadInsideTheDungeon/deadInsideTheDungeon/Content/Collections/' took 0.00s
[2022.05.25-21.26.39:239][  0]LogPython: Using Python 3.7.7
[2022.05.25-21.26.39:694][  0]LogTcpMessaging: Initializing TcpMessaging bridge
[2022.05.25-21.26.39:698][  0]LogUdpMessaging: Initializing bridge on interface 0.0.0.0:0 to multicast group 230.0.0.1:6666.
[2022.05.25-21.26.39:787][  0]SourceControl: Source control is disabled
[2022.05.25-21.26.39:787][  0]SourceControl: Source control is disabled
[2022.05.25-21.26.39:792][  0]LogUProjectInfo: Found projects:
[2022.05.25-21.26.39:801][  0]LogVSAccessor: Display: Unable to create Visual Studio setup instance: 80040154
[2022.05.25-21.26.39:802][  0]LogVSAccessor: Display: Unable to create Visual Studio setup instance: 80040154
[2022.05.25-21.26.39:802][  0]LogVSAccessor: Display: Unable to create Visual Studio setup instance: 80040154
[2022.05.25-21.26.39:806][  0]SourceControl: Source control is disabled
[2022.05.25-21.26.39:862][  0]LogOpenImageDenoise: OIDN starting up
[2022.05.25-21.26.39:910][  0]LogAndroidPermission: UAndroidPermissionCallbackProxy::GetInstance
[2022.05.25-21.26.39:930][  0]LogAudioCaptureCore: Display: No Audio Capture implementations found. Audio input will be silent.
[2022.05.25-21.26.39:930][  0]LogAudioCaptureCore: Display: No Audio Capture implementations found. Audio input will be silent.
[2022.05.25-21.26.39:991][  0]LogOcInput: OculusInput pre-init called
[2022.05.25-21.26.39:998][  0]LogUObjectArray: 22121 objects as part of root set at end of initial load.
[2022.05.25-21.26.39:998][  0]LogUObjectAllocator: 5975632 out of 0 bytes used by permanent object pool.
[2022.05.25-21.26.39:998][  0]LogUObjectArray: CloseDisregardForGC: 0/0 objects in disregard for GC pool
[2022.05.25-21.26.40:037][  0]LogEngine: Initializing Engine...
[2022.05.25-21.26.40:039][  0]LogHMD: Failed to enumerate extensions. Please check that you have a valid OpenXR runtime installed.
[2022.05.25-21.26.40:040][  0]LogHMD: Failed to initialize OpenVR with code 110
[2022.05.25-21.26.40:040][  0]LogMagicLeap: Warning: VR disabled because ZI is not enabled.  To enable, in the editor, Edit -> Project Settings -> Plugins -> Magic Leap Plugin -> Enable Zero Iteration
[2022.05.25-21.26.40:041][  0]LogStats: UGameplayTagsManager::InitializeManager -  0.000 s
[2022.05.25-21.26.40:132][  0]LogInit: Initializing FReadOnlyCVARCache
[2022.05.25-21.26.40:132][  0]LogAudio: Display: Initializing Audio Device Manager...
[2022.05.25-21.26.40:136][  0]LogAudio: Display: Loading Default Audio Settings Objects...
[2022.05.25-21.26.40:136][  0]LogAudio: Display: No default SoundConcurrencyObject specified (or failed to load).
[2022.05.25-21.26.40:137][  0]LogAudio: Display: Audio Device Manager Initialized
[2022.05.25-21.26.40:137][  0]LogAudio: Display: Creating Audio Device:                 Id: 1, Scope: Shared, Realtime: True
[2022.05.25-21.26.40:137][  0]LogAudioMixer: Display: Audio Mixer Platform Settings:
[2022.05.25-21.26.40:137][  0]LogAudioMixer: Display: 	Sample Rate:						  48000
[2022.05.25-21.26.40:137][  0]LogAudioMixer: Display: 	Callback Buffer Frame Size Requested: 1024
[2022.05.25-21.26.40:137][  0]LogAudioMixer: Display: 	Callback Buffer Frame Size To Use:	  1024
[2022.05.25-21.26.40:137][  0]LogAudioMixer: Display: 	Number of buffers to queue:			  2
[2022.05.25-21.26.40:137][  0]LogAudioMixer: Display: 	Max Channels (voices):				  32
[2022.05.25-21.26.40:137][  0]LogAudioMixer: Display: 	Number of Async Source Workers:		  0
[2022.05.25-21.26.40:137][  0]LogAudio: Display: AudioDevice MaxSources: 32
[2022.05.25-21.26.40:137][  0]LogAudio: Display: Audio Spatialization Plugin: None (built-in).
[2022.05.25-21.26.40:137][  0]LogAudio: Display: Audio Reverb Plugin: None (built-in).
[2022.05.25-21.26.40:137][  0]LogAudio: Display: Audio Occlusion Plugin: None (built-in).
[2022.05.25-21.26.40:137][  0]LogAudioMixer: Display: Initializing audio mixer.
[2022.05.25-21.26.40:150][  0]LogAudioMixer: Display: 0: FrontLeft
[2022.05.25-21.26.40:150][  0]LogAudioMixer: Display: 1: FrontRight
[2022.05.25-21.26.40:179][  0]LogAudioMixer: Display: Using Audio Device Speaker (Realtek(R) Audio)
[2022.05.25-21.26.40:184][  0]LogAudioMixer: Display: Initializing Sound Submixes...
[2022.05.25-21.26.40:186][  0]LogAudioMixer: Display: Creating Master Submix 'MasterSubmixDefault'
[2022.05.25-21.26.40:186][  0]LogAudioMixer: Display: Creating Master Submix 'MasterReverbSubmixDefault'
[2022.05.25-21.26.40:187][  0]LogAudioMixer: Display: Creating Master Submix 'MasterEQSubmixDefault'
[2022.05.25-21.26.40:187][  0]LogAudioMixer: FMixerPlatformXAudio2::StartAudioStream() called
[2022.05.25-21.26.40:187][  0]LogAudioMixer: Display: Output buffers initialized: Frames=1024, Channels=2, Samples=2048
[2022.05.25-21.26.40:188][  0]LogAudioMixer: Display: Starting AudioMixerPlatformInterface::RunInternal()
[2022.05.25-21.26.40:188][  0]LogAudioMixer: Display: FMixerPlatformXAudio2::SubmitBuffer() called for the first time
[2022.05.25-21.26.40:188][  0]LogInit: FAudioDevice initialized.
[2022.05.25-21.26.40:190][  0]LogNetVersion: Set ProjectVersion to 1.0.0.0. Version Checksum will be recalculated on next use.
[2022.05.25-21.26.40:190][  0]LogInit: Texture streaming: Enabled
[2022.05.25-21.26.40:244][  0]LogAudio: Display: Audio Device (ID: 1) registered with world 'Untitled'.
[2022.05.25-21.26.40:245][  0]LogSlate: Updating window title bar state: overlay mode, drag disabled, window buttons hidden, title bar hidden
[2022.05.25-21.26.40:245][  0]LogInit: Display: Game Engine Initialized.
[2022.05.25-21.26.40:245][  0]LogNiagaraEditor: GEditor isn't valid! Particle reset commands will not work for Niagara components!
[2022.05.25-21.26.40:351][  0]LogInit: Display: Starting Game.
[2022.05.25-21.26.40:351][  0]LogNet: Browse: /Game/ThirdPersonBP/Maps/Main_menu?Name=Player
[2022.05.25-21.26.40:351][  0]LogLoad: LoadMap: /Game/ThirdPersonBP/Maps/Main_menu?Name=Player
[2022.05.25-21.26.40:351][  0]LogWorld: BeginTearingDown for /Temp/Untitled_0
[2022.05.25-21.26.40:353][  0]LogWorld: UWorld::CleanupWorld for Untitled, bSessionEnded=true, bCleanupResources=true
[2022.05.25-21.26.40:353][  0]LogSlate: InvalidateAllWidgets triggered.  All widgets were invalidated
[2022.05.25-21.26.40:357][  0]LogAudio: Display: Audio Device unregistered from world 'None'.
[2022.05.25-21.26.40:359][  0]LogUObjectHash: Compacting FUObjectHashTables data took   0.56ms
[2022.05.25-21.26.40:475][  0]LogAudio: Display: Audio Device (ID: 1) registered with world 'Main_menu'.
[2022.05.25-21.26.40:482][  0]LogAIModule: Creating AISystem for world Main_menu
[2022.05.25-21.26.40:482][  0]LogLoad: Game class is 'BP_GMB_C'
[2022.05.25-21.26.40:484][  0]LogWorld: Bringing World /Game/ThirdPersonBP/Maps/Main_menu.Main_menu up for play (max tick rate 0) at 2022.05.26-00.26.40
[2022.05.25-21.26.40:484][  0]LogWorld: Bringing up level for play took: 0.000390
[2022.05.25-21.26.40:484][  0]LogGameMode: FindPlayerStart: PATHS NOT DEFINED or NO PLAYERSTART with positive rating
[2022.05.25-21.26.40:487][  0]LogLoad: Took 0.135897 seconds to LoadMap(/Game/ThirdPersonBP/Maps/Main_menu)
[2022.05.25-21.26.40:538][  0]LogSlate: Took 0.000171 seconds to synchronously load lazily loaded font '../../../Engine/Content/Slate/Fonts/Roboto-Regular.ttf' (155K)
[2022.05.25-21.26.40:571][  0]LogRenderer: Reallocating scene render targets to support 1280x720 Format 10 NumSamples 1 (Frame:1).
[2022.05.25-21.26.40:571][  0]LogInit: Display: Engine is initialized. Leaving FEngineLoop::Init()
[2022.05.25-21.26.40:571][  0]LogLoad: (Engine Initialization) Total time: 5.52 seconds
[2022.05.25-21.26.40:571][  0]LogLoad: (Engine Initialization) Total Blueprint compile time: 0.00 seconds
[2022.05.25-21.26.40:575][  0]LogContentStreaming: Texture pool size now 1000 MB
[2022.05.25-21.26.40:579][  0]LogSlate: InvalidateAllWidgets triggered.  All widgets were invalidated
[2022.05.25-21.26.40:792][  1]LogSlate: Took 0.000264 seconds to synchronously load lazily loaded font '../../../Engine/Content/Slate/Fonts/Roboto-Regular.ttf' (155K)
[2022.05.25-21.26.51:562][677]r.SetRes = "720x480"
[2022.05.25-21.26.51:639][678]LogRenderer: Reallocating scene render targets to support 720x480 Format 10 NumSamples 1 (Frame:3679).
[2022.05.25-21.26.54:659][116]r.ViewDistanceScale = "0.4"
[2022.05.25-21.26.57:355][420]LogPackageName: SearchForPackageOnDisk took   0.100s to resolve ThirdPersonExampleMap.umap.
[2022.05.25-21.26.57:463][420]LogPackageName: SearchForPackageOnDisk took   0.107s to resolve ThirdPersonExampleMap.umap.
[2022.05.25-21.26.57:464][420]LogNet: Browse: /Game/ThirdPersonBP/Maps/ThirdPersonExampleMap
[2022.05.25-21.26.57:464][420]LogLoad: LoadMap: /Game/ThirdPersonBP/Maps/ThirdPersonExampleMap
[2022.05.25-21.26.57:464][420]LogWorld: BeginTearingDown for /Game/ThirdPersonBP/Maps/Main_menu
[2022.05.25-21.26.57:464][420]LogWorld: UWorld::CleanupWorld for Main_menu, bSessionEnded=true, bCleanupResources=true
[2022.05.25-21.26.57:465][420]LogSlate: InvalidateAllWidgets triggered.  All widgets were invalidated
[2022.05.25-21.26.57:501][420]LogAudio: Display: Audio Device unregistered from world 'None'.
[2022.05.25-21.26.57:506][420]LogUObjectHash: Compacting FUObjectHashTables data took   0.67ms
[2022.05.25-21.26.57:676][420]LogAudio: Display: Audio Device (ID: 1) registered with world 'ThirdPersonExampleMap'.
[2022.05.25-21.26.57:677][420]LogAIModule: Creating AISystem for world ThirdPersonExampleMap
[2022.05.25-21.26.57:677][420]LogLoad: Game class is 'main_menu_game_C'
[2022.05.25-21.26.57:686][420]LogWorld: Bringing World /Game/ThirdPersonBP/Maps/ThirdPersonExampleMap.ThirdPersonExampleMap up for play (max tick rate 0) at 2022.05.26-00.26.57
[2022.05.25-21.26.57:686][420]LogWorld: Bringing up level for play took: 0.008277
[2022.05.25-21.26.57:688][420]LogLoad: Took 0.224524 seconds to LoadMap(/Game/ThirdPersonBP/Maps/ThirdPersonExampleMap)
[2022.05.25-21.26.57:690][420]LogSlate: InvalidateAllWidgets triggered.  All widgets were invalidated
[2022.05.25-21.26.57:691][421]LogSlate: Took 0.000230 seconds to synchronously load lazily loaded font '../../../Engine/Content/Slate/Fonts/Roboto-Regular.ttf' (155K)
[2022.05.25-21.27.10:654][336]LogRHI: Error: Present Fail Count 1
[2022.05.25-21.27.10:654][336]LogRHI: Error: SyncInterval 0
[2022.05.25-21.27.10:654][336]LogRHI: Error: SwapChainDesc.BufferDesc.Width 720
[2022.05.25-21.27.10:654][336]LogRHI: Error: SwapChainDesc.BufferDesc.Height 480
[2022.05.25-21.27.10:654][336]LogRHI: Error: SwapChainDesc.BufferDesc.RefreshRate.Numerator 0
[2022.05.25-21.27.10:654][336]LogRHI: Error: SwapChainDesc.BufferDesc.RefreshRate.Denominator 0
[2022.05.25-21.27.10:654][336]LogRHI: Error: SwapChainDesc.BufferDesc.Format 24
[2022.05.25-21.27.10:654][336]LogRHI: Error: SwapChainDesc.BufferDesc.ScanlineOrdering 0
[2022.05.25-21.27.10:654][336]LogRHI: Error: SwapChainDesc.BufferDesc.Scaling 0
[2022.05.25-21.27.10:654][336]LogRHI: Error: SwapChainDesc.SampleDesc.Count 1
[2022.05.25-21.27.10:654][336]LogRHI: Error: SwapChainDesc.SampleDesc.Quality 0
[2022.05.25-21.27.10:654][336]LogRHI: Error: SwapChainDesc.BufferUsage 48
[2022.05.25-21.27.10:654][336]LogRHI: Error: SwapChainDesc.BufferCount 2
[2022.05.25-21.27.10:654][336]LogRHI: Error: SwapChainDesc.OutputWindow 00000000015C0A82
[2022.05.25-21.27.10:654][336]LogRHI: Error: SwapChainDesc.Windowed true
[2022.05.25-21.27.10:654][336]LogRHI: Error: SwapChainDesc.SwapEffect 4
[2022.05.25-21.27.10:654][336]LogRHI: Error: SwapChainDesc.Flags 2050
[2022.05.25-21.27.11:429][374]LogRHI: Error: Present Fail Count 1
[2022.05.25-21.27.11:429][374]LogRHI: Error: SyncInterval 0
[2022.05.25-21.27.11:429][374]LogRHI: Error: SwapChainDesc.BufferDesc.Width 720
[2022.05.25-21.27.11:429][374]LogRHI: Error: SwapChainDesc.BufferDesc.Height 480
[2022.05.25-21.27.11:429][374]LogRHI: Error: SwapChainDesc.BufferDesc.RefreshRate.Numerator 0
[2022.05.25-21.27.11:429][374]LogRHI: Error: SwapChainDesc.BufferDesc.RefreshRate.Denominator 0
[2022.05.25-21.27.11:429][374]LogRHI: Error: SwapChainDesc.BufferDesc.Format 24
[2022.05.25-21.27.11:429][374]LogRHI: Error: SwapChainDesc.BufferDesc.ScanlineOrdering 0
[2022.05.25-21.27.11:429][374]LogRHI: Error: SwapChainDesc.BufferDesc.Scaling 0
[2022.05.25-21.27.11:429][374]LogRHI: Error: SwapChainDesc.SampleDesc.Count 1
[2022.05.25-21.27.11:429][374]LogRHI: Error: SwapChainDesc.SampleDesc.Quality 0
[2022.05.25-21.27.11:429][374]LogRHI: Error: SwapChainDesc.BufferUsage 48
[2022.05.25-21.27.11:429][374]LogRHI: Error: SwapChainDesc.BufferCount 2
[2022.05.25-21.27.11:429][374]LogRHI: Error: SwapChainDesc.OutputWindow 00000000015C0A82
[2022.05.25-21.27.11:429][374]LogRHI: Error: SwapChainDesc.Windowed true
[2022.05.25-21.27.11:429][374]LogRHI: Error: SwapChainDesc.SwapEffect 4
[2022.05.25-21.27.11:429][374]LogRHI: Error: SwapChainDesc.Flags 2050
[2022.05.25-21.27.11:534][378]LogRHI: Error: Present Fail Count 2
[2022.05.25-21.27.11:534][378]LogRHI: Error: SyncInterval 0
[2022.05.25-21.27.11:534][378]LogRHI: Error: SwapChainDesc.BufferDesc.Width 720
[2022.05.25-21.27.11:534][378]LogRHI: Error: SwapChainDesc.BufferDesc.Height 480
[2022.05.25-21.27.11:534][378]LogRHI: Error: SwapChainDesc.BufferDesc.RefreshRate.Numerator 0
[2022.05.25-21.27.11:534][378]LogRHI: Error: SwapChainDesc.BufferDesc.RefreshRate.Denominator 0
[2022.05.25-21.27.11:534][378]LogRHI: Error: SwapChainDesc.BufferDesc.Format 24
[2022.05.25-21.27.11:534][378]LogRHI: Error: SwapChainDesc.BufferDesc.ScanlineOrdering 0
[2022.05.25-21.27.11:534][378]LogRHI: Error: SwapChainDesc.BufferDesc.Scaling 0
[2022.05.25-21.27.11:534][378]LogRHI: Error: SwapChainDesc.SampleDesc.Count 1
[2022.05.25-21.27.11:534][378]LogRHI: Error: SwapChainDesc.SampleDesc.Quality 0
[2022.05.25-21.27.11:534][378]LogRHI: Error: SwapChainDesc.BufferUsage 48
[2022.05.25-21.27.11:534][378]LogRHI: Error: SwapChainDesc.BufferCount 2
[2022.05.25-21.27.11:534][378]LogRHI: Error: SwapChainDesc.OutputWindow 00000000015C0A82
[2022.05.25-21.27.11:534][378]LogRHI: Error: SwapChainDesc.Windowed true
[2022.05.25-21.27.11:534][378]LogRHI: Error: SwapChainDesc.SwapEffect 4
[2022.05.25-21.27.11:534][378]LogRHI: Error: SwapChainDesc.Flags 2050
[2022.05.25-21.27.11:557][382]LogRHI: Error: Present Fail Count 3
[2022.05.25-21.27.11:557][382]LogRHI: Error: SyncInterval 0
[2022.05.25-21.27.11:557][382]LogRHI: Error: SwapChainDesc.BufferDesc.Width 720
[2022.05.25-21.27.11:557][382]LogRHI: Error: SwapChainDesc.BufferDesc.Height 480
[2022.05.25-21.27.11:557][382]LogRHI: Error: SwapChainDesc.BufferDesc.RefreshRate.Numerator 0
[2022.05.25-21.27.11:557][382]LogRHI: Error: SwapChainDesc.BufferDesc.RefreshRate.Denominator 0
[2022.05.25-21.27.11:557][382]LogRHI: Error: SwapChainDesc.BufferDesc.Format 24
[2022.05.25-21.27.11:557][382]LogRHI: Error: SwapChainDesc.BufferDesc.ScanlineOrdering 0
[2022.05.25-21.27.11:557][382]LogRHI: Error: SwapChainDesc.BufferDesc.Scaling 0
[2022.05.25-21.27.11:557][382]LogRHI: Error: SwapChainDesc.SampleDesc.Count 1
[2022.05.25-21.27.11:557][382]LogRHI: Error: SwapChainDesc.SampleDesc.Quality 0
[2022.05.25-21.27.11:557][382]LogRHI: Error: SwapChainDesc.BufferUsage 48
[2022.05.25-21.27.11:557][382]LogRHI: Error: SwapChainDesc.BufferCount 2
[2022.05.25-21.27.11:557][382]LogRHI: Error: SwapChainDesc.OutputWindow 00000000015C0A82
[2022.05.25-21.27.11:557][382]LogRHI: Error: SwapChainDesc.Windowed true
[2022.05.25-21.27.11:557][382]LogRHI: Error: SwapChainDesc.SwapEffect 4
[2022.05.25-21.27.11:557][382]LogRHI: Error: SwapChainDesc.Flags 2050
[2022.05.25-21.27.11:580][386]LogRHI: Error: Present Fail Count 4
[2022.05.25-21.27.11:580][386]LogRHI: Error: SyncInterval 0
[2022.05.25-21.27.11:580][386]LogRHI: Error: SwapChainDesc.BufferDesc.Width 720
[2022.05.25-21.27.11:580][386]LogRHI: Error: SwapChainDesc.BufferDesc.Height 480
[2022.05.25-21.27.11:580][386]LogRHI: Error: SwapChainDesc.BufferDesc.RefreshRate.Numerator 0
[2022.05.25-21.27.11:580][386]LogRHI: Error: SwapChainDesc.BufferDesc.RefreshRate.Denominator 0
[2022.05.25-21.27.11:580][386]LogRHI: Error: SwapChainDesc.BufferDesc.Format 24
[2022.05.25-21.27.11:580][386]LogRHI: Error: SwapChainDesc.BufferDesc.ScanlineOrdering 0
[2022.05.25-21.27.11:580][386]LogRHI: Error: SwapChainDesc.BufferDesc.Scaling 0
[2022.05.25-21.27.11:580][386]LogRHI: Error: SwapChainDesc.SampleDesc.Count 1
[2022.05.25-21.27.11:580][386]LogRHI: Error: SwapChainDesc.SampleDesc.Quality 0
[2022.05.25-21.27.11:580][386]LogRHI: Error: SwapChainDesc.BufferUsage 48
[2022.05.25-21.27.11:580][386]LogRHI: Error: SwapChainDesc.BufferCount 2
[2022.05.25-21.27.11:580][386]LogRHI: Error: SwapChainDesc.OutputWindow 00000000015C0A82
[2022.05.25-21.27.11:580][386]LogRHI: Error: SwapChainDesc.Windowed true
[2022.05.25-21.27.11:580][386]LogRHI: Error: SwapChainDesc.SwapEffect 4
[2022.05.25-21.27.11:580][386]LogRHI: Error: SwapChainDesc.Flags 2050
[2022.05.25-21.27.11:602][390]LogRHI: Error: Present Fail Count 5
[2022.05.25-21.27.11:602][390]LogRHI: Error: SyncInterval 0
[2022.05.25-21.27.11:602][390]LogRHI: Error: SwapChainDesc.BufferDesc.Width 720
[2022.05.25-21.27.11:602][390]LogRHI: Error: SwapChainDesc.BufferDesc.Height 480
[2022.05.25-21.27.11:602][390]LogRHI: Error: SwapChainDesc.BufferDesc.RefreshRate.Numerator 0
[2022.05.25-21.27.11:602][390]LogRHI: Error: SwapChainDesc.BufferDesc.RefreshRate.Denominator 0
[2022.05.25-21.27.11:602][390]LogRHI: Error: SwapChainDesc.BufferDesc.Format 24
[2022.05.25-21.27.11:602][390]LogRHI: Error: SwapChainDesc.BufferDesc.ScanlineOrdering 0
[2022.05.25-21.27.11:602][390]LogRHI: Error: SwapChainDesc.BufferDesc.Scaling 0
[2022.05.25-21.27.11:602][390]LogRHI: Error: SwapChainDesc.SampleDesc.Count 1
[2022.05.25-21.27.11:602][390]LogRHI: Error: SwapChainDesc.SampleDesc.Quality 0
[2022.05.25-21.27.11:602][390]LogRHI: Error: SwapChainDesc.BufferUsage 48
[2022.05.25-21.27.11:602][390]LogRHI: Error: SwapChainDesc.BufferCount 2
[2022.05.25-21.27.11:602][390]LogRHI: Error: SwapChainDesc.OutputWindow 00000000015C0A82
[2022.05.25-21.27.11:602][390]LogRHI: Error: SwapChainDesc.Windowed true
[2022.05.25-21.27.11:602][390]LogRHI: Error: SwapChainDesc.SwapEffect 4
[2022.05.25-21.27.11:602][390]LogRHI: Error: SwapChainDesc.Flags 2050
[2022.05.25-21.27.11:721][394]LogRHI: Error: Present Fail Count 6
[2022.05.25-21.27.11:721][394]LogRHI: Error: SyncInterval 0
[2022.05.25-21.27.11:721][394]LogRHI: Error: SwapChainDesc.BufferDesc.Width 720
[2022.05.25-21.27.11:721][394]LogRHI: Error: SwapChainDesc.BufferDesc.Height 480
[2022.05.25-21.27.11:721][394]LogRHI: Error: SwapChainDesc.BufferDesc.RefreshRate.Numerator 0
[2022.05.25-21.27.11:721][394]LogRHI: Error: SwapChainDesc.BufferDesc.RefreshRate.Denominator 0
[2022.05.25-21.27.11:721][394]LogRHI: Error: SwapChainDesc.BufferDesc.Format 24
[2022.05.25-21.27.11:721][394]LogRHI: Error: SwapChainDesc.BufferDesc.ScanlineOrdering 0
[2022.05.25-21.27.11:721][394]LogRHI: Error: SwapChainDesc.BufferDesc.Scaling 0
[2022.05.25-21.27.11:721][394]LogRHI: Error: SwapChainDesc.SampleDesc.Count 1
[2022.05.25-21.27.11:721][394]LogRHI: Error: SwapChainDesc.SampleDesc.Quality 0
[2022.05.25-21.27.11:721][394]LogRHI: Error: SwapChainDesc.BufferUsage 48
[2022.05.25-21.27.11:721][394]LogRHI: Error: SwapChainDesc.BufferCount 2
[2022.05.25-21.27.11:721][394]LogRHI: Error: SwapChainDesc.OutputWindow 00000000015C0A82
[2022.05.25-21.27.11:721][394]LogRHI: Error: SwapChainDesc.Windowed true
[2022.05.25-21.27.11:721][394]LogRHI: Error: SwapChainDesc.SwapEffect 4
[2022.05.25-21.27.11:721][394]LogRHI: Error: SwapChainDesc.Flags 2050
[2022.05.25-21.27.11:761][398]LogRHI: Error: Present Fail Count 7
[2022.05.25-21.27.11:761][398]LogRHI: Error: SyncInterval 0
[2022.05.25-21.27.11:761][398]LogRHI: Error: SwapChainDesc.BufferDesc.Width 720
[2022.05.25-21.27.11:761][398]LogRHI: Error: SwapChainDesc.BufferDesc.Height 480
[2022.05.25-21.27.11:761][398]LogRHI: Error: SwapChainDesc.BufferDesc.RefreshRate.Numerator 0
[2022.05.25-21.27.11:761][398]LogRHI: Error: SwapChainDesc.BufferDesc.RefreshRate.Denominator 0
[2022.05.25-21.27.11:761][398]LogRHI: Error: SwapChainDesc.BufferDesc.Format 24
[2022.05.25-21.27.11:761][398]LogRHI: Error: SwapChainDesc.BufferDesc.ScanlineOrdering 0
[2022.05.25-21.27.11:761][398]LogRHI: Error: SwapChainDesc.BufferDesc.Scaling 0
[2022.05.25-21.27.11:761][398]LogRHI: Error: SwapChainDesc.SampleDesc.Count 1
[2022.05.25-21.27.11:761][398]LogRHI: Error: SwapChainDesc.SampleDesc.Quality 0
[2022.05.25-21.27.11:761][398]LogRHI: Error: SwapChainDesc.BufferUsage 48
[2022.05.25-21.27.11:761][398]LogRHI: Error: SwapChainDesc.BufferCount 2
[2022.05.25-21.27.11:761][398]LogRHI: Error: SwapChainDesc.OutputWindow 00000000015C0A82
[2022.05.25-21.27.11:761][398]LogRHI: Error: SwapChainDesc.Windowed true
[2022.05.25-21.27.11:761][398]LogRHI: Error: SwapChainDesc.SwapEffect 4
[2022.05.25-21.27.11:761][398]LogRHI: Error: SwapChainDesc.Flags 2050
[2022.05.25-21.27.11:779][402]LogRHI: Error: Present Fail Count 8
[2022.05.25-21.27.11:779][402]LogRHI: Error: SyncInterval 0
[2022.05.25-21.27.11:779][402]LogRHI: Error: SwapChainDesc.BufferDesc.Width 720
[2022.05.25-21.27.11:779][402]LogRHI: Error: SwapChainDesc.BufferDesc.Height 480
[2022.05.25-21.27.11:779][402]LogRHI: Error: SwapChainDesc.BufferDesc.RefreshRate.Numerator 0
[2022.05.25-21.27.11:779][402]LogRHI: Error: SwapChainDesc.BufferDesc.RefreshRate.Denominator 0
[2022.05.25-21.27.11:779][402]LogRHI: Error: SwapChainDesc.BufferDesc.Format 24
[2022.05.25-21.27.11:779][402]LogRHI: Error: SwapChainDesc.BufferDesc.ScanlineOrdering 0
[2022.05.25-21.27.11:779][402]LogRHI: Error: SwapChainDesc.BufferDesc.Scaling 0
[2022.05.25-21.27.11:779][402]LogRHI: Error: SwapChainDesc.SampleDesc.Count 1
[2022.05.25-21.27.11:779][402]LogRHI: Error: SwapChainDesc.SampleDesc.Quality 0
[2022.05.25-21.27.11:779][402]LogRHI: Error: SwapChainDesc.BufferUsage 48
[2022.05.25-21.27.11:779][402]LogRHI: Error: SwapChainDesc.BufferCount 2
[2022.05.25-21.27.11:779][402]LogRHI: Error: SwapChainDesc.OutputWindow 00000000015C0A82
[2022.05.25-21.27.11:779][402]LogRHI: Error: SwapChainDesc.Windowed true
[2022.05.25-21.27.11:779][402]LogRHI: Error: SwapChainDesc.SwapEffect 4
[2022.05.25-21.27.11:779][402]LogRHI: Error: SwapChainDesc.Flags 2050
[2022.05.25-21.27.11:798][406]LogRHI: Error: Present Fail Count 9
[2022.05.25-21.27.11:798][406]LogRHI: Error: SyncInterval 0
[2022.05.25-21.27.11:798][406]LogRHI: Error: SwapChainDesc.BufferDesc.Width 720
[2022.05.25-21.27.11:798][406]LogRHI: Error: SwapChainDesc.BufferDesc.Height 480
[2022.05.25-21.27.11:798][406]LogRHI: Error: SwapChainDesc.BufferDesc.RefreshRate.Numerator 0
[2022.05.25-21.27.11:798][406]LogRHI: Error: SwapChainDesc.BufferDesc.RefreshRate.Denominator 0
[2022.05.25-21.27.11:798][406]LogRHI: Error: SwapChainDesc.BufferDesc.Format 24
[2022.05.25-21.27.11:798][406]LogRHI: Error: SwapChainDesc.BufferDesc.ScanlineOrdering 0
[2022.05.25-21.27.11:798][406]LogRHI: Error: SwapChainDesc.BufferDesc.Scaling 0
[2022.05.25-21.27.11:798][406]LogRHI: Error: SwapChainDesc.SampleDesc.Count 1
[2022.05.25-21.27.11:798][406]LogRHI: Error: SwapChainDesc.SampleDesc.Quality 0
[2022.05.25-21.27.11:798][406]LogRHI: Error: SwapChainDesc.BufferUsage 48
[2022.05.25-21.27.11:798][406]LogRHI: Error: SwapChainDesc.BufferCount 2
[2022.05.25-21.27.11:798][406]LogRHI: Error: SwapChainDesc.OutputWindow 00000000015C0A82
[2022.05.25-21.27.11:798][406]LogRHI: Error: SwapChainDesc.Windowed true
[2022.05.25-21.27.11:798][406]LogRHI: Error: SwapChainDesc.SwapEffect 4
[2022.05.25-21.27.11:798][406]LogRHI: Error: SwapChainDesc.Flags 2050
[2022.05.25-21.27.11:822][410]LogRHI: Error: Present Fail Count 10
[2022.05.25-21.27.11:822][410]LogRHI: Error: SyncInterval 0
[2022.05.25-21.27.11:822][410]LogRHI: Error: SwapChainDesc.BufferDesc.Width 720
[2022.05.25-21.27.11:822][410]LogRHI: Error: SwapChainDesc.BufferDesc.Height 480
[2022.05.25-21.27.11:822][410]LogRHI: Error: SwapChainDesc.BufferDesc.RefreshRate.Numerator 0
[2022.05.25-21.27.11:822][410]LogRHI: Error: SwapChainDesc.BufferDesc.RefreshRate.Denominator 0
[2022.05.25-21.27.11:822][410]LogRHI: Error: SwapChainDesc.BufferDesc.Format 24
[2022.05.25-21.27.11:822][410]LogRHI: Error: SwapChainDesc.BufferDesc.ScanlineOrdering 0
[2022.05.25-21.27.11:822][410]LogRHI: Error: SwapChainDesc.BufferDesc.Scaling 0
[2022.05.25-21.27.11:822][410]LogRHI: Error: SwapChainDesc.SampleDesc.Count 1
[2022.05.25-21.27.11:822][410]LogRHI: Error: SwapChainDesc.SampleDesc.Quality 0
[2022.05.25-21.27.11:822][410]LogRHI: Error: SwapChainDesc.BufferUsage 48
[2022.05.25-21.27.11:822][410]LogRHI: Error: SwapChainDesc.BufferCount 2
[2022.05.25-21.27.11:823][410]LogRHI: Error: SwapChainDesc.OutputWindow 00000000015C0A82
[2022.05.25-21.27.11:823][410]LogRHI: Error: SwapChainDesc.Windowed true
[2022.05.25-21.27.11:823][410]LogRHI: Error: SwapChainDesc.SwapEffect 4
[2022.05.25-21.27.11:823][410]LogRHI: Error: SwapChainDesc.Flags 2050
[2022.05.25-21.27.11:839][414]LogRHI: Error: Present Fail Count 11
[2022.05.25-21.27.11:839][414]LogRHI: Error: SyncInterval 0
[2022.05.25-21.27.11:839][414]LogRHI: Error: SwapChainDesc.BufferDesc.Width 720
[2022.05.25-21.27.11:839][414]LogRHI: Error: SwapChainDesc.BufferDesc.Height 480
[2022.05.25-21.27.11:839][414]LogRHI: Error: SwapChainDesc.BufferDesc.RefreshRate.Numerator 0
[2022.05.25-21.27.11:839][414]LogRHI: Error: SwapChainDesc.BufferDesc.RefreshRate.Denominator 0
[2022.05.25-21.27.11:839][414]LogRHI: Error: SwapChainDesc.BufferDesc.Format 24
[2022.05.25-21.27.11:839][414]LogRHI: Error: SwapChainDesc.BufferDesc.ScanlineOrdering 0
[2022.05.25-21.27.11:839][414]LogRHI: Error: SwapChainDesc.BufferDesc.Scaling 0
[2022.05.25-21.27.11:839][414]LogRHI: Error: SwapChainDesc.SampleDesc.Count 1
[2022.05.25-21.27.11:839][414]LogRHI: Error: SwapChainDesc.SampleDesc.Quality 0
[2022.05.25-21.27.11:839][414]LogRHI: Error: SwapChainDesc.BufferUsage 48
[2022.05.25-21.27.11:839][414]LogRHI: Error: SwapChainDesc.BufferCount 2
[2022.05.25-21.27.11:839][414]LogRHI: Error: SwapChainDesc.OutputWindow 00000000015C0A82
[2022.05.25-21.27.11:839][414]LogRHI: Error: SwapChainDesc.Windowed true
[2022.05.25-21.27.11:839][414]LogRHI: Error: SwapChainDesc.SwapEffect 4
[2022.05.25-21.27.11:840][414]LogRHI: Error: SwapChainDesc.Flags 2050
[2022.05.25-21.27.11:840][414]LogD3D11RHI: Error: Result failed 
 at D:/Build/++UE4/Sync/Engine/Source/Runtime/Windows/D3D11RHI/Private/D3D11Viewport.cpp:443 
 with error DXGI_ERROR_DEVICE_REMOVED 00000000
[2022.05.25-21.27.11:840][414]LogD3D11RHI: [Aftermath] GDynamicRHI=00000240A9E0D6C0, GDX11NVAfterMathEnabled=0, Result=0xFFFFFFFF, bDeviceActive=0
[2022.05.25-21.27.11:840][414]LogWindows: Windows GetLastError: Операция успешно завершена. (0)
[2022.05.25-21.27.13:489][414]LogWindows: FPlatformMisc::RequestExit(0)
[2022.05.25-21.27.13:489][414]LogWindows: FPlatformMisc::RequestExitWithStatus(0, 0)
[2022.05.25-21.27.13:489][414]LogCore: Engine exit requested (reason: Win RequestExit)
[2022.05.25-21.27.13:489][414]LogWindows: FPlatformMisc::RequestExit(1)
[2022.05.25-21.27.13:489][414]LogWindows: FPlatformMisc::RequestExitWithStatus(1, 3)
[2022.05.25-21.27.13:489][414]LogCore: Engine exit requested (reason: Win RequestExit; note: exit was already requested)
[2022.05.25-21.27.13:495][414]Log file closed, 05/26/22 00:27:13
